****************************************************************************
***                            Sentaurus Mesh                            ***
***                          Version O-2018.06                           ***
***                       (1.1029, x86_64, Linux)                        ***
***                                                                      ***
***                       Copyright (C) 2005-2018                        ***
***                            Synopsys, Inc.                            ***
***                                                                      ***
***  This software and the associated documentation are confidential     ***
***  and proprietary to Synopsys, Inc.  Your use or disclosure of this   ***
***  software is subject to the terms and conditions of a written        ***
***  license agreement between you, or your company, and Synopsys, Inc.  ***
****************************************************************************

Compiled Thu May  3 05:29:02 PDT 2018 on: tcadprod10
Running on: acs14007.4225.cse.uconn.edu
Hardware type: x86_64
OS name: Linux
OS release: 3.10.0-1127.18.2.el7.x86_64
OS version: #1 SMP Mon Jul 20 22:32:16 UTC 2020
Process ID: 5815

Flags used: -a

** Generating 2d grid **

Creating binary tree...done.
Imprinting binary tree on the boundary...done.
Optimizing boundary nodes...done.

Number of vertices after binary tree generation : 
  1089 (tree) + 128 (boundary)

** Delaunizing the mesh **

Creating delaunizer input...done.
Solving edges...done 
Optimizing elements...done. (1093 vertices)
Fixing diagonals...done.

The final mesh has: 
    1089 points.
    2048 elements.
       3 regions.
Max. connectivity = 6 located at (0.015625;0.3125)


==============================  tri-grid quality  ================================
    0  10  20  30  40  50  60  70  80  90 100 110 120 130 140 150 160 170 180
 %   33                                  67                                
---------------------------------------------------------------------------------
minAngle: 2.86241  maxAngle: 90
nVerts = 1089  nTris = 2048  nMats = 1
max connectivity (tris per node): 6
bmin: -0 -0
bmax: 0.5 10
min edgeLength: 0.015625  [near (0.0078125 0.3125)]
min volume: 0.00244141  max volume: 0.00244141  Total volume: 5
bbox  volume: 5
Are all boundaries on bbox? true
=================================================================================

Smallest region: R.Si  Total volume: 5
Interpolating data...done.
done.
Saving file Rectangle_geo_msh.tdr...done.

===============================  Timer Report===================================
              Total Mesh Generation Time:    0.0774s       100%
                       Rate of #Vertices:  1.41e+04
                          Rate of #Edges:  2.73e+04
                          Rate of #Faces:  2.65e+04
                       Rate of #Elements:         0

                            Time Covered:         0s         0%

