****************************************************************************
***                           Sentaurus Device                           ***
***                          Version O-2018.06                           ***
***                       (1.1029, x86_64, Linux)                        ***
***                                                                      ***
***                       Copyright (C) 1994-2018                        ***
***                            Synopsys, Inc.                            ***
***                                                                      ***
***  This software and the associated documentation are confidential     ***
***  and proprietary to Synopsys, Inc.  Your use or disclosure of this   ***
***  software is subject to the terms and conditions of a written        ***
***  license agreement between you, or your company, and Synopsys, Inc.  ***
****************************************************************************

	Running on machine with the following configuration:
	Host Name: acs14007.4225.cse.uconn.edu
	Operating System: Linux rel. 3.10.0-1127.18.2.el7.x86_64 ver. #1 SMP Mon Jul 20 22:32:16 UTC 2020
	Machine Type: x86_64
	Process ID: 9110
	Number of processors: 2
	Domain Name: (none)
	Date: Fri Oct  2 23:24:06 2020  (EDT)

Fri Oct  2 23:24:06 2020: checked out 1 sdevice license(s)
Parsing circuit file /usr/synopsys/sentaurus/O_2018.06/tcad/current/linux64/lib/sdevice-28.0.1029/bs_psource.ccf
Parsing circuit file /usr/synopsys/sentaurus/O_2018.06/tcad/current/linux64/lib/sdevice-28.0.1029/sd_hb_vsource.ccf
Parsing circuit file /usr/synopsys/sentaurus/O_2018.06/tcad/current/linux64/lib/sdevice-28.0.1029/sd_SRL1.ccf
Parsing circuit file /usr/synopsys/sentaurus/O_2018.06/tcad/current/linux64/lib/sdevice-28.0.1029/sd_hb_isource.ccf
Parsing circuit file /usr/synopsys/sentaurus/O_2018.06/tcad/current/linux64/lib/sdevice-28.0.1029/sd_hb_pGC.ccf
Parsing circuit file /usr/synopsys/sentaurus/O_2018.06/tcad/current/linux64/lib/sdevice-28.0.1029/sd_hb_vsource2.ccf
Parsing circuit file /usr/synopsys/sentaurus/O_2018.06/tcad/current/linux64/lib/sdevice-28.0.1029/sd_hb_sRL.ccf
Parsing circuit file /usr/synopsys/sentaurus/O_2018.06/tcad/current/linux64/lib/sdevice-28.0.1029/sd_hb_isource2.ccf
Parsing circuit file /usr/synopsys/sentaurus/O_2018.06/tcad/current/linux64/lib/scm/ferroelectric.ccf
Parsing circuit file /usr/synopsys/sentaurus/O_2018.06/tcad/current/linux64/lib/scm/MOS_harness.ccf
Loading shared object file /usr/synopsys/sentaurus/O_2018.06/tcad/current/linux64/lib/scm/MOS_harness.so.linux64
Loading shared object file /usr/synopsys/sentaurus/O_2018.06/tcad/current/linux64/lib/scm/ferroelectric.so.linux64
Loading shared object file /usr/synopsys/sentaurus/O_2018.06/tcad/current/linux64/lib/sdevice-28.0.1029/sd_hb_isource2.so.linux64
Loading shared object file /usr/synopsys/sentaurus/O_2018.06/tcad/current/linux64/lib/sdevice-28.0.1029/sd_hb_sRL.so.linux64
Loading shared object file /usr/synopsys/sentaurus/O_2018.06/tcad/current/linux64/lib/sdevice-28.0.1029/sd_hb_vsource2.so.linux64
Loading shared object file /usr/synopsys/sentaurus/O_2018.06/tcad/current/linux64/lib/sdevice-28.0.1029/sd_hb_pGC.so.linux64
Loading shared object file /usr/synopsys/sentaurus/O_2018.06/tcad/current/linux64/lib/sdevice-28.0.1029/sd_hb_isource.so.linux64
Loading shared object file /usr/synopsys/sentaurus/O_2018.06/tcad/current/linux64/lib/sdevice-28.0.1029/sd_SRL1.so.linux64
Loading shared object file /usr/synopsys/sentaurus/O_2018.06/tcad/current/linux64/lib/sdevice-28.0.1029/sd_hb_vsource.so.linux64
Loading shared object file /usr/synopsys/sentaurus/O_2018.06/tcad/current/linux64/lib/sdevice-28.0.1029/bs_psource.so.linux64

Input source: ./DrawWireC_class_des.cmd

===============================

Output file: Exp2COut_des.log


GlobalParameter {
}
no ACExtract file

PMIPath file: /usr/synopsys/sentaurus/O_2018.06/tcad/current/linux64/lib/sdevice-28.0.1029 /usr/synopsys/sentaurus/O_2018.06/tcad/current/linux64/lib/sdevice

CMIPath file: /usr/synopsys/sentaurus/O_2018.06/tcad/current/linux64/lib/sdevice-28.0.1029 /usr/synopsys/sentaurus/O_2018.06/tcad/current/linux64/lib/scm

SPICEPath file: /usr/synopsys/sentaurus/O_2018.06/tcad/current/lib/sdevice-28.0.1029/spice

no DevicePath file

no CIRCUITSAVENAME file

no CIRCUITLOADNAME file

Numerical parameters:
  Absolute error : 
    Poisson : 1.0000e-03
    eqPoisson : 1.0000e-03
    Electron : 1.0000e-05
    Hole : 1.0000e-05
    Photon-Rate-Equation : 1.0000e-07
    Photon-Phase-Equation : 1.0000e-05
    Rate-Stabilize-Equation : 1.0000e-07
    QW-Scattering-Equations : 1.0000e-05
    QW-eScattering-Equation : 1.0000e-05
    QW-hScattering-Equation : 1.0000e-05
    Optical Problem : 1.0000e-03
    Wavelength : 1.0000e-03
    Bandstructure : 1.0000e-03
    EmissionTable : 1.0000e-03
    DephasingRates : 1.0000e-03
    Photon Recycling : 1.0000e-03
    Electron-Temperature : 1.0000e-04
    Hole-Temperature : 1.0000e-04
    Lattice-Hole-Electron-Temperature : 1.0000e-03
    Circuit : 1.0000e-03
    TCircuit : 1.0000e-03
    Contact : 1.0000e-03
    TContact : 1.0000e-03
    Continuation : 1.0000e-03
    eLaplace : 1.0000e-03
    hLaplace : 1.0000e-03
    tLaplace : 1.0000e-03
    MonteCarlo : 1.0000e-03
    MCPoissonPDE : 1.0000e-03
    eQuantumPotential : 1.0000e-03
    hQuantumPotential : 1.0000e-03
    quasi-fermi-potential : 1.0000e-03
    ConductiveInsulator : 1.0000e-03
    ContactAndConductiveInsulator : 1.0000e-03
    SingletExciton : 1.0000e-05
    FEPolarization : 1.0000e-05
    eHopping : 1.0000e-03
    hHopping : 1.0000e-03
    HydrogenAtom : 1.0000e-03
    HydrogenMolecule : 1.0000e-03
    HydrogenIon : 1.0000e-03
    HydrogenSiliconBondOccupation : 1.0000e-03
    TrapPDE : 1.0000e-03
    eSHEDistribution : 1.0000e-03
    hSHEDistribution : 1.0000e-03
    Landau-Lifshitz-Gilbert[theta] : 1.0000e-03
    Landau-Lifshitz-Gilbert[phi] : 1.0000e-03
    Landau-Lifshitz-Gilbert[x] : 1.0000e-03
    Landau-Lifshitz-Gilbert[y] : 1.0000e-03
    Landau-Lifshitz-Gilbert[z] : 1.0000e-03
    Mechanics : 1.0000e-03
    ExternalTransportSolver : 1.0000e-03
    ReactionDiffusionPDE : 1.0000e-03
  RelErrControl (Reference error): 
    Poisson : 0.025852
    eqPoisson : 1
    Electron : 1.0000e+10
    Hole : 1.0000e+10
    Photon-Rate-Equation : 1.0000e-07
    Photon-Phase-Equation : 1
    Rate-Stabilize-Equation : 1.0000e-07
    QW-Scattering-Equations : 1.0000e+10
    QW-eScattering-Equation : 1.0000e+10
    QW-hScattering-Equation : 1.0000e+10
    Optical Problem : 1
    Wavelength : 1
    Bandstructure : 1
    EmissionTable : 1
    DephasingRates : 1
    Photon Recycling : 1
    Electron-Temperature : 3.0000e+02
    Hole-Temperature : 3.0000e+02
    Lattice-Hole-Electron-Temperature : 3.0000e+02
    Circuit : 1
    TCircuit : 1
    Contact : 0.025852
    TContact : 1
    Continuation : 1
    eLaplace : 1
    hLaplace : 1
    tLaplace : 1
    MonteCarlo : 1
    MCPoissonPDE : 1
    eQuantumPotential : 0.025852
    hQuantumPotential : 0.025852
    quasi-fermi-potential : 0.025852
    ConductiveInsulator : 1
    ContactAndConductiveInsulator : 1
    SingletExciton : 1.0000e+10
    FEPolarization : 0.025852
    eHopping : 0.025852
    hHopping : 0.025852
    HydrogenAtom : 1.0000e+10
    HydrogenMolecule : 1.0000e+10
    HydrogenIon : 1.0000e+10
    HydrogenSiliconBondOccupation : 1
    TrapPDE : 1.0000e-05
    eSHEDistribution : 0.025852
    hSHEDistribution : 0.025852
    Landau-Lifshitz-Gilbert[theta] : 1
    Landau-Lifshitz-Gilbert[phi] : 1
    Landau-Lifshitz-Gilbert[x] : 1
    Landau-Lifshitz-Gilbert[y] : 1
    Landau-Lifshitz-Gilbert[z] : 1
    Mechanics : 1
    ExternalTransportSolver : 1
    ReactionDiffusionPDE : 1
  Relative error : 5 digits
  Without checked transient error
  Max. #iterations : 50
  LineSearchDamping=1
  #undamped iterations : 1000
  No incomplete Newton
  transient method : TR-BDF
  Linear solver : blocked decomposition
  Linear solver for AC analysis : blocked decomposition
  Linear solver for SHEDistribution Model : Super
  do not use extrapolation in transient/quasistationary computations
  use complex supernodal in ac-analysis (if possible)
  do not use smoothed PDE's in transient/quasistationary computations
  use automatic coupling of contact/circuit stuff
  Spice temperature: 3.0015e+02
  Spice nominal temperature of parameter measurements: 3.0015e+02
  Spice minimum conductance gmin: 1.0000e-12
  Use 64 bit (double) normal precision floating point arithmetic.
  Mininum |rhs| : 1.0000e-05
  Maximum |rhs| : 1.0000e+15
  Maximum |rhs| factor : 1.0000e+10
  Maximum |rhs| factor1 : 1.0000e+10
  Lattice Temperature Range : (50,5.0000e+03)
  Carrier Temperature Range : (10,8.0000e+04)
  Simplified first order SHE of BTE will be solved
  SHERefinementCutoff : 20
  No user dependencies.
  Number of assembly threads: 1 (default)
  Number of solver threads: 1 (OMP_NUM_THREADS)
  Thread stacksize: 1000000 bytes (default)
  Go serial if not enough parallel licenses are available.

Default device parameters:
  Electrodes:
    "TopBridge" : 0.0000e+00 V (Ohmic), area factor : 1
    "BottomBridge" : 0.0000e+00 V (Ohmic), area factor : 1
  Thermodes:
    "Left" : T = 3.0000e+02 K
    "Right" : T = 3.0000e+02 K
  RayTrace Boundaries:
  Files:
    no Boundary file
    Grid file: Wire_geo_msh.tdr
    no Doping file
    no MobilityDoping file
    no Load file
    no Save file
    Plot file: Exp2COut (extension see below)
    no DevFieldsName file
    AutoNewtonPlot file: Exp2COut_%d_des.tdr
    no Path file
    no Lifetime file
    no Temperature file
    Current file: Exp2COut_des.plt
    no PMIUserFields file
    no Extraction file
    no ModelParameters file
    ParameterPath directories: 
    no Piezo file
    no mcDOS file
    no ModeGain file
    no Optical emission table for stimulated emission file
    no Optical emission table for spontaneous emission file
    no Optical emission table for photon phase change coefficient file
    no EmissionTable file
    no DephasingRates file
    no ASESpectrum file
    no OpticalFarField file
    no OpticalIntensityPattern file
    no SaveOpticalIntensityPattern file
    no OpticalXYAnglePattern file
    no SaveOpticalXYAnglePattern file
    no IlluminationSpectrum file
    no SpectralPlot file
    no OpticalSolverInput file
    no OpticalGenerationInput file
    no OpticalGenerationOutuput file
    no OptGenTransientScaling file
    no MonteCarloInput file
    no MonteCarloOutput file
    no ACPlot file
-----------------------------------------------
  Numerical parameters:
    With avalanche derivatives
    Using old wavelength search algorithm
    Do not reinitialize quasi Fermi potentials in quasi-stationary simulations
    Ignore ionization integral constraints
    Without diagonal preconditioning
    With Thermodynamic Discretization
    Relative error : 5 digits
    Delta for numerical tunnelling derivatives : 1.0000e-03
    Do not compute breakdown paths and ionization integrals
    QuasiFermiPotential is used for Contact Equation
    With usage of best vertex in element (maximum element-vertex volume angle) for impact ionization models
-----------------------------------------------
-----------------------------------------------
  Physical models:
    Without incomplete ionization
    Use Si parameters
    TATNonlocalPathNC = 0.0000e+00
    With SRH-Recombination
      Without field dependent lifetimes
      Without doping dependent lifetimes
      Without temperature dependent lifetimes
    Without CDL-Recombination
    With optical generation computation 
    Without Band-to-Band-Tunneling
    With Auger-Recombination (without Generation)
    Without Radiative Recombination
    Without Surface-Recombination
    Without Trap-Assisted-Auger-Recombination
    PMI recombination models: none
    Without thermal resistance interfaces
    Without distributed resistance interfaces for electrons
    Without distributed resistance interfaces for holes
    Without Piezo
    Without Anisotropic Material Properties

    With Avalanche-Generation: 
    For electrons:
      driving force is Gradient Quasi Fermi,
      model according to van Overstraeten / de Man
    For holes:
      driving force is Gradient Quasi Fermi,
      model according to van Overstraeten / de Man

    Without Alpha Particle
    Without Heavy Ion
    Without polarization
    Volume charge density: 0.0000e+00 cm^-3
    Device Temperature = 3.0000e+02 K
    Electron Quasi Fermi Potential: 0.0000e+00 V
    Hole Quasi Fermi Potential: 0.0000e+00 V
    Without MagneticField
    With SingletExciton Barrier Type
    Intrinsic density models:
      default bandgap model
      Bandgap narrowing model: OldSlotboom with bandgap narrowing (no Fermi)
    default affinity model
    default effective mass model
    Electron mobility:
      Doping dependence:
        Default
      no Carrier-Carrier scattering
      E_normal dependence:
        Lombardi
      Without ThinLayer mobility model
      High-field mobility: Caughey-Thomas saturation model, using gradient quasi-Fermi potential.
      Einstein relation for diffusivity-mobility ratio.
    Hole mobility:
      Doping dependence:
        Default
      no Carrier-Carrier scattering
      E_normal dependence:
        Lombardi
      Without ThinLayer mobility model
      High-field mobility: Caughey-Thomas saturation model, using gradient quasi-Fermi potential.
      Einstein relation for diffusivity-mobility ratio.
    Energy relaxation time model: according to formula in parameter file
    Schottky resistance model: default bult-in model
    Lattice thermal conductivity model: according to formula in parameter file
    Metal Resistivity model: according to formula in parameter file
    Thermo Electric Power model: extraploted Si data
    Metal Thermo Electric Power model: MetalThermoElectricPower model not defined
    Lattice heat capacity model: temperature dependent
    no piezoelectric polarization model
    Without default parameters from file (use built-in default parameters)
-----------------------------------------------
  Process information for extraction purposes:
    none
  Plot variables:
    eDensity
    hDensity
    eCurrentDensity
    hCurrentDensity
    ElectrostaticPotential
    SpaceCharge
    ElectricField
    eMobility
    hMobility
    eVelocity
    hVelocity
    DopingConcentration
    DonorConcentration
    AcceptorConcentration
    ConductionBandEnergy
    ValenceBandEnergy
    eQuasiFermiPotential
    hQuasiFermiPotential
    LatticeTemperature
    TotalHeat
    eJouleHeat
    hJouleHeat

------------------------------------------------
  NoisePlot variables:
    none
  Plot groups:
    none

------------------------------------------------
  CurrentPlot variables:
    none
Devices:
Systems:
Solve :
 Poisson
Coupled ( Digits : 5, Max. #iterations : 50, 
    Solver : blocked decomposition,
    #undamped iterations : 1000 
    )
    { Poisson Electron Hole
      Lattice-Hole-Electron-Temperature } 
Quasistationary ( Digits : 5, Max. #iterations : 50, 
      Initial step in t : 0.01, 
      Minimum step in t : 1.0000e-10, Maximum step in t : 0.2, 
      Increment : 2, Decrement : 2, 
      Goal values :
        Contact TopBridge : 2V
    )
  {
    Coupled ( Digits : 5, Max. #iterations : 50, 
        Solver : blocked decomposition,
        #undamped iterations : 1000 
        )
        { Poisson Electron Hole
          Lattice-Hole-Electron-Temperature } 
  }

===============================

Reading grid 'Wire_geo_msh.tdr' ... 
  coordinate system: UCS, 3d_sprocess (x is device down direction)
  use coordinate system as is (no transformation)
  TDR format
  Number of grid points is 5676.
done.

Adding interfaces and contacts .... done.

Computing edges ...
  Number of edges: 17074
done.
Computing boxes ...

  CVPL_AverageBoxMethod = TRUE 
   
  Boxmethod Parallel Computing: nbThreads = 1 

  Computing Delaunay coefficients ...   done.
  Delaunay coefficients time: (wallclock = 0.0000e+00 s, tcpu = 0.0000e+00 s)

  Parallel Computing Voronoi faces, coefficients, and measures ... 
  CVPL_Algorithm = TRUE 

    Computing Obtuse Elements ... 
     Obtuse Elements time:  tcpu = 0.0000e+00 s
      New Parameters time: (wallclock = 0.0000e+00 s, tcpu = 0.0000e+00 s)

Info for all regions (NumberOfRegions = 2):
        ElementWithMinVolume( 11235) Vertex0( 5648)( 1.499425e+01, 5.855639e+01) Volume = 5.713560e-06 um3 (1.47e-09 from TotalVolume)
          ElementWithMinEdge(  8485) Vertex0( 5638)( 1.499425e+01, 1.894361e+01) Length = 1.953125e-03 um
              MaxFlatElement( 11215) Vertex0( 5636)( 1.501369e+01, 1.890888e+01)  Angle = 8.646847e+00 degrees
         ElementWithMinAngle(  8501) Vertex0( 5648)( 1.499425e+01, 5.855639e+01)  Angle = 1.576921e-01 degrees
   ElementWithMaxQualityEdge(  8501) Vertex0( 5648)( 1.499425e+01, 5.855639e+01)    R/L = 1.816701e+02 
 ElementWithMaxQualityHeight(  8501) Vertex0( 5648)( 1.499425e+01, 5.855639e+01)    R/H = 2.085119e+02 

Info for semiconductor regions (NumberOfRegions = 1):
        ElementWithMinVolume(  8468) Vertex0( 5628)( 3.733019e+00, 6.083034e+01) Volume = 1.059759e-04 um3 (2.72e-08 from TotalVolume)
          ElementWithMinEdge(  8485) Vertex0( 5638)( 1.499425e+01, 1.894361e+01) Length = 1.953125e-03 um
              MaxFlatElement(  8507) Vertex0( 5651)( 4.925146e+00, 1.879959e+01)  Angle = 4.763274e+01 degrees
         ElementWithMinAngle(  8501) Vertex0( 5648)( 1.499425e+01, 5.855639e+01)  Angle = 1.576921e-01 degrees
   ElementWithMaxQualityEdge(  8501) Vertex0( 5648)( 1.499425e+01, 5.855639e+01)    R/L = 1.816701e+02 
 ElementWithMaxQualityHeight(  8501) Vertex0( 5648)( 1.499425e+01, 5.855639e+01)    R/H = 2.085119e+02 

   NumberOfEdges              =  17074 
   NumberOfGeometricalEdges   =  16960 
   NumberOfDoubleEdges        =      0 
   MaxNumberOfEdgesPerVertex  =     11; vertex(528) = ( 5.625000e+00,  1.894531e+01) [um]
   MaxNumberOfElementsPerEdge =      2; edge(0) = (20, 41) 
                                        vertex(20) = (-0.000000e+00, -0.000000e+00) [um]
                                        vertex(41) = ( 6.250000e-01,  6.640625e-01) [um]

                        NumberOfVertices =   5790 
                        NumberOfElements =  11285 
                       NumberOfTriangles =  11285  (100.00 %)
                      NumberOfRectangles =      0  ( 0.00 %)
                  NumberOfObtuseElements =    162  ( 1.44 %)
             NumberOfNonDelaunayElements =      0  ( 0.00 %)

  VertexWithMaxMeasure( 2824)( 2.500000e+01, 3.570312e+01)
  MaxVertMeasure(1.656026e+01)/VertVolume(7.617188e+00) = 2.17e+00


/-------- Region non-Delaunay elements ----------------------------------------------------------------
 Region     Volume      BoxMethodVolume  DeltaVolume  Elements  non-Delaunay      non-DelaunayVolume 
  name       [um2]          [um2]           [%]                   Elements              [um2]   [%]   
 ------------------------------------------------------------------------------------------------------
 R.Si    8.8850000e+02  8.8850000e+02     1.0e-11      8550       0 ( 0.00 %)   0.0000000e+00 ( 0.0000) 
 R.SiO2  3.0115000e+03  3.0115000e+03     4.8e-12      2735       0 ( 0.00 %)   0.0000000e+00 ( 0.0000) 
 ......................................................................................................
 Total   3.9000000e+03  3.9000000e+03     7.0e-12     11285       0 ( 0.00 %)   0.0000000e+00 ( 0.0000) 
\------------------------------------------------------------------------------------------------------
    done.
  done.
  (times: wallclock = 0.02 s, tcpu = 0.02 s)
done.
Reading doping 'Wire_geo_msh.tdr' (TDR format) ...
done.
done.


=======
Region: "R.Si"
  (material is "Silicon")
=======
  Using default lattice crystal coordinate system:
    effective LatticeParameters:
      X = (1, 0.0000e+00, 0.0000e+00)
      Y = (0.0000e+00, 1, 0.0000e+00)
      Z = (0.0000e+00, 0.0000e+00, 1)
  Constants are not modified and equal to default ones

=======
Region: "R.SiO2"
  (material is "Oxide")
=======
  Using default lattice crystal coordinate system:
    effective LatticeParameters:
      X = (1, 0.0000e+00, 0.0000e+00)
      Y = (0.0000e+00, 1, 0.0000e+00)
      Z = (0.0000e+00, 0.0000e+00, 1)
  Constants are not modified and equal to default ones

================
RegionInterface: "R.Si/R.SiO2"
  (material interface is "Silicon/Oxide")
================
  Constants are not modified and equal to default ones

==========
Electrode: "BottomBridge"
==========
  Constants are not modified and equal to default ones

==========
Electrode: "Left"
==========
  Constants are not modified and equal to default ones

==========
Electrode: "Right"
==========
  Constants are not modified and equal to default ones

==========
Electrode: "TopBridge"
==========
  Constants are not modified and equal to default ones


Acceptor and donor concentrations (AcceptorConcentration, DonorConcentration):
    computed based on the following species from the doping file:
        BoronActiveConcentration (acceptor)
Net doping concentration (DopingConcentration):
    obtained from doping file
Total doping concentration (TotalConcentration):
    recomputed from acceptor and donor concentrations



With Constant Reference Potential:
  Parameters of Reference Semiconductor:
    The Electron Affinity: 4.07274
    The Band Gap: 1.10821
    The Electron DOS: 2.8583e+19
    The Hole DOS: 3.1046e+19
  The Constant Reference Potential: 4.62578
Fri Oct  2 23:24:06 2020: checked out 1 sdevice-thermo license(s)

===============================
Starting solve of next problem:
 Poisson
===============================

Computing poisson-equation 
using Bank/Rose nonlinear solver.

Iteration   |Rhs|      factor     |step|     error   #inner  #iterative  time
------------------------------------------------------------------------------
    0      3.84e+02                                                      0.00
    1      1.60e-13   1.00e+00   7.56e+00   4.15e+04    0         1      0.02
Finished, because...
|RHS| less than 1.0000E-05.

Accumulated times:
Rhs time:        0.00 s
Jacobian time:   0.00 s
Solve time:      0.02 s
Total time:      0.02 s

contact        voltage     electron current    hole current  conduction current
 BottomBridg  0.000E+00       6.939E-35        -6.939E-35        0.000E+00
 TopBridge    0.000E+00       6.954E-35        -6.954E-35        0.000E+00


===============================
Starting solve of next problem:
Coupled ( Digits : 5, Max. #iterations : 50, 
    Solver : blocked decomposition,
    #undamped iterations : 1000 
    )
    { Poisson Electron Hole
      Lattice-Hole-Electron-Temperature } 
===============================

Computing Coupled( 1 poisson-equation(s) , 1 electron-equation(s) , 
                   1 hole-equation(s) , 1 lattice-hole-electron-temperature-equation(s) ) 
using Bank/Rose nonlinear solver.

Iteration   |Rhs|      factor     |step|     error   #inner  #iterative  time
------------------------------------------------------------------------------
    0      1.60e-13                                                      0.09
Finished, because |RHS| is less than 1.0000e-10.

Tmin=  300.00000  Tmax=  300.00000

contact        voltage     electron current    hole current  conduction current
 BottomBridg  0.000E+00       6.939E-35        -6.939E-35        0.000E+00
 TopBridge    0.000E+00       6.954E-35        -6.954E-35        0.000E+00


===============================
Starting solve of next problem:
Quasistationary ( Digits : 5, Max. #iterations : 50, 
      Initial step in t : 0.01, 
      Minimum step in t : 1.0000e-10, Maximum step in t : 0.2, 
      Increment : 2, Decrement : 2, 
      Goal values :
        Contact TopBridge : 2V
    )
  {
    Coupled ( Digits : 5, Max. #iterations : 50, 
        Solver : blocked decomposition,
        #undamped iterations : 1000 
        )
        { Poisson Electron Hole
          Lattice-Hole-Electron-Temperature } 
  }
===============================

Computing step from t=0.0000e+00 to t=0.01 (Stepsize: 0.01) :
Computing Coupled( 1 poisson-equation(s) , 1 electron-equation(s) , 
                   1 hole-equation(s) , 1 lattice-hole-electron-temperature-equation(s) ) 
using Bank/Rose nonlinear solver.

Iteration   |Rhs|      factor     |step|     error   #inner  #iterative  time
------------------------------------------------------------------------------
    0      2.03e+08                                                      0.10
    1      8.45e+07   1.00e+00   2.45e-01   1.29e+03    0         1      0.64
    2      7.60e+05   1.00e+00   8.39e-02   1.68e+02    0         1      1.06
    3      2.78e+01   1.00e+00   1.34e-02   1.95e-01    0         1      1.48
Finished, because...
Error smaller than 1 ( 1.9538E-01 ).

Accumulated times:
Rhs time:        0.52 s
Jacobian time:   0.23 s
Solve time:      0.70 s
Total time:      1.48 s

Tmin=  300.00000  Tmax=  300.00542

contact        voltage     electron current    hole current  conduction current
 BottomBridg  0.000E+00      -1.023E-20        -5.224E-06       -5.224E-06
 TopBridge    2.000E-02       1.023E-20         5.224E-06        5.224E-06

Heats   e-Joule     h-Joule     recomb      Thomson     total      units
sum(H)  2.045E-22   1.045E-07  -6.906E-25  -1.828E-15   1.045E-07  W
sum|H|  2.045E-22   1.045E-07   7.048E-25   2.433E-12   1.045E-07  W
max(H)  1.392E-12   7.110E+02   4.313E-16   1.095E-01   8.418E+02  W/cm**3
min(H)  2.003E-14   1.024E+01  -3.107E-15  -2.943E-01   1.059E+01  W/cm**3
Tmin:   300.000     Tave:       300.003     Tmax:       300.005    K


Computing step from t=0.01 to t=0.0294667 (Stepsize: 0.0194667) :
Computing Coupled( 1 poisson-equation(s) , 1 electron-equation(s) , 
                   1 hole-equation(s) , 1 lattice-hole-electron-temperature-equation(s) ) 
using Bank/Rose nonlinear solver.

Iteration   |Rhs|      factor     |step|     error   #inner  #iterative  time
------------------------------------------------------------------------------
    0      3.93e+08                                                      0.16
    1      3.61e+08   1.00e+00   6.72e-01   2.59e+03    0         1      0.64
    2      1.47e+07   1.00e+00   4.12e-01   6.74e+02    0         1      1.12
    3      7.47e+03   1.00e+00   1.46e-01   5.60e+00    0         1      1.57
    4      8.96e-01   1.00e+00   9.15e-05   3.50e-03    0         1      2.03
Finished, because...
Error smaller than 1 ( 3.5024E-03 ).

Accumulated times:
Rhs time:        0.77 s
Jacobian time:   0.25 s
Solve time:      0.99 s
Total time:      2.03 s

Tmin=  300.00000  Tmax=  300.04700

contact        voltage     electron current    hole current  conduction current
 BottomBridg  0.000E+00      -3.030E-20        -1.539E-05       -1.539E-05
 TopBridge    5.893E-02       3.030E-20         1.539E-05        1.539E-05

Heats   e-Joule     h-Joule     recomb      Thomson     total      units
sum(H)  1.786E-21   9.069E-07  -5.931E-24  -3.579E-14   9.070E-07  W
sum|H|  1.786E-21   9.069E-07   5.966E-24   6.112E-11   9.070E-07  W
max(H)  1.215E-11   6.172E+03   2.311E-15   1.039E+00   7.308E+03  W/cm**3
min(H)  1.749E-13   8.885E+01  -2.606E-14  -3.029E+00   9.193E+01  W/cm**3
Tmin:   300.000     Tave:       300.029     Tmax:       300.047    K


Computing step from t=0.0294667 to t=0.0668427 (Stepsize: 0.037376) :
Computing Coupled( 1 poisson-equation(s) , 1 electron-equation(s) , 
                   1 hole-equation(s) , 1 lattice-hole-electron-temperature-equation(s) ) 
using Bank/Rose nonlinear solver.

Iteration   |Rhs|      factor     |step|     error   #inner  #iterative  time
------------------------------------------------------------------------------
    0      1.09e+09                                                      0.14
    1      2.09e+09   1.00e+00   2.22e+00   6.04e+03    0         1      0.61
    2      4.26e+08   1.00e+00   1.09e+00   2.81e+03    0         1      1.06
    3      8.26e+06   1.00e+00   2.00e+00   3.73e+02    0         1      1.51
    4      1.01e+03   1.00e+00   3.67e-02   2.63e+01    0         1      1.95
    5      1.61e+00   1.00e+00   1.48e-04   3.05e-03    0         1      2.40
Finished, because...
Error smaller than 1 ( 3.0450E-03 ).

Accumulated times:
Rhs time:        0.90 s
Jacobian time:   0.28 s
Solve time:      1.19 s
Total time:      2.40 s

Tmin=  300.00000  Tmax=  300.24161

contact        voltage     electron current    hole current  conduction current
 BottomBridg  0.000E+00      -7.057E-20        -3.488E-05       -3.488E-05
 TopBridge    1.337E-01       7.059E-20         3.488E-05        3.488E-05

Heats   e-Joule     h-Joule     recomb      Thomson     total      units
sum(H)  9.434E-21   4.662E-06  -2.964E-23  -5.386E-13   4.662E-06  W
sum|H|  9.434E-21   4.662E-06   2.991E-23   7.180E-10   4.662E-06  W
max(H)  6.424E-11   3.173E+04   1.389E-14   8.188E+00   3.757E+04  W/cm**3
min(H)  9.232E-13   4.566E+02  -1.275E-13  -2.032E+01   4.724E+02  W/cm**3
Tmin:   300.000     Tave:       300.147     Tmax:       300.242    K


Computing step from t=0.0668427 to t=0.137608 (Stepsize: 0.0707652) :
Computing Coupled( 1 poisson-equation(s) , 1 electron-equation(s) , 
                   1 hole-equation(s) , 1 lattice-hole-electron-temperature-equation(s) ) 
using Bank/Rose nonlinear solver.

Iteration   |Rhs|      factor     |step|     error   #inner  #iterative  time
------------------------------------------------------------------------------
    0      3.85e+09                                                      0.15
    1      3.85e+09   0.00e+00   4.82e+00   1.64e+05    0         1      0.46
Finished, because...
Solution/update out of range for variable LatticeTemperature.

Accumulated times:
Rhs time:        0.15 s
Jacobian time:   0.06 s
Solve time:      0.24 s
Total time:      0.46 s

Tmin=   49.95000  Tmax=  300.00000

Newton didn't converge, trying again with smaller step...

Computing step from t=0.0668427 to t=0.102225 (Stepsize: 0.0353826) :
Computing Coupled( 1 poisson-equation(s) , 1 electron-equation(s) , 
                   1 hole-equation(s) , 1 lattice-hole-electron-temperature-equation(s) ) 
using Bank/Rose nonlinear solver.

Iteration   |Rhs|      factor     |step|     error   #inner  #iterative  time
------------------------------------------------------------------------------
    0      9.83e+08                                                      0.15
    1      1.73e+09   1.00e+00   2.23e+00   6.58e+03    0         1      0.61
    2      3.06e+08   1.00e+00   1.23e+00   2.57e+03    0         1      1.06
    3      3.87e+06   1.00e+00   1.69e+00   2.53e+02    0         1      1.51
    4      1.12e+03   1.00e+00   1.40e-02   3.23e+01    0         1      1.96
    5      1.72e+00   1.00e+00   7.78e-05   1.51e-03    0         1      2.39
Finished, because...
Error smaller than 1 ( 1.5100E-03 ).

Accumulated times:
Rhs time:        0.90 s
Jacobian time:   0.29 s
Solve time:      1.18 s
Total time:      2.39 s

Tmin=  300.00000  Tmax=  300.56416

contact        voltage     electron current    hole current  conduction current
 BottomBridg  0.000E+00      -1.128E-19        -5.324E-05       -5.324E-05
 TopBridge    2.045E-01       1.128E-19         5.324E-05        5.324E-05

Heats   e-Joule     h-Joule     recomb      Thomson     total      units
sum(H)  2.306E-20   1.088E-05  -6.898E-23  -2.374E-12   1.089E-05  W
sum|H|  2.306E-20   1.088E-05   6.973E-23   2.601E-09   1.089E-05  W
max(H)  1.571E-10   7.408E+04   3.503E-14   2.808E+01   8.773E+04  W/cm**3
min(H)  2.255E-12   1.066E+03  -2.928E-13  -5.832E+01   1.103E+03  W/cm**3
Tmin:   300.000     Tave:       300.343     Tmax:       300.564    K


Computing step from t=0.102225 to t=0.169216 (Stepsize: 0.0669911) :
Computing Coupled( 1 poisson-equation(s) , 1 electron-equation(s) , 
                   1 hole-equation(s) , 1 lattice-hole-electron-temperature-equation(s) ) 
using Bank/Rose nonlinear solver.

Iteration   |Rhs|      factor     |step|     error   #inner  #iterative  time
------------------------------------------------------------------------------
    0      3.46e+09                                                      0.15
    1      3.46e+09   0.00e+00   3.34e+00   7.41e+04    0         1      0.44
Finished, because...
Solution/update out of range for variable LatticeTemperature.

Accumulated times:
Rhs time:        0.14 s
Jacobian time:   0.05 s
Solve time:      0.24 s
Total time:      0.44 s

Tmin=   49.95000  Tmax=  300.00000

Newton didn't converge, trying again with smaller step...

Computing step from t=0.102225 to t=0.135721 (Stepsize: 0.0334955) :
Computing Coupled( 1 poisson-equation(s) , 1 electron-equation(s) , 
                   1 hole-equation(s) , 1 lattice-hole-electron-temperature-equation(s) ) 
using Bank/Rose nonlinear solver.

Iteration   |Rhs|      factor     |step|     error   #inner  #iterative  time
------------------------------------------------------------------------------
    0      8.87e+08                                                      0.15
    1      1.45e+09   1.00e+00   2.23e+00   7.58e+03    0         1      0.60
    2      2.21e+08   1.00e+00   1.32e+00   2.40e+03    0         1      1.05
    3      1.85e+06   1.00e+00   1.13e+00   2.15e+02    0         1      1.49
    4      1.18e+03   1.00e+00   8.63e-03   3.48e+01    0         1      1.93
    5      1.57e+00   1.00e+00   1.26e-04   1.26e-03    0         1      2.39
Finished, because...
Error smaller than 1 ( 1.2556E-03 ).

Accumulated times:
Rhs time:        0.91 s
Jacobian time:   0.28 s
Solve time:      1.17 s
Total time:      2.39 s

Tmin=  300.00000  Tmax=  300.99226

contact        voltage     electron current    hole current  conduction current
 BottomBridg  0.000E+00      -1.588E-19        -7.053E-05       -7.053E-05
 TopBridge    2.714E-01       1.589E-19         7.053E-05        7.053E-05

Heats   e-Joule     h-Joule     recomb      Thomson     total      units
sum(H)  4.311E-20   1.914E-05  -1.247E-22  -6.632E-12   1.914E-05  W
sum|H|  4.311E-20   1.914E-05   1.261E-22   6.187E-09   1.914E-05  W
max(H)  2.938E-10   1.303E+05   6.456E-14   6.500E+01   1.543E+05  W/cm**3
min(H)  4.211E-12   1.874E+03  -5.262E-13  -1.215E+02   1.939E+03  W/cm**3
Tmin:   300.000     Tave:       300.603     Tmax:       300.992    K


Computing step from t=0.135721 to t=0.199139 (Stepsize: 0.0634182) :
Computing Coupled( 1 poisson-equation(s) , 1 electron-equation(s) , 
                   1 hole-equation(s) , 1 lattice-hole-electron-temperature-equation(s) ) 
using Bank/Rose nonlinear solver.

Iteration   |Rhs|      factor     |step|     error   #inner  #iterative  time
------------------------------------------------------------------------------
    0      3.11e+09                                                      0.14
    1      3.11e+09   0.00e+00   2.89e+00   6.70e+04    0         1      0.43
Finished, because...
Solution/update out of range for variable LatticeTemperature.

Accumulated times:
Rhs time:        0.14 s
Jacobian time:   0.06 s
Solve time:      0.23 s
Total time:      0.43 s

Tmin=   49.95000  Tmax=  300.00000

Newton didn't converge, trying again with smaller step...

Computing step from t=0.135721 to t=0.16743 (Stepsize: 0.0317091) :
Computing Coupled( 1 poisson-equation(s) , 1 electron-equation(s) , 
                   1 hole-equation(s) , 1 lattice-hole-electron-temperature-equation(s) ) 
using Bank/Rose nonlinear solver.

Iteration   |Rhs|      factor     |step|     error   #inner  #iterative  time
------------------------------------------------------------------------------
    0      8.00e+08                                                      0.16
    1      1.22e+09   1.00e+00   2.22e+00   9.40e+03    0         1      0.59
    2      1.60e+08   1.00e+00   1.46e+00   2.34e+03    0         1      1.02
    3      9.23e+05   1.00e+00   8.27e-01   2.45e+02    0         1      1.48
    4      1.17e+03   1.00e+00   7.76e-03   3.57e+01    0         1      1.95
    5      1.43e+00   1.00e+00   8.91e-05   1.63e-03    0         1      2.39
Finished, because...
Error smaller than 1 ( 1.6304E-03 ).

Accumulated times:
Rhs time:        0.93 s
Jacobian time:   0.27 s
Solve time:      1.17 s
Total time:      2.39 s

Tmin=  300.00000  Tmax=  301.50612

contact        voltage     electron current    hole current  conduction current
 BottomBridg  0.000E+00      -2.102E-19        -8.677E-05       -8.677E-05
 TopBridge    3.349E-01       2.103E-19         8.677E-05        8.677E-05

Heats   e-Joule     h-Joule     recomb      Thomson     total      units
sum(H)  7.038E-20   2.905E-05  -1.991E-22  -1.453E-11   2.905E-05  W
sum|H|  7.038E-20   2.905E-05   2.013E-22   1.182E-08   2.905E-05  W
max(H)  4.800E-10   1.977E+05   1.024E-13   1.222E+02   2.342E+05  W/cm**3
min(H)  6.871E-12   2.844E+03  -8.393E-13  -2.130E+02   2.942E+03  W/cm**3
Tmin:   300.000     Tave:       300.916     Tmax:       301.506    K


Computing step from t=0.16743 to t=0.227466 (Stepsize: 0.0600359) :
Computing Coupled( 1 poisson-equation(s) , 1 electron-equation(s) , 
                   1 hole-equation(s) , 1 lattice-hole-electron-temperature-equation(s) ) 
using Bank/Rose nonlinear solver.

Iteration   |Rhs|      factor     |step|     error   #inner  #iterative  time
------------------------------------------------------------------------------
    0      2.80e+09                                                      0.15
    1      7.04e+10   1.00e+00   2.69e+00   7.91e+04    0         1      0.61
    2      7.04e+10   0.00e+00   2.07e+00   4.54e+04    0         1      0.91
Finished, because...
Solution/update out of range for variable LatticeTemperature.

Accumulated times:
Rhs time:        0.30 s
Jacobian time:   0.12 s
Solve time:      0.47 s
Total time:      0.91 s

Tmin=   49.95000  Tmax=  300.00000

Newton didn't converge, trying again with smaller step...

Computing step from t=0.16743 to t=0.197448 (Stepsize: 0.030018) :
Computing Coupled( 1 poisson-equation(s) , 1 electron-equation(s) , 
                   1 hole-equation(s) , 1 lattice-hole-electron-temperature-equation(s) ) 
using Bank/Rose nonlinear solver.

Iteration   |Rhs|      factor     |step|     error   #inner  #iterative  time
------------------------------------------------------------------------------
    0      7.22e+08                                                      0.16
    1      1.04e+09   1.00e+00   2.22e+00   1.34e+04    0         1      0.64
    2      1.17e+08   1.00e+00   1.58e+00   2.60e+03    0         1      1.07
    3      4.55e+05   1.00e+00   6.00e-01   3.44e+02    0         1      1.51
    4      2.81e+02   1.00e+00   5.38e-03   1.59e+00    0         1      1.96
    5      4.61e-01   1.00e+00   5.15e-05   4.37e-04    0         1      2.43
Finished, because...
Error smaller than 1 ( 4.3668E-04 ).

Accumulated times:
Rhs time:        0.92 s
Jacobian time:   0.31 s
Solve time:      1.17 s
Total time:      2.43 s

Tmin=  300.00000  Tmax=  302.08841

contact        voltage     electron current    hole current  conduction current
 BottomBridg  0.000E+00      -2.683E-19        -1.020E-04       -1.020E-04
 TopBridge    3.949E-01       2.685E-19         1.020E-04        1.020E-04

Heats   e-Joule     h-Joule     recomb      Thomson     total      units
sum(H)  1.060E-19   4.028E-05  -2.952E-22  -2.732E-11   4.028E-05  W
sum|H|  1.060E-19   4.028E-05   2.983E-22   1.972E-08   4.028E-05  W
max(H)  7.231E-10   2.741E+05   1.492E-13   2.017E+02   3.248E+05  W/cm**3
min(H)  1.034E-11   3.943E+03  -1.247E-12  -3.346E+02   4.077E+03  W/cm**3
Tmin:   300.000     Tave:       301.270     Tmax:       302.088    K


Computing step from t=0.197448 to t=0.254282 (Stepsize: 0.056834) :
Computing Coupled( 1 poisson-equation(s) , 1 electron-equation(s) , 
                   1 hole-equation(s) , 1 lattice-hole-electron-temperature-equation(s) ) 
using Bank/Rose nonlinear solver.

Iteration   |Rhs|      factor     |step|     error   #inner  #iterative  time
------------------------------------------------------------------------------
    0      2.51e+09                                                      0.14
    1      2.38e+10   1.00e+00   2.59e+00   5.40e+04    0         1      0.61
    2      7.78e+09   1.00e+00   1.13e+00   3.08e+04    0         1      1.06
    3      3.86e+09   1.00e+00   1.64e+00   4.01e+04    0         1      1.51
    4      2.27e+08   1.00e+00   2.27e+00   8.01e+03    0         1      1.96
    5      3.98e+05   1.00e+00   2.20e+00   3.52e+03    0         1      2.37
    6      2.98e+03   1.00e+00   7.10e+00   5.46e+01    0         1      2.80
    7      5.50e+01   1.00e+00   1.68e+00   9.49e-02    0         1      3.22
Finished, because...
Error smaller than 1 ( 9.4939E-02 ).

Accumulated times:
Rhs time:        1.21 s
Jacobian time:   0.36 s
Solve time:      1.60 s
Total time:      3.22 s

Tmin=  300.00000  Tmax=  303.44022

contact        voltage     electron current    hole current  conduction current
 BottomBridg  0.000E+00       1.798E-21        -1.304E-04       -1.304E-04
 TopBridge    5.086E-01       2.335E-20         1.304E-04        1.304E-04

Heats   e-Joule     h-Joule     recomb      Thomson     total      units
sum(H)  6.760E-19   6.633E-05  -4.561E-20  -7.367E-11   6.633E-05  W
sum|H|  6.760E-19   6.633E-05   4.561E-20   4.348E-08   6.633E-05  W
max(H)  2.647E-08   4.514E+05   5.002E-24   4.387E+02   5.349E+05  W/cm**3
min(H)  3.287E-15   6.490E+03  -6.114E-11  -6.807E+02   6.709E+03  W/cm**3
Tmin:   300.000     Tave:       302.091     Tmax:       303.440    K


Computing step from t=0.254282 to t=0.358856 (Stepsize: 0.104575) :
Computing Coupled( 1 poisson-equation(s) , 1 electron-equation(s) , 
                   1 hole-equation(s) , 1 lattice-hole-electron-temperature-equation(s) ) 
using Bank/Rose nonlinear solver.

Iteration   |Rhs|      factor     |step|     error   #inner  #iterative  time
------------------------------------------------------------------------------
    0      8.23e+09                                                      0.14
    1      8.48e+09   1.00e+00   4.62e+00   2.45e+04    0         1      0.60
    2      8.48e+09   0.00e+00   1.81e+01   5.59e+08    0         1      0.90
Finished, because...
Solution/update out of range for variable LatticeTemperature.

Accumulated times:
Rhs time:        0.30 s
Jacobian time:   0.12 s
Solve time:      0.48 s
Total time:      0.91 s

Tmin=   49.95000  Tmax=  300.00000

Newton didn't converge, trying again with smaller step...

Computing step from t=0.254282 to t=0.306569 (Stepsize: 0.0522873) :
Computing Coupled( 1 poisson-equation(s) , 1 electron-equation(s) , 
                   1 hole-equation(s) , 1 lattice-hole-electron-temperature-equation(s) ) 
using Bank/Rose nonlinear solver.

Iteration   |Rhs|      factor     |step|     error   #inner  #iterative  time
------------------------------------------------------------------------------
    0      2.14e+09                                                      0.16
    1      9.55e+09   1.00e+00   2.69e+00   4.09e+04    0         1      0.63
    2      3.70e+09   1.00e+00   7.43e-01   7.75e+03    0         1      1.10
    3      7.70e+08   1.00e+00   2.80e+00   1.13e+04    0         1      1.57
    4      3.89e+06   1.00e+00   1.70e+00   5.95e+03    0         1      2.03
    5      2.29e+03   1.00e+00   5.50e-02   1.64e+01    0         1      2.47
    6      9.84e+00   1.00e+00   4.61e-05   5.51e-03    0         1      2.94
Finished, because...
Error smaller than 1 ( 5.5081E-03 ).

Accumulated times:
Rhs time:        1.11 s
Jacobian time:   0.36 s
Solve time:      1.44 s
Total time:      2.94 s

Tmin=  300.00000  Tmax=  304.96270

contact        voltage     electron current    hole current  conduction current
 BottomBridg  0.000E+00      -6.145E-19        -1.560E-04       -1.560E-04
 TopBridge    6.131E-01       6.150E-19         1.560E-04        1.560E-04

Heats   e-Joule     h-Joule     recomb      Thomson     total      units
sum(H)  3.769E-19   9.564E-05  -1.021E-21  -1.553E-10   9.566E-05  W
sum|H|  3.769E-19   9.564E-05   1.029E-21   7.789E-08   9.566E-05  W
max(H)  2.575E-09   6.508E+05   4.649E-13   7.797E+02   7.715E+05  W/cm**3
min(H)  3.667E-11   9.355E+03  -4.366E-12  -1.161E+03   9.667E+03  W/cm**3
Tmin:   300.000     Tave:       303.015     Tmax:       304.963    K


Computing step from t=0.306569 to t=0.404172 (Stepsize: 0.0976029) :
Computing Coupled( 1 poisson-equation(s) , 1 electron-equation(s) , 
                   1 hole-equation(s) , 1 lattice-hole-electron-temperature-equation(s) ) 
using Bank/Rose nonlinear solver.

Iteration   |Rhs|      factor     |step|     error   #inner  #iterative  time
------------------------------------------------------------------------------
    0      7.17e+09                                                      0.16
    1      1.15e+10   1.00e+00   2.52e+00   2.23e+04    0         1      0.59
    2      1.64e+10   1.00e+00   1.03e+01   4.11e+07    0         1      1.04
    3      6.38e+09   1.00e+00   1.30e+01   9.30e+05    0         1      1.50
    4      3.32e+10   1.00e+00   5.26e+00   9.96e+08    0         1      1.94
    5      1.51e+09   1.00e+00   1.81e+00   3.33e+06    0         1      2.38
    6      1.48e+08   1.00e+00   2.42e+00   2.87e+06    0         1      2.84
    7      2.06e+05   1.00e+00   1.88e+00   9.20e+05    0         1      3.31
    8      4.49e+03   1.00e+00   2.08e+00   2.67e+04    0         1      3.77
    9      1.96e+02   1.00e+00   2.13e+00   1.99e+02    0         1      4.23
   10      8.56e+00   1.00e+00   8.48e-01   1.68e+00    0         1      4.68
   11      1.37e+00   1.00e+00   1.06e-01   1.37e-03    0         1      5.13
Finished, because...
Error smaller than 1 ( 1.3717E-03 ).

Accumulated times:
Rhs time:        1.87 s
Jacobian time:   0.62 s
Solve time:      2.56 s
Total time:      5.13 s

Tmin=  300.00000  Tmax=  308.47819

contact        voltage     electron current    hole current  conduction current
 BottomBridg  0.000E+00      -8.074E-19        -2.020E-04       -2.020E-04
 TopBridge    8.083E-01       8.198E-19         2.020E-04        2.020E-04

Heats   e-Joule     h-Joule     recomb      Thomson     total      units
sum(H)  1.161E-18   1.633E-04  -2.194E-20  -4.534E-10   1.633E-04  W
sum|H|  1.161E-18   1.633E-04   3.589E-20   1.789E-07   1.633E-04  W
max(H)  6.028E-08   1.111E+06   4.295E-10   1.775E+03   1.317E+06  W/cm**3
min(H)  8.696E-12   1.595E+04  -1.340E-10  -2.524E+03   1.648E+04  W/cm**3
Tmin:   300.000     Tave:       305.147     Tmax:       308.478    K


Computing step from t=0.404172 to t=0.573351 (Stepsize: 0.169178) :
Computing Coupled( 1 poisson-equation(s) , 1 electron-equation(s) , 
                   1 hole-equation(s) , 1 lattice-hole-electron-temperature-equation(s) ) 
using Bank/Rose nonlinear solver.

Iteration   |Rhs|      factor     |step|     error   #inner  #iterative  time
------------------------------------------------------------------------------
    0      2.04e+10                                                      0.15
    1      7.20e+09   1.00e+00   2.36e+00   2.63e+04    0         1      0.63
    2      7.20e+09   0.00e+00   1.49e+01   2.51e+06    0         1      0.93
Finished, because...
Solution/update out of range for variable LatticeTemperature.

Accumulated times:
Rhs time:        0.32 s
Jacobian time:   0.12 s
Solve time:      0.49 s
Total time:      0.93 s

Tmin=   49.95000  Tmax=  300.00000

Newton didn't converge, trying again with smaller step...

Computing step from t=0.404172 to t=0.488761 (Stepsize: 0.0845892) :
Computing Coupled( 1 poisson-equation(s) , 1 electron-equation(s) , 
                   1 hole-equation(s) , 1 lattice-hole-electron-temperature-equation(s) ) 
using Bank/Rose nonlinear solver.

Iteration   |Rhs|      factor     |step|     error   #inner  #iterative  time
------------------------------------------------------------------------------
    0      5.38e+09                                                      0.16
    1      1.40e+13   1.00e+00   6.88e+00   2.43e+05    0         1      0.61
    2      3.63e+15   1.00e+00   1.23e+01   1.77e+05    0         1      1.06
    3      3.63e+15   0.00e+00   1.13e+01   1.77e+08    0         1      1.36
Finished, because...
Solution/update out of range for variable LatticeTemperature.

Accumulated times:
Rhs time:        0.47 s
Jacobian time:   0.16 s
Solve time:      0.71 s
Total time:      1.36 s

Tmin=  300.00000  Tmax= 8892.06212

Newton didn't converge, trying again with smaller step...

Computing step from t=0.404172 to t=0.446467 (Stepsize: 0.0422946) :
Computing Coupled( 1 poisson-equation(s) , 1 electron-equation(s) , 
                   1 hole-equation(s) , 1 lattice-hole-electron-temperature-equation(s) ) 
using Bank/Rose nonlinear solver.

Iteration   |Rhs|      factor     |step|     error   #inner  #iterative  time
------------------------------------------------------------------------------
    0      1.41e+09                                                      0.16
    1      2.80e+09   1.00e+00   2.42e+00   1.94e+04    0         1      0.63
    2      6.83e+08   1.00e+00   9.99e-01   7.46e+03    0         1      1.08
    3      1.48e+07   1.00e+00   2.09e+00   4.30e+03    0         1      1.53
    4      6.51e+04   1.00e+00   1.21e-01   1.39e+03    0         1      1.97
    5      3.64e+03   1.00e+00   1.03e-01   1.25e+01    0         1      2.42
    6      1.89e+02   1.00e+00   9.88e-02   5.30e-01    0         1      2.86
Finished, because...
Error smaller than 1 ( 5.2978E-01 ).

Accumulated times:
Rhs time:        1.09 s
Jacobian time:   0.32 s
Solve time:      1.42 s
Total time:      2.86 s

Tmin=  300.00000  Tmax=  310.25692

contact        voltage     electron current    hole current  conduction current
 BottomBridg  0.000E+00      -1.076E-18        -2.211E-04       -2.211E-04
 TopBridge    8.929E-01       1.092E-18         2.211E-04        2.211E-04

Heats   e-Joule     h-Joule     recomb      Thomson     total      units
sum(H)  1.683E-18   1.974E-04  -2.938E-20  -6.436E-10   1.974E-04  W
sum|H|  1.683E-18   1.974E-04   5.197E-20   2.357E-07   1.974E-04  W
max(H)  8.212E-08   1.343E+06   8.850E-10   2.332E+03   1.593E+06  W/cm**3
min(H)  2.877E-13   1.928E+04  -1.702E-10  -3.279E+03   1.991E+04  W/cm**3
Tmin:   300.000     Tave:       306.224     Tmax:       310.257    K


Computing step from t=0.446467 to t=0.525417 (Stepsize: 0.0789499) :
Computing Coupled( 1 poisson-equation(s) , 1 electron-equation(s) , 
                   1 hole-equation(s) , 1 lattice-hole-electron-temperature-equation(s) ) 
using Bank/Rose nonlinear solver.

Iteration   |Rhs|      factor     |step|     error   #inner  #iterative  time
------------------------------------------------------------------------------
    0      4.69e+09                                                      0.14
    1      4.69e+09   0.00e+00   1.45e+01   3.04e+05    0         1      0.44
Finished, because...
Solution/update out of range for variable LatticeTemperature.

Accumulated times:
Rhs time:        0.14 s
Jacobian time:   0.06 s
Solve time:      0.24 s
Total time:      0.44 s

Tmin=   49.95000  Tmax=  300.00000

Newton didn't converge, trying again with smaller step...

Computing step from t=0.446467 to t=0.485942 (Stepsize: 0.039475) :
Computing Coupled( 1 poisson-equation(s) , 1 electron-equation(s) , 
                   1 hole-equation(s) , 1 lattice-hole-electron-temperature-equation(s) ) 
using Bank/Rose nonlinear solver.

Iteration   |Rhs|      factor     |step|     error   #inner  #iterative  time
------------------------------------------------------------------------------
    0      1.24e+09                                                      0.16
    1      2.13e+09   1.00e+00   2.41e+00   1.61e+04    0         1      0.60
    2      4.25e+08   1.00e+00   1.29e+00   6.48e+03    0         1      1.03
    3      3.92e+06   1.00e+00   1.48e+00   4.18e+03    0         1      1.48
    4      2.54e+04   1.00e+00   1.03e-01   8.45e+02    0         1      1.93
    5      1.67e+03   1.00e+00   9.89e-02   4.98e+00    0         1      2.38
    6      1.00e+02   1.00e+00   1.00e-01   2.47e-01    0         1      2.86
Finished, because...
Error smaller than 1 ( 2.4670E-01 ).

Accumulated times:
Rhs time:        1.11 s
Jacobian time:   0.32 s
Solve time:      1.41 s
Total time:      2.86 s

Tmin=  300.00000  Tmax=  312.04735

contact        voltage     electron current    hole current  conduction current
 BottomBridg  0.000E+00      -1.576E-18        -2.385E-04       -2.385E-04
 TopBridge    9.719E-01       1.595E-18         2.385E-04        2.385E-04

Heats   e-Joule     h-Joule     recomb      Thomson     total      units
sum(H)  2.440E-18   2.318E-04  -3.441E-20  -8.470E-10   2.318E-04  W
sum|H|  2.440E-18   2.318E-04   6.210E-20   2.941E-07   2.318E-04  W
max(H)  1.086E-07   1.577E+06   7.872E-10   2.904E+03   1.871E+06  W/cm**3
min(H)  2.672E-11   2.263E+04  -2.140E-10  -4.051E+03   2.337E+04  W/cm**3
Tmin:   300.000     Tave:       307.308     Tmax:       312.047    K


Computing step from t=0.485942 to t=0.559628 (Stepsize: 0.0736866) :
Computing Coupled( 1 poisson-equation(s) , 1 electron-equation(s) , 
                   1 hole-equation(s) , 1 lattice-hole-electron-temperature-equation(s) ) 
using Bank/Rose nonlinear solver.

Iteration   |Rhs|      factor     |step|     error   #inner  #iterative  time
------------------------------------------------------------------------------
    0      4.09e+09                                                      0.15
    1      4.09e+09   0.00e+00   4.67e+00   7.75e+04    0         1      0.48
Finished, because...
Solution/update out of range for variable LatticeTemperature.

Accumulated times:
Rhs time:        0.15 s
Jacobian time:   0.06 s
Solve time:      0.26 s
Total time:      0.48 s

Tmin=   49.95000  Tmax=  300.00000

Newton didn't converge, trying again with smaller step...

Computing step from t=0.485942 to t=0.522785 (Stepsize: 0.0368433) :
Computing Coupled( 1 poisson-equation(s) , 1 electron-equation(s) , 
                   1 hole-equation(s) , 1 lattice-hole-electron-temperature-equation(s) ) 
using Bank/Rose nonlinear solver.

Iteration   |Rhs|      factor     |step|     error   #inner  #iterative  time
------------------------------------------------------------------------------
    0      1.08e+09                                                      0.17
    1      1.67e+09   1.00e+00   2.39e+00   1.35e+04    0         1      0.63
    2      2.70e+08   1.00e+00   1.50e+00   5.45e+03    0         1      1.07
    3      1.03e+06   1.00e+00   9.22e-01   3.74e+03    0         1      1.53
    4      3.78e+03   1.00e+00   1.70e-01   5.22e+02    0         1      1.97
    5      6.56e+01   1.00e+00   1.21e-01   4.18e+00    0         1      2.42
    6      3.76e+00   1.00e+00   1.23e-01   3.06e-02    0         1      2.87
Finished, because...
Error smaller than 1 ( 3.0597E-02 ).

Accumulated times:
Rhs time:        1.08 s
Jacobian time:   0.35 s
Solve time:      1.40 s
Total time:      2.87 s

Tmin=  300.00000  Tmax=  313.82657

contact        voltage     electron current    hole current  conduction current
 BottomBridg  0.000E+00      -2.203E-18        -2.543E-04       -2.543E-04
 TopBridge    1.046E+00       2.226E-18         2.543E-04        2.543E-04

Heats   e-Joule     h-Joule     recomb      Thomson     total      units
sum(H)  3.486E-18   2.659E-04  -4.121E-20  -1.064E-09   2.659E-04  W
sum|H|  3.486E-18   2.659E-04   7.800E-20   3.541E-07   2.659E-04  W
max(H)  1.455E-07   1.809E+06   1.218E-09   3.492E+03   2.146E+06  W/cm**3
min(H)  2.405E-11   2.595E+04  -2.668E-10  -4.840E+03   2.679E+04  W/cm**3
Tmin:   300.000     Tave:       308.384     Tmax:       313.827    K


Computing step from t=0.522785 to t=0.591559 (Stepsize: 0.0687742) :
Computing Coupled( 1 poisson-equation(s) , 1 electron-equation(s) , 
                   1 hole-equation(s) , 1 lattice-hole-electron-temperature-equation(s) ) 
using Bank/Rose nonlinear solver.

Iteration   |Rhs|      factor     |step|     error   #inner  #iterative  time
------------------------------------------------------------------------------
    0      3.56e+09                                                      0.15
    1      3.56e+09   0.00e+00   3.49e+00   4.35e+04    0         1      0.46
Finished, because...
Solution/update out of range for variable LatticeTemperature.

Accumulated times:
Rhs time:        0.15 s
Jacobian time:   0.07 s
Solve time:      0.23 s
Total time:      0.46 s

Tmin=   49.95000  Tmax=  300.00000

Newton didn't converge, trying again with smaller step...

Computing step from t=0.522785 to t=0.557172 (Stepsize: 0.0343871) :
Computing Coupled( 1 poisson-equation(s) , 1 electron-equation(s) , 
                   1 hole-equation(s) , 1 lattice-hole-electron-temperature-equation(s) ) 
using Bank/Rose nonlinear solver.

Iteration   |Rhs|      factor     |step|     error   #inner  #iterative  time
------------------------------------------------------------------------------
    0      9.48e+08                                                      0.16
    1      1.33e+09   1.00e+00   2.38e+00   1.16e+04    0         1      0.60
    2      1.75e+08   1.00e+00   1.67e+00   4.56e+03    0         1      1.04
    3      5.09e+05   1.00e+00   1.01e+00   3.26e+03    0         1      1.50
    4      2.39e+04   1.00e+00   8.64e-02   3.26e+02    0         1      1.97
    5      1.52e+03   1.00e+00   8.28e-04   4.96e+00    0         1      2.44
    6      7.55e+00   1.00e+00   7.71e-07   7.73e-03    0         1      2.90
Finished, because...
Error smaller than 1 ( 7.7300E-03 ).

Accumulated times:
Rhs time:        1.11 s
Jacobian time:   0.34 s
Solve time:      1.41 s
Total time:      2.90 s

Tmin=  300.00000  Tmax=  315.57709

contact        voltage     electron current    hole current  conduction current
 BottomBridg  0.000E+00      -4.424E-18        -2.687E-04       -2.687E-04
 TopBridge    1.114E+00       4.432E-18         2.687E-04        2.687E-04

Heats   e-Joule     h-Joule     recomb      Thomson     total      units
sum(H)  4.934E-18   2.994E-04  -1.329E-20  -1.290E-09   2.995E-04  W
sum|H|  4.934E-18   2.994E-04   1.336E-20   4.147E-07   2.995E-04  W
max(H)  3.380E-08   2.037E+06   5.074E-12   4.096E+03   2.417E+06  W/cm**3
min(H)  4.772E-10   2.921E+04  -5.892E-11  -5.632E+03   3.015E+04  W/cm**3
Tmin:   300.000     Tave:       309.441     Tmax:       315.577    K


Computing step from t=0.557172 to t=0.621361 (Stepsize: 0.0641892) :
Computing Coupled( 1 poisson-equation(s) , 1 electron-equation(s) , 
                   1 hole-equation(s) , 1 lattice-hole-electron-temperature-equation(s) ) 
using Bank/Rose nonlinear solver.

Iteration   |Rhs|      factor     |step|     error   #inner  #iterative  time
------------------------------------------------------------------------------
    0      3.11e+09                                                      0.16
    1      4.94e+10   1.00e+00   3.08e+00   2.85e+04    0         1      0.61
    2      4.94e+10   0.00e+00   1.39e+00   2.21e+04    0         1      0.92
Finished, because...
Solution/update out of range for variable LatticeTemperature.

Accumulated times:
Rhs time:        0.32 s
Jacobian time:   0.12 s
Solve time:      0.46 s
Total time:      0.92 s

Tmin=   49.95000  Tmax=  300.00000

Newton didn't converge, trying again with smaller step...

Computing step from t=0.557172 to t=0.589267 (Stepsize: 0.0320946) :
Computing Coupled( 1 poisson-equation(s) , 1 electron-equation(s) , 
                   1 hole-equation(s) , 1 lattice-hole-electron-temperature-equation(s) ) 
using Bank/Rose nonlinear solver.

Iteration   |Rhs|      factor     |step|     error   #inner  #iterative  time
------------------------------------------------------------------------------
    0      8.31e+08                                                      0.15
    1      1.08e+09   1.00e+00   2.37e+00   9.95e+03    0         1      0.61
    2      1.15e+08   1.00e+00   1.89e+00   3.83e+03    0         1      1.05
    3      6.02e+05   1.00e+00   4.31e-01   3.03e+03    0         1      1.50
    4      2.76e+03   1.00e+00   4.35e-03   9.94e+00    0         1      1.96
    5      2.56e+01   1.00e+00   4.65e-06   2.07e-02    0         1      2.41
Finished, because...
Error smaller than 1 ( 2.0717E-02 ).

Accumulated times:
Rhs time:        0.92 s
Jacobian time:   0.30 s
Solve time:      1.15 s
Total time:      2.41 s

Tmin=  300.00000  Tmax=  317.28580

contact        voltage     electron current    hole current  conduction current
 BottomBridg  0.000E+00      -5.792E-18        -2.819E-04       -2.819E-04
 TopBridge    1.179E+00       5.802E-18         2.819E-04        2.819E-04

Heats   e-Joule     h-Joule     recomb      Thomson     total      units
sum(H)  6.831E-18   3.321E-04  -1.840E-20  -1.519E-09   3.322E-04  W
sum|H|  6.831E-18   3.321E-04   1.850E-20   4.746E-07   3.322E-04  W
max(H)  4.681E-08   2.260E+06   7.164E-12   4.719E+03   2.681E+06  W/cm**3
min(H)  6.601E-10   3.238E+04  -8.200E-11  -6.413E+03   3.343E+04  W/cm**3
Tmin:   300.000     Tave:       310.473     Tmax:       317.286    K


Computing step from t=0.589267 to t=0.650032 (Stepsize: 0.0607658) :
Computing Coupled( 1 poisson-equation(s) , 1 electron-equation(s) , 
                   1 hole-equation(s) , 1 lattice-hole-electron-temperature-equation(s) ) 
using Bank/Rose nonlinear solver.

Iteration   |Rhs|      factor     |step|     error   #inner  #iterative  time
------------------------------------------------------------------------------
    0      2.78e+09                                                      0.15
    1      1.92e+10   1.00e+00   2.91e+00   2.26e+04    0         1      0.62
    2      7.51e+09   1.00e+00   1.31e+00   7.43e+03    0         1      1.10
    3      2.92e+09   1.00e+00   1.21e+00   1.67e+04    0         1      1.55
    4      3.34e+07   1.00e+00   7.33e+00   1.84e+04    0         1      2.04
    5      7.10e+05   1.00e+00   2.24e+00   4.92e+03    0         1      2.53
    6      7.65e+04   1.00e+00   5.87e-01   1.37e+02    0         1      2.98
    7      7.37e+03   1.00e+00   2.34e-01   1.14e+01    0         1      3.42
    8      7.43e+02   1.00e+00   2.03e-01   7.53e-01    0         1      3.89
Finished, because...
Error smaller than 1 ( 7.5275E-01 ).

Accumulated times:
Rhs time:        1.45 s
Jacobian time:   0.48 s
Solve time:      1.89 s
Total time:      3.89 s

Tmin=  300.00000  Tmax=  320.70797

contact        voltage     electron current    hole current  conduction current
 BottomBridg  0.000E+00      -9.730E-18        -3.058E-04       -3.058E-04
 TopBridge    1.300E+00       9.761E-18         3.058E-04        3.058E-04

Heats   e-Joule     h-Joule     recomb      Thomson     total      units
sum(H)  1.649E-17   3.976E-04  -5.413E-20  -1.991E-09   3.976E-04  W
sum|H|  1.649E-17   3.976E-04   6.367E-20   5.957E-07   3.976E-04  W
max(H)  3.983E-07   2.704E+06   2.597E-09   5.981E+03   3.209E+06  W/cm**3
min(H)  1.222E-09   3.873E+04  -6.398E-10  -7.984E+03   3.998E+04  W/cm**3
Tmin:   300.000     Tave:       312.537     Tmax:       320.708    K


Computing step from t=0.650032 to t=0.760221 (Stepsize: 0.110189) :
Computing Coupled( 1 poisson-equation(s) , 1 electron-equation(s) , 
                   1 hole-equation(s) , 1 lattice-hole-electron-temperature-equation(s) ) 
using Bank/Rose nonlinear solver.

Iteration   |Rhs|      factor     |step|     error   #inner  #iterative  time
------------------------------------------------------------------------------
    0      8.62e+09                                                      0.16
    1      1.07e+10   1.00e+00   2.53e+00   2.33e+04    0         1      0.64
    2      1.38e+10   1.00e+00   1.37e+01   6.00e+05    0         1      1.09
    3      6.11e+10   1.00e+00   4.85e+00   3.70e+09    0         1      1.60
    4      8.53e+10   1.00e+00   4.09e+00   1.39e+08    0         1      2.08
    5      9.66e+09   1.00e+00   3.87e+00   2.58e+06    0         1      2.58
    6      5.66e+07   1.00e+00   3.10e+00   3.99e+06    0         1      3.08
    7      6.39e+05   1.00e+00   2.61e+00   2.07e+05    0         1      3.57
    8      2.73e+04   1.00e+00   1.71e+00   3.18e+03    0         1      4.04
    9      3.46e+03   1.00e+00   5.88e-01   4.62e+00    0         1      4.50
   10      4.43e+02   1.00e+00   2.33e-01   3.50e-01    0         1      5.00
Finished, because...
Error smaller than 1 ( 3.5029E-01 ).

Accumulated times:
Rhs time:        1.86 s
Jacobian time:   0.60 s
Solve time:      2.50 s
Total time:      5.00 s

Tmin=  300.00000  Tmax=  327.48336

contact        voltage     electron current    hole current  conduction current
 BottomBridg  0.000E+00      -2.552E-17        -3.465E-04       -3.465E-04
 TopBridge    1.520E+00       2.558E-17         3.465E-04        3.465E-04

Heats   e-Joule     h-Joule     recomb      Thomson     total      units
sum(H)  4.350E-17   5.268E-04  -1.111E-19  -3.024E-09   5.268E-04  W
sum|H|  4.350E-17   5.268E-04   1.138E-19   8.506E-07   5.268E-04  W
max(H)  1.481E-06   3.583E+06   3.777E-10   8.657E+03   4.252E+06  W/cm**3
min(H)  3.737E-09   5.123E+04  -2.028E-09  -1.128E+04   5.288E+04  W/cm**3
Tmin:   300.000     Tave:       316.614     Tmax:       327.483    K


Computing step from t=0.760221 to t=0.954153 (Stepsize: 0.193932) :
Computing Coupled( 1 poisson-equation(s) , 1 electron-equation(s) , 
                   1 hole-equation(s) , 1 lattice-hole-electron-temperature-equation(s) ) 
using Bank/Rose nonlinear solver.

Iteration   |Rhs|      factor     |step|     error   #inner  #iterative  time
------------------------------------------------------------------------------
    0      2.48e+10                                                      0.16
    1      9.15e+09   1.00e+00   2.31e+00   1.47e+04    0         1      0.63
    2      9.15e+09   0.00e+00   2.39e+01   1.39e+07    0         1      0.94
Finished, because...
Solution/update out of range for variable LatticeTemperature.

Accumulated times:
Rhs time:        0.32 s
Jacobian time:   0.11 s
Solve time:      0.49 s
Total time:      0.94 s

Tmin=   49.95000  Tmax=  300.00000

Newton didn't converge, trying again with smaller step...

Computing step from t=0.760221 to t=0.857187 (Stepsize: 0.096966) :
Computing Coupled( 1 poisson-equation(s) , 1 electron-equation(s) , 
                   1 hole-equation(s) , 1 lattice-hole-electron-temperature-equation(s) ) 
using Bank/Rose nonlinear solver.

Iteration   |Rhs|      factor     |step|     error   #inner  #iterative  time
------------------------------------------------------------------------------
    0      6.60e+09                                                      0.18
    1      1.26e+12   1.00e+00   6.35e+00   1.47e+05    0         1      0.62
    2      1.09e+12   1.00e+00   1.36e+01   2.18e+07    0         1      1.08
    3      2.79e+11   1.00e+00   9.40e+00   4.08e+07    0         1      1.51
    4      1.48e+11   1.00e+00   1.38e+01   2.59e+06    0         1      1.99
    5      1.48e+11   0.00e+00   3.85e+01   5.68e+10    0         1      2.28
Finished, because...
Solution/update out of range for variable LatticeTemperature.

Accumulated times:
Rhs time:        0.81 s
Jacobian time:   0.28 s
Solve time:      1.17 s
Total time:      2.28 s

Tmin=   49.95000  Tmax= 102173.52983

Newton didn't converge, trying again with smaller step...

Computing step from t=0.760221 to t=0.808704 (Stepsize: 0.048483) :
Computing Coupled( 1 poisson-equation(s) , 1 electron-equation(s) , 
                   1 hole-equation(s) , 1 lattice-hole-electron-temperature-equation(s) ) 
using Bank/Rose nonlinear solver.

Iteration   |Rhs|      factor     |step|     error   #inner  #iterative  time
------------------------------------------------------------------------------
    0      1.77e+09                                                      0.16
    1      3.55e+09   1.00e+00   2.67e+00   1.11e+04    0         1      0.61
    2      9.66e+08   1.00e+00   1.11e+00   8.48e+03    0         1      1.03
    3      1.75e+07   1.00e+00   1.87e+00   6.40e+03    0         1      1.50
    4      9.57e+04   1.00e+00   3.12e-01   1.78e+03    0         1      1.96
    5      1.03e+04   1.00e+00   2.15e-01   2.64e+01    0         1      2.41
    6      1.36e+03   1.00e+00   2.20e-01   1.54e+00    0         1      2.86
    7      1.92e+02   1.00e+00   2.23e-01   1.25e-01    0         1      3.30
Finished, because...
Error smaller than 1 ( 1.2529E-01 ).

Accumulated times:
Rhs time:        1.25 s
Jacobian time:   0.38 s
Solve time:      1.61 s
Total time:      3.30 s

Tmin=  300.00000  Tmax=  330.67453

contact        voltage     electron current    hole current  conduction current
 BottomBridg  0.000E+00      -3.927E-17        -3.633E-04       -3.633E-04
 TopBridge    1.617E+00       3.938E-17         3.633E-04        3.633E-04

Heats   e-Joule     h-Joule     recomb      Thomson     total      units
sum(H)  6.918E-17   5.875E-04  -1.854E-19  -3.621E-09   5.875E-04  W
sum|H|  6.918E-17   5.875E-04   1.862E-19   9.878E-07   5.875E-04  W
max(H)  1.654E-06   3.995E+06   7.396E-11   1.012E+04   4.742E+06  W/cm**3
min(H)  6.111E-09   5.709E+04  -4.128E-09  -1.305E+04   5.892E+04  W/cm**3
Tmin:   300.000     Tave:       318.529     Tmax:       330.675    K


Computing step from t=0.808704 to t=0.897913 (Stepsize: 0.0892087) :
Computing Coupled( 1 poisson-equation(s) , 1 electron-equation(s) , 
                   1 hole-equation(s) , 1 lattice-hole-electron-temperature-equation(s) ) 
using Bank/Rose nonlinear solver.

Iteration   |Rhs|      factor     |step|     error   #inner  #iterative  time
------------------------------------------------------------------------------
    0      5.58e+09                                                      0.15
    1      5.58e+09   0.00e+00   3.91e+01   5.77e+05    0         1      0.45
Finished, because...
Solution/update out of range for variable LatticeTemperature.

Accumulated times:
Rhs time:        0.15 s
Jacobian time:   0.06 s
Solve time:      0.24 s
Total time:      0.45 s

Tmin=   49.95000  Tmax=  300.00000

Newton didn't converge, trying again with smaller step...

Computing step from t=0.808704 to t=0.853308 (Stepsize: 0.0446044) :
Computing Coupled( 1 poisson-equation(s) , 1 electron-equation(s) , 
                   1 hole-equation(s) , 1 lattice-hole-electron-temperature-equation(s) ) 
using Bank/Rose nonlinear solver.

Iteration   |Rhs|      factor     |step|     error   #inner  #iterative  time
------------------------------------------------------------------------------
    0      1.50e+09                                                      0.17
    1      2.50e+09   1.00e+00   2.63e+00   9.21e+03    0         1      0.63
    2      5.33e+08   1.00e+00   1.55e+00   6.65e+03    0         1      1.07
    3      3.03e+06   1.00e+00   1.11e+00   5.34e+03    0         1      1.55
    4      2.36e+05   1.00e+00   3.63e-01   8.57e+02    0         1      2.04
    5      3.45e+04   1.00e+00   2.63e-01   3.50e+01    0         1      2.52
    6      5.29e+03   1.00e+00   2.66e-01   3.05e+00    0         1      2.96
    7      8.05e+02   1.00e+00   2.66e-01   5.17e-01    0         1      3.41
Finished, because...
Error smaller than 1 ( 5.1725E-01 ).

Accumulated times:
Rhs time:        1.29 s
Jacobian time:   0.40 s
Solve time:      1.70 s
Total time:      3.41 s

Tmin=  300.00000  Tmax=  333.71296

contact        voltage     electron current    hole current  conduction current
 BottomBridg  0.000E+00      -5.851E-17        -3.781E-04       -3.781E-04
 TopBridge    1.707E+00       5.871E-17         3.781E-04        3.781E-04

Heats   e-Joule     h-Joule     recomb      Thomson     total      units
sum(H)  1.070E-16   6.452E-04  -3.544E-19  -4.287E-09   6.453E-04  W
sum|H|  1.070E-16   6.452E-04   3.558E-19   1.134E-06   6.453E-04  W
max(H)  1.930E-06   4.387E+06   1.202E-10   1.168E+04   5.208E+06  W/cm**3
min(H)  9.597E-09   6.266E+04  -4.652E-08  -1.491E+04   6.466E+04  W/cm**3
Tmin:   300.000     Tave:       320.351     Tmax:       333.713    K


Computing step from t=0.853308 to t=0.93538 (Stepsize: 0.082072) :
Computing Coupled( 1 poisson-equation(s) , 1 electron-equation(s) , 
                   1 hole-equation(s) , 1 lattice-hole-electron-temperature-equation(s) ) 
using Bank/Rose nonlinear solver.

Iteration   |Rhs|      factor     |step|     error   #inner  #iterative  time
------------------------------------------------------------------------------
    0      4.71e+09                                                      0.15
    1      4.71e+09   0.00e+00   6.23e+00   7.13e+04    0         1      0.45
Finished, because...
Solution/update out of range for variable LatticeTemperature.

Accumulated times:
Rhs time:        0.15 s
Jacobian time:   0.06 s
Solve time:      0.23 s
Total time:      0.45 s

Tmin=   49.95000  Tmax=  300.00000

Newton didn't converge, trying again with smaller step...

Computing step from t=0.853308 to t=0.894344 (Stepsize: 0.041036) :
Computing Coupled( 1 poisson-equation(s) , 1 electron-equation(s) , 
                   1 hole-equation(s) , 1 lattice-hole-electron-temperature-equation(s) ) 
using Bank/Rose nonlinear solver.

Iteration   |Rhs|      factor     |step|     error   #inner  #iterative  time
------------------------------------------------------------------------------
    0      1.28e+09                                                      0.18
    1      1.85e+09   1.00e+00   2.61e+00   7.81e+03    0         1      0.67
    2      3.08e+08   1.00e+00   1.90e+00   5.31e+03    0         1      1.13
    3      3.38e+06   1.00e+00   6.57e-01   4.53e+03    0         1      1.59
    4      3.86e+05   1.00e+00   3.70e-01   3.51e+02    0         1      2.05
    5      6.30e+04   1.00e+00   2.84e-01   4.40e+01    0         1      2.50
    6      1.03e+04   1.00e+00   2.86e-01   5.74e+00    0         1      2.95
    7      1.67e+03   1.00e+00   3.06e-01   9.79e-01    0         1      3.41
Finished, because...
Error smaller than 1 ( 9.7903E-01 ).

Accumulated times:
Rhs time:        1.28 s
Jacobian time:   0.40 s
Solve time:      1.67 s
Total time:      3.41 s

Tmin=  300.00000  Tmax=  336.59011

contact        voltage     electron current    hole current  conduction current
 BottomBridg  0.000E+00      -8.455E-17        -3.913E-04       -3.913E-04
 TopBridge    1.789E+00       8.514E-17         3.913E-04        3.913E-04

Heats   e-Joule     h-Joule     recomb      Thomson     total      units
sum(H)  1.606E-16   6.998E-04  -1.159E-18  -5.044E-09   6.998E-04  W
sum|H|  1.606E-16   6.998E-04   1.162E-18   1.290E-06   6.998E-04  W
max(H)  3.170E-06   4.758E+06   2.173E-10   1.338E+04   5.649E+06  W/cm**3
min(H)  7.449E-09   6.792E+04  -4.845E-07  -1.689E+04   7.007E+04  W/cm**3
Tmin:   300.000     Tave:       322.073     Tmax:       336.590    K


Computing step from t=0.894344 to t=0.969851 (Stepsize: 0.0755063) :
Computing Coupled( 1 poisson-equation(s) , 1 electron-equation(s) , 
                   1 hole-equation(s) , 1 lattice-hole-electron-temperature-equation(s) ) 
using Bank/Rose nonlinear solver.

Iteration   |Rhs|      factor     |step|     error   #inner  #iterative  time
------------------------------------------------------------------------------
    0      3.99e+09                                                      0.14
    1      3.99e+09   0.00e+00   4.21e+00   3.33e+04    0         1      0.44
Finished, because...
Solution/update out of range for variable LatticeTemperature.

Accumulated times:
Rhs time:        0.14 s
Jacobian time:   0.06 s
Solve time:      0.23 s
Total time:      0.44 s

Tmin=   49.95000  Tmax=  300.00000

Newton didn't converge, trying again with smaller step...

Computing step from t=0.894344 to t=0.932098 (Stepsize: 0.0377531) :
Computing Coupled( 1 poisson-equation(s) , 1 electron-equation(s) , 
                   1 hole-equation(s) , 1 lattice-hole-electron-temperature-equation(s) ) 
using Bank/Rose nonlinear solver.

Iteration   |Rhs|      factor     |step|     error   #inner  #iterative  time
------------------------------------------------------------------------------
    0      1.09e+09                                                      0.19
    1      1.41e+09   1.00e+00   2.58e+00   6.71e+03    0         1      0.68
    2      1.80e+08   1.00e+00   2.13e+00   4.18e+03    0         1      1.16
    3      3.07e+06   1.00e+00   4.90e-01   3.69e+03    0         1      1.62
    4      4.17e+05   1.00e+00   3.76e-01   1.53e+02    0         1      2.10
    5      7.23e+04   1.00e+00   3.17e-01   4.37e+01    0         1      2.58
    6      1.25e+04   1.00e+00   3.19e-01   6.40e+00    0         1      3.03
    7      2.16e+03   1.00e+00   3.43e-01   1.15e+00    0         1      3.52
    8      3.72e+02   1.00e+00   3.46e-01   2.33e-01    0         1      3.99
Finished, because...
Error smaller than 1 ( 2.3274E-01 ).

Accumulated times:
Rhs time:        1.51 s
Jacobian time:   0.45 s
Solve time:      1.98 s
Total time:      3.99 s

Tmin=  300.00000  Tmax=  339.30312

contact        voltage     electron current    hole current  conduction current
 BottomBridg  0.000E+00      -1.187E-16        -4.030E-04       -4.030E-04
 TopBridge    1.864E+00       1.238E-16         4.030E-04        4.030E-04

Heats   e-Joule     h-Joule     recomb      Thomson     total      units
sum(H)  2.321E-16   7.511E-04  -1.167E-17  -5.913E-09   7.512E-04  W
sum|H|  2.321E-16   7.511E-04   1.168E-17   1.457E-06   7.512E-04  W
max(H)  5.938E-06   5.107E+06   4.185E-10   1.522E+04   6.064E+06  W/cm**3
min(H)  2.123E-08   7.286E+04  -7.550E-06  -1.899E+04   7.516E+04  W/cm**3
Tmin:   300.000     Tave:       323.695     Tmax:       339.303    K


Computing step from t=0.932098 to t=1 (Stepsize: 0.0679024) :
Computing Coupled( 1 poisson-equation(s) , 1 electron-equation(s) , 
                   1 hole-equation(s) , 1 lattice-hole-electron-temperature-equation(s) ) 
using Bank/Rose nonlinear solver.

Iteration   |Rhs|      factor     |step|     error   #inner  #iterative  time
------------------------------------------------------------------------------
    0      3.24e+09                                                      0.15
    1      2.21e+10   1.00e+00   3.44e+00   1.81e+04    0         1      0.65
    2      8.94e+09   1.00e+00   1.58e+00   1.08e+04    0         1      1.11
    3      3.50e+09   1.00e+00   1.34e+00   1.31e+04    0         1      1.56
    4      1.46e+08   1.00e+00   3.31e+00   2.21e+04    0         1      2.06
    5      6.78e+06   1.00e+00   4.90e+00   4.50e+03    0         1      2.54
    6      8.69e+05   1.00e+00   2.91e+00   5.14e+03    0         1      3.01
    7      4.68e+06   1.00e+00   9.94e-01   4.82e+03    0         1      3.48
    8      6.09e+06   1.00e+00   7.16e-01   1.03e+03    0         1      3.93
    9      1.35e+06   1.00e+00   4.09e-01   2.29e+04    0         1      4.37
   10      3.19e+04   1.00e+00   4.32e-01   4.26e+04    0         1      4.82
   11      1.28e+04   1.00e+00   4.13e-01   6.87e+02    0         1      5.29
   12      1.54e+04   1.00e+00   4.40e-01   1.88e-01    0         1      5.76
Finished, because...
Error smaller than 1 ( 1.8789E-01 ).

Accumulated times:
Rhs time:        2.10 s
Jacobian time:   0.68 s
Solve time:      2.89 s
Total time:      5.76 s

Tmin=  300.00000  Tmax=  344.32951

contact        voltage     electron current    hole current  conduction current
 BottomBridg  0.000E+00      -2.185E-16        -4.231E-04       -4.231E-04
 TopBridge    2.000E+00       2.569E-18         4.231E-04        4.231E-04

Heats   e-Joule     h-Joule     recomb      Thomson     total      units
sum(H)  1.263E-13   8.461E-04   3.390E-16  -7.997E-09   8.462E-04  W
sum|H|  1.263E-13   8.461E-04   3.491E-16   1.817E-06   8.462E-04  W
max(H)  5.938E-02   5.753E+06   1.143E-04   1.923E+04   6.832E+06  W/cm**3
min(H)  1.400E-12   8.199E+04  -8.463E-07  -2.351E+04   8.454E+04  W/cm**3
Tmin:   300.000     Tave:       326.695     Tmax:       344.330    K



Finished, because of...
Curve trace finished.

Writing plot 'Exp2COut_des.tdr' (TDR format) ... done.

Fri Oct  2 23:25:30 2020: checked in 1 sdevice-thermo license(s)
Fri Oct  2 23:25:30 2020: checked in 1 sdevice license(s)

******************************************************************************
Sentaurus Device process size: 584 megabytes
Sentaurus Device simulation times:
  wallclock: 83.94 s (0 h:01 m:23 s)
  total cpu: 83.58 s (0 h:01 m:23 s)
Sentaurus Device simulation finished (Date: Fri Oct  2 23:25:30 2020  (EDT)).
********************************* Good Bye ! *********************************
