****************************************************************************
***                          Sentaurus Process                           ***
***                          Version O-2018.06                           ***
***                       (1.1029, x86_64, Linux)                        ***
***                                                                      ***
***                       Copyright (C) 1993-2002                        ***
***          The board of regents of the University of Florida           ***
***                       Copyright (C) 1994-2018                        ***
***                            Synopsys, Inc.                            ***
***                                                                      ***
***  This software and the associated documentation are confidential     ***
***  and proprietary to Synopsys, Inc.  Your use or disclosure of this   ***
***  software is subject to the terms and conditions of a written        ***
***  license agreement between you, or your company, and Synopsys, Inc.  ***
****************************************************************************

Compiled Thu May  3 06:21:22 PDT 2018 on tcadprod10

      Started at: Tue Nov 17 09:21:51 2020 (EDT)
       User name: student
       Host name: acs14007.4225.cse.uconn.edu
             PID: 15030
    Architecture: x86_64
Operating system: Linux rel. 3.10.0-1127.18.2.el7.x86_64 ver. #1 SMP Mon Jul 20 22:32:16 UTC 2020

------------------------------------------------------------------------------
Checking syntax of n164_fps.cmd:

Syntax check complete.
------------------------------------------------------------------------------

Starting Tcl interpreter with inputfile: n164_fps.cmd
            sprocess: Checked Out

Loading models file: /usr/synopsys/sentaurus/O_2018.06/tcad/current/lib/sprocess-28.0.1029/TclLib/SPROCESS.models... done.
------------------------------------------------------------------- math -----
math coord.ucs
------------------------------------------------------------------------------
------------------------------------------------------------------- line -----
line X location= 0.00e+00<um> spacing= 1.00<nm> tag= "SiTop"
------------------------------------------------------------------------------
------------------------------------------------------------------- line -----
line X location= 50.00<nm> spacing= 10.00<nm>
------------------------------------------------------------------------------
------------------------------------------------------------------- line -----
line X location= 0.500<um> spacing= 50.00<nm>
------------------------------------------------------------------------------
------------------------------------------------------------------- line -----
line X location= 2.00<um> spacing= 0.200<um> tag= "SiBottom"
------------------------------------------------------------------------------
------------------------------------------------------------------- line -----
line Y location= 0.00e+00<um> spacing= 0.0390<um> tag= "Mid"
------------------------------------------------------------------------------
------------------------------------------------------------------- line -----
line Y location= 0.195<um> spacing= 0.0195<um>
------------------------------------------------------------------------------
------------------------------------------------------------------- line -----
line Y location= 0.780<um> spacing= 0.390<um> tag= "Right"
------------------------------------------------------------------------------
----------------------------------------------------------------- region -----
region xlo= "SiTop" xhi= "SiBottom" ylo= "Mid" yhi= "Right" Silicon
------------------------------------------------------------------------------
------------------------------------------------------------------- init -----
init concentration= 1.00e+18<cm-3> field= "Boron" slice.angle= 180.00<degree> !DelayFullD
------------------------------------------------------------------------------
          sprocess2d: Checked Out

Creating structure...
Recreating refinements to take into account updated simulation dimension.
Done recreating refinements.


Points: 675
Nodes: 675
Edges: 1906
Faces: 1232
Volumes: 0

----------------------------------------------------------------- pdbSet -----
pdbSet Silicon Dopant DiffModel ChargedFermi
------------------------------------------------------------------------------

- - - - - - - - - - - - - - - - - - - - - - - - - - - - - - - - - - - - - - -
Loading Advanced Calibration 2018.06 (1.1)


- - - - - - - - - - - - - - - - - - - - - - - - - - - - - - - - - - - - - - -

------------------------------------------------------------------- grid -----
grid set.min.normal.size= 1.00<nm> set.normal.growth.ratio.2d= 1.50
------------------------------------------------------------------------------
----------------------------------------------------------------- mgoals -----
mgoals accuracy= 1.00e-05<um>
------------------------------------------------------------------------------
----------------------------------------------------------------- pdbSet -----
pdbSet Oxide Grid perp.add.dist 1e-7
------------------------------------------------------------------------------
----------------------------------------------------------------- pdbSet -----
pdbSet Grid NativeLayerThickness 1e-7
------------------------------------------------------------------------------

Gas not found in structure, adding.
Generating SnMesh mesh... 

=================================  brep2d quality  =====================================
minAngle: 90  [near (2 0)] at region=Silicon_1
nVerts = 157  nTris = 158  nRegs = 2
bmin: 2 0
bmax: -0.1 0.78
min area: 0.000513853  max area: 0.203571  min edge length : 0.000513853
total area  : 6.54 interface area: 0.78
total volume: 2.418
Conformal? true
Are all boundaries on bbox? true
==================================================================================
SnMesh time: 0.0774

========================  tri-grid quality (Gas excluded)  =======================
    0  10  20  30  40  50  60  70  80  90 100 110 120 130 140 150 160 170 180
 %    5   7   5   5   4   4   5   5   7  30                                
---------------------------------------------------------------------------------
minAngle: 0.144625  maxAngle: 90
nVerts = 885  nTris = 1624  nMats = 2
max connectivity (tris per node): 6
bmin: 2 0
bmax: -0.1 0.78
min edgeLength: 0.000513853  [near (0.00077078 0.78)]
min volume: 4.90339e-06  max volume: 0.0199195  Total volume: 1.56
bbox  volume: 1.638
Are all boundaries on bbox? true
=================================================================================

Smallest region: Silicon_1  Total volume: 1.56
Initializing sprocess...time: 0.010281
Interpolating...elapsed time: 0.01
---------------------------------------------------------------- diffuse -----
diffuse time= 20.00<min> temperature= 950.00<C> O2
------------------------------------------------------------------------------
sprocess parallel assembly thread count = 1
Interpolating...elapsed time: 0.01
---- ---- ---- ---- ---- ---- ---- ---- ---- ---- ---- ---- ---- ---- ---- ---
Anneal step:	
	Time        = 20min
	Temperature = 950.0C
	Ramp rate   = 0C/s
Reaction :         0s   to    0.0001s   step    :    0.0001s   temp: 950.0C
sprocess ILS thread count = 1
Mechanics:         0s   to    0.0001s   step    :    0.0001s   temp: 950.0C
--- --- --- --- --- --- --- --- --- --- --- --- --- --- --- --- --- --- --- --
Initializing:  
--- --- --- --- --- --- --- --- --- --- --- --- --- --- --- --- --- --- --- --
Initialization is done.
--- --- --- --- --- --- --- --- --- --- --- --- --- --- --- --- --- --- --- --
Diffusion:         0s   to    0.0001s   step (s):    0.0001s   temp: 950.0C
Reaction :    0.0001s   to 0.0001687s   step    : 6.873e-05s   temp: 950.0C
Mechanics:    0.0001s   to 0.0001687s   step    : 6.873e-05s   temp: 950.0C
Diffusion:    0.0001s   to 0.0001687s   step (s): 6.873e-05s   temp: 950.0C
Reaction : 0.0001687s   to 0.0002542s   step    : 8.548e-05s   temp: 950.0C
Mechanics: 0.0001687s   to 0.0002542s   step    : 8.548e-05s   temp: 950.0C
Diffusion: 0.0001687s   to 0.0002542s   step (s): 8.548e-05s   temp: 950.0C
Reaction : 0.0002542s   to 0.0003926s   step    : 0.0001384s   temp: 950.0C
Mechanics: 0.0002542s   to 0.0003926s   step    : 0.0001384s   temp: 950.0C
Diffusion: 0.0002542s   to 0.0003926s   step (s): 0.0001384s   temp: 950.0C
Reaction : 0.0003926s   to 0.0006694s   step    : 0.0002768s   temp: 950.0C
Mechanics: 0.0003926s   to 0.0006694s   step    : 0.0002768s   temp: 950.0C
Diffusion: 0.0003926s   to 0.0006694s   step (s): 0.0002768s   temp: 950.0C
Reaction : 0.0006694s   to  0.001223s   step    : 0.0005536s   temp: 950.0C
Mechanics: 0.0006694s   to  0.001223s   step    : 0.0005536s   temp: 950.0C
Diffusion: 0.0006694s   to  0.001223s   step (s): 0.0005536s   temp: 950.0C
Reaction :  0.001223s   to   0.00233s   step    :  0.001107s   temp: 950.0C
Mechanics:  0.001223s   to   0.00233s   step    :  0.001107s   temp: 950.0C
Diffusion:  0.001223s   to   0.00233s   step (s):  0.001107s   temp: 950.0C
Reaction :   0.00233s   to  0.004545s   step    :  0.002214s   temp: 950.0C
Mechanics:   0.00233s   to  0.004545s   step    :  0.002214s   temp: 950.0C
Diffusion:   0.00233s   to  0.004545s   step (s):  0.002214s   temp: 950.0C
Reaction :  0.004545s   to  0.008973s   step    :  0.004429s   temp: 950.0C
Mechanics:  0.004545s   to  0.008973s   step    :  0.004429s   temp: 950.0C
Diffusion:  0.004545s   to  0.008973s   step (s):  0.004429s   temp: 950.0C
Reaction :  0.008973s   to   0.01783s   step    :  0.008858s   temp: 950.0C
Mechanics:  0.008973s   to   0.01783s   step    :  0.008858s   temp: 950.0C
Diffusion:  0.008973s   to   0.01783s   step (s):  0.008858s   temp: 950.0C
Reaction :   0.01783s   to   0.03555s   step    :   0.01772s   temp: 950.0C
Mechanics:   0.01783s   to   0.03555s   step    :   0.01772s   temp: 950.0C
Diffusion:   0.01783s   to   0.03555s   step (s):   0.01772s   temp: 950.0C
Reaction :   0.03555s   to   0.07098s   step    :   0.03543s   temp: 950.0C
Mechanics:   0.03555s   to   0.07098s   step    :   0.03543s   temp: 950.0C
Diffusion:   0.03555s   to   0.07098s   step (s):   0.03543s   temp: 950.0C
Reaction :   0.07098s   to    0.1418s   step    :   0.07086s   temp: 950.0C
Mechanics:   0.07098s   to    0.1418s   step    :   0.07086s   temp: 950.0C
Diffusion:   0.07098s   to    0.1418s   step (s):   0.07086s   temp: 950.0C
Reaction :    0.1418s   to    0.2782s   step    :    0.1364s   temp: 950.0C
Mechanics:    0.1418s   to    0.2782s   step    :    0.1364s   temp: 950.0C
Diffusion:    0.1418s   to    0.2782s   step (s):    0.1364s   temp: 950.0C
Reaction :    0.2782s   to    0.5097s   step    :    0.2314s   temp: 950.0C
Mechanics:    0.2782s   to    0.5097s   step    :    0.2314s   temp: 950.0C
Diffusion:    0.2782s   to    0.5097s   step (s):    0.2314s   temp: 950.0C
Reaction :    0.5097s   to    0.8684s   step    :    0.3587s   temp: 950.0C
Mechanics:    0.5097s   to    0.8684s   step    :    0.3587s   temp: 950.0C
Diffusion:    0.5097s   to    0.8684s   step (s):    0.3587s   temp: 950.0C
Reaction :    0.8684s   to      1.41s   step    :    0.5414s   temp: 950.0C
Mechanics:    0.8684s   to      1.41s   step    :    0.5414s   temp: 950.0C
Diffusion:    0.8684s   to      1.41s   step (s):    0.5414s   temp: 950.0C
Reaction :      1.41s   to     2.133s   step    :    0.7228s   temp: 950.0C
Mechanics:      1.41s   to     2.133s   step    :    0.7228s   temp: 950.0C
Diffusion:      1.41s   to     2.133s   step (s):    0.7228s   temp: 950.0C
Reaction :     2.133s   to     3.505s   step    :     1.372s   temp: 950.0C
Mechanics:     2.133s   to     3.505s   step    :     1.372s   temp: 950.0C
Diffusion:     2.133s   to     3.505s   step (s):     1.372s   temp: 950.0C
Reaction :     3.505s   to     6.249s   step    :     2.744s   temp: 950.0C
Mechanics:     3.505s   to     6.249s   step    :     2.744s   temp: 950.0C
Diffusion:     3.505s   to     6.249s   step (s):     2.744s   temp: 950.0C
Reaction :     6.249s   to     11.74s   step    :     5.488s   temp: 950.0C
Mechanics:     6.249s   to     11.74s   step    :     5.488s   temp: 950.0C
Interpolating...elapsed time: 0.01
Diffusion:     6.249s   to     11.74s   step (s):     5.488s   temp: 950.0C
Reaction :     11.74s   to     22.03s   step    :      10.3s   temp: 950.0C
Mechanics:     11.74s   to     22.03s   step    :      10.3s   temp: 950.0C
Diffusion:     11.74s   to     22.03s   step (s):      10.3s   temp: 950.0C
Reaction :     22.03s   to      40.4s   step    :     18.36s   temp: 950.0C
Mechanics:     22.03s   to      40.4s   step    :     18.36s   temp: 950.0C
Diffusion:     22.03s   to      40.4s   step (s):     18.36s   temp: 950.0C
Reaction :      40.4s   to     1.151min step    :     28.68s   temp: 950.0C
Mechanics:      40.4s   to     1.151min step    :     28.68s   temp: 950.0C
Interpolating...elapsed time: 0.02
Diffusion:      40.4s   to     1.151min step (s):     28.68s   temp: 950.0C
Reaction :     1.151min to     1.806min step    :     39.26s   temp: 950.0C
Mechanics:     1.151min to     1.806min step    :     39.26s   temp: 950.0C
Interpolating...elapsed time: 0.01
Diffusion:     1.151min to     1.806min step (s):     39.26s   temp: 950.0C
Reaction :     1.806min to     2.616min step    :      48.6s   temp: 950.0C
Mechanics:     1.806min to     2.616min step    :      48.6s   temp: 950.0C
Interpolating...elapsed time: 0.01
Diffusion:     1.806min to     2.616min step (s):      48.6s   temp: 950.0C
Reaction :     2.616min to     3.543min step    :     55.64s   temp: 950.0C
Mechanics:     2.616min to     3.543min step    :     55.64s   temp: 950.0C
Interpolating...elapsed time: 0.02
Diffusion:     2.616min to     3.543min step (s):     55.64s   temp: 950.0C
Reaction :     3.543min to     4.554min step    :      1.01min temp: 950.0C
Mechanics:     3.543min to     4.554min step    :      1.01min temp: 950.0C
Interpolating...elapsed time: 0.01
Diffusion:     3.543min to     4.554min step (s):      1.01min temp: 950.0C
Reaction :     4.554min to     5.656min step    :     1.102min temp: 950.0C
Mechanics:     4.554min to     5.656min step    :     1.102min temp: 950.0C
Interpolating...elapsed time: 0.01
Diffusion:     4.554min to     5.656min step (s):     1.102min temp: 950.0C
Reaction :     5.656min to     6.853min step    :     1.197min temp: 950.0C
Mechanics:     5.656min to     6.853min step    :     1.197min temp: 950.0C
Interpolating...elapsed time: 0.02
Diffusion:     5.656min to     6.853min step (s):     1.197min temp: 950.0C
Reaction :     6.853min to     8.148min step    :     1.296min temp: 950.0C
Mechanics:     6.853min to     8.148min step    :     1.296min temp: 950.0C
Interpolating...elapsed time: 0.02
Diffusion:     6.853min to     8.148min step (s):     1.296min temp: 950.0C
Reaction :     8.148min to     9.545min step    :     1.397min temp: 950.0C
Mechanics:     8.148min to     9.545min step    :     1.397min temp: 950.0C
Interpolating...elapsed time: 0.02
Diffusion:     8.148min to     9.545min step (s):     1.397min temp: 950.0C
Reaction :     9.545min to     11.05min step    :     1.501min temp: 950.0C
Mechanics:     9.545min to     11.05min step    :     1.501min temp: 950.0C
Interpolating...elapsed time: 0.02
Diffusion:     9.545min to     11.05min step (s):     1.501min temp: 950.0C
Reaction :     11.05min to     12.65min step    :     1.606min temp: 950.0C
Mechanics:     11.05min to     12.65min step    :     1.606min temp: 950.0C
Interpolating...elapsed time: 0.02
Diffusion:     11.05min to     12.65min step (s):     1.606min temp: 950.0C
Reaction :     12.65min to     14.36min step    :     1.711min temp: 950.0C
Mechanics:     12.65min to     14.36min step    :     1.711min temp: 950.0C
Interpolating...elapsed time: 0.02
Diffusion:     12.65min to     14.36min step (s):     1.711min temp: 950.0C
Reaction :     14.36min to     16.18min step    :     1.817min temp: 950.0C
Mechanics:     14.36min to     16.18min step    :     1.817min temp: 950.0C
Diffusion:     14.36min to     16.18min step (s):     1.817min temp: 950.0C
Reaction :     16.18min to     18.09min step    :      1.91min temp: 950.0C
Mechanics:     16.18min to     18.09min step    :      1.91min temp: 950.0C
Interpolating...elapsed time: 0.02
Diffusion:     16.18min to     18.09min step (s):      1.91min temp: 950.0C
Reaction :     18.09min to        20min step    :      1.91min temp: 950.0C
Mechanics:     18.09min to        20min step    :      1.91min temp: 950.0C
Interpolating...elapsed time: 0.02
Diffusion:     18.09min to        20min step (s):      1.91min temp: 950.0C

Elapsed time for diffuse 24.56s
----------------------------------------------------------------- layers -----
layers Oxide Y= 0.00e+00<um>
------------------------------------------------------------------------------
{         Top                Bottom             Integral             Material }
{ -8.984467935220e-03 6.273510520532e-03 0.000000000000e+00 Oxide }
DOE: tox 0.0153
----------------------------------------------------------------- struct -----
struct tdr= "n164_MOS1"
------------------------------------------------------------------------------
Points: 797
Nodes: 857
Edges: 2323
Faces: 1471
Volumes: 0

Writing file n164_MOS1_fps.tdr...done

---------------------------------------------------------------- deposit -----
deposit type= "anisotropic" thickness= 0.100<um> material= {PolySilicon}
------------------------------------------------------------------------------

MGoals time: 0.036252

Updating sprocess mesh before Etch/Depo relax.
Generating SnMesh mesh... 

=================================  brep2d quality  =====================================
minAngle: 90  [near (2 0)] at region=Silicon_1
nVerts = 273  nTris = 276  nRegs = 6
bmin: 2 0
bmax: -2.00898 0.78
min area: 9.90808e-05  max area: 0.502246  min edge length : 9.90808e-05
total area  : 11.918 interface area: 2.34
total volume: 3.86556
Conformal? true
Are all boundaries on bbox? true
==================================================================================
SnMesh time: 0.194754

========================  tri-grid quality (Gas excluded)  =======================
    0  10  20  30  40  50  60  70  80  90 100 110 120 130 140 150 160 170 180
 %   11   6   4   3   2   2   3   4   6  36                                
---------------------------------------------------------------------------------
minAngle: 0.0278866  maxAngle: 90
nVerts = 1560  nTris = 2884  nMats = 4
max connectivity (tris per node): 6
bmin: 2 0
bmax: -2.00898 0.78
min edgeLength: 9.90808e-05  [near (-0.108935 0.175818)]
min volume: 9.45468e-07  max volume: 0.0199195  Total volume: 1.64501
bbox  volume: 3.12701
Are all boundaries on bbox? true
=================================================================================

Smallest region: Oxide_1  Total volume: 0.0119012
Initializing sprocess...time: 0.056268
Interpolating...elapsed time: 0.05
Mechanics:         0s   to         1s   step    :         1s   temp: 26.9C->26.9C

------------------------------------------------------------------- mask -----
mask name= "gate_mask" left= -0.195<um> right= 0.195<um>
------------------------------------------------------------------------------
------------------------------------------------------------------- etch -----
etch mask= "gate_mask" type= "anisotropic" thickness= 0.150<um> material= {PolySilicon}
------------------------------------------------------------------------------
MGoals time: 0.102453

Updating sprocess mesh before Etch/Depo relax.
Generating SnMesh mesh... 

=================================  brep2d quality  =====================================
minAngle: 90  [near (2 0)] at region=Silicon_1
nVerts = 292  nTris = 295  nRegs = 7
bmin: 2 0
bmax: -2.00898 0.78
min area: 9.90808e-05  max area: 0.502246  min edge length : 9.90808e-05
total area  : 11.433 interface area: 1.855
total volume: 3.33643
Conformal? true
Are all boundaries on bbox? true
==================================================================================
SnMesh time: 0.231468

========================  tri-grid quality (Gas excluded)  =======================
    0  10  20  30  40  50  60  70  80  90 100 110 120 130 140 150 160 170 180
 %    6   6   5   3   3   3   3   5   6  28  .   .                         
---------------------------------------------------------------------------------
minAngle: 0.0288461  maxAngle: 109.633
nVerts = 2079  nTris = 3942  nMats = 4
max connectivity (tris per node): 7
bmin: 2 0
bmax: -2.00898 0.78
min edgeLength: 9.90808e-05  [near (-0.108935 0.165053)]
min volume: 5.93927e-08  max volume: 0.0199195  Total volume: 1.58651
bbox  volume: 3.12701
Are all boundaries on bbox? true
=================================================================================

Smallest region: Oxide_1  Total volume: 0.0119012
Initializing sprocess...time: 0.076461
Interpolating...elapsed time: 0.06
Mechanics:         0s   to         1s   step    :         1s   temp: 26.9C->26.9C

------------------------------------------------------------------- etch -----
etch type= "anisotropic" thickness= 0.0600<um> material= {Oxide}
------------------------------------------------------------------------------
MGoals time: 0.142167

Updating sprocess mesh before Etch/Depo relax.
Generating SnMesh mesh... 

=================================  brep2d quality  =====================================
minAngle: 90  [near (0.00627351 0.78)] at region=Gas_1
nVerts = 280  nTris = 283  nRegs = 8
bmin: 2 0
bmax: -2.00898 0.78
min area: 9.90808e-05  max area: 0.502246  min edge length : 9.90808e-05
total area  : 10.8632 interface area: 1.28526
total volume: 3.11197
Conformal? true
Are all boundaries on bbox? true
==================================================================================
SnMesh time: 0.234479

========================  tri-grid quality (Gas excluded)  =======================
    0  10  20  30  40  50  60  70  80  90 100 110 120 130 140 150 160 170 180
 %    5   5   4   4   3   3   4   5   5  26  .   .                         
---------------------------------------------------------------------------------
minAngle: 0.0288461  maxAngle: 109.633
nVerts = 2069  nTris = 3936  nMats = 4
max connectivity (tris per node): 8
bmin: 2 0
bmax: -2.00898 0.78
min edgeLength: 9.90808e-05  [near (-0.108935 0.165053)]
min volume: 3.05625e-08  max volume: 0.0199195  Total volume: 1.57758
bbox  volume: 3.12701
Are all boundaries on bbox? true
=================================================================================

Smallest region: Oxide_1  Total volume: 0.00297531
Initializing sprocess...time: 0.088034
Interpolating...elapsed time: 0.1
Mechanics:         0s   to         1s   step    :         1s   temp: 26.9C->26.9C

----------------------------------------------------------------- struct -----
struct tdr= "n164_MOS2"
------------------------------------------------------------------------------
Points: 2069
Nodes: 2257
Edges: 6184
Faces: 3936
Volumes: 0

Writing file n164_MOS2_fps.tdr...done

---------------------------------------------------------------- implant -----
implant energy= 20.00<keV> dose= 1.00e+13<cm-2> tilt= 0.00e+00<degree> rotation= 0.00e+00<degree> Arsenic
------------------------------------------------------------------------------
No substrate defined (implant).  Skip updateStrain.
Species           =  Arsenic
Dataset           =  Arsenic
Energy            =  20keV
Dose (WaferDose)  =  1e+13/cm2
BeamDose          =  1e+13/cm2
BeamDose2D        =  1e+13/cm2
Tilt              =   0deg
Tilt2D            =   0deg
Rotation          =   0deg
Slice angle       = 180deg
Temperature       = 300.00K
LeftBoundary      =  Extend
RightBoundary     =  Extend

Total implant time:    0.43sec
- - - - - - - - - - - - - - - - - - - - - - - - - - - - - - - - - - - - - - - 
Computing finite volumes...
Finite volumes done

 Dose in:   Silicon_1 PolySilicon     Oxide_1 Oxide_1+Sil       Total
              Silicon PolySilicon       Oxide Oxide_Silic
    Boron  1.9563e+14  0.0000e+00  9.6587e+11  1.2295e+11  1.9672e+14
  Arsenic  7.5455e+12  2.5105e+12  6.1604e+07  0.0000e+00  1.0056e+13
      Int  5.7446e+08  0.0000e+00  9.8837e+04  2.5000e+04  5.7459e+08
      Vac  7.1328e+09  0.0000e+00  1.3351e+08  2.5000e+04  7.2663e+09
 ICluster  3.4275e+08  0.0000e+00  0.0000e+00  2.5000e+04  3.4278e+08
       O2  1.9937e-04  0.0000e+00  1.8220e+10  2.5000e-01  1.8220e+10
       B4  7.3295e+04  0.0000e+00  3.8145e+00  2.5000e+04  9.8299e+04
- - - - - - - - - - - - - - - - - - - - - - - - - - - - - - - - - - - - - - - 


No substrate defined (implant).  Skip updateStrain.
---------------------------------------------------------------- diffuse -----
diffuse time= 0.100<s> temperature= 1050.00<C>
------------------------------------------------------------------------------
---- ---- ---- ---- ---- ---- ---- ---- ---- ---- ---- ---- ---- ---- ---- ---
Anneal step:	
	Time        = 0.1s
	Temperature = 1050.0C
	Ramp rate   = 0C/s
Mechanics:         0s   to    0.0001s   step    :    0.0001s   temp: 1050.0C
--- --- --- --- --- --- --- --- --- --- --- --- --- --- --- --- --- --- --- --
Initializing:  
--- --- --- --- --- --- --- --- --- --- --- --- --- --- --- --- --- --- --- --
Initialization is done.
--- --- --- --- --- --- --- --- --- --- --- --- --- --- --- --- --- --- --- --
Diffusion:         0s   to    0.0001s   step (s):    0.0001s   temp: 1050.0C
Mechanics:    0.0001s   to 0.0001837s   step    : 8.369e-05s   temp: 1050.0C
Diffusion:    0.0001s   to 0.0001837s   step (s): 8.369e-05s   temp: 1050.0C
Mechanics: 0.0001837s   to 0.0003135s   step    : 0.0001299s   temp: 1050.0C
Diffusion: 0.0001837s   to 0.0003135s   step (s): 0.0001299s   temp: 1050.0C
Mechanics: 0.0003135s   to 0.0005733s   step    : 0.0002597s   temp: 1050.0C
Diffusion: 0.0003135s   to 0.0005733s   step (s): 0.0002597s   temp: 1050.0C
Mechanics: 0.0005733s   to  0.001093s   step    : 0.0005194s   temp: 1050.0C
Diffusion: 0.0005733s   to  0.001093s   step (s): 0.0005194s   temp: 1050.0C
Mechanics:  0.001093s   to  0.002004s   step    : 0.0009111s   temp: 1050.0C
Diffusion:  0.001093s   to  0.002004s   step (s): 0.0009111s   temp: 1050.0C
Mechanics:  0.002004s   to  0.002958s   step    : 0.0009545s   temp: 1050.0C
Diffusion:  0.002004s   to  0.002958s   step (s): 0.0009545s   temp: 1050.0C
Mechanics:  0.002958s   to  0.004373s   step    :  0.001415s   temp: 1050.0C
Diffusion:  0.002958s   to  0.004373s   step (s):  0.001415s   temp: 1050.0C
Mechanics:  0.004373s   to  0.006191s   step    :  0.001818s   temp: 1050.0C
Diffusion:  0.004373s   to  0.006191s   step (s):  0.001818s   temp: 1050.0C
Mechanics:  0.006191s   to  0.008312s   step    :  0.002122s   temp: 1050.0C
Diffusion:  0.006191s   to  0.008312s   step (s):  0.002122s   temp: 1050.0C
Mechanics:  0.008312s   to   0.01041s   step    :  0.002093s   temp: 1050.0C
Diffusion:  0.008312s   to   0.01041s   step (s):  0.002093s   temp: 1050.0C
Mechanics:   0.01041s   to   0.01265s   step    :  0.002245s   temp: 1050.0C
Diffusion:   0.01041s   to   0.01265s   step (s):  0.002245s   temp: 1050.0C
Mechanics:   0.01265s   to   0.01516s   step    :  0.002509s   temp: 1050.0C
Diffusion:   0.01265s   to   0.01516s   step (s):  0.002509s   temp: 1050.0C
Mechanics:   0.01516s   to   0.01831s   step    :  0.003153s   temp: 1050.0C
Diffusion:   0.01516s   to   0.01831s   step (s):  0.003153s   temp: 1050.0C
Mechanics:   0.01831s   to   0.02365s   step    :  0.005337s   temp: 1050.0C
Diffusion:   0.01831s   to   0.02365s   step (s):  0.005337s   temp: 1050.0C
Mechanics:   0.02365s   to   0.03432s   step    :   0.01067s   temp: 1050.0C
Diffusion:   0.02365s   to   0.03432s   step (s):   0.01067s   temp: 1050.0C
Mechanics:   0.03432s   to   0.05357s   step    :   0.01925s   temp: 1050.0C
Diffusion:   0.03432s   to   0.05357s   step (s):   0.01925s   temp: 1050.0C
Mechanics:   0.05357s   to   0.07626s   step    :   0.02269s   temp: 1050.0C
Diffusion:   0.05357s   to   0.07626s   step (s):   0.02269s   temp: 1050.0C
Mechanics:   0.07626s   to   0.08813s   step    :   0.01187s   temp: 1050.0C
Diffusion:   0.07626s   to   0.08813s   step (s):   0.01187s   temp: 1050.0C
Mechanics:   0.08813s   to       0.1s   step    :   0.01187s   temp: 1050.0C
Diffusion:   0.08813s   to       0.1s   step (s):   0.01187s   temp: 1050.0C

Elapsed time for diffuse 16.3s
----------------------------------------------------------------- struct -----
struct tdr= "n164_MOS3"
------------------------------------------------------------------------------
Points: 2069
Nodes: 2257
Edges: 6184
Faces: 3936
Volumes: 0

Writing file n164_MOS3_fps.tdr...done

---------------------------------------------------------------- implant -----
implant energy= 30.00<keV> dose= 1.00e+12<cm-2> tilt= 30.00<degree> rotation= 0.00e+00<degree> Boron
------------------------------------------------------------------------------
No substrate defined (implant).  Skip updateStrain.
Species           =  Boron
Dataset           =  Boron
Energy            =  30keV
Dose (WaferDose)  =  1e+12/cm2
BeamDose          =  1.1547e+12/cm2
BeamDose2D        =  1.1547e+12/cm2
Tilt              =  30deg
Tilt2D            =  30deg
Rotation          =   0deg
Slice angle       = 180deg
Temperature       = 300.00K
LeftBoundary      =  Extend
RightBoundary     =  Extend

Total implant time:    0.62sec
- - - - - - - - - - - - - - - - - - - - - - - - - - - - - - - - - - - - - - - 
Computing finite volumes...
Finite volumes done

 Dose in:   Silicon_1 PolySilicon     Oxide_1 Oxide_1+Sil       Total
              Silicon PolySilicon       Oxide Oxide_Silic
    Boron  1.9634e+14  1.3667e+11  9.9783e+11  1.2490e+11  1.9760e+14
  Arsenic  7.5455e+12  2.5105e+12  6.0239e+07  1.8493e+06  1.0056e+13
      Int  2.2268e+09  0.0000e+00  9.8837e+04  2.5000e+04  2.2269e+09
      Vac  6.6829e+10  0.0000e+00  1.3351e+08  2.5000e+04  6.6963e+10
 ICluster  1.1547e+10  0.0000e+00  0.0000e+00  2.5000e+04  1.1547e+10
       B4  7.9216e+03  2.5000e+01  3.8145e+00  2.5000e+04  1.7273e+05
      As3  5.0351e+02  2.5000e+01  3.8145e+00  2.5000e+04  1.6531e+05
- - - - - - - - - - - - - - - - - - - - - - - - - - - - - - - - - - - - - - - 


No substrate defined (implant).  Skip updateStrain.
---------------------------------------------------------------- implant -----
implant energy= 30.00<keV> dose= 1.00e+12<cm-2> tilt= 30.00<degree> rotation= 90.00<degree> Boron
------------------------------------------------------------------------------
No substrate defined (implant).  Skip updateStrain.
Species           =  Boron
Dataset           =  Boron
Energy            =  30keV
Dose (WaferDose)  =  1e+12/cm2
BeamDose          =  1.1547e+12/cm2
BeamDose2D        =  1e+12/cm2
Tilt              =  30deg
Tilt2D            =   0deg
Rotation          =  90deg
Slice angle       = 180deg
Temperature       = 300.00K
LeftBoundary      =  Extend
RightBoundary     =  Extend

Total implant time:    0.61sec
- - - - - - - - - - - - - - - - - - - - - - - - - - - - - - - - - - - - - - - 
Computing finite volumes...
Finite volumes done

 Dose in:   Silicon_1 PolySilicon     Oxide_1 Oxide_1+Sil       Total
              Silicon PolySilicon       Oxide Oxide_Silic
    Boron  1.9717e+14  2.6813e+11  1.0349e+12  1.2490e+11  1.9859e+14
  Arsenic  7.5455e+12  2.5105e+12  6.0239e+07  1.8493e+06  1.0056e+13
      Int  2.2268e+09  0.0000e+00  9.8837e+04  2.5000e+04  2.2269e+09
      Vac  6.6829e+10  0.0000e+00  1.3351e+08  2.5000e+04  6.6963e+10
 ICluster  1.1547e+10  0.0000e+00  0.0000e+00  2.5000e+04  1.1547e+10
       B4  7.9216e+03  2.5000e+01  3.8145e+00  2.5000e+04  1.7273e+05
      As3  5.0351e+02  2.5000e+01  3.8145e+00  2.5000e+04  1.6531e+05
- - - - - - - - - - - - - - - - - - - - - - - - - - - - - - - - - - - - - - - 


No substrate defined (implant).  Skip updateStrain.
---------------------------------------------------------------- implant -----
implant energy= 30.00<keV> dose= 1.00e+12<cm-2> tilt= 30.00<degree> rotation= 180.00<degree> Boron
------------------------------------------------------------------------------
No substrate defined (implant).  Skip updateStrain.
Species           =  Boron
Dataset           =  Boron
Energy            =  30keV
Dose (WaferDose)  =  1e+12/cm2
BeamDose          =  1.1547e+12/cm2
BeamDose2D        =  1.1547e+12/cm2
Tilt              =  30deg
Tilt2D            = -30deg
Rotation          = 180deg
Slice angle       = 180deg
Temperature       = 300.00K
LeftBoundary      =  Extend
RightBoundary     =  Extend

Total implant time:    0.68sec
- - - - - - - - - - - - - - - - - - - - - - - - - - - - - - - - - - - - - - - 
Computing finite volumes...
Finite volumes done

 Dose in:   Silicon_1 PolySilicon     Oxide_1 Oxide_1+Sil       Total
              Silicon PolySilicon       Oxide Oxide_Silic
    Boron  1.9811e+14  3.8880e+11  1.0672e+12  1.2490e+11  1.9969e+14
  Arsenic  7.5455e+12  2.5105e+12  6.0239e+07  1.8493e+06  1.0056e+13
      Int  2.2268e+09  0.0000e+00  9.8837e+04  2.5000e+04  2.2269e+09
      Vac  6.6829e+10  0.0000e+00  1.3351e+08  2.5000e+04  6.6963e+10
 ICluster  1.1547e+10  0.0000e+00  0.0000e+00  2.5000e+04  1.1547e+10
       B4  7.9216e+03  2.5000e+01  3.8145e+00  2.5000e+04  1.7273e+05
      As3  5.0351e+02  2.5000e+01  3.8145e+00  2.5000e+04  1.6531e+05
- - - - - - - - - - - - - - - - - - - - - - - - - - - - - - - - - - - - - - - 


No substrate defined (implant).  Skip updateStrain.
---------------------------------------------------------------- implant -----
implant energy= 30.00<keV> dose= 1.00e+12<cm-2> tilt= 30.00<degree> rotation= 270.00<degree> Boron
------------------------------------------------------------------------------
No substrate defined (implant).  Skip updateStrain.
Species           =  Boron
Dataset           =  Boron
Energy            =  30keV
Dose (WaferDose)  =  1e+12/cm2
BeamDose          =  1.1547e+12/cm2
BeamDose2D        =  1e+12/cm2
Tilt              =  30deg
Tilt2D            =  -0deg
Rotation          = 270deg
Slice angle       = 180deg
Temperature       = 300.00K
LeftBoundary      =  Extend
RightBoundary     =  Extend

Total implant time:    0.61sec
- - - - - - - - - - - - - - - - - - - - - - - - - - - - - - - - - - - - - - - 
Computing finite volumes...
Finite volumes done

 Dose in:   Silicon_1 PolySilicon     Oxide_1 Oxide_1+Sil       Total
              Silicon PolySilicon       Oxide Oxide_Silic
    Boron  1.9894e+14  5.2025e+11  1.1042e+12  1.2490e+11  2.0068e+14
  Arsenic  7.5455e+12  2.5105e+12  6.0239e+07  1.8493e+06  1.0056e+13
      Int  2.2268e+09  0.0000e+00  9.8837e+04  2.5000e+04  2.2269e+09
      Vac  6.6829e+10  0.0000e+00  1.3351e+08  2.5000e+04  6.6963e+10
 ICluster  1.1547e+10  0.0000e+00  0.0000e+00  2.5000e+04  1.1547e+10
       B4  7.9216e+03  2.5000e+01  3.8145e+00  2.5000e+04  1.7273e+05
      As3  5.0351e+02  2.5000e+01  3.8145e+00  2.5000e+04  1.6531e+05
- - - - - - - - - - - - - - - - - - - - - - - - - - - - - - - - - - - - - - - 


No substrate defined (implant).  Skip updateStrain.
---------------------------------------------------------------- diffuse -----
diffuse time= 5.00<s> temperature= 1050.00<C>
------------------------------------------------------------------------------
---- ---- ---- ---- ---- ---- ---- ---- ---- ---- ---- ---- ---- ---- ---- ---
Anneal step:	
	Time        = 5s
	Temperature = 1050.0C
	Ramp rate   = 0C/s
Mechanics:         0s   to    0.0001s   step    :    0.0001s   temp: 1050.0C
--- --- --- --- --- --- --- --- --- --- --- --- --- --- --- --- --- --- --- --
Initializing:  
--- --- --- --- --- --- --- --- --- --- --- --- --- --- --- --- --- --- --- --
Initialization is done.
--- --- --- --- --- --- --- --- --- --- --- --- --- --- --- --- --- --- --- --
Diffusion:         0s   to    0.0001s   step (s):    0.0001s   temp: 1050.0C
Mechanics:    0.0001s   to  0.000191s   step    : 9.098e-05s   temp: 1050.0C
Diffusion:    0.0001s   to  0.000191s   step (s): 9.098e-05s   temp: 1050.0C
Mechanics:  0.000191s   to 0.0003312s   step    : 0.0001402s   temp: 1050.0C
Diffusion:  0.000191s   to 0.0003312s   step (s): 0.0001402s   temp: 1050.0C
Mechanics: 0.0003312s   to  0.000607s   step    : 0.0002757s   temp: 1050.0C
Diffusion: 0.0003312s   to  0.000607s   step (s): 0.0002757s   temp: 1050.0C
Mechanics:  0.000607s   to  0.001158s   step    : 0.0005515s   temp: 1050.0C
Diffusion:  0.000607s   to  0.001158s   step (s): 0.0005515s   temp: 1050.0C
Mechanics:  0.001158s   to  0.002261s   step    :  0.001103s   temp: 1050.0C
Diffusion:  0.001158s   to  0.002261s   step (s):  0.001103s   temp: 1050.0C
Mechanics:  0.002261s   to  0.004348s   step    :  0.002086s   temp: 1050.0C
Diffusion:  0.002261s   to  0.004348s   step (s):  0.002086s   temp: 1050.0C
Mechanics:  0.004348s   to  0.006978s   step    :  0.002631s   temp: 1050.0C
Diffusion:  0.004348s   to  0.006978s   step (s):  0.002631s   temp: 1050.0C
Mechanics:  0.006978s   to   0.01086s   step    :  0.003882s   temp: 1050.0C
Diffusion:  0.006978s   to   0.01086s   step (s):  0.003882s   temp: 1050.0C
Mechanics:   0.01086s   to   0.01673s   step    :  0.005874s   temp: 1050.0C
Diffusion:   0.01086s   to   0.01673s   step (s):  0.005874s   temp: 1050.0C
Mechanics:   0.01673s   to   0.02656s   step    :  0.009826s   temp: 1050.0C
Diffusion:   0.01673s   to   0.02656s   step (s):  0.009826s   temp: 1050.0C
Mechanics:   0.02656s   to   0.04321s   step    :   0.01665s   temp: 1050.0C
Diffusion:   0.02656s   to   0.04321s   step (s):   0.01665s   temp: 1050.0C
Mechanics:   0.04321s   to   0.06491s   step    :    0.0217s   temp: 1050.0C
Diffusion:   0.04321s   to   0.06491s   step (s):    0.0217s   temp: 1050.0C
Mechanics:   0.06491s   to    0.0862s   step    :   0.02128s   temp: 1050.0C
Diffusion:   0.06491s   to    0.0862s   step (s):   0.02128s   temp: 1050.0C
Mechanics:    0.0862s   to    0.1078s   step    :   0.02163s   temp: 1050.0C
Diffusion:    0.0862s   to    0.1078s   step (s):   0.02163s   temp: 1050.0C
Mechanics:    0.1078s   to    0.1299s   step    :   0.02209s   temp: 1050.0C
Diffusion:    0.1078s   to    0.1299s   step (s):   0.02209s   temp: 1050.0C
Mechanics:    0.1299s   to    0.1535s   step    :   0.02362s   temp: 1050.0C
Diffusion:    0.1299s   to    0.1535s   step (s):   0.02362s   temp: 1050.0C
Mechanics:    0.1535s   to    0.1824s   step    :   0.02892s   temp: 1050.0C
Diffusion:    0.1535s   to    0.1824s   step (s):   0.02892s   temp: 1050.0C
Mechanics:    0.1824s   to    0.2287s   step    :   0.04621s   temp: 1050.0C
Diffusion:    0.1824s   to    0.2287s   step (s):   0.04621s   temp: 1050.0C
Mechanics:    0.2287s   to    0.3211s   step    :   0.09242s   temp: 1050.0C
Diffusion:    0.2287s   to    0.3211s   step (s):   0.09242s   temp: 1050.0C
Mechanics:    0.3211s   to    0.5059s   step    :    0.1848s   temp: 1050.0C
Diffusion:    0.3211s   to    0.5059s   step (s):    0.1848s   temp: 1050.0C
Mechanics:    0.5059s   to     0.824s   step    :    0.3181s   temp: 1050.0C
Diffusion:    0.5059s   to     0.824s   step (s):    0.3181s   temp: 1050.0C
Mechanics:     0.824s   to     1.235s   step    :     0.411s   temp: 1050.0C
Diffusion:     0.824s   to     1.235s   step (s):     0.411s   temp: 1050.0C
Mechanics:     1.235s   to     2.049s   step    :    0.8142s   temp: 1050.0C
Diffusion:     1.235s   to     2.049s   step (s):    0.8142s   temp: 1050.0C
Mechanics:     2.049s   to     3.525s   step    :     1.475s   temp: 1050.0C
Diffusion:     2.049s   to     3.525s   step (s):     1.475s   temp: 1050.0C
Mechanics:     3.525s   to         5s   step    :     1.475s   temp: 1050.0C
Diffusion:     3.525s   to         5s   step (s):     1.475s   temp: 1050.0C

Elapsed time for diffuse 19.92s
----------------------------------------------------------------- struct -----
struct tdr= "n164_MOS4"
------------------------------------------------------------------------------
Points: 2069
Nodes: 2257
Edges: 6184
Faces: 3936
Volumes: 0

Writing file n164_MOS4_fps.tdr...done

---------------------------------------------------------------- deposit -----
deposit Nitride thickness= 0.117<um> isotropic
------------------------------------------------------------------------------
MGoals time: 0.229437

Updating sprocess mesh before Etch/Depo relax.
Generating SnMesh mesh... 

=================================  brep2d quality  =====================================
minAngle: 89.9934  [near (-0.110178 0.78)] at region=Nitride_1
nVerts = 333  nTris = 337  nRegs = 10
bmin: 2 0
bmax: -2.00898 0.78
min area: 9.90808e-05  max area: 0.502246  min edge length : 9.90808e-05
total area  : 11.692 interface area: 2.11402
total volume: 3.07093
Conformal? true
Are all boundaries on bbox? true
==================================================================================
SnMesh time: 0.249933

========================  tri-grid quality (Gas excluded)  =======================
    0  10  20  30  40  50  60  70  80  90 100 110 120 130 140 150 160 170 180
 %    7   7   7   6   5   5   6   7   7  36  .   .   .   .   .   .   .     
---------------------------------------------------------------------------------
minAngle: 0.0288461  maxAngle: 156.168
nVerts = 2252  nTris = 4300  nMats = 5
max connectivity (tris per node): 11
bmin: 2 0
bmax: -2.00898 0.78
min edgeLength: 9.90808e-05  [near (-0.108935 0.193801)]
min volume: 3.05625e-08  max volume: 0.0199195  Total volume: 1.67759
bbox  volume: 3.12701
Are all boundaries on bbox? true
=================================================================================

Smallest region: Oxide_1  Total volume: 0.00297531
Initializing sprocess...time: 0.087806
Interpolating...elapsed time: 0.15
Mechanics:         0s   to         1s   step    :         1s   temp: 26.9C->26.9C
------------------------------------------------------------------- etch -----
etch Nitride anisotropic thickness= 0.136<um>
------------------------------------------------------------------------------
MGoals time: 0.154587

Updating sprocess mesh before Etch/Depo relax.
Generating SnMesh mesh... 

=================================  brep2d quality  =====================================
minAngle: 65.3817  [near (0.00627351 0.304397)] at region=Nitride_1
nVerts = 324  nTris = 328  nRegs = 11
bmin: 2 0
bmax: -2.00898 0.78
min area: 9.90808e-05  max area: 0.502246  min edge length : 9.90808e-05
total area  : 11.0129 interface area: 1.43495
total volume: 3.12988
Conformal? true
Are all boundaries on bbox? true
==================================================================================
SnMesh time: 0.256751

========================  tri-grid quality (Gas excluded)  =======================
    0  10  20  30  40  50  60  70  80  90 100 110 120 130 140 150 160 170 180
 %    5   6   5   5   4   4   5   5   6  29  .   .   .   .   .             
---------------------------------------------------------------------------------
minAngle: 0.0288461  maxAngle: 138.382
nVerts = 2319  nTris = 4436  nMats = 5
max connectivity (tris per node): 9
bmin: 2 0
bmax: -2.00898 0.78
min edgeLength: 5.08509e-05  [near (0.0062504 0.304386)]
min volume: 2.82158e-09  max volume: 0.0199195  Total volume: 1.58446
bbox  volume: 3.12701
Are all boundaries on bbox? true
=================================================================================

Smallest region: Oxide_1  Total volume: 0.00297531
Initializing sprocess...time: 0.088355
Interpolating...elapsed time: 0.15
Mechanics:         0s   to         1s   step    :         1s   temp: 26.9C->26.9C

----------------------------------------------------------------- struct -----
struct tdr= "n164_MOS5"
------------------------------------------------------------------------------
Points: 2319
Nodes: 2627
Edges: 7050
Faces: 4436
Volumes: 0

Writing file n164_MOS5_fps.tdr...done

---------------------------------------------------------------- implant -----
implant energy= 10.00<keV> dose= 1.00e+16<cm-2> tilt= 7.00<degree> rotation= -90.00<degree> Arsenic
------------------------------------------------------------------------------
No substrate defined (implant).  Skip updateStrain.
Species           =  Arsenic
Dataset           =  Arsenic
Energy            =  10keV
Dose (WaferDose)  =  1e+16/cm2
BeamDose          =  1.0075e+16/cm2
BeamDose2D        =  1e+16/cm2
Tilt              =   7deg
Tilt2D            =  -0deg
Rotation          = 270deg
Slice angle       = 180deg
Temperature       = 300.00K
LeftBoundary      =  Extend
RightBoundary     =  Extend

Total implant time:    0.47sec
- - - - - - - - - - - - - - - - - - - - - - - - - - - - - - - - - - - - - - - 
Computing finite volumes...
Finite volumes done

 Dose in:   Silicon_1 PolySilicon     Oxide_1   Nitride_1 Oxide_1+Sil       Total
              Silicon PolySilicon       Oxide     Nitride Oxide_Silic
    Boron  1.9891e+14  5.2001e+11  1.0941e+12  0.0000e+00  1.6100e+11  2.0068e+14
  Arsenic  6.1429e+15  2.5859e+15  6.7274e+07  7.5060e+14  8.1428e+07  9.4794e+15
      Int  4.3127e+08  0.0000e+00  9.8837e+04  0.0000e+00  2.5000e+04  4.3139e+08
      Vac  3.6969e+11  0.0000e+00  1.3351e+08  0.0000e+00  2.5000e+04  3.6982e+11
 ICluster  4.0795e+07  0.0000e+00  0.0000e+00  0.0000e+00  2.5000e+04  4.0845e+07
       B4  9.6360e+01  2.5000e+01  3.8145e+00  0.0000e+00  2.5000e+04  5.0125e+04
      As3  4.7603e+02  2.5000e+01  3.8145e+00  0.0000e+00  2.5000e+04  5.0505e+04
- - - - - - - - - - - - - - - - - - - - - - - - - - - - - - - - - - - - - - - 


No substrate defined (implant).  Skip updateStrain.
---------------------------------------------------------------- diffuse -----
diffuse time= 10.00<s> temperature= 1050.00<C>
------------------------------------------------------------------------------
---- ---- ---- ---- ---- ---- ---- ---- ---- ---- ---- ---- ---- ---- ---- ---
Anneal step:	
	Time        = 10s
	Temperature = 1050.0C
	Ramp rate   = 0C/s
Mechanics:         0s   to    0.0001s   step    :    0.0001s   temp: 1050.0C
--- --- --- --- --- --- --- --- --- --- --- --- --- --- --- --- --- --- --- --
Initializing:  
--- --- --- --- --- --- --- --- --- --- --- --- --- --- --- --- --- --- --- --
Initialization is done.
--- --- --- --- --- --- --- --- --- --- --- --- --- --- --- --- --- --- --- --
Diffusion:         0s   to    0.0001s   step (s):    0.0001s   temp: 1050.0C
Mechanics:    0.0001s   to 0.0001743s   step    : 7.434e-05s   temp: 1050.0C
Diffusion:    0.0001s   to 0.0001743s   step (s): 7.434e-05s   temp: 1050.0C
Mechanics: 0.0001743s   to 0.0002774s   step    :  0.000103s   temp: 1050.0C
Diffusion: 0.0001743s   to 0.0002774s   step (s):  0.000103s   temp: 1050.0C
Mechanics: 0.0002774s   to 0.0004488s   step    : 0.0001714s   temp: 1050.0C
Diffusion: 0.0002774s   to 0.0004488s   step (s): 0.0001714s   temp: 1050.0C
Mechanics: 0.0004488s   to 0.0006594s   step    : 0.0002107s   temp: 1050.0C
Diffusion: 0.0004488s   to 0.0006594s   step (s): 0.0002107s   temp: 1050.0C
Mechanics: 0.0006594s   to 0.0009306s   step    : 0.0002711s   temp: 1050.0C
Diffusion: 0.0006594s   to 0.0009306s   step (s): 0.0002711s   temp: 1050.0C
Mechanics: 0.0009306s   to  0.001316s   step    : 0.0003851s   temp: 1050.0C
Diffusion: 0.0009306s   to  0.001316s   step (s): 0.0003851s   temp: 1050.0C
Mechanics:  0.001316s   to  0.001839s   step    : 0.0005235s   temp: 1050.0C
Diffusion:  0.001316s   to  0.001839s   step (s): 0.0005235s   temp: 1050.0C
Mechanics:  0.001839s   to  0.002503s   step    : 0.0006638s   temp: 1050.0C
Diffusion:  0.001839s   to  0.002503s   step (s): 0.0006638s   temp: 1050.0C
Mechanics:  0.002503s   to  0.003404s   step    : 0.0009007s   temp: 1050.0C
Diffusion:  0.002503s   to  0.003404s   step (s): 0.0009007s   temp: 1050.0C
Mechanics:  0.003404s   to  0.004675s   step    :  0.001272s   temp: 1050.0C
Diffusion:  0.003404s   to  0.004675s   step (s):  0.001272s   temp: 1050.0C
Mechanics:  0.004675s   to  0.006427s   step    :  0.001752s   temp: 1050.0C
Diffusion:  0.004675s   to  0.006427s   step (s):  0.001752s   temp: 1050.0C
Mechanics:  0.006427s   to    0.0085s   step    :  0.002072s   temp: 1050.0C
Diffusion:  0.006427s   to    0.0085s   step (s):  0.002072s   temp: 1050.0C
Mechanics:    0.0085s   to   0.01096s   step    :  0.002458s   temp: 1050.0C
Diffusion:    0.0085s   to   0.01096s   step (s):  0.002458s   temp: 1050.0C
Mechanics:   0.01096s   to   0.01419s   step    :  0.003232s   temp: 1050.0C
Diffusion:   0.01096s   to   0.01419s   step (s):  0.003232s   temp: 1050.0C
Mechanics:   0.01419s   to   0.01902s   step    :  0.004835s   temp: 1050.0C
Diffusion:   0.01419s   to   0.01902s   step (s):  0.004835s   temp: 1050.0C
Mechanics:   0.01902s   to   0.02822s   step    :  0.009192s   temp: 1050.0C
Diffusion:   0.01902s   to   0.02822s   step (s):  0.009192s   temp: 1050.0C
Mechanics:   0.02822s   to    0.0452s   step    :   0.01698s   temp: 1050.0C
Diffusion:   0.02822s   to    0.0452s   step (s):   0.01698s   temp: 1050.0C
Mechanics:    0.0452s   to    0.0724s   step    :    0.0272s   temp: 1050.0C
Diffusion:    0.0452s   to    0.0724s   step (s):    0.0272s   temp: 1050.0C
Mechanics:    0.0724s   to    0.1022s   step    :   0.02975s   temp: 1050.0C
Diffusion:    0.0724s   to    0.1022s   step (s):   0.02975s   temp: 1050.0C
Mechanics:    0.1022s   to    0.1242s   step    :   0.02203s   temp: 1050.0C
Diffusion:    0.1022s   to    0.1242s   step (s):   0.02203s   temp: 1050.0C
Mechanics:    0.1242s   to    0.1511s   step    :   0.02694s   temp: 1050.0C
Diffusion:    0.1242s   to    0.1511s   step (s):   0.02694s   temp: 1050.0C
Mechanics:    0.1511s   to    0.1793s   step    :    0.0282s   temp: 1050.0C
Diffusion:    0.1511s   to    0.1793s   step (s):    0.0282s   temp: 1050.0C
Mechanics:    0.1793s   to    0.2102s   step    :   0.03087s   temp: 1050.0C
Diffusion:    0.1793s   to    0.2102s   step (s):   0.03087s   temp: 1050.0C
Mechanics:    0.2102s   to     0.243s   step    :   0.03278s   temp: 1050.0C
Diffusion:    0.2102s   to     0.243s   step (s):   0.03278s   temp: 1050.0C
Mechanics:     0.243s   to    0.2848s   step    :   0.04182s   temp: 1050.0C
Diffusion:     0.243s   to    0.2848s   step (s):   0.04182s   temp: 1050.0C
Mechanics:    0.2848s   to    0.3608s   step    :   0.07606s   temp: 1050.0C
Diffusion:    0.2848s   to    0.3608s   step (s):   0.07606s   temp: 1050.0C
Mechanics:    0.3608s   to     0.513s   step    :    0.1521s   temp: 1050.0C
Diffusion:    0.3608s   to     0.513s   step (s):    0.1521s   temp: 1050.0C
Mechanics:     0.513s   to    0.8081s   step    :    0.2952s   temp: 1050.0C
Diffusion:     0.513s   to    0.8081s   step (s):    0.2952s   temp: 1050.0C
Mechanics:    0.8081s   to     1.232s   step    :    0.4241s   temp: 1050.0C
Diffusion:    0.8081s   to     1.232s   step (s):    0.4241s   temp: 1050.0C
Mechanics:     1.232s   to     1.911s   step    :    0.6785s   temp: 1050.0C
Diffusion:     1.232s   to     1.911s   step (s):    0.6785s   temp: 1050.0C
Mechanics:     1.911s   to     3.064s   step    :     1.153s   temp: 1050.0C
Diffusion:     1.911s   to     3.064s   step (s):     1.153s   temp: 1050.0C
Mechanics:     3.064s   to     5.249s   step    :     2.186s   temp: 1050.0C
Diffusion:     3.064s   to     5.249s   step (s):     2.186s   temp: 1050.0C
Mechanics:     5.249s   to     7.625s   step    :     2.375s   temp: 1050.0C
Diffusion:     5.249s   to     7.625s   step (s):     2.375s   temp: 1050.0C
Mechanics:     7.625s   to        10s   step    :     2.375s   temp: 1050.0C
Diffusion:     7.625s   to        10s   step (s):     2.375s   temp: 1050.0C

Elapsed time for diffuse 31.9s
----------------------------------------------------------------- struct -----
struct tdr= "n164_MOS6"
------------------------------------------------------------------------------
Points: 2319
Nodes: 2627
Edges: 7050
Faces: 4436
Volumes: 0

Writing file n164_MOS6_fps.tdr...done

---------------------------------------------------------------- deposit -----
deposit type= "anisotropic" thickness= 0.0500<um> material= {Aluminum}
------------------------------------------------------------------------------
MGoals time: 0.164049

Updating sprocess mesh before Etch/Depo relax.
Generating SnMesh mesh... 

=================================  brep2d quality  =====================================
minAngle: 65.3817  [near (0.00627351 0.304397)] at region=Nitride_1
nVerts = 365  nTris = 370  nRegs = 14
bmin: 2 0
bmax: -2.00898 0.78
min area: 9.90808e-05  max area: 0.502246  min edge length : 9.90808e-05
total area  : 11.8569 interface area: 2.27893
total volume: 3.10101
Conformal? true
Are all boundaries on bbox? true
==================================================================================
SnMesh time: 0.243058

========================  tri-grid quality (Gas excluded)  =======================
    0  10  20  30  40  50  60  70  80  90 100 110 120 130 140 150 160 170 180
 %    6   7   7   6   5   5   6   7   7  35  .   .   .   .   .   .   .     
---------------------------------------------------------------------------------
minAngle: 0.0288461  maxAngle: 157.124
nVerts = 2357  nTris = 4510  nMats = 6
max connectivity (tris per node): 11
bmin: 2 0
bmax: -2.00898 0.78
min edgeLength: 9.90808e-05  [near (-0.108935 0.190204)]
min volume: 6.25549e-09  max volume: 0.0199195  Total volume: 1.62346
bbox  volume: 3.12701
Are all boundaries on bbox? true
=================================================================================

Smallest region: Oxide_1  Total volume: 0.00297531
Initializing sprocess...time: 0.110848
Interpolating...elapsed time: 0.28
Mechanics:         0s   to         1s   step    :         1s   temp: 26.9C->26.9C
------------------------------------------------------------------- mask -----
mask name= "contacts_mask" left= 0.468<um>
------------------------------------------------------------------------------
------------------------------------------------------------------- etch -----
etch mask= "contacts_mask" type= "anisotropic" thickness= 0.100<um> material= {Aluminum}
------------------------------------------------------------------------------
MGoals time: 0.173055

Updating sprocess mesh before Etch/Depo relax.
Generating SnMesh mesh... 

=================================  brep2d quality  =====================================
minAngle: 65.3817  [near (0.00627351 0.304397)] at region=Nitride_1
nVerts = 340  nTris = 345  nRegs = 15
bmin: 2 0
bmax: -2.00898 0.78
min area: 9.90808e-05  max area: 0.502246  min edge length : 9.90808e-05
total area  : 11.3749 interface area: 1.79695
total volume: 3.1323
Conformal? true
Are all boundaries on bbox? true
==================================================================================
SnMesh time: 0.25157

========================  tri-grid quality (Gas excluded)  =======================
    0  10  20  30  40  50  60  70  80  90 100 110 120 130 140 150 160 170 180
 %    5   6   5   5   4   4   5   5   6  30  .   .   .   .   .             
---------------------------------------------------------------------------------
minAngle: 0.0288461  maxAngle: 138.382
nVerts = 2366  nTris = 4529  nMats = 6
max connectivity (tris per node): 9
bmin: 2 0
bmax: -2.00898 0.78
min edgeLength: 5.08509e-05  [near (0.0062504 0.304386)]
min volume: 2.82158e-09  max volume: 0.0199195  Total volume: 1.60006
bbox  volume: 3.12701
Are all boundaries on bbox? true
=================================================================================

Smallest region: Oxide_1  Total volume: 0.00297531
Initializing sprocess...time: 0.122044
Interpolating...elapsed time: 0.28
Mechanics:         0s   to         1s   step    :         1s   temp: 26.9C->26.9C

-------------------------------------------------------------- transform -----
transform left reflect
------------------------------------------------------------------------------
Time for adding meshes: 0.06
Time for copying data: 0.01
Time for merging regions: 0.05
---------------------------------------------------------------- contact -----
contact name= "substrate" bottom
------------------------------------------------------------------------------
---------------------------------------------------------------- contact -----
contact name= "source" X= -0.0100<um> Y= -0.585<um> point replace
------------------------------------------------------------------------------
---------------------------------------------------------------- contact -----
contact name= "drain" X= -0.0100<um> Y= 0.585<um> point replace
------------------------------------------------------------------------------
---------------------------------------------------------------- contact -----
contact name= "gate" X= -0.0500<um> Y= 0.00e+00<um> point
------------------------------------------------------------------------------

Turning off restart capability for n164_fps.tdr (requires gas and interfaces)
----------------------------------------------------------------- struct -----
struct tdr= "n164" !Gas !interfaces
------------------------------------------------------------------------------
Interpolating...elapsed time: 0.24
Points: 4628
Nodes: 5398
Edges: 14427
Faces: 9058
Volumes: 0

Writing file n164_fps.tdr... Point contact source is in region Aluminum_1.1
 Point contact drain is in region Aluminum_1.2
 Point contact gate is in region PolySilicon_1
done

------------------------------------------------------------------------------
Summary:
Anneal time stepping:
  reaction/mechanics steps=119 minimum=38.95s maximum=1.0000e+38s
  diffusion steps=119 minimum=6.8734e-05s maximum=1.1462e+02s
Edge/Face swapping:
 calls=9 flips=0
------------------------------------------------------------------------------
License features used:
    sprocess
    sprocess2d
------------------------------------------------------------------------------

Elapsed Time:	00:02:11
User Time:	00:02:07
CPU Time:	00:02:05

Detailed CPU time report:

26.23 sec (21.4%) Diffusion step time. (119 calls).
13.69 sec (11.2%) solution command (141697 calls).
12.07 sec (9.8%) Mechanics step (119 calls).
11.61 sec (9.5%) Solver(PDE). (1289 calls).
8.61 sec (7.0%) implant command (297 calls).
7.15 sec (5.8%) term command (24401 calls).
6.13 sec (5.0%) Store nodal values: Serial. (10838 calls).
6.09 sec (5.0%) struct command (7 calls).
4.63 sec (3.8%) Mechanics preassembly (126 calls).
4.13 sec (3.4%) Serial mode assembly. (1907 calls).
3.66 sec (3.0%) sel command (4098 calls).
2.13 sec (1.7%) Total time spent in Symbolic. (9 calls).
1.71 sec (1.4%) SnMesh meshing (8 calls).
1.48 sec (1.2%) Other Program Parts (1 calls).
1.20 sec (1.0%) mater command (8951 calls).
1.14 sec (0.9%) Reaction step time. (119 calls).
1.12 sec (0.9%) Mechanics assembly (serial mode) (126 calls).
1.03 sec (0.8%) Arr command (27013 calls).
0.98 sec (0.8%) mgoals (7 calls).
0.97 sec (0.8%) Solver(Mechanics) (126 calls).
0.94 sec (0.8%) FieldServer copy (28 calls).
0.82 sec (0.7%) Bulk Interpolation (25 calls).
0.76 sec (0.6%) Interface interpolation (42 calls).
0.71 sec (0.6%) etch command (4 calls).
0.65 sec (0.5%) diffuse command (4 calls).

Detailed elapsed time report:

27.09 sec (21.5%) Diffusion step time. (119 calls).
14.15 sec (11.2%) solution command (141697 calls).
12.47 sec (9.9%) Mechanics step (119 calls).
11.90 sec (9.4%) Solver(PDE). (1289 calls).
8.70 sec (6.9%) implant command (297 calls).
7.30 sec (5.8%) term command (24401 calls).
6.36 sec (5.0%) Store nodal values: Serial. (10838 calls).
6.22 sec (4.9%) struct command (7 calls).
4.79 sec (3.8%) Mechanics preassembly (126 calls).
4.28 sec (3.4%) Serial mode assembly. (1907 calls).
3.72 sec (2.9%) sel command (4098 calls).
2.21 sec (1.8%) Total time spent in Symbolic. (9 calls).
1.88 sec (1.5%) SnMesh meshing (8 calls).
1.56 sec (1.2%) Other Program Parts (1 calls).
1.22 sec (1.0%) mater command (8951 calls).
1.19 sec (0.9%) Reaction step time. (119 calls).
1.16 sec (0.9%) Mechanics assembly (serial mode) (126 calls).
1.02 sec (0.8%) Arr command (27013 calls).
1.00 sec (0.8%) mgoals (7 calls).
0.99 sec (0.8%) Solver(Mechanics) (126 calls).
0.95 sec (0.7%) FieldServer copy (28 calls).
0.87 sec (0.7%) Bulk Interpolation (25 calls).
0.80 sec (0.6%) Interface interpolation (42 calls).
0.72 sec (0.6%) etch command (4 calls).
0.67 sec (0.5%) diffuse command (4 calls).
