****************************************************************************
***                          Sentaurus Process                           ***
***                          Version O-2018.06                           ***
***                       (1.1029, x86_64, Linux)                        ***
***                                                                      ***
***                       Copyright (C) 1993-2002                        ***
***          The board of regents of the University of Florida           ***
***                       Copyright (C) 1994-2018                        ***
***                            Synopsys, Inc.                            ***
***                                                                      ***
***  This software and the associated documentation are confidential     ***
***  and proprietary to Synopsys, Inc.  Your use or disclosure of this   ***
***  software is subject to the terms and conditions of a written        ***
***  license agreement between you, or your company, and Synopsys, Inc.  ***
****************************************************************************

Compiled Thu May  3 06:21:22 PDT 2018 on tcadprod10

      Started at: Tue Nov 17 09:33:22 2020 (EDT)
       User name: student
       Host name: acs14007.4225.cse.uconn.edu
             PID: 18245
    Architecture: x86_64
Operating system: Linux rel. 3.10.0-1127.18.2.el7.x86_64 ver. #1 SMP Mon Jul 20 22:32:16 UTC 2020

------------------------------------------------------------------------------
Checking syntax of n234_fps.cmd:

Syntax check complete.
------------------------------------------------------------------------------

Starting Tcl interpreter with inputfile: n234_fps.cmd
            sprocess: Checked Out

Loading models file: /usr/synopsys/sentaurus/O_2018.06/tcad/current/lib/sprocess-28.0.1029/TclLib/SPROCESS.models... done.
------------------------------------------------------------------- math -----
math coord.ucs
------------------------------------------------------------------------------
------------------------------------------------------------------- line -----
line X location= 0.00e+00<um> spacing= 1.00<nm> tag= "SiTop"
------------------------------------------------------------------------------
------------------------------------------------------------------- line -----
line X location= 50.00<nm> spacing= 10.00<nm>
------------------------------------------------------------------------------
------------------------------------------------------------------- line -----
line X location= 0.500<um> spacing= 50.00<nm>
------------------------------------------------------------------------------
------------------------------------------------------------------- line -----
line X location= 2.00<um> spacing= 0.200<um> tag= "SiBottom"
------------------------------------------------------------------------------
------------------------------------------------------------------- line -----
line Y location= 0.00e+00<um> spacing= 0.0540<um> tag= "Mid"
------------------------------------------------------------------------------
------------------------------------------------------------------- line -----
line Y location= 0.270<um> spacing= 0.0270<um>
------------------------------------------------------------------------------
------------------------------------------------------------------- line -----
line Y location= 1.08<um> spacing= 0.540<um> tag= "Right"
------------------------------------------------------------------------------
----------------------------------------------------------------- region -----
region xlo= "SiTop" xhi= "SiBottom" ylo= "Mid" yhi= "Right" Silicon
------------------------------------------------------------------------------
------------------------------------------------------------------- init -----
init concentration= 1.00e+18<cm-3> field= "Boron" slice.angle= 180.00<degree> !DelayFullD
------------------------------------------------------------------------------
          sprocess2d: Checked Out

Creating structure...
Recreating refinements to take into account updated simulation dimension.
Done recreating refinements.


Points: 675
Nodes: 675
Edges: 1906
Faces: 1232
Volumes: 0

----------------------------------------------------------------- pdbSet -----
pdbSet Silicon Dopant DiffModel ChargedFermi
------------------------------------------------------------------------------

- - - - - - - - - - - - - - - - - - - - - - - - - - - - - - - - - - - - - - -
Loading Advanced Calibration 2018.06 (1.1)


- - - - - - - - - - - - - - - - - - - - - - - - - - - - - - - - - - - - - - -

------------------------------------------------------------------- grid -----
grid set.min.normal.size= 1.00<nm> set.normal.growth.ratio.2d= 1.50
------------------------------------------------------------------------------
----------------------------------------------------------------- mgoals -----
mgoals accuracy= 1.00e-05<um>
------------------------------------------------------------------------------
----------------------------------------------------------------- pdbSet -----
pdbSet Oxide Grid perp.add.dist 1e-7
------------------------------------------------------------------------------
----------------------------------------------------------------- pdbSet -----
pdbSet Grid NativeLayerThickness 1e-7
------------------------------------------------------------------------------

Gas not found in structure, adding.
Generating SnMesh mesh... 

=================================  brep2d quality  =====================================
minAngle: 90  [near (2 0)] at region=Silicon_1
nVerts = 157  nTris = 158  nRegs = 2
bmin: 2 0
bmax: -0.1 1.08
min area: 0.000513853  max area: 0.281868  min edge length : 0.000513853
total area  : 7.44 interface area: 1.08
total volume: 3.348
Conformal? true
Are all boundaries on bbox? true
==================================================================================
SnMesh time: 0.068372

========================  tri-grid quality (Gas excluded)  =======================
    0  10  20  30  40  50  60  70  80  90 100 110 120 130 140 150 160 170 180
 %    6   6   5   4   4   4   4   5   6  32                                
---------------------------------------------------------------------------------
minAngle: 0.104452  maxAngle: 90
nVerts = 885  nTris = 1624  nMats = 2
max connectivity (tris per node): 6
bmin: 2 0
bmax: -0.1 1.08
min edgeLength: 0.000513853  [near (0.00077078 1.08)]
min volume: 6.78931e-06  max volume: 0.0275808  Total volume: 2.16
bbox  volume: 2.268
Are all boundaries on bbox? true
=================================================================================

Smallest region: Silicon_1  Total volume: 2.16
Initializing sprocess...time: 8.8490e-03
Interpolating...elapsed time: 0.01
---------------------------------------------------------------- diffuse -----
diffuse time= 20.00<min> temperature= 950.00<C> O2
------------------------------------------------------------------------------
sprocess parallel assembly thread count = 1
Interpolating...elapsed time: 0.01
---- ---- ---- ---- ---- ---- ---- ---- ---- ---- ---- ---- ---- ---- ---- ---
Anneal step:	
	Time        = 20min
	Temperature = 950.0C
	Ramp rate   = 0C/s
Reaction :         0s   to    0.0001s   step    :    0.0001s   temp: 950.0C
sprocess ILS thread count = 1
Mechanics:         0s   to    0.0001s   step    :    0.0001s   temp: 950.0C
--- --- --- --- --- --- --- --- --- --- --- --- --- --- --- --- --- --- --- --
Initializing:  
--- --- --- --- --- --- --- --- --- --- --- --- --- --- --- --- --- --- --- --
Initialization is done.
--- --- --- --- --- --- --- --- --- --- --- --- --- --- --- --- --- --- --- --
Diffusion:         0s   to    0.0001s   step (s):    0.0001s   temp: 950.0C
Reaction :    0.0001s   to 0.0001687s   step    : 6.873e-05s   temp: 950.0C
Mechanics:    0.0001s   to 0.0001687s   step    : 6.873e-05s   temp: 950.0C
Diffusion:    0.0001s   to 0.0001687s   step (s): 6.873e-05s   temp: 950.0C
Reaction : 0.0001687s   to 0.0002542s   step    : 8.548e-05s   temp: 950.0C
Mechanics: 0.0001687s   to 0.0002542s   step    : 8.548e-05s   temp: 950.0C
Diffusion: 0.0001687s   to 0.0002542s   step (s): 8.548e-05s   temp: 950.0C
Reaction : 0.0002542s   to 0.0003926s   step    : 0.0001384s   temp: 950.0C
Mechanics: 0.0002542s   to 0.0003926s   step    : 0.0001384s   temp: 950.0C
Diffusion: 0.0002542s   to 0.0003926s   step (s): 0.0001384s   temp: 950.0C
Reaction : 0.0003926s   to 0.0006694s   step    : 0.0002768s   temp: 950.0C
Mechanics: 0.0003926s   to 0.0006694s   step    : 0.0002768s   temp: 950.0C
Diffusion: 0.0003926s   to 0.0006694s   step (s): 0.0002768s   temp: 950.0C
Reaction : 0.0006694s   to  0.001223s   step    : 0.0005536s   temp: 950.0C
Mechanics: 0.0006694s   to  0.001223s   step    : 0.0005536s   temp: 950.0C
Diffusion: 0.0006694s   to  0.001223s   step (s): 0.0005536s   temp: 950.0C
Reaction :  0.001223s   to   0.00233s   step    :  0.001107s   temp: 950.0C
Mechanics:  0.001223s   to   0.00233s   step    :  0.001107s   temp: 950.0C
Diffusion:  0.001223s   to   0.00233s   step (s):  0.001107s   temp: 950.0C
Reaction :   0.00233s   to  0.004545s   step    :  0.002214s   temp: 950.0C
Mechanics:   0.00233s   to  0.004545s   step    :  0.002214s   temp: 950.0C
Diffusion:   0.00233s   to  0.004545s   step (s):  0.002214s   temp: 950.0C
Reaction :  0.004545s   to  0.008973s   step    :  0.004429s   temp: 950.0C
Mechanics:  0.004545s   to  0.008973s   step    :  0.004429s   temp: 950.0C
Diffusion:  0.004545s   to  0.008973s   step (s):  0.004429s   temp: 950.0C
Reaction :  0.008973s   to   0.01783s   step    :  0.008858s   temp: 950.0C
Mechanics:  0.008973s   to   0.01783s   step    :  0.008858s   temp: 950.0C
Diffusion:  0.008973s   to   0.01783s   step (s):  0.008858s   temp: 950.0C
Reaction :   0.01783s   to   0.03555s   step    :   0.01772s   temp: 950.0C
Mechanics:   0.01783s   to   0.03555s   step    :   0.01772s   temp: 950.0C
Diffusion:   0.01783s   to   0.03555s   step (s):   0.01772s   temp: 950.0C
Reaction :   0.03555s   to   0.07098s   step    :   0.03543s   temp: 950.0C
Mechanics:   0.03555s   to   0.07098s   step    :   0.03543s   temp: 950.0C
Diffusion:   0.03555s   to   0.07098s   step (s):   0.03543s   temp: 950.0C
Reaction :   0.07098s   to    0.1418s   step    :   0.07086s   temp: 950.0C
Mechanics:   0.07098s   to    0.1418s   step    :   0.07086s   temp: 950.0C
Diffusion:   0.07098s   to    0.1418s   step (s):   0.07086s   temp: 950.0C
Reaction :    0.1418s   to    0.2782s   step    :    0.1364s   temp: 950.0C
Mechanics:    0.1418s   to    0.2782s   step    :    0.1364s   temp: 950.0C
Diffusion:    0.1418s   to    0.2782s   step (s):    0.1364s   temp: 950.0C
Reaction :    0.2782s   to    0.5097s   step    :    0.2314s   temp: 950.0C
Mechanics:    0.2782s   to    0.5097s   step    :    0.2314s   temp: 950.0C
Diffusion:    0.2782s   to    0.5097s   step (s):    0.2314s   temp: 950.0C
Reaction :    0.5097s   to    0.8684s   step    :    0.3587s   temp: 950.0C
Mechanics:    0.5097s   to    0.8684s   step    :    0.3587s   temp: 950.0C
Diffusion:    0.5097s   to    0.8684s   step (s):    0.3587s   temp: 950.0C
Reaction :    0.8684s   to      1.41s   step    :    0.5414s   temp: 950.0C
Mechanics:    0.8684s   to      1.41s   step    :    0.5414s   temp: 950.0C
Diffusion:    0.8684s   to      1.41s   step (s):    0.5414s   temp: 950.0C
Reaction :      1.41s   to     2.133s   step    :    0.7228s   temp: 950.0C
Mechanics:      1.41s   to     2.133s   step    :    0.7228s   temp: 950.0C
Diffusion:      1.41s   to     2.133s   step (s):    0.7228s   temp: 950.0C
Reaction :     2.133s   to     3.505s   step    :     1.372s   temp: 950.0C
Mechanics:     2.133s   to     3.505s   step    :     1.372s   temp: 950.0C
Diffusion:     2.133s   to     3.505s   step (s):     1.372s   temp: 950.0C
Reaction :     3.505s   to     6.249s   step    :     2.744s   temp: 950.0C
Mechanics:     3.505s   to     6.249s   step    :     2.744s   temp: 950.0C
Diffusion:     3.505s   to     6.249s   step (s):     2.744s   temp: 950.0C
Reaction :     6.249s   to     11.74s   step    :     5.488s   temp: 950.0C
Mechanics:     6.249s   to     11.74s   step    :     5.488s   temp: 950.0C
Interpolating...elapsed time: 0.02
Diffusion:     6.249s   to     11.74s   step (s):     5.488s   temp: 950.0C
Reaction :     11.74s   to     22.03s   step    :      10.3s   temp: 950.0C
Mechanics:     11.74s   to     22.03s   step    :      10.3s   temp: 950.0C
Diffusion:     11.74s   to     22.03s   step (s):      10.3s   temp: 950.0C
Reaction :     22.03s   to      40.4s   step    :     18.36s   temp: 950.0C
Mechanics:     22.03s   to      40.4s   step    :     18.36s   temp: 950.0C
Diffusion:     22.03s   to      40.4s   step (s):     18.36s   temp: 950.0C
Reaction :      40.4s   to     1.151min step    :     28.68s   temp: 950.0C
Mechanics:      40.4s   to     1.151min step    :     28.68s   temp: 950.0C
Interpolating...elapsed time: 0.02
Diffusion:      40.4s   to     1.151min step (s):     28.68s   temp: 950.0C
Reaction :     1.151min to     1.806min step    :     39.26s   temp: 950.0C
Mechanics:     1.151min to     1.806min step    :     39.26s   temp: 950.0C
Interpolating...elapsed time: 0.02
Diffusion:     1.151min to     1.806min step (s):     39.26s   temp: 950.0C
Reaction :     1.806min to     2.616min step    :      48.6s   temp: 950.0C
Mechanics:     1.806min to     2.616min step    :      48.6s   temp: 950.0C
Interpolating...elapsed time: 0.02
Diffusion:     1.806min to     2.616min step (s):      48.6s   temp: 950.0C
Reaction :     2.616min to     3.543min step    :     55.64s   temp: 950.0C
Mechanics:     2.616min to     3.543min step    :     55.64s   temp: 950.0C
Interpolating...elapsed time: 0.02
Diffusion:     2.616min to     3.543min step (s):     55.64s   temp: 950.0C
Reaction :     3.543min to     4.554min step    :      1.01min temp: 950.0C
Mechanics:     3.543min to     4.554min step    :      1.01min temp: 950.0C
Interpolating...elapsed time: 0.02
Diffusion:     3.543min to     4.554min step (s):      1.01min temp: 950.0C
Reaction :     4.554min to     5.656min step    :     1.102min temp: 950.0C
Mechanics:     4.554min to     5.656min step    :     1.102min temp: 950.0C
Interpolating...elapsed time: 0.02
Diffusion:     4.554min to     5.656min step (s):     1.102min temp: 950.0C
Reaction :     5.656min to     6.853min step    :     1.197min temp: 950.0C
Mechanics:     5.656min to     6.853min step    :     1.197min temp: 950.0C
Interpolating...elapsed time: 0.02
Diffusion:     5.656min to     6.853min step (s):     1.197min temp: 950.0C
Reaction :     6.853min to     8.148min step    :     1.296min temp: 950.0C
Mechanics:     6.853min to     8.148min step    :     1.296min temp: 950.0C
Interpolating...elapsed time: 0.02
Diffusion:     6.853min to     8.148min step (s):     1.296min temp: 950.0C
Reaction :     8.148min to     9.545min step    :     1.397min temp: 950.0C
Mechanics:     8.148min to     9.545min step    :     1.397min temp: 950.0C
Interpolating...elapsed time: 0.02
Diffusion:     8.148min to     9.545min step (s):     1.397min temp: 950.0C
Reaction :     9.545min to     11.05min step    :     1.501min temp: 950.0C
Mechanics:     9.545min to     11.05min step    :     1.501min temp: 950.0C
Interpolating...elapsed time: 0.01
Diffusion:     9.545min to     11.05min step (s):     1.501min temp: 950.0C
Reaction :     11.05min to     12.65min step    :     1.606min temp: 950.0C
Mechanics:     11.05min to     12.65min step    :     1.606min temp: 950.0C
Interpolating...elapsed time: 0.03
Diffusion:     11.05min to     12.65min step (s):     1.606min temp: 950.0C
Reaction :     12.65min to     14.36min step    :     1.711min temp: 950.0C
Mechanics:     12.65min to     14.36min step    :     1.711min temp: 950.0C
Interpolating...elapsed time: 0.01
Diffusion:     12.65min to     14.36min step (s):     1.711min temp: 950.0C
Reaction :     14.36min to     16.18min step    :     1.817min temp: 950.0C
Mechanics:     14.36min to     16.18min step    :     1.817min temp: 950.0C
Diffusion:     14.36min to     16.18min step (s):     1.817min temp: 950.0C
Reaction :     16.18min to     18.09min step    :      1.91min temp: 950.0C
Mechanics:     16.18min to     18.09min step    :      1.91min temp: 950.0C
Interpolating...elapsed time: 0.04
Diffusion:     16.18min to     18.09min step (s):      1.91min temp: 950.0C
Reaction :     18.09min to        20min step    :      1.91min temp: 950.0C
Mechanics:     18.09min to        20min step    :      1.91min temp: 950.0C
Interpolating...elapsed time: 0.02
Diffusion:     18.09min to        20min step (s):      1.91min temp: 950.0C

Elapsed time for diffuse 26.25s
----------------------------------------------------------------- layers -----
layers Oxide Y= 0.00e+00<um>
------------------------------------------------------------------------------
{         Top                Bottom             Integral             Material }
{ -8.984467930840e-03 6.273510517242e-03 0.000000000000e+00 Oxide }
DOE: tox 0.0153
----------------------------------------------------------------- struct -----
struct tdr= "n234_MOS1"
------------------------------------------------------------------------------
Points: 797
Nodes: 857
Edges: 2323
Faces: 1471
Volumes: 0

Writing file n234_MOS1_fps.tdr...done

---------------------------------------------------------------- deposit -----
deposit type= "anisotropic" thickness= 0.100<um> material= {PolySilicon}
------------------------------------------------------------------------------

MGoals time: 0.0385869

Updating sprocess mesh before Etch/Depo relax.
Generating SnMesh mesh... 

=================================  brep2d quality  =====================================
minAngle: 90  [near (2 0)] at region=Silicon_1
nVerts = 273  nTris = 276  nRegs = 6
bmin: 2 0
bmax: -2.00898 1.08
min area: 9.90808e-05  max area: 0.502246  min edge length : 9.90808e-05
total area  : 13.418 interface area: 3.24
total volume: 5.35232
Conformal? true
Are all boundaries on bbox? true
==================================================================================
SnMesh time: 0.220323

========================  tri-grid quality (Gas excluded)  =======================
    0  10  20  30  40  50  60  70  80  90 100 110 120 130 140 150 160 170 180
 %   12   5   4   3   2   2   3   4   5  38                                
---------------------------------------------------------------------------------
minAngle: 0.0201403  maxAngle: 90
nVerts = 1560  nTris = 2884  nMats = 4
max connectivity (tris per node): 6
bmin: 2 0
bmax: -2.00898 1.08
min edgeLength: 9.90808e-05  [near (-0.108935 0.480105)]
min volume: 1.30911e-06  max volume: 0.0275808  Total volume: 2.2777
bbox  volume: 4.3297
Are all boundaries on bbox? true
=================================================================================

Smallest region: Oxide_1  Total volume: 0.0164786
Initializing sprocess...time: 0.056152
Interpolating...elapsed time: 0.06
Mechanics:         0s   to         1s   step    :         1s   temp: 26.9C->26.9C

------------------------------------------------------------------- mask -----
mask name= "gate_mask" left= -0.270<um> right= 0.270<um>
------------------------------------------------------------------------------
------------------------------------------------------------------- etch -----
etch mask= "gate_mask" type= "anisotropic" thickness= 0.150<um> material= {PolySilicon}
------------------------------------------------------------------------------
MGoals time: 0.123245

Updating sprocess mesh before Etch/Depo relax.
Generating SnMesh mesh... 

=================================  brep2d quality  =====================================
minAngle: 90  [near (0.00627351 1.08)] at region=Oxide_1
nVerts = 296  nTris = 299  nRegs = 7
bmin: 2 0
bmax: -2.00898 1.08
min area: 9.90808e-05  max area: 0.502246  min edge length : 9.90808e-05
total area  : 12.708 interface area: 2.53
total volume: 4.3464
Conformal? true
Are all boundaries on bbox? true
==================================================================================
SnMesh time: 0.248604

========================  tri-grid quality (Gas excluded)  =======================
    0  10  20  30  40  50  60  70  80  90 100 110 120 130 140 150 160 170 180
 %    7   5   5   4   2   2   4   5   5  30  .   .   .                     
---------------------------------------------------------------------------------
minAngle: 0.0208333  maxAngle: 122.956
nVerts = 2205  nTris = 4194  nMats = 4
max connectivity (tris per node): 7
bmin: 2 0
bmax: -2.00898 1.08
min edgeLength: 9.90808e-05  [near (-0.108935 0.26336)]
min volume: 4.11181e-08  max volume: 0.0275808  Total volume: 2.1967
bbox  volume: 4.3297
Are all boundaries on bbox? true
=================================================================================

Smallest region: Oxide_1  Total volume: 0.0164786
Initializing sprocess...time: 0.086231
Interpolating...elapsed time: 0.07
Mechanics:         0s   to         1s   step    :         1s   temp: 26.9C->26.9C

------------------------------------------------------------------- etch -----
etch type= "anisotropic" thickness= 0.0600<um> material= {Oxide}
------------------------------------------------------------------------------
MGoals time: 0.154428

Updating sprocess mesh before Etch/Depo relax.
Generating SnMesh mesh... 

=================================  brep2d quality  =====================================
minAngle: 90  [near (2 0)] at region=Silicon_1
nVerts = 283  nTris = 286  nRegs = 8
bmin: 2 0
bmax: -2.00898 1.08
min area: 9.90808e-05  max area: 0.502246  min edge length : 9.90808e-05
total area  : 11.9132 interface area: 1.73526
total volume: 5.43538
Conformal? true
Are all boundaries on bbox? true
==================================================================================
SnMesh time: 0.233989

========================  tri-grid quality (Gas excluded)  =======================
    0  10  20  30  40  50  60  70  80  90 100 110 120 130 140 150 160 170 180
 %    5   5   4   4   3   3   4   4   5  27  .   .                         
---------------------------------------------------------------------------------
minAngle: 0.0208333  maxAngle: 108.862
nVerts = 2114  nTris = 4027  nMats = 4
max connectivity (tris per node): 7
bmin: 2 0
bmax: -2.00898 1.08
min edgeLength: 9.90808e-05  [near (-0.108935 0.26336)]
min volume: 4.11181e-08  max volume: 0.0275808  Total volume: 2.18434
bbox  volume: 4.3297
Are all boundaries on bbox? true
=================================================================================

Smallest region: Oxide_1  Total volume: 0.00411965
Initializing sprocess...time: 0.090785
Interpolating...elapsed time: 0.1
Mechanics:         0s   to         1s   step    :         1s   temp: 26.9C->26.9C

----------------------------------------------------------------- struct -----
struct tdr= "n234_MOS2"
------------------------------------------------------------------------------
Points: 2114
Nodes: 2306
Edges: 6324
Faces: 4027
Volumes: 0

Writing file n234_MOS2_fps.tdr...done

---------------------------------------------------------------- implant -----
implant energy= 20.00<keV> dose= 1.00e+13<cm-2> tilt= 0.00e+00<degree> rotation= 0.00e+00<degree> Arsenic
------------------------------------------------------------------------------
No substrate defined (implant).  Skip updateStrain.
Species           =  Arsenic
Dataset           =  Arsenic
Energy            =  20keV
Dose (WaferDose)  =  1e+13/cm2
BeamDose          =  1e+13/cm2
BeamDose2D        =  1e+13/cm2
Tilt              =   0deg
Tilt2D            =   0deg
Rotation          =   0deg
Slice angle       = 180deg
Temperature       = 300.00K
LeftBoundary      =  Extend
RightBoundary     =  Extend

Total implant time:    0.57sec
- - - - - - - - - - - - - - - - - - - - - - - - - - - - - - - - - - - - - - - 
Computing finite volumes...
Finite volumes done

 Dose in:   Silicon_1 PolySilicon     Oxide_1 Oxide_1+Sil       Total
              Silicon PolySilicon       Oxide Oxide_Silic
    Boron  1.9563e+14  0.0000e+00  9.6586e+11  1.2295e+11  1.9672e+14
  Arsenic  7.5464e+12  2.5203e+12  4.4442e+07  0.0000e+00  1.0067e+13
      Int  5.7446e+08  0.0000e+00  9.8837e+04  2.5000e+04  5.7459e+08
      Vac  7.1329e+09  0.0000e+00  1.3351e+08  2.5000e+04  7.2664e+09
 ICluster  3.4275e+08  0.0000e+00  0.0000e+00  2.5000e+04  3.4278e+08
       O2  1.9937e-04  0.0000e+00  1.8220e+10  2.5000e-01  1.8220e+10
       B4  7.3294e+04  0.0000e+00  3.8145e+00  2.5000e+04  9.8298e+04
- - - - - - - - - - - - - - - - - - - - - - - - - - - - - - - - - - - - - - - 


No substrate defined (implant).  Skip updateStrain.
---------------------------------------------------------------- diffuse -----
diffuse time= 0.100<s> temperature= 1050.00<C>
------------------------------------------------------------------------------
---- ---- ---- ---- ---- ---- ---- ---- ---- ---- ---- ---- ---- ---- ---- ---
Anneal step:	
	Time        = 0.1s
	Temperature = 1050.0C
	Ramp rate   = 0C/s
Mechanics:         0s   to    0.0001s   step    :    0.0001s   temp: 1050.0C
--- --- --- --- --- --- --- --- --- --- --- --- --- --- --- --- --- --- --- --
Initializing:  
--- --- --- --- --- --- --- --- --- --- --- --- --- --- --- --- --- --- --- --
Initialization is done.
--- --- --- --- --- --- --- --- --- --- --- --- --- --- --- --- --- --- --- --
Diffusion:         0s   to    0.0001s   step (s):    0.0001s   temp: 1050.0C
Mechanics:    0.0001s   to 0.0001824s   step    :  8.24e-05s   temp: 1050.0C
Diffusion:    0.0001s   to 0.0001824s   step (s):  8.24e-05s   temp: 1050.0C
Mechanics: 0.0001824s   to 0.0003092s   step    : 0.0001268s   temp: 1050.0C
Diffusion: 0.0001824s   to 0.0003092s   step (s): 0.0001268s   temp: 1050.0C
Mechanics: 0.0003092s   to 0.0005628s   step    : 0.0002536s   temp: 1050.0C
Diffusion: 0.0003092s   to 0.0005628s   step (s): 0.0002536s   temp: 1050.0C
Mechanics: 0.0005628s   to   0.00107s   step    : 0.0005073s   temp: 1050.0C
Diffusion: 0.0005628s   to   0.00107s   step (s): 0.0005073s   temp: 1050.0C
Mechanics:   0.00107s   to  0.001958s   step    : 0.0008879s   temp: 1050.0C
Diffusion:   0.00107s   to  0.001958s   step (s): 0.0008879s   temp: 1050.0C
Mechanics:  0.001958s   to  0.002879s   step    : 0.0009213s   temp: 1050.0C
Diffusion:  0.001958s   to  0.002879s   step (s): 0.0009213s   temp: 1050.0C
Mechanics:  0.002879s   to  0.004279s   step    :    0.0014s   temp: 1050.0C
Diffusion:  0.002879s   to  0.004279s   step (s):    0.0014s   temp: 1050.0C
Mechanics:  0.004279s   to  0.006135s   step    :  0.001856s   temp: 1050.0C
Diffusion:  0.004279s   to  0.006135s   step (s):  0.001856s   temp: 1050.0C
Mechanics:  0.006135s   to  0.008234s   step    :  0.002099s   temp: 1050.0C
Diffusion:  0.006135s   to  0.008234s   step (s):  0.002099s   temp: 1050.0C
Mechanics:  0.008234s   to   0.01032s   step    :   0.00209s   temp: 1050.0C
Diffusion:  0.008234s   to   0.01032s   step (s):   0.00209s   temp: 1050.0C
Mechanics:   0.01032s   to   0.01254s   step    :  0.002212s   temp: 1050.0C
Diffusion:   0.01032s   to   0.01254s   step (s):  0.002212s   temp: 1050.0C
Mechanics:   0.01254s   to   0.01499s   step    :  0.002449s   temp: 1050.0C
Diffusion:   0.01254s   to   0.01499s   step (s):  0.002449s   temp: 1050.0C
Mechanics:   0.01499s   to   0.01803s   step    :  0.003042s   temp: 1050.0C
Diffusion:   0.01499s   to   0.01803s   step (s):  0.003042s   temp: 1050.0C
Mechanics:   0.01803s   to     0.023s   step    :  0.004974s   temp: 1050.0C
Diffusion:   0.01803s   to     0.023s   step (s):  0.004974s   temp: 1050.0C
Mechanics:     0.023s   to   0.03295s   step    :  0.009947s   temp: 1050.0C
Diffusion:     0.023s   to   0.03295s   step (s):  0.009947s   temp: 1050.0C
Mechanics:   0.03295s   to    0.0515s   step    :   0.01855s   temp: 1050.0C
Diffusion:   0.03295s   to    0.0515s   step (s):   0.01855s   temp: 1050.0C
Mechanics:    0.0515s   to   0.07408s   step    :   0.02258s   temp: 1050.0C
Diffusion:    0.0515s   to   0.07408s   step (s):   0.02258s   temp: 1050.0C
Mechanics:   0.07408s   to   0.08704s   step    :   0.01296s   temp: 1050.0C
Diffusion:   0.07408s   to   0.08704s   step (s):   0.01296s   temp: 1050.0C
Mechanics:   0.08704s   to       0.1s   step    :   0.01296s   temp: 1050.0C
Diffusion:   0.08704s   to       0.1s   step (s):   0.01296s   temp: 1050.0C

Elapsed time for diffuse 17.33s
----------------------------------------------------------------- struct -----
struct tdr= "n234_MOS3"
------------------------------------------------------------------------------
Points: 2114
Nodes: 2306
Edges: 6324
Faces: 4027
Volumes: 0

Writing file n234_MOS3_fps.tdr...done

---------------------------------------------------------------- implant -----
implant energy= 30.00<keV> dose= 1.00e+12<cm-2> tilt= 30.00<degree> rotation= 0.00e+00<degree> Boron
------------------------------------------------------------------------------
No substrate defined (implant).  Skip updateStrain.
Species           =  Boron
Dataset           =  Boron
Energy            =  30keV
Dose (WaferDose)  =  1e+12/cm2
BeamDose          =  1.1547e+12/cm2
BeamDose2D        =  1.1547e+12/cm2
Tilt              =  30deg
Tilt2D            =  30deg
Rotation          =   0deg
Slice angle       = 180deg
Temperature       = 300.00K
LeftBoundary      =  Extend
RightBoundary     =  Extend

Total implant time:    0.72sec
- - - - - - - - - - - - - - - - - - - - - - - - - - - - - - - - - - - - - - - 
Computing finite volumes...
Finite volumes done

 Dose in:   Silicon_1 PolySilicon     Oxide_1 Oxide_1+Sil       Total
              Silicon PolySilicon       Oxide Oxide_Silic
    Boron  1.9637e+14  1.3793e+11  9.9820e+11  1.2486e+11  1.9763e+14
  Arsenic  7.5464e+12  2.5203e+12  4.3456e+07  1.3446e+06  1.0067e+13
      Int  2.2336e+09  0.0000e+00  9.8837e+04  2.5000e+04  2.2337e+09
      Vac  6.6359e+10  0.0000e+00  1.3351e+08  2.5000e+04  6.6492e+10
 ICluster  1.1681e+10  0.0000e+00  0.0000e+00  2.5000e+04  1.1681e+10
       B4  7.9927e+03  2.5000e+01  3.8145e+00  2.5000e+04  1.6869e+05
      As3  5.0627e+02  2.5000e+01  3.8145e+00  2.5000e+04  1.6121e+05
- - - - - - - - - - - - - - - - - - - - - - - - - - - - - - - - - - - - - - - 


No substrate defined (implant).  Skip updateStrain.
---------------------------------------------------------------- implant -----
implant energy= 30.00<keV> dose= 1.00e+12<cm-2> tilt= 30.00<degree> rotation= 90.00<degree> Boron
------------------------------------------------------------------------------
No substrate defined (implant).  Skip updateStrain.
Species           =  Boron
Dataset           =  Boron
Energy            =  30keV
Dose (WaferDose)  =  1e+12/cm2
BeamDose          =  1.1547e+12/cm2
BeamDose2D        =  1e+12/cm2
Tilt              =  30deg
Tilt2D            =   0deg
Rotation          =  90deg
Slice angle       = 180deg
Temperature       = 300.00K
LeftBoundary      =  Extend
RightBoundary     =  Extend

Total implant time:    0.69sec
- - - - - - - - - - - - - - - - - - - - - - - - - - - - - - - - - - - - - - - 
Computing finite volumes...
Finite volumes done

 Dose in:   Silicon_1 PolySilicon     Oxide_1 Oxide_1+Sil       Total
              Silicon PolySilicon       Oxide Oxide_Silic
    Boron  1.9720e+14  2.7162e+11  1.0359e+12  1.2486e+11  1.9863e+14
  Arsenic  7.5464e+12  2.5203e+12  4.3456e+07  1.3446e+06  1.0067e+13
      Int  2.2336e+09  0.0000e+00  9.8837e+04  2.5000e+04  2.2337e+09
      Vac  6.6359e+10  0.0000e+00  1.3351e+08  2.5000e+04  6.6492e+10
 ICluster  1.1681e+10  0.0000e+00  0.0000e+00  2.5000e+04  1.1681e+10
       B4  7.9927e+03  2.5000e+01  3.8145e+00  2.5000e+04  1.6869e+05
      As3  5.0627e+02  2.5000e+01  3.8145e+00  2.5000e+04  1.6121e+05
- - - - - - - - - - - - - - - - - - - - - - - - - - - - - - - - - - - - - - - 


No substrate defined (implant).  Skip updateStrain.
---------------------------------------------------------------- implant -----
implant energy= 30.00<keV> dose= 1.00e+12<cm-2> tilt= 30.00<degree> rotation= 180.00<degree> Boron
------------------------------------------------------------------------------
No substrate defined (implant).  Skip updateStrain.
Species           =  Boron
Dataset           =  Boron
Energy            =  30keV
Dose (WaferDose)  =  1e+12/cm2
BeamDose          =  1.1547e+12/cm2
BeamDose2D        =  1.1547e+12/cm2
Tilt              =  30deg
Tilt2D            = -30deg
Rotation          = 180deg
Slice angle       = 180deg
Temperature       = 300.00K
LeftBoundary      =  Extend
RightBoundary     =  Extend

Total implant time:    0.74sec
- - - - - - - - - - - - - - - - - - - - - - - - - - - - - - - - - - - - - - - 
Computing finite volumes...
Finite volumes done

 Dose in:   Silicon_1 PolySilicon     Oxide_1 Oxide_1+Sil       Total
              Silicon PolySilicon       Oxide Oxide_Silic
    Boron  1.9811e+14  3.9783e+11  1.0693e+12  1.2486e+11  1.9970e+14
  Arsenic  7.5464e+12  2.5203e+12  4.3456e+07  1.3446e+06  1.0067e+13
      Int  2.2336e+09  0.0000e+00  9.8837e+04  2.5000e+04  2.2337e+09
      Vac  6.6359e+10  0.0000e+00  1.3351e+08  2.5000e+04  6.6492e+10
 ICluster  1.1681e+10  0.0000e+00  0.0000e+00  2.5000e+04  1.1681e+10
       B4  7.9927e+03  2.5000e+01  3.8145e+00  2.5000e+04  1.6869e+05
      As3  5.0627e+02  2.5000e+01  3.8145e+00  2.5000e+04  1.6121e+05
- - - - - - - - - - - - - - - - - - - - - - - - - - - - - - - - - - - - - - - 


No substrate defined (implant).  Skip updateStrain.
---------------------------------------------------------------- implant -----
implant energy= 30.00<keV> dose= 1.00e+12<cm-2> tilt= 30.00<degree> rotation= 270.00<degree> Boron
------------------------------------------------------------------------------
No substrate defined (implant).  Skip updateStrain.
Species           =  Boron
Dataset           =  Boron
Energy            =  30keV
Dose (WaferDose)  =  1e+12/cm2
BeamDose          =  1.1547e+12/cm2
BeamDose2D        =  1e+12/cm2
Tilt              =  30deg
Tilt2D            =  -0deg
Rotation          = 270deg
Slice angle       = 180deg
Temperature       = 300.00K
LeftBoundary      =  Extend
RightBoundary     =  Extend

Total implant time:     0.7sec
- - - - - - - - - - - - - - - - - - - - - - - - - - - - - - - - - - - - - - - 
Computing finite volumes...
Finite volumes done

 Dose in:   Silicon_1 PolySilicon     Oxide_1 Oxide_1+Sil       Total
              Silicon PolySilicon       Oxide Oxide_Silic
    Boron  1.9893e+14  5.3151e+11  1.1070e+12  1.2486e+11  2.0070e+14
  Arsenic  7.5464e+12  2.5203e+12  4.3456e+07  1.3446e+06  1.0067e+13
      Int  2.2336e+09  0.0000e+00  9.8837e+04  2.5000e+04  2.2337e+09
      Vac  6.6359e+10  0.0000e+00  1.3351e+08  2.5000e+04  6.6492e+10
 ICluster  1.1681e+10  0.0000e+00  0.0000e+00  2.5000e+04  1.1681e+10
       B4  7.9927e+03  2.5000e+01  3.8145e+00  2.5000e+04  1.6869e+05
      As3  5.0627e+02  2.5000e+01  3.8145e+00  2.5000e+04  1.6121e+05
- - - - - - - - - - - - - - - - - - - - - - - - - - - - - - - - - - - - - - - 


No substrate defined (implant).  Skip updateStrain.
---------------------------------------------------------------- diffuse -----
diffuse time= 5.00<s> temperature= 1050.00<C>
------------------------------------------------------------------------------
---- ---- ---- ---- ---- ---- ---- ---- ---- ---- ---- ---- ---- ---- ---- ---
Anneal step:	
	Time        = 5s
	Temperature = 1050.0C
	Ramp rate   = 0C/s
Mechanics:         0s   to    0.0001s   step    :    0.0001s   temp: 1050.0C
--- --- --- --- --- --- --- --- --- --- --- --- --- --- --- --- --- --- --- --
Initializing:  
--- --- --- --- --- --- --- --- --- --- --- --- --- --- --- --- --- --- --- --
Initialization is done.
--- --- --- --- --- --- --- --- --- --- --- --- --- --- --- --- --- --- --- --
Diffusion:         0s   to    0.0001s   step (s):    0.0001s   temp: 1050.0C
Mechanics:    0.0001s   to 0.0001895s   step    : 8.947e-05s   temp: 1050.0C
Diffusion:    0.0001s   to 0.0001895s   step (s): 8.947e-05s   temp: 1050.0C
Mechanics: 0.0001895s   to 0.0003265s   step    :  0.000137s   temp: 1050.0C
Diffusion: 0.0001895s   to 0.0003265s   step (s):  0.000137s   temp: 1050.0C
Mechanics: 0.0003265s   to 0.0005961s   step    : 0.0002696s   temp: 1050.0C
Diffusion: 0.0003265s   to 0.0005961s   step (s): 0.0002696s   temp: 1050.0C
Mechanics: 0.0005961s   to  0.001135s   step    : 0.0005392s   temp: 1050.0C
Diffusion: 0.0005961s   to  0.001135s   step (s): 0.0005392s   temp: 1050.0C
Mechanics:  0.001135s   to  0.002214s   step    :  0.001078s   temp: 1050.0C
Diffusion:  0.001135s   to  0.002214s   step (s):  0.001078s   temp: 1050.0C
Mechanics:  0.002214s   to  0.004244s   step    :   0.00203s   temp: 1050.0C
Diffusion:  0.002214s   to  0.004244s   step (s):   0.00203s   temp: 1050.0C
Mechanics:  0.004244s   to  0.006781s   step    :  0.002537s   temp: 1050.0C
Diffusion:  0.004244s   to  0.006781s   step (s):  0.002537s   temp: 1050.0C
Mechanics:  0.006781s   to    0.0107s   step    :  0.003915s   temp: 1050.0C
Diffusion:  0.006781s   to    0.0107s   step (s):  0.003915s   temp: 1050.0C
Mechanics:    0.0107s   to   0.01658s   step    :  0.005879s   temp: 1050.0C
Diffusion:    0.0107s   to   0.01658s   step (s):  0.005879s   temp: 1050.0C
Mechanics:   0.01658s   to   0.02624s   step    :  0.009666s   temp: 1050.0C
Diffusion:   0.01658s   to   0.02624s   step (s):  0.009666s   temp: 1050.0C
Mechanics:   0.02624s   to   0.04266s   step    :   0.01642s   temp: 1050.0C
Diffusion:   0.02624s   to   0.04266s   step (s):   0.01642s   temp: 1050.0C
Mechanics:   0.04266s   to   0.06423s   step    :   0.02157s   temp: 1050.0C
Diffusion:   0.04266s   to   0.06423s   step (s):   0.02157s   temp: 1050.0C
Mechanics:   0.06423s   to   0.08545s   step    :   0.02123s   temp: 1050.0C
Diffusion:   0.06423s   to   0.08545s   step (s):   0.02123s   temp: 1050.0C
Mechanics:   0.08545s   to     0.107s   step    :   0.02154s   temp: 1050.0C
Diffusion:   0.08545s   to     0.107s   step (s):   0.02154s   temp: 1050.0C
Mechanics:     0.107s   to     0.129s   step    :   0.02196s   temp: 1050.0C
Diffusion:     0.107s   to     0.129s   step (s):   0.02196s   temp: 1050.0C
Mechanics:     0.129s   to    0.1523s   step    :    0.0234s   temp: 1050.0C
Diffusion:     0.129s   to    0.1523s   step (s):    0.0234s   temp: 1050.0C
Mechanics:    0.1523s   to    0.1807s   step    :    0.0283s   temp: 1050.0C
Diffusion:    0.1523s   to    0.1807s   step (s):    0.0283s   temp: 1050.0C
Mechanics:    0.1807s   to     0.225s   step    :   0.04433s   temp: 1050.0C
Diffusion:    0.1807s   to     0.225s   step (s):   0.04433s   temp: 1050.0C
Mechanics:     0.225s   to    0.3136s   step    :   0.08866s   temp: 1050.0C
Diffusion:     0.225s   to    0.3136s   step (s):   0.08866s   temp: 1050.0C
Mechanics:    0.3136s   to     0.491s   step    :    0.1773s   temp: 1050.0C
Diffusion:    0.3136s   to     0.491s   step (s):    0.1773s   temp: 1050.0C
Mechanics:     0.491s   to    0.8004s   step    :    0.3094s   temp: 1050.0C
Diffusion:     0.491s   to    0.8004s   step (s):    0.3094s   temp: 1050.0C
Mechanics:    0.8004s   to      1.21s   step    :    0.4097s   temp: 1050.0C
Diffusion:    0.8004s   to      1.21s   step (s):    0.4097s   temp: 1050.0C
Mechanics:      1.21s   to         2s   step    :    0.7896s   temp: 1050.0C
Diffusion:      1.21s   to         2s   step (s):    0.7896s   temp: 1050.0C
Mechanics:         2s   to       3.5s   step    :       1.5s   temp: 1050.0C
Diffusion:         2s   to       3.5s   step (s):       1.5s   temp: 1050.0C
Mechanics:       3.5s   to         5s   step    :       1.5s   temp: 1050.0C
Diffusion:       3.5s   to         5s   step (s):       1.5s   temp: 1050.0C

Elapsed time for diffuse 19.88s
----------------------------------------------------------------- struct -----
struct tdr= "n234_MOS4"
------------------------------------------------------------------------------
Points: 2114
Nodes: 2306
Edges: 6324
Faces: 4027
Volumes: 0

Writing file n234_MOS4_fps.tdr...done

---------------------------------------------------------------- deposit -----
deposit Nitride thickness= 0.162<um> isotropic
------------------------------------------------------------------------------
MGoals time: 0.199422

Updating sprocess mesh before Etch/Depo relax.
Generating SnMesh mesh... 

=================================  brep2d quality  =====================================
minAngle: 89.8985  [near (-0.270284 0)] at region=Nitride_1
nVerts = 337  nTris = 341  nRegs = 10
bmin: 2 0
bmax: -2.00898 1.08
min area: 9.90808e-05  max area: 0.502246  min edge length : 9.90808e-05
total area  : 13.0319 interface area: 2.85391
total volume: 4.22932
Conformal? true
Are all boundaries on bbox? true
==================================================================================
SnMesh time: 0.252144

========================  tri-grid quality (Gas excluded)  =======================
    0  10  20  30  40  50  60  70  80  90 100 110 120 130 140 150 160 170 180
 %    7   7   7   6   5   4   6   7   7  38  .   .   .   .   .             
---------------------------------------------------------------------------------
minAngle: 0.0511773  maxAngle: 144.941
nVerts = 2453  nTris = 4703  nMats = 5
max connectivity (tris per node): 12
bmin: 2 0
bmax: -2.00898 1.08
min edgeLength: 9.90808e-05  [near (-0.108935 0.26917)]
min volume: 4.09097e-08  max volume: 0.0275808  Total volume: 2.36981
bbox  volume: 4.3297
Are all boundaries on bbox? true
=================================================================================

Smallest region: Oxide_1  Total volume: 0.00411965
Initializing sprocess...time: 0.081581
Interpolating...elapsed time: 0.17
Mechanics:         0s   to         1s   step    :         1s   temp: 26.9C->26.9C
------------------------------------------------------------------- etch -----
etch Nitride anisotropic thickness= 0.189<um>
------------------------------------------------------------------------------
MGoals time: 0.177722

Updating sprocess mesh before Etch/Depo relax.
Generating SnMesh mesh... 

=================================  brep2d quality  =====================================
minAngle: 53.2463  [near (0.00627351 0.400821)] at region=Nitride_1
nVerts = 325  nTris = 329  nRegs = 11
bmin: 2 0
bmax: -2.00898 1.08
min area: 9.90808e-05  max area: 0.502246  min edge length : 9.90808e-05
total area  : 12.0733 interface area: 1.89538
total volume: 4.31776
Conformal? true
Are all boundaries on bbox? true
==================================================================================
SnMesh time: 0.26046

========================  tri-grid quality (Gas excluded)  =======================
    0  10  20  30  40  50  60  70  80  90 100 110 120 130 140 150 160 170 180
 %    5   6   6   4   4   4   4   6   6  29  .   .   .   .   .             
---------------------------------------------------------------------------------
minAngle: 0.0208333  maxAngle: 144.941
nVerts = 2362  nTris = 4523  nMats = 5
max connectivity (tris per node): 8
bmin: 2 0
bmax: -2.00898 1.08
min edgeLength: 9.90808e-05  [near (-0.108935 0.26336)]
min volume: 1.8793e-08  max volume: 0.0275808  Total volume: 2.19156
bbox  volume: 4.3297
Are all boundaries on bbox? true
=================================================================================

Smallest region: Oxide_1  Total volume: 0.00411965
Initializing sprocess...time: 0.08848
Interpolating...elapsed time: 0.15
Mechanics:         0s   to         1s   step    :         1s   temp: 26.9C->26.9C

----------------------------------------------------------------- struct -----
struct tdr= "n234_MOS5"
------------------------------------------------------------------------------
Points: 2362
Nodes: 2666
Edges: 7176
Faces: 4523
Volumes: 0

Writing file n234_MOS5_fps.tdr...done

---------------------------------------------------------------- implant -----
implant energy= 10.00<keV> dose= 1.00e+16<cm-2> tilt= 7.00<degree> rotation= -90.00<degree> Arsenic
------------------------------------------------------------------------------
No substrate defined (implant).  Skip updateStrain.
Species           =  Arsenic
Dataset           =  Arsenic
Energy            =  10keV
Dose (WaferDose)  =  1e+16/cm2
BeamDose          =  1.0075e+16/cm2
BeamDose2D        =  1e+16/cm2
Tilt              =   7deg
Tilt2D            =  -0deg
Rotation          = 270deg
Slice angle       = 180deg
Temperature       = 300.00K
LeftBoundary      =  Extend
RightBoundary     =  Extend

Total implant time:    0.54sec
- - - - - - - - - - - - - - - - - - - - - - - - - - - - - - - - - - - - - - - 
Computing finite volumes...
Finite volumes done

 Dose in:   Silicon_1 PolySilicon     Oxide_1   Nitride_1 Oxide_1+Sil       Total
              Silicon PolySilicon       Oxide     Nitride Oxide_Silic
    Boron  1.9891e+14  5.3125e+11  1.0968e+12  0.0000e+00  1.6109e+11  2.0070e+14
  Arsenic  6.3508e+15  2.5856e+15  5.0931e+07  9.7466e+14  5.8614e+07  9.9111e+15
      Int  4.3126e+08  0.0000e+00  9.8837e+04  0.0000e+00  2.5000e+04  4.3138e+08
      Vac  3.6969e+11  0.0000e+00  1.3351e+08  0.0000e+00  2.5000e+04  3.6983e+11
 ICluster  4.0794e+07  0.0000e+00  0.0000e+00  0.0000e+00  2.5000e+04  4.0844e+07
       B4  9.6403e+01  2.5000e+01  3.8145e+00  0.0000e+00  2.5000e+04  5.0125e+04
      As3  4.8013e+02  2.5000e+01  3.8145e+00  0.0000e+00  2.5000e+04  5.0509e+04
- - - - - - - - - - - - - - - - - - - - - - - - - - - - - - - - - - - - - - - 


No substrate defined (implant).  Skip updateStrain.
---------------------------------------------------------------- diffuse -----
diffuse time= 10.00<s> temperature= 1050.00<C>
------------------------------------------------------------------------------
---- ---- ---- ---- ---- ---- ---- ---- ---- ---- ---- ---- ---- ---- ---- ---
Anneal step:	
	Time        = 10s
	Temperature = 1050.0C
	Ramp rate   = 0C/s
Mechanics:         0s   to    0.0001s   step    :    0.0001s   temp: 1050.0C
--- --- --- --- --- --- --- --- --- --- --- --- --- --- --- --- --- --- --- --
Initializing:  
--- --- --- --- --- --- --- --- --- --- --- --- --- --- --- --- --- --- --- --
Initialization is done.
--- --- --- --- --- --- --- --- --- --- --- --- --- --- --- --- --- --- --- --
Diffusion:         0s   to    0.0001s   step (s):    0.0001s   temp: 1050.0C
Mechanics:    0.0001s   to 0.0001759s   step    : 7.586e-05s   temp: 1050.0C
Diffusion:    0.0001s   to 0.0001759s   step (s): 7.586e-05s   temp: 1050.0C
Mechanics: 0.0001759s   to 0.0002806s   step    : 0.0001047s   temp: 1050.0C
Diffusion: 0.0001759s   to 0.0002806s   step (s): 0.0001047s   temp: 1050.0C
Mechanics: 0.0002806s   to 0.0004549s   step    : 0.0001743s   temp: 1050.0C
Diffusion: 0.0002806s   to 0.0004549s   step (s): 0.0001743s   temp: 1050.0C
Mechanics: 0.0004549s   to 0.0006637s   step    : 0.0002088s   temp: 1050.0C
Diffusion: 0.0004549s   to 0.0006637s   step (s): 0.0002088s   temp: 1050.0C
Mechanics: 0.0006637s   to 0.0009368s   step    :  0.000273s   temp: 1050.0C
Diffusion: 0.0006637s   to 0.0009368s   step (s):  0.000273s   temp: 1050.0C
Mechanics: 0.0009368s   to  0.001324s   step    : 0.0003874s   temp: 1050.0C
Diffusion: 0.0009368s   to  0.001324s   step (s): 0.0003874s   temp: 1050.0C
Mechanics:  0.001324s   to   0.00187s   step    : 0.0005454s   temp: 1050.0C
Diffusion:  0.001324s   to   0.00187s   step (s): 0.0005454s   temp: 1050.0C
Mechanics:   0.00187s   to   0.00261s   step    :   0.00074s   temp: 1050.0C
Diffusion:   0.00187s   to   0.00261s   step (s):   0.00074s   temp: 1050.0C
Mechanics:   0.00261s   to  0.003558s   step    : 0.0009486s   temp: 1050.0C
Diffusion:   0.00261s   to  0.003558s   step (s): 0.0009486s   temp: 1050.0C
Mechanics:  0.003558s   to  0.004864s   step    :  0.001306s   temp: 1050.0C
Diffusion:  0.003558s   to  0.004864s   step (s):  0.001306s   temp: 1050.0C
Mechanics:  0.004864s   to  0.006674s   step    :   0.00181s   temp: 1050.0C
Diffusion:  0.004864s   to  0.006674s   step (s):   0.00181s   temp: 1050.0C
Mechanics:  0.006674s   to  0.008789s   step    :  0.002115s   temp: 1050.0C
Diffusion:  0.006674s   to  0.008789s   step (s):  0.002115s   temp: 1050.0C
Mechanics:  0.008789s   to   0.01136s   step    :  0.002576s   temp: 1050.0C
Diffusion:  0.008789s   to   0.01136s   step (s):  0.002576s   temp: 1050.0C
Mechanics:   0.01136s   to   0.01463s   step    :  0.003266s   temp: 1050.0C
Diffusion:   0.01136s   to   0.01463s   step (s):  0.003266s   temp: 1050.0C
Mechanics:   0.01463s   to   0.01959s   step    :  0.004959s   temp: 1050.0C
Diffusion:   0.01463s   to   0.01959s   step (s):  0.004959s   temp: 1050.0C
Mechanics:   0.01959s   to   0.02947s   step    :  0.009884s   temp: 1050.0C
Diffusion:   0.01959s   to   0.02947s   step (s):  0.009884s   temp: 1050.0C
Mechanics:   0.02947s   to   0.04606s   step    :   0.01659s   temp: 1050.0C
Diffusion:   0.02947s   to   0.04606s   step (s):   0.01659s   temp: 1050.0C
Mechanics:   0.04606s   to   0.07315s   step    :    0.0271s   temp: 1050.0C
Diffusion:   0.04606s   to   0.07315s   step (s):    0.0271s   temp: 1050.0C
Mechanics:   0.07315s   to    0.1012s   step    :   0.02808s   temp: 1050.0C
Diffusion:   0.07315s   to    0.1012s   step (s):   0.02808s   temp: 1050.0C
Mechanics:    0.1012s   to    0.1244s   step    :   0.02315s   temp: 1050.0C
Diffusion:    0.1012s   to    0.1244s   step (s):   0.02315s   temp: 1050.0C
Mechanics:    0.1244s   to    0.1521s   step    :   0.02774s   temp: 1050.0C
Diffusion:    0.1244s   to    0.1521s   step (s):   0.02774s   temp: 1050.0C
Mechanics:    0.1521s   to    0.1802s   step    :   0.02805s   temp: 1050.0C
Diffusion:    0.1521s   to    0.1802s   step (s):   0.02805s   temp: 1050.0C
Mechanics:    0.1802s   to    0.2112s   step    :   0.03106s   temp: 1050.0C
Diffusion:    0.1802s   to    0.2112s   step (s):   0.03106s   temp: 1050.0C
Mechanics:    0.2112s   to    0.2444s   step    :   0.03312s   temp: 1050.0C
Diffusion:    0.2112s   to    0.2444s   step (s):   0.03312s   temp: 1050.0C
Mechanics:    0.2444s   to    0.2899s   step    :   0.04554s   temp: 1050.0C
Diffusion:    0.2444s   to    0.2899s   step (s):   0.04554s   temp: 1050.0C
Mechanics:    0.2899s   to    0.3755s   step    :   0.08559s   temp: 1050.0C
Diffusion:    0.2899s   to    0.3755s   step (s):   0.08559s   temp: 1050.0C
Mechanics:    0.3755s   to    0.5467s   step    :    0.1712s   temp: 1050.0C
Diffusion:    0.3755s   to    0.5467s   step (s):    0.1712s   temp: 1050.0C
Mechanics:    0.5467s   to    0.8638s   step    :    0.3172s   temp: 1050.0C
Diffusion:    0.5467s   to    0.8638s   step (s):    0.3172s   temp: 1050.0C
Mechanics:    0.8638s   to     1.317s   step    :    0.4534s   temp: 1050.0C
Diffusion:    0.8638s   to     1.317s   step (s):    0.4534s   temp: 1050.0C
Mechanics:     1.317s   to     2.065s   step    :    0.7476s   temp: 1050.0C
Diffusion:     1.317s   to     2.065s   step (s):    0.7476s   temp: 1050.0C
Mechanics:     2.065s   to     3.324s   step    :     1.259s   temp: 1050.0C
Diffusion:     2.065s   to     3.324s   step (s):     1.259s   temp: 1050.0C
Mechanics:     3.324s   to     5.698s   step    :     2.374s   temp: 1050.0C
Diffusion:     3.324s   to     5.698s   step (s):     2.374s   temp: 1050.0C
Mechanics:     5.698s   to     7.849s   step    :     2.151s   temp: 1050.0C
Diffusion:     5.698s   to     7.849s   step (s):     2.151s   temp: 1050.0C
Mechanics:     7.849s   to        10s   step    :     2.151s   temp: 1050.0C
Diffusion:     7.849s   to        10s   step (s):     2.151s   temp: 1050.0C

Elapsed time for diffuse 33.38s
----------------------------------------------------------------- struct -----
struct tdr= "n234_MOS6"
------------------------------------------------------------------------------
Points: 2362
Nodes: 2666
Edges: 7176
Faces: 4523
Volumes: 0

Writing file n234_MOS6_fps.tdr...done

---------------------------------------------------------------- deposit -----
deposit type= "anisotropic" thickness= 0.0500<um> material= {Aluminum}
------------------------------------------------------------------------------
MGoals time: 0.221139

Updating sprocess mesh before Etch/Depo relax.
Generating SnMesh mesh... 

=================================  brep2d quality  =====================================
minAngle: 53.2463  [near (0.00627351 0.400821)] at region=Nitride_1
nVerts = 368  nTris = 373  nRegs = 14
bmin: 2 0
bmax: -2.00898 1.08
min area: 9.90808e-05  max area: 0.502246  min edge length : 9.90808e-05
total area  : 13.2145 interface area: 3.03651
total volume: 4.31191
Conformal? true
Are all boundaries on bbox? true
==================================================================================
SnMesh time: 0.282549

========================  tri-grid quality (Gas excluded)  =======================
    0  10  20  30  40  50  60  70  80  90 100 110 120 130 140 150 160 170 180
 %    7   7   7   5   5   5   5   7   7  35  .   .   .   .   .             
---------------------------------------------------------------------------------
minAngle: 0.0208333  maxAngle: 144.941
nVerts = 2429  nTris = 4655  nMats = 6
max connectivity (tris per node): 10
bmin: 2 0
bmax: -2.00898 1.08
min edgeLength: 9.90808e-05  [near (-0.108935 0.25672)]
min volume: 1.8793e-08  max volume: 0.0275808  Total volume: 2.24556
bbox  volume: 4.3297
Are all boundaries on bbox? true
=================================================================================

Smallest region: Oxide_1  Total volume: 0.00411965
Initializing sprocess...time: 0.118798
Interpolating...elapsed time: 0.27
Mechanics:         0s   to         1s   step    :         1s   temp: 26.9C->26.9C
------------------------------------------------------------------- mask -----
mask name= "contacts_mask" left= 0.648<um>
------------------------------------------------------------------------------
------------------------------------------------------------------- etch -----
etch mask= "contacts_mask" type= "anisotropic" thickness= 0.100<um> material= {Aluminum}
------------------------------------------------------------------------------
MGoals time: 0.191393

Updating sprocess mesh before Etch/Depo relax.
Generating SnMesh mesh... 

=================================  brep2d quality  =====================================
minAngle: 53.2463  [near (0.00627351 0.400821)] at region=Nitride_1
nVerts = 343  nTris = 348  nRegs = 15
bmin: 2 0
bmax: -2.00898 1.08
min area: 9.90808e-05  max area: 0.502246  min edge length : 9.90808e-05
total area  : 12.5553 interface area: 2.37738
total volume: 4.34568
Conformal? true
Are all boundaries on bbox? true
==================================================================================
SnMesh time: 0.25712

========================  tri-grid quality (Gas excluded)  =======================
    0  10  20  30  40  50  60  70  80  90 100 110 120 130 140 150 160 170 180
 %    6   6   6   4   4   4   4   6   6  30  .   .   .   .   .             
---------------------------------------------------------------------------------
minAngle: 0.0391139  maxAngle: 144.941
nVerts = 2470  nTris = 4738  nMats = 6
max connectivity (tris per node): 8
bmin: 2 0
bmax: -2.00898 1.08
min edgeLength: 9.90808e-05  [near (-0.108935 0.26336)]
min volume: 1.8793e-08  max volume: 0.0275808  Total volume: 2.21316
bbox  volume: 4.3297
Are all boundaries on bbox? true
=================================================================================

Smallest region: Oxide_1  Total volume: 0.00411965
Initializing sprocess...time: 0.117747
Interpolating...elapsed time: 0.26
Mechanics:         0s   to         1s   step    :         1s   temp: 26.9C->26.9C

-------------------------------------------------------------- transform -----
transform left reflect
------------------------------------------------------------------------------
Time for adding meshes: 0.05
Time for copying data: 0.01
Time for merging regions: 0.05
---------------------------------------------------------------- contact -----
contact name= "substrate" bottom
------------------------------------------------------------------------------
---------------------------------------------------------------- contact -----
contact name= "source" X= -0.0100<um> Y= -0.810<um> point replace
------------------------------------------------------------------------------
---------------------------------------------------------------- contact -----
contact name= "drain" X= -0.0100<um> Y= 0.810<um> point replace
------------------------------------------------------------------------------
---------------------------------------------------------------- contact -----
contact name= "gate" X= -0.0500<um> Y= 0.00e+00<um> point
------------------------------------------------------------------------------

Turning off restart capability for n234_fps.tdr (requires gas and interfaces)
----------------------------------------------------------------- struct -----
struct tdr= "n234" !Gas !interfaces
------------------------------------------------------------------------------
Interpolating...elapsed time: 0.23
Points: 4836
Nodes: 5610
Edges: 15057
Faces: 9476
Volumes: 0

Writing file n234_fps.tdr... Point contact source is in region Aluminum_1.1
 Point contact drain is in region Aluminum_1.2
 Point contact gate is in region PolySilicon_1
done

------------------------------------------------------------------------------
Summary:
Anneal time stepping:
  reaction/mechanics steps=119 minimum=38.95s maximum=1.0000e+38s
  diffusion steps=119 minimum=6.8734e-05s maximum=1.1462e+02s
Edge/Face swapping:
 calls=9 flips=0
------------------------------------------------------------------------------
License features used:
    sprocess
    sprocess2d
------------------------------------------------------------------------------

Elapsed Time:	00:02:17
User Time:	00:02:10
CPU Time:	00:02:08

Detailed CPU time report:

26.54 sec (21.0%) Diffusion step time. (119 calls).
14.24 sec (11.3%) solution command (141697 calls).
12.23 sec (9.7%) Mechanics step (119 calls).
12.08 sec (9.6%) Solver(PDE). (1288 calls).
9.16 sec (7.3%) implant command (297 calls).
7.15 sec (5.7%) term command (24401 calls).
6.54 sec (5.2%) Store nodal values: Serial. (10874 calls).
6.28 sec (5.0%) struct command (7 calls).
4.71 sec (3.7%) Mechanics preassembly (126 calls).
4.29 sec (3.4%) Serial mode assembly. (1912 calls).
3.75 sec (3.0%) sel command (4098 calls).
2.12 sec (1.7%) Total time spent in Symbolic. (9 calls).
1.79 sec (1.4%) SnMesh meshing (8 calls).
1.53 sec (1.2%) Other Program Parts (1 calls).
1.19 sec (0.9%) mater command (8951 calls).
1.17 sec (0.9%) Mechanics assembly (serial mode) (126 calls).
1.14 sec (0.9%) Reaction step time. (119 calls).
1.07 sec (0.8%) Arr command (27138 calls).
1.03 sec (0.8%) mgoals (7 calls).
1.01 sec (0.8%) Solver(Mechanics) (126 calls).
0.99 sec (0.8%) FieldServer copy (28 calls).
0.88 sec (0.7%) Bulk Interpolation (25 calls).
0.75 sec (0.6%) etch command (4 calls).
0.74 sec (0.6%) Interface interpolation (42 calls).
0.65 sec (0.5%) diffuse command (4 calls).

Detailed elapsed time report:

27.86 sec (21.0%) Diffusion step time. (119 calls).
14.89 sec (11.2%) solution command (141697 calls).
12.81 sec (9.7%) Solver(PDE). (1288 calls).
12.63 sec (9.5%) Mechanics step (119 calls).
9.50 sec (7.2%) implant command (297 calls).
7.50 sec (5.7%) term command (24401 calls).
6.93 sec (5.2%) struct command (7 calls).
6.81 sec (5.1%) Store nodal values: Serial. (10874 calls).
5.10 sec (3.8%) Mechanics preassembly (126 calls).
4.54 sec (3.4%) Serial mode assembly. (1912 calls).
3.81 sec (2.9%) sel command (4098 calls).
2.34 sec (1.8%) Total time spent in Symbolic. (9 calls).
1.87 sec (1.4%) SnMesh meshing (8 calls).
1.55 sec (1.2%) Other Program Parts (1 calls).
1.38 sec (1.0%) Reaction step time. (119 calls).
1.26 sec (0.9%) Mechanics assembly (serial mode) (126 calls).
1.22 sec (0.9%) mater command (8951 calls).
1.17 sec (0.9%) Arr command (27138 calls).
1.11 sec (0.8%) mgoals (7 calls).
1.07 sec (0.8%) FieldServer copy (28 calls).
1.04 sec (0.8%) Solver(Mechanics) (126 calls).
0.95 sec (0.7%) Bulk Interpolation (25 calls).
0.78 sec (0.6%) etch command (4 calls).
0.76 sec (0.6%) Interface interpolation (42 calls).
