****************************************************************************
***                          Sentaurus Process                           ***
***                          Version O-2018.06                           ***
***                       (1.1029, x86_64, Linux)                        ***
***                                                                      ***
***                       Copyright (C) 1993-2002                        ***
***          The board of regents of the University of Florida           ***
***                       Copyright (C) 1994-2018                        ***
***                            Synopsys, Inc.                            ***
***                                                                      ***
***  This software and the associated documentation are confidential     ***
***  and proprietary to Synopsys, Inc.  Your use or disclosure of this   ***
***  software is subject to the terms and conditions of a written        ***
***  license agreement between you, or your company, and Synopsys, Inc.  ***
****************************************************************************

Compiled Thu May  3 06:21:22 PDT 2018 on tcadprod10

      Started at: Tue Nov 17 09:01:49 2020 (EDT)
       User name: student
       Host name: acs14007.4225.cse.uconn.edu
             PID: 9077
    Architecture: x86_64
Operating system: Linux rel. 3.10.0-1127.18.2.el7.x86_64 ver. #1 SMP Mon Jul 20 22:32:16 UTC 2020

------------------------------------------------------------------------------
Checking syntax of n38_fps.cmd:

Syntax check complete.
------------------------------------------------------------------------------

Starting Tcl interpreter with inputfile: n38_fps.cmd
            sprocess: Checked Out

Loading models file: /usr/synopsys/sentaurus/O_2018.06/tcad/current/lib/sprocess-28.0.1029/TclLib/SPROCESS.models... done.
------------------------------------------------------------------- math -----
math coord.ucs
------------------------------------------------------------------------------
------------------------------------------------------------------- line -----
line X location= 0.00e+00<um> spacing= 1.00<nm> tag= "SiTop"
------------------------------------------------------------------------------
------------------------------------------------------------------- line -----
line X location= 50.00<nm> spacing= 10.00<nm>
------------------------------------------------------------------------------
------------------------------------------------------------------- line -----
line X location= 0.500<um> spacing= 50.00<nm>
------------------------------------------------------------------------------
------------------------------------------------------------------- line -----
line X location= 2.00<um> spacing= 0.200<um> tag= "SiBottom"
------------------------------------------------------------------------------
------------------------------------------------------------------- line -----
line Y location= 0.00e+00<um> spacing= 0.0240<um> tag= "Mid"
------------------------------------------------------------------------------
------------------------------------------------------------------- line -----
line Y location= 0.120<um> spacing= 0.0120<um>
------------------------------------------------------------------------------
------------------------------------------------------------------- line -----
line Y location= 0.480<um> spacing= 0.240<um> tag= "Right"
------------------------------------------------------------------------------
----------------------------------------------------------------- region -----
region xlo= "SiTop" xhi= "SiBottom" ylo= "Mid" yhi= "Right" Silicon
------------------------------------------------------------------------------
------------------------------------------------------------------- init -----
init concentration= 1.00e+18<cm-3> field= "Boron" slice.angle= 180.00<degree> !DelayFullD
------------------------------------------------------------------------------
          sprocess2d: Checked Out

Creating structure...
Recreating refinements to take into account updated simulation dimension.
Done recreating refinements.


Points: 675
Nodes: 675
Edges: 1906
Faces: 1232
Volumes: 0

----------------------------------------------------------------- pdbSet -----
pdbSet Silicon Dopant DiffModel ChargedFermi
------------------------------------------------------------------------------

- - - - - - - - - - - - - - - - - - - - - - - - - - - - - - - - - - - - - - -
Loading Advanced Calibration 2018.06 (1.1)


- - - - - - - - - - - - - - - - - - - - - - - - - - - - - - - - - - - - - - -

------------------------------------------------------------------- grid -----
grid set.min.normal.size= 1.00<nm> set.normal.growth.ratio.2d= 1.50
------------------------------------------------------------------------------
----------------------------------------------------------------- mgoals -----
mgoals accuracy= 1.00e-05<um>
------------------------------------------------------------------------------
----------------------------------------------------------------- pdbSet -----
pdbSet Oxide Grid perp.add.dist 1e-7
------------------------------------------------------------------------------
----------------------------------------------------------------- pdbSet -----
pdbSet Grid NativeLayerThickness 1e-7
------------------------------------------------------------------------------

Gas not found in structure, adding.
Generating SnMesh mesh... 

=================================  brep2d quality  =====================================
minAngle: 90  [near (2 0)] at region=Silicon_1
nVerts = 157  nTris = 158  nRegs = 2
bmin: 2 0
bmax: -0.1 0.48
min area: 0.000513853  max area: 0.1957  min edge length : 0.000513853
total area  : 5.64 interface area: 0.48
total volume: 1.488
Conformal? true
Are all boundaries on bbox? true
==================================================================================
SnMesh time: 0.070855

========================  tri-grid quality (Gas excluded)  =======================
    0  10  20  30  40  50  60  70  80  90 100 110 120 130 140 150 160 170 180
 %    4   8   5   4   4   4   4   5   8  30                                
---------------------------------------------------------------------------------
minAngle: 0.235015  maxAngle: 90
nVerts = 885  nTris = 1624  nMats = 2
max connectivity (tris per node): 6
bmin: 2 0
bmax: -0.1 0.48
min edgeLength: 0.000513853  [near (0.00077078 0.48)]
min volume: 3.01747e-06  max volume: 0.0122581  Total volume: 0.96
bbox  volume: 1.008
Are all boundaries on bbox? true
=================================================================================

Smallest region: Silicon_1  Total volume: 0.96
Initializing sprocess...time: 9.3460e-03
Interpolating...elapsed time: 0.01
---------------------------------------------------------------- diffuse -----
diffuse time= 20.00<min> temperature= 950.00<C> O2
------------------------------------------------------------------------------
sprocess parallel assembly thread count = 1
Interpolating...elapsed time: 0.01
---- ---- ---- ---- ---- ---- ---- ---- ---- ---- ---- ---- ---- ---- ---- ---
Anneal step:	
	Time        = 20min
	Temperature = 950.0C
	Ramp rate   = 0C/s
Reaction :         0s   to    0.0001s   step    :    0.0001s   temp: 950.0C
sprocess ILS thread count = 1
Mechanics:         0s   to    0.0001s   step    :    0.0001s   temp: 950.0C
--- --- --- --- --- --- --- --- --- --- --- --- --- --- --- --- --- --- --- --
Initializing:  
--- --- --- --- --- --- --- --- --- --- --- --- --- --- --- --- --- --- --- --
Initialization is done.
--- --- --- --- --- --- --- --- --- --- --- --- --- --- --- --- --- --- --- --
Diffusion:         0s   to    0.0001s   step (s):    0.0001s   temp: 950.0C
Reaction :    0.0001s   to 0.0001687s   step    : 6.873e-05s   temp: 950.0C
Mechanics:    0.0001s   to 0.0001687s   step    : 6.873e-05s   temp: 950.0C
Diffusion:    0.0001s   to 0.0001687s   step (s): 6.873e-05s   temp: 950.0C
Reaction : 0.0001687s   to 0.0002542s   step    : 8.548e-05s   temp: 950.0C
Mechanics: 0.0001687s   to 0.0002542s   step    : 8.548e-05s   temp: 950.0C
Diffusion: 0.0001687s   to 0.0002542s   step (s): 8.548e-05s   temp: 950.0C
Reaction : 0.0002542s   to 0.0003926s   step    : 0.0001384s   temp: 950.0C
Mechanics: 0.0002542s   to 0.0003926s   step    : 0.0001384s   temp: 950.0C
Diffusion: 0.0002542s   to 0.0003926s   step (s): 0.0001384s   temp: 950.0C
Reaction : 0.0003926s   to 0.0006694s   step    : 0.0002768s   temp: 950.0C
Mechanics: 0.0003926s   to 0.0006694s   step    : 0.0002768s   temp: 950.0C
Diffusion: 0.0003926s   to 0.0006694s   step (s): 0.0002768s   temp: 950.0C
Reaction : 0.0006694s   to  0.001223s   step    : 0.0005536s   temp: 950.0C
Mechanics: 0.0006694s   to  0.001223s   step    : 0.0005536s   temp: 950.0C
Diffusion: 0.0006694s   to  0.001223s   step (s): 0.0005536s   temp: 950.0C
Reaction :  0.001223s   to   0.00233s   step    :  0.001107s   temp: 950.0C
Mechanics:  0.001223s   to   0.00233s   step    :  0.001107s   temp: 950.0C
Diffusion:  0.001223s   to   0.00233s   step (s):  0.001107s   temp: 950.0C
Reaction :   0.00233s   to  0.004545s   step    :  0.002214s   temp: 950.0C
Mechanics:   0.00233s   to  0.004545s   step    :  0.002214s   temp: 950.0C
Diffusion:   0.00233s   to  0.004545s   step (s):  0.002214s   temp: 950.0C
Reaction :  0.004545s   to  0.008973s   step    :  0.004429s   temp: 950.0C
Mechanics:  0.004545s   to  0.008973s   step    :  0.004429s   temp: 950.0C
Diffusion:  0.004545s   to  0.008973s   step (s):  0.004429s   temp: 950.0C
Reaction :  0.008973s   to   0.01783s   step    :  0.008858s   temp: 950.0C
Mechanics:  0.008973s   to   0.01783s   step    :  0.008858s   temp: 950.0C
Diffusion:  0.008973s   to   0.01783s   step (s):  0.008858s   temp: 950.0C
Reaction :   0.01783s   to   0.03555s   step    :   0.01772s   temp: 950.0C
Mechanics:   0.01783s   to   0.03555s   step    :   0.01772s   temp: 950.0C
Diffusion:   0.01783s   to   0.03555s   step (s):   0.01772s   temp: 950.0C
Reaction :   0.03555s   to   0.07098s   step    :   0.03543s   temp: 950.0C
Mechanics:   0.03555s   to   0.07098s   step    :   0.03543s   temp: 950.0C
Diffusion:   0.03555s   to   0.07098s   step (s):   0.03543s   temp: 950.0C
Reaction :   0.07098s   to    0.1418s   step    :   0.07086s   temp: 950.0C
Mechanics:   0.07098s   to    0.1418s   step    :   0.07086s   temp: 950.0C
Diffusion:   0.07098s   to    0.1418s   step (s):   0.07086s   temp: 950.0C
Reaction :    0.1418s   to    0.2782s   step    :    0.1364s   temp: 950.0C
Mechanics:    0.1418s   to    0.2782s   step    :    0.1364s   temp: 950.0C
Diffusion:    0.1418s   to    0.2782s   step (s):    0.1364s   temp: 950.0C
Reaction :    0.2782s   to    0.5097s   step    :    0.2314s   temp: 950.0C
Mechanics:    0.2782s   to    0.5097s   step    :    0.2314s   temp: 950.0C
Diffusion:    0.2782s   to    0.5097s   step (s):    0.2314s   temp: 950.0C
Reaction :    0.5097s   to    0.8684s   step    :    0.3587s   temp: 950.0C
Mechanics:    0.5097s   to    0.8684s   step    :    0.3587s   temp: 950.0C
Diffusion:    0.5097s   to    0.8684s   step (s):    0.3587s   temp: 950.0C
Reaction :    0.8684s   to      1.41s   step    :    0.5414s   temp: 950.0C
Mechanics:    0.8684s   to      1.41s   step    :    0.5414s   temp: 950.0C
Diffusion:    0.8684s   to      1.41s   step (s):    0.5414s   temp: 950.0C
Reaction :      1.41s   to     2.133s   step    :    0.7228s   temp: 950.0C
Mechanics:      1.41s   to     2.133s   step    :    0.7228s   temp: 950.0C
Diffusion:      1.41s   to     2.133s   step (s):    0.7228s   temp: 950.0C
Reaction :     2.133s   to     3.505s   step    :     1.372s   temp: 950.0C
Mechanics:     2.133s   to     3.505s   step    :     1.372s   temp: 950.0C
Diffusion:     2.133s   to     3.505s   step (s):     1.372s   temp: 950.0C
Reaction :     3.505s   to     6.249s   step    :     2.744s   temp: 950.0C
Mechanics:     3.505s   to     6.249s   step    :     2.744s   temp: 950.0C
Diffusion:     3.505s   to     6.249s   step (s):     2.744s   temp: 950.0C
Reaction :     6.249s   to     11.74s   step    :     5.488s   temp: 950.0C
Mechanics:     6.249s   to     11.74s   step    :     5.488s   temp: 950.0C
Interpolating...elapsed time: 0.02
Diffusion:     6.249s   to     11.74s   step (s):     5.488s   temp: 950.0C
Reaction :     11.74s   to     22.03s   step    :      10.3s   temp: 950.0C
Mechanics:     11.74s   to     22.03s   step    :      10.3s   temp: 950.0C
Diffusion:     11.74s   to     22.03s   step (s):      10.3s   temp: 950.0C
Reaction :     22.03s   to      40.4s   step    :     18.36s   temp: 950.0C
Mechanics:     22.03s   to      40.4s   step    :     18.36s   temp: 950.0C
Diffusion:     22.03s   to      40.4s   step (s):     18.36s   temp: 950.0C
Reaction :      40.4s   to     1.151min step    :     28.68s   temp: 950.0C
Mechanics:      40.4s   to     1.151min step    :     28.68s   temp: 950.0C
Interpolating...elapsed time: 0.03
Diffusion:      40.4s   to     1.151min step (s):     28.68s   temp: 950.0C
Reaction :     1.151min to     1.806min step    :     39.26s   temp: 950.0C
Mechanics:     1.151min to     1.806min step    :     39.26s   temp: 950.0C
Interpolating...elapsed time: 0.02
Diffusion:     1.151min to     1.806min step (s):     39.26s   temp: 950.0C
Reaction :     1.806min to     2.616min step    :     48.61s   temp: 950.0C
Mechanics:     1.806min to     2.616min step    :     48.61s   temp: 950.0C
Interpolating...elapsed time: 0.02
Diffusion:     1.806min to     2.616min step (s):     48.61s   temp: 950.0C
Reaction :     2.616min to     3.543min step    :     55.64s   temp: 950.0C
Mechanics:     2.616min to     3.543min step    :     55.64s   temp: 950.0C
Interpolating...elapsed time: 0.01
Diffusion:     2.616min to     3.543min step (s):     55.64s   temp: 950.0C
Reaction :     3.543min to     4.554min step    :     1.011min temp: 950.0C
Mechanics:     3.543min to     4.554min step    :     1.011min temp: 950.0C
Interpolating...elapsed time: 0.01
Diffusion:     3.543min to     4.554min step (s):     1.011min temp: 950.0C
Reaction :     4.554min to     5.656min step    :     1.102min temp: 950.0C
Mechanics:     4.554min to     5.656min step    :     1.102min temp: 950.0C
Interpolating...elapsed time: 0.02
Diffusion:     4.554min to     5.656min step (s):     1.102min temp: 950.0C
Reaction :     5.656min to     6.853min step    :     1.197min temp: 950.0C
Mechanics:     5.656min to     6.853min step    :     1.197min temp: 950.0C
Interpolating...elapsed time: 0.01
Diffusion:     5.656min to     6.853min step (s):     1.197min temp: 950.0C
Reaction :     6.853min to     8.148min step    :     1.296min temp: 950.0C
Mechanics:     6.853min to     8.148min step    :     1.296min temp: 950.0C
Interpolating...elapsed time: 0.03
Diffusion:     6.853min to     8.148min step (s):     1.296min temp: 950.0C
Reaction :     8.148min to     9.546min step    :     1.397min temp: 950.0C
Mechanics:     8.148min to     9.546min step    :     1.397min temp: 950.0C
Interpolating...elapsed time: 0.02
Diffusion:     8.148min to     9.546min step (s):     1.397min temp: 950.0C
Reaction :     9.546min to     11.05min step    :     1.501min temp: 950.0C
Mechanics:     9.546min to     11.05min step    :     1.501min temp: 950.0C
Interpolating...elapsed time: 0.02
Diffusion:     9.546min to     11.05min step (s):     1.501min temp: 950.0C
Reaction :     11.05min to     12.65min step    :     1.606min temp: 950.0C
Mechanics:     11.05min to     12.65min step    :     1.606min temp: 950.0C
Interpolating...elapsed time: 0.02
Diffusion:     11.05min to     12.65min step (s):     1.606min temp: 950.0C
Reaction :     12.65min to     14.36min step    :     1.711min temp: 950.0C
Mechanics:     12.65min to     14.36min step    :     1.711min temp: 950.0C
Interpolating...elapsed time: 0.02
Diffusion:     12.65min to     14.36min step (s):     1.711min temp: 950.0C
Reaction :     14.36min to     16.18min step    :     1.817min temp: 950.0C
Mechanics:     14.36min to     16.18min step    :     1.817min temp: 950.0C
Diffusion:     14.36min to     16.18min step (s):     1.817min temp: 950.0C
Reaction :     16.18min to     18.09min step    :      1.91min temp: 950.0C
Mechanics:     16.18min to     18.09min step    :      1.91min temp: 950.0C
Interpolating...elapsed time: 0.02
Diffusion:     16.18min to     18.09min step (s):      1.91min temp: 950.0C
Reaction :     18.09min to        20min step    :      1.91min temp: 950.0C
Mechanics:     18.09min to        20min step    :      1.91min temp: 950.0C
Interpolating...elapsed time: 0.02
Diffusion:     18.09min to        20min step (s):      1.91min temp: 950.0C

Elapsed time for diffuse 26.59s
----------------------------------------------------------------- layers -----
layers Oxide Y= 0.00e+00<um>
------------------------------------------------------------------------------
{         Top                Bottom             Integral             Material }
{ -8.984467469533e-03 6.273510154519e-03 0.000000000000e+00 Oxide }
DOE: tox 0.0153
----------------------------------------------------------------- struct -----
struct tdr= "n38_MOS1"
------------------------------------------------------------------------------
Points: 797
Nodes: 857
Edges: 2323
Faces: 1471
Volumes: 0

Writing file n38_MOS1_fps.tdr...done

---------------------------------------------------------------- deposit -----
deposit type= "anisotropic" thickness= 0.100<um> material= {PolySilicon}
------------------------------------------------------------------------------

MGoals time: 0.0360508

Updating sprocess mesh before Etch/Depo relax.
Generating SnMesh mesh... 

=================================  brep2d quality  =====================================
minAngle: 90  [near (2 0)] at region=Silicon_1
nVerts = 273  nTris = 276  nRegs = 6
bmin: 2 0
bmax: -2.00898 0.48
min area: 9.90803e-05  max area: 0.502246  min edge length : 9.90803e-05
total area  : 10.418 interface area: 1.44
total volume: 2.37881
Conformal? true
Are all boundaries on bbox? true
==================================================================================
SnMesh time: 0.219753

========================  tri-grid quality (Gas excluded)  =======================
    0  10  20  30  40  50  60  70  80  90 100 110 120 130 140 150 160 170 180
 %    9   7   4   3   3   3   3   4   7  34                                
---------------------------------------------------------------------------------
minAngle: 0.0453155  maxAngle: 90
nVerts = 1560  nTris = 2884  nMats = 4
max connectivity (tris per node): 6
bmin: 2 0
bmax: -2.00898 0.48
min edgeLength: 9.90803e-05  [near (-0.108935 0.131745)]
min volume: 5.81825e-07  max volume: 0.0122581  Total volume: 1.01231
bbox  volume: 1.92431
Are all boundaries on bbox? true
=================================================================================

Smallest region: Oxide_1  Total volume: 0.00732383
Initializing sprocess...time: 0.054746
Interpolating...elapsed time: 0.06
Mechanics:         0s   to         1s   step    :         1s   temp: 26.9C->26.9C

------------------------------------------------------------------- mask -----
mask name= "gate_mask" left= -0.120<um> right= 0.120<um>
------------------------------------------------------------------------------
------------------------------------------------------------------- etch -----
etch mask= "gate_mask" type= "anisotropic" thickness= 0.150<um> material= {PolySilicon}
------------------------------------------------------------------------------
MGoals time: 0.100976

Updating sprocess mesh before Etch/Depo relax.
Generating SnMesh mesh... 

=================================  brep2d quality  =====================================
minAngle: 90  [near (0.00627351 0.48)] at region=Oxide_1
nVerts = 282  nTris = 285  nRegs = 7
bmin: 2 0
bmax: -2.00898 0.48
min area: 9.90803e-05  max area: 0.502246  min edge length : 9.90803e-05
total area  : 10.158 interface area: 1.18
total volume: 1.93357
Conformal? true
Are all boundaries on bbox? true
==================================================================================
SnMesh time: 0.232421

========================  tri-grid quality (Gas excluded)  =======================
    0  10  20  30  40  50  60  70  80  90 100 110 120 130 140 150 160 170 180
 %    5   6   5   4   3   3   4   5   6  28  .   .   .                     
---------------------------------------------------------------------------------
minAngle: 0.0468751  maxAngle: 117.118
nVerts = 1976  nTris = 3737  nMats = 4
max connectivity (tris per node): 8
bmin: 2 0
bmax: -2.00898 0.48
min edgeLength: 9.90803e-05  [near (-0.108935 0.111147)]
min volume: 3.65492e-08  max volume: 0.0122581  Total volume: 0.976313
bbox  volume: 1.92431
Are all boundaries on bbox? true
=================================================================================

Smallest region: Oxide_1  Total volume: 0.00732383
Initializing sprocess...time: 0.071259
Interpolating...elapsed time: 0.07
Mechanics:         0s   to         1s   step    :         1s   temp: 26.9C->26.9C

------------------------------------------------------------------- etch -----
etch type= "anisotropic" thickness= 0.0600<um> material= {Oxide}
------------------------------------------------------------------------------
MGoals time: 0.126237

Updating sprocess mesh before Etch/Depo relax.
Generating SnMesh mesh... 

=================================  brep2d quality  =====================================
minAngle: 90  [near (2 0)] at region=Silicon_1
nVerts = 274  nTris = 277  nRegs = 8
bmin: 2 0
bmax: -2.00898 0.48
min area: 9.90803e-05  max area: 0.502246  min edge length : 9.90803e-05
total area  : 9.81323 interface area: 0.835258
total volume: 2.38989
Conformal? true
Are all boundaries on bbox? true
==================================================================================
SnMesh time: 0.201853

========================  tri-grid quality (Gas excluded)  =======================
    0  10  20  30  40  50  60  70  80  90 100 110 120 130 140 150 160 170 180
 %    4   6   4   4   4   3   4   4   6  25  .   .   .                     
---------------------------------------------------------------------------------
minAngle: 0.0468751  maxAngle: 117.118
nVerts = 1922  nTris = 3642  nMats = 4
max connectivity (tris per node): 8
bmin: 2 0
bmax: -2.00898 0.48
min edgeLength: 9.90803e-05  [near (-0.108935 0.111147)]
min volume: 3.65492e-08  max volume: 0.0122581  Total volume: 0.97082
bbox  volume: 1.92431
Are all boundaries on bbox? true
=================================================================================

Smallest region: Oxide_1  Total volume: 0.00183096
Initializing sprocess...time: 0.059645
Interpolating...elapsed time: 0.06
Mechanics:         0s   to         1s   step    :         1s   temp: 26.9C->26.9C

----------------------------------------------------------------- struct -----
struct tdr= "n38_MOS2"
------------------------------------------------------------------------------
Points: 1922
Nodes: 2096
Edges: 5729
Faces: 3642
Volumes: 0

Writing file n38_MOS2_fps.tdr...done

---------------------------------------------------------------- implant -----
implant energy= 20.00<keV> dose= 1.00e+13<cm-2> tilt= 0.00e+00<degree> rotation= 0.00e+00<degree> Arsenic
------------------------------------------------------------------------------
No substrate defined (implant).  Skip updateStrain.
Species           =  Arsenic
Dataset           =  Arsenic
Energy            =  20keV
Dose (WaferDose)  =  1e+13/cm2
BeamDose          =  1e+13/cm2
BeamDose2D        =  1e+13/cm2
Tilt              =   0deg
Tilt2D            =   0deg
Rotation          =   0deg
Slice angle       = 180deg
Temperature       = 300.00K
LeftBoundary      =  Extend
RightBoundary     =  Extend

Total implant time:    0.47sec
- - - - - - - - - - - - - - - - - - - - - - - - - - - - - - - - - - - - - - - 
Computing finite volumes...
Finite volumes done

 Dose in:   Silicon_1     Oxide_1 PolySilicon Oxide_1+Sil       Total
              Silicon       Oxide PolySilicon Oxide_Silic
    Boron  1.9563e+14  9.6586e+11  0.0000e+00  1.2295e+11  1.9672e+14
  Arsenic  7.5447e+12  1.0046e+08  2.4953e+12  0.0000e+00  1.0040e+13
      Int  5.7446e+08  9.8837e+04  0.0000e+00  2.5000e+04  5.7459e+08
      Vac  7.1328e+09  1.3351e+08  0.0000e+00  2.5000e+04  7.2663e+09
 ICluster  3.4275e+08  0.0000e+00  0.0000e+00  2.5000e+04  3.4278e+08
       O2  1.9937e-04  1.8220e+10  0.0000e+00  2.5000e-01  1.8220e+10
       B4  7.3295e+04  3.8145e+00  0.0000e+00  2.5000e+04  9.8299e+04
- - - - - - - - - - - - - - - - - - - - - - - - - - - - - - - - - - - - - - - 


No substrate defined (implant).  Skip updateStrain.
---------------------------------------------------------------- diffuse -----
diffuse time= 0.100<s> temperature= 1050.00<C>
------------------------------------------------------------------------------
---- ---- ---- ---- ---- ---- ---- ---- ---- ---- ---- ---- ---- ---- ---- ---
Anneal step:	
	Time        = 0.1s
	Temperature = 1050.0C
	Ramp rate   = 0C/s
Mechanics:         0s   to    0.0001s   step    :    0.0001s   temp: 1050.0C
--- --- --- --- --- --- --- --- --- --- --- --- --- --- --- --- --- --- --- --
Initializing:  
--- --- --- --- --- --- --- --- --- --- --- --- --- --- --- --- --- --- --- --
Initialization is done.
--- --- --- --- --- --- --- --- --- --- --- --- --- --- --- --- --- --- --- --
Diffusion:         0s   to    0.0001s   step (s):    0.0001s   temp: 1050.0C
Mechanics:    0.0001s   to 0.0001837s   step    : 8.365e-05s   temp: 1050.0C
Diffusion:    0.0001s   to 0.0001837s   step (s): 8.365e-05s   temp: 1050.0C
Mechanics: 0.0001837s   to 0.0003126s   step    :  0.000129s   temp: 1050.0C
Diffusion: 0.0001837s   to 0.0003126s   step (s):  0.000129s   temp: 1050.0C
Mechanics: 0.0003126s   to  0.000569s   step    : 0.0002564s   temp: 1050.0C
Diffusion: 0.0003126s   to  0.000569s   step (s): 0.0002564s   temp: 1050.0C
Mechanics:  0.000569s   to  0.001082s   step    : 0.0005128s   temp: 1050.0C
Diffusion:  0.000569s   to  0.001082s   step (s): 0.0005128s   temp: 1050.0C
Mechanics:  0.001082s   to  0.002013s   step    : 0.0009307s   temp: 1050.0C
Diffusion:  0.001082s   to  0.002013s   step (s): 0.0009307s   temp: 1050.0C
Mechanics:  0.002013s   to  0.003005s   step    :  0.000992s   temp: 1050.0C
Diffusion:  0.002013s   to  0.003005s   step (s):  0.000992s   temp: 1050.0C
Mechanics:  0.003005s   to   0.00436s   step    :  0.001355s   temp: 1050.0C
Diffusion:  0.003005s   to   0.00436s   step (s):  0.001355s   temp: 1050.0C
Mechanics:   0.00436s   to  0.006147s   step    :  0.001787s   temp: 1050.0C
Diffusion:   0.00436s   to  0.006147s   step (s):  0.001787s   temp: 1050.0C
Mechanics:  0.006147s   to  0.008262s   step    :  0.002115s   temp: 1050.0C
Diffusion:  0.006147s   to  0.008262s   step (s):  0.002115s   temp: 1050.0C
Mechanics:  0.008262s   to   0.01034s   step    :  0.002078s   temp: 1050.0C
Diffusion:  0.008262s   to   0.01034s   step (s):  0.002078s   temp: 1050.0C
Mechanics:   0.01034s   to   0.01257s   step    :  0.002229s   temp: 1050.0C
Diffusion:   0.01034s   to   0.01257s   step (s):  0.002229s   temp: 1050.0C
Mechanics:   0.01257s   to   0.01505s   step    :  0.002482s   temp: 1050.0C
Diffusion:   0.01257s   to   0.01505s   step (s):  0.002482s   temp: 1050.0C
Mechanics:   0.01505s   to   0.01815s   step    :  0.003101s   temp: 1050.0C
Diffusion:   0.01505s   to   0.01815s   step (s):  0.003101s   temp: 1050.0C
Mechanics:   0.01815s   to   0.02332s   step    :  0.005171s   temp: 1050.0C
Diffusion:   0.01815s   to   0.02332s   step (s):  0.005171s   temp: 1050.0C
Mechanics:   0.02332s   to   0.03366s   step    :   0.01034s   temp: 1050.0C
Diffusion:   0.02332s   to   0.03366s   step (s):   0.01034s   temp: 1050.0C
Mechanics:   0.03366s   to   0.05254s   step    :   0.01888s   temp: 1050.0C
Diffusion:   0.03366s   to   0.05254s   step (s):   0.01888s   temp: 1050.0C
Mechanics:   0.05254s   to   0.07503s   step    :   0.02249s   temp: 1050.0C
Diffusion:   0.05254s   to   0.07503s   step (s):   0.02249s   temp: 1050.0C
Mechanics:   0.07503s   to   0.08751s   step    :   0.01249s   temp: 1050.0C
Diffusion:   0.07503s   to   0.08751s   step (s):   0.01249s   temp: 1050.0C
Mechanics:   0.08751s   to       0.1s   step    :   0.01249s   temp: 1050.0C
Diffusion:   0.08751s   to       0.1s   step (s):   0.01249s   temp: 1050.0C

Elapsed time for diffuse 16.68s
----------------------------------------------------------------- struct -----
struct tdr= "n38_MOS3"
------------------------------------------------------------------------------
Points: 1922
Nodes: 2096
Edges: 5729
Faces: 3642
Volumes: 0

Writing file n38_MOS3_fps.tdr...done

---------------------------------------------------------------- implant -----
implant energy= 30.00<keV> dose= 1.00e+12<cm-2> tilt= 30.00<degree> rotation= 0.00e+00<degree> Boron
------------------------------------------------------------------------------
No substrate defined (implant).  Skip updateStrain.
Species           =  Boron
Dataset           =  Boron
Energy            =  30keV
Dose (WaferDose)  =  1e+12/cm2
BeamDose          =  1.1547e+12/cm2
BeamDose2D        =  1.1547e+12/cm2
Tilt              =  30deg
Tilt2D            =  30deg
Rotation          =   0deg
Slice angle       = 180deg
Temperature       = 300.00K
LeftBoundary      =  Extend
RightBoundary     =  Extend

Total implant time:    0.59sec
- - - - - - - - - - - - - - - - - - - - - - - - - - - - - - - - - - - - - - - 
Computing finite volumes...
Finite volumes done

 Dose in:   Silicon_1     Oxide_1 PolySilicon Oxide_1+Sil       Total
              Silicon       Oxide PolySilicon Oxide_Silic
    Boron  1.9627e+14  9.9695e+11  1.3391e+11  1.2496e+11  1.9753e+14
  Arsenic  7.5447e+12  9.8229e+07  2.4953e+12  3.0200e+06  1.0040e+13
      Int  2.2214e+09  9.8837e+04  0.0000e+00  2.5000e+04  2.2215e+09
      Vac  6.7604e+10  1.3351e+08  0.0000e+00  2.5000e+04  6.7737e+10
 ICluster  1.1543e+10  0.0000e+00  0.0000e+00  2.5000e+04  1.1543e+10
       B4  7.8694e+03  3.8145e+00  2.5000e+01  2.5000e+04  1.8191e+05
      As3  4.9578e+02  3.8145e+00  2.5000e+01  2.5000e+04  1.7454e+05
- - - - - - - - - - - - - - - - - - - - - - - - - - - - - - - - - - - - - - - 


No substrate defined (implant).  Skip updateStrain.
---------------------------------------------------------------- implant -----
implant energy= 30.00<keV> dose= 1.00e+12<cm-2> tilt= 30.00<degree> rotation= 90.00<degree> Boron
------------------------------------------------------------------------------
No substrate defined (implant).  Skip updateStrain.
Species           =  Boron
Dataset           =  Boron
Energy            =  30keV
Dose (WaferDose)  =  1e+12/cm2
BeamDose          =  1.1547e+12/cm2
BeamDose2D        =  1e+12/cm2
Tilt              =  30deg
Tilt2D            =   0deg
Rotation          =  90deg
Slice angle       = 180deg
Temperature       = 300.00K
LeftBoundary      =  Extend
RightBoundary     =  Extend

Total implant time:    0.55sec
- - - - - - - - - - - - - - - - - - - - - - - - - - - - - - - - - - - - - - - 
Computing finite volumes...
Finite volumes done

 Dose in:   Silicon_1     Oxide_1 PolySilicon Oxide_1+Sil       Total
              Silicon       Oxide PolySilicon Oxide_Silic
    Boron  1.9709e+14  1.0326e+12  2.6047e+11  1.2496e+11  1.9851e+14
  Arsenic  7.5447e+12  9.8229e+07  2.4953e+12  3.0200e+06  1.0040e+13
      Int  2.2214e+09  9.8837e+04  0.0000e+00  2.5000e+04  2.2215e+09
      Vac  6.7604e+10  1.3351e+08  0.0000e+00  2.5000e+04  6.7737e+10
 ICluster  1.1543e+10  0.0000e+00  0.0000e+00  2.5000e+04  1.1543e+10
       B4  7.8694e+03  3.8145e+00  2.5000e+01  2.5000e+04  1.8191e+05
      As3  4.9578e+02  3.8145e+00  2.5000e+01  2.5000e+04  1.7454e+05
- - - - - - - - - - - - - - - - - - - - - - - - - - - - - - - - - - - - - - - 


No substrate defined (implant).  Skip updateStrain.
---------------------------------------------------------------- implant -----
implant energy= 30.00<keV> dose= 1.00e+12<cm-2> tilt= 30.00<degree> rotation= 180.00<degree> Boron
------------------------------------------------------------------------------
No substrate defined (implant).  Skip updateStrain.
Species           =  Boron
Dataset           =  Boron
Energy            =  30keV
Dose (WaferDose)  =  1e+12/cm2
BeamDose          =  1.1547e+12/cm2
BeamDose2D        =  1.1547e+12/cm2
Tilt              =  30deg
Tilt2D            = -30deg
Rotation          = 180deg
Slice angle       = 180deg
Temperature       = 300.00K
LeftBoundary      =  Extend
RightBoundary     =  Extend

Total implant time:    0.65sec
- - - - - - - - - - - - - - - - - - - - - - - - - - - - - - - - - - - - - - - 
Computing finite volumes...
Finite volumes done

 Dose in:   Silicon_1     Oxide_1 PolySilicon Oxide_1+Sil       Total
              Silicon       Oxide PolySilicon Oxide_Silic
    Boron  1.9811e+14  1.0623e+12  3.6861e+11  1.2496e+11  1.9967e+14
  Arsenic  7.5447e+12  9.8229e+07  2.4953e+12  3.0200e+06  1.0040e+13
      Int  2.2214e+09  9.8837e+04  0.0000e+00  2.5000e+04  2.2215e+09
      Vac  6.7604e+10  1.3351e+08  0.0000e+00  2.5000e+04  6.7737e+10
 ICluster  1.1543e+10  0.0000e+00  0.0000e+00  2.5000e+04  1.1543e+10
       B4  7.8694e+03  3.8145e+00  2.5000e+01  2.5000e+04  1.8191e+05
      As3  4.9578e+02  3.8145e+00  2.5000e+01  2.5000e+04  1.7454e+05
- - - - - - - - - - - - - - - - - - - - - - - - - - - - - - - - - - - - - - - 


No substrate defined (implant).  Skip updateStrain.
---------------------------------------------------------------- implant -----
implant energy= 30.00<keV> dose= 1.00e+12<cm-2> tilt= 30.00<degree> rotation= 270.00<degree> Boron
------------------------------------------------------------------------------
No substrate defined (implant).  Skip updateStrain.
Species           =  Boron
Dataset           =  Boron
Energy            =  30keV
Dose (WaferDose)  =  1e+12/cm2
BeamDose          =  1.1547e+12/cm2
BeamDose2D        =  1e+12/cm2
Tilt              =  30deg
Tilt2D            =  -0deg
Rotation          = 270deg
Slice angle       = 180deg
Temperature       = 300.00K
LeftBoundary      =  Extend
RightBoundary     =  Extend

Total implant time:    0.53sec
- - - - - - - - - - - - - - - - - - - - - - - - - - - - - - - - - - - - - - - 
Computing finite volumes...
Finite volumes done

 Dose in:   Silicon_1     Oxide_1 PolySilicon Oxide_1+Sil       Total
              Silicon       Oxide PolySilicon Oxide_Silic
    Boron  1.9893e+14  1.0979e+12  4.9516e+11  1.2496e+11  2.0065e+14
  Arsenic  7.5447e+12  9.8229e+07  2.4953e+12  3.0200e+06  1.0040e+13
      Int  2.2214e+09  9.8837e+04  0.0000e+00  2.5000e+04  2.2215e+09
      Vac  6.7604e+10  1.3351e+08  0.0000e+00  2.5000e+04  6.7737e+10
 ICluster  1.1543e+10  0.0000e+00  0.0000e+00  2.5000e+04  1.1543e+10
       B4  7.8694e+03  3.8145e+00  2.5000e+01  2.5000e+04  1.8191e+05
      As3  4.9578e+02  3.8145e+00  2.5000e+01  2.5000e+04  1.7454e+05
- - - - - - - - - - - - - - - - - - - - - - - - - - - - - - - - - - - - - - - 


No substrate defined (implant).  Skip updateStrain.
---------------------------------------------------------------- diffuse -----
diffuse time= 5.00<s> temperature= 1050.00<C>
------------------------------------------------------------------------------
---- ---- ---- ---- ---- ---- ---- ---- ---- ---- ---- ---- ---- ---- ---- ---
Anneal step:	
	Time        = 5s
	Temperature = 1050.0C
	Ramp rate   = 0C/s
Mechanics:         0s   to    0.0001s   step    :    0.0001s   temp: 1050.0C
--- --- --- --- --- --- --- --- --- --- --- --- --- --- --- --- --- --- --- --
Initializing:  
--- --- --- --- --- --- --- --- --- --- --- --- --- --- --- --- --- --- --- --
Initialization is done.
--- --- --- --- --- --- --- --- --- --- --- --- --- --- --- --- --- --- --- --
Diffusion:         0s   to    0.0001s   step (s):    0.0001s   temp: 1050.0C
Mechanics:    0.0001s   to 0.0001916s   step    : 9.161e-05s   temp: 1050.0C
Diffusion:    0.0001s   to 0.0001916s   step (s): 9.161e-05s   temp: 1050.0C
Mechanics: 0.0001916s   to  0.000332s   step    : 0.0001404s   temp: 1050.0C
Diffusion: 0.0001916s   to  0.000332s   step (s): 0.0001404s   temp: 1050.0C
Mechanics:  0.000332s   to 0.0006068s   step    : 0.0002748s   temp: 1050.0C
Diffusion:  0.000332s   to 0.0006068s   step (s): 0.0002748s   temp: 1050.0C
Mechanics: 0.0006068s   to  0.001156s   step    : 0.0005496s   temp: 1050.0C
Diffusion: 0.0006068s   to  0.001156s   step (s): 0.0005496s   temp: 1050.0C
Mechanics:  0.001156s   to  0.002256s   step    :  0.001099s   temp: 1050.0C
Diffusion:  0.001156s   to  0.002256s   step (s):  0.001099s   temp: 1050.0C
Mechanics:  0.002256s   to  0.004391s   step    :  0.002135s   temp: 1050.0C
Diffusion:  0.002256s   to  0.004391s   step (s):  0.002135s   temp: 1050.0C
Mechanics:  0.004391s   to  0.007073s   step    :  0.002682s   temp: 1050.0C
Diffusion:  0.004391s   to  0.007073s   step (s):  0.002682s   temp: 1050.0C
Mechanics:  0.007073s   to   0.01085s   step    :  0.003775s   temp: 1050.0C
Diffusion:  0.007073s   to   0.01085s   step (s):  0.003775s   temp: 1050.0C
Mechanics:   0.01085s   to   0.01677s   step    :   0.00592s   temp: 1050.0C
Diffusion:   0.01085s   to   0.01677s   step (s):   0.00592s   temp: 1050.0C
Mechanics:   0.01677s   to   0.02669s   step    :  0.009918s   temp: 1050.0C
Diffusion:   0.01677s   to   0.02669s   step (s):  0.009918s   temp: 1050.0C
Mechanics:   0.02669s   to   0.04342s   step    :   0.01674s   temp: 1050.0C
Diffusion:   0.02669s   to   0.04342s   step (s):   0.01674s   temp: 1050.0C
Mechanics:   0.04342s   to   0.06508s   step    :   0.02166s   temp: 1050.0C
Diffusion:   0.04342s   to   0.06508s   step (s):   0.02166s   temp: 1050.0C
Mechanics:   0.06508s   to   0.08633s   step    :   0.02125s   temp: 1050.0C
Diffusion:   0.06508s   to   0.08633s   step (s):   0.02125s   temp: 1050.0C
Mechanics:   0.08633s   to    0.1079s   step    :   0.02159s   temp: 1050.0C
Diffusion:   0.08633s   to    0.1079s   step (s):   0.02159s   temp: 1050.0C
Mechanics:    0.1079s   to      0.13s   step    :   0.02204s   temp: 1050.0C
Diffusion:    0.1079s   to      0.13s   step (s):   0.02204s   temp: 1050.0C
Mechanics:      0.13s   to    0.1535s   step    :   0.02359s   temp: 1050.0C
Diffusion:      0.13s   to    0.1535s   step (s):   0.02359s   temp: 1050.0C
Mechanics:    0.1535s   to    0.1825s   step    :     0.029s   temp: 1050.0C
Diffusion:    0.1535s   to    0.1825s   step (s):     0.029s   temp: 1050.0C
Mechanics:    0.1825s   to     0.229s   step    :    0.0465s   temp: 1050.0C
Diffusion:    0.1825s   to     0.229s   step (s):    0.0465s   temp: 1050.0C
Mechanics:     0.229s   to     0.322s   step    :     0.093s   temp: 1050.0C
Diffusion:     0.229s   to     0.322s   step (s):     0.093s   temp: 1050.0C
Mechanics:     0.322s   to     0.508s   step    :     0.186s   temp: 1050.0C
Diffusion:     0.322s   to     0.508s   step (s):     0.186s   temp: 1050.0C
Mechanics:     0.508s   to    0.8307s   step    :    0.3227s   temp: 1050.0C
Diffusion:     0.508s   to    0.8307s   step (s):    0.3227s   temp: 1050.0C
Mechanics:    0.8307s   to     1.244s   step    :    0.4132s   temp: 1050.0C
Diffusion:    0.8307s   to     1.244s   step (s):    0.4132s   temp: 1050.0C
Mechanics:     1.244s   to      2.07s   step    :    0.8265s   temp: 1050.0C
Diffusion:     1.244s   to      2.07s   step (s):    0.8265s   temp: 1050.0C
Mechanics:      2.07s   to     3.535s   step    :     1.465s   temp: 1050.0C
Diffusion:      2.07s   to     3.535s   step (s):     1.465s   temp: 1050.0C
Mechanics:     3.535s   to         5s   step    :     1.465s   temp: 1050.0C
Diffusion:     3.535s   to         5s   step (s):     1.465s   temp: 1050.0C

Elapsed time for diffuse 19.97s
----------------------------------------------------------------- struct -----
struct tdr= "n38_MOS4"
------------------------------------------------------------------------------
Points: 1922
Nodes: 2096
Edges: 5729
Faces: 3642
Volumes: 0

Writing file n38_MOS4_fps.tdr...done

---------------------------------------------------------------- deposit -----
deposit Nitride thickness= 0.0720<um> isotropic
------------------------------------------------------------------------------
MGoals time: 0.222227

Updating sprocess mesh before Etch/Depo relax.
Generating SnMesh mesh... 

=================================  brep2d quality  =====================================
minAngle: 89.993  [near (-0.0654257 0.48)] at region=Nitride_1
nVerts = 332  nTris = 336  nRegs = 10
bmin: 2 0
bmax: -2.00898 0.48
min area: 9.90803e-05  max area: 0.502246  min edge length : 9.90803e-05
total area  : 10.3636 interface area: 1.38561
total volume: 2.14065
Conformal? true
Are all boundaries on bbox? true
==================================================================================
SnMesh time: 0.236535

========================  tri-grid quality (Gas excluded)  =======================
    0  10  20  30  40  50  60  70  80  90 100 110 120 130 140 150 160 170 180
 %    5   8   6   6   5   5   6   6   8  34  .   .   .   .       .         
---------------------------------------------------------------------------------
minAngle: 0.0468751  maxAngle: 147.72
nVerts = 2090  nTris = 3976  nMats = 5
max connectivity (tris per node): 11
bmin: 2 0
bmax: -2.00898 0.48
min edgeLength: 9.90803e-05  [near (-0.108935 0.0949458)]
min volume: 3.65492e-08  max volume: 0.0122581  Total volume: 1.01185
bbox  volume: 1.92431
Are all boundaries on bbox? true
=================================================================================

Smallest region: Oxide_1  Total volume: 0.00183096
Initializing sprocess...time: 0.088109
Interpolating...elapsed time: 0.16
Mechanics:         0s   to         1s   step    :         1s   temp: 26.9C->26.9C
------------------------------------------------------------------- etch -----
etch Nitride anisotropic thickness= 0.0840<um>
------------------------------------------------------------------------------
MGoals time: 0.141751

Updating sprocess mesh before Etch/Depo relax.
Generating SnMesh mesh... 

=================================  brep2d quality  =====================================
minAngle: 78.485  [near (0.00627351 0.192754)] at region=Nitride_1
nVerts = 325  nTris = 329  nRegs = 11
bmin: 2 0
bmax: -2.00898 0.48
min area: 9.90803e-05  max area: 0.502246  min edge length : 9.90803e-05
total area  : 9.94978 interface area: 0.971807
total volume: 1.94595
Conformal? true
Are all boundaries on bbox? true
==================================================================================
SnMesh time: 0.231323

========================  tri-grid quality (Gas excluded)  =======================
    0  10  20  30  40  50  60  70  80  90 100 110 120 130 140 150 160 170 180
 %    4   7   5   5   4   4   5   5   7  28  .   .   .   .                 
---------------------------------------------------------------------------------
minAngle: 0.0468751  maxAngle: 132.267
nVerts = 2088  nTris = 3974  nMats = 5
max connectivity (tris per node): 10
bmin: 2 0
bmax: -2.00898 0.48
min edgeLength: 9.90803e-05  [near (-0.108935 0.111147)]
min volume: 3.65492e-08  max volume: 0.0122581  Total volume: 0.976528
bbox  volume: 1.92431
Are all boundaries on bbox? true
=================================================================================

Smallest region: Oxide_1  Total volume: 0.00183096
Initializing sprocess...time: 0.072786
Interpolating...elapsed time: 0.13
Mechanics:         0s   to         1s   step    :         1s   temp: 26.9C->26.9C

----------------------------------------------------------------- struct -----
struct tdr= "n38_MOS5"
------------------------------------------------------------------------------
Points: 2088
Nodes: 2386
Edges: 6347
Faces: 3974
Volumes: 0

Writing file n38_MOS5_fps.tdr...done

---------------------------------------------------------------- implant -----
implant energy= 10.00<keV> dose= 1.00e+16<cm-2> tilt= 7.00<degree> rotation= -90.00<degree> Arsenic
------------------------------------------------------------------------------
No substrate defined (implant).  Skip updateStrain.
Species           =  Arsenic
Dataset           =  Arsenic
Energy            =  10keV
Dose (WaferDose)  =  1e+16/cm2
BeamDose          =  1.0075e+16/cm2
BeamDose2D        =  1e+16/cm2
Tilt              =   7deg
Tilt2D            =  -0deg
Rotation          = 270deg
Slice angle       = 180deg
Temperature       = 300.00K
LeftBoundary      =  Extend
RightBoundary     =  Extend

Total implant time:     0.4sec
- - - - - - - - - - - - - - - - - - - - - - - - - - - - - - - - - - - - - - - 
Computing finite volumes...
Finite volumes done

 Dose in:   Silicon_1     Oxide_1 PolySilicon   Nitride_1 Oxide_1+Sil       Total
              Silicon       Oxide PolySilicon     Nitride Oxide_Silic
    Boron  1.9890e+14  1.0878e+12  4.9494e+11  0.0000e+00  1.6069e+11  2.0065e+14
  Arsenic  6.0030e+15  1.0450e+08  2.5708e+15  1.1459e+15  1.3251e+08  9.7198e+15
      Int  4.3124e+08  9.8837e+04  0.0000e+00  0.0000e+00  2.5000e+04  4.3137e+08
      Vac  3.6971e+11  1.3351e+08  0.0000e+00  0.0000e+00  2.5000e+04  3.6984e+11
 ICluster  4.0791e+07  0.0000e+00  0.0000e+00  0.0000e+00  2.5000e+04  4.0841e+07
       B4  9.6226e+01  3.8145e+00  2.5000e+01  0.0000e+00  2.5000e+04  5.0125e+04
      As3  4.7074e+02  3.8145e+00  2.5000e+01  0.0000e+00  2.5000e+04  5.0500e+04
- - - - - - - - - - - - - - - - - - - - - - - - - - - - - - - - - - - - - - - 


No substrate defined (implant).  Skip updateStrain.
---------------------------------------------------------------- diffuse -----
diffuse time= 10.00<s> temperature= 1050.00<C>
------------------------------------------------------------------------------
---- ---- ---- ---- ---- ---- ---- ---- ---- ---- ---- ---- ---- ---- ---- ---
Anneal step:	
	Time        = 10s
	Temperature = 1050.0C
	Ramp rate   = 0C/s
Mechanics:         0s   to    0.0001s   step    :    0.0001s   temp: 1050.0C
--- --- --- --- --- --- --- --- --- --- --- --- --- --- --- --- --- --- --- --
Initializing:  
--- --- --- --- --- --- --- --- --- --- --- --- --- --- --- --- --- --- --- --
Initialization is done.
--- --- --- --- --- --- --- --- --- --- --- --- --- --- --- --- --- --- --- --
Diffusion:         0s   to    0.0001s   step (s):    0.0001s   temp: 1050.0C
Mechanics:    0.0001s   to 0.0001741s   step    : 7.411e-05s   temp: 1050.0C
Diffusion:    0.0001s   to 0.0001741s   step (s): 7.411e-05s   temp: 1050.0C
Mechanics: 0.0001741s   to 0.0002776s   step    : 0.0001035s   temp: 1050.0C
Diffusion: 0.0001741s   to 0.0002776s   step (s): 0.0001035s   temp: 1050.0C
Mechanics: 0.0002776s   to 0.0004532s   step    : 0.0001757s   temp: 1050.0C
Diffusion: 0.0002776s   to 0.0004532s   step (s): 0.0001757s   temp: 1050.0C
Mechanics: 0.0004532s   to 0.0006732s   step    :   0.00022s   temp: 1050.0C
Diffusion: 0.0004532s   to 0.0006732s   step (s):   0.00022s   temp: 1050.0C
Mechanics: 0.0006732s   to 0.0009566s   step    : 0.0002833s   temp: 1050.0C
Diffusion: 0.0006732s   to 0.0009566s   step (s): 0.0002833s   temp: 1050.0C
Mechanics: 0.0009566s   to  0.001346s   step    : 0.0003893s   temp: 1050.0C
Diffusion: 0.0009566s   to  0.001346s   step (s): 0.0003893s   temp: 1050.0C
Mechanics:  0.001346s   to  0.001828s   step    : 0.0004817s   temp: 1050.0C
Diffusion:  0.001346s   to  0.001828s   step (s): 0.0004817s   temp: 1050.0C
Mechanics:  0.001828s   to  0.002474s   step    : 0.0006465s   temp: 1050.0C
Diffusion:  0.001828s   to  0.002474s   step (s): 0.0006465s   temp: 1050.0C
Mechanics:  0.002474s   to  0.003381s   step    : 0.0009073s   temp: 1050.0C
Diffusion:  0.002474s   to  0.003381s   step (s): 0.0009073s   temp: 1050.0C
Mechanics:  0.003381s   to  0.004648s   step    :  0.001266s   temp: 1050.0C
Diffusion:  0.003381s   to  0.004648s   step (s):  0.001266s   temp: 1050.0C
Mechanics:  0.004648s   to  0.006388s   step    :  0.001741s   temp: 1050.0C
Diffusion:  0.004648s   to  0.006388s   step (s):  0.001741s   temp: 1050.0C
Mechanics:  0.006388s   to  0.008452s   step    :  0.002063s   temp: 1050.0C
Diffusion:  0.006388s   to  0.008452s   step (s):  0.002063s   temp: 1050.0C
Mechanics:  0.008452s   to   0.01084s   step    :  0.002387s   temp: 1050.0C
Diffusion:  0.008452s   to   0.01084s   step (s):  0.002387s   temp: 1050.0C
Mechanics:   0.01084s   to   0.01413s   step    :  0.003291s   temp: 1050.0C
Diffusion:   0.01084s   to   0.01413s   step (s):  0.003291s   temp: 1050.0C
Mechanics:   0.01413s   to   0.01892s   step    :  0.004794s   temp: 1050.0C
Diffusion:   0.01413s   to   0.01892s   step (s):  0.004794s   temp: 1050.0C
Mechanics:   0.01892s   to   0.02851s   step    :  0.009588s   temp: 1050.0C
Diffusion:   0.01892s   to   0.02851s   step (s):  0.009588s   temp: 1050.0C
Mechanics:   0.02851s   to   0.04769s   step    :   0.01918s   temp: 1050.0C
Diffusion:   0.02851s   to   0.04769s   step (s):   0.01918s   temp: 1050.0C
Mechanics:   0.04769s   to   0.07829s   step    :   0.03061s   temp: 1050.0C
Diffusion:   0.04769s   to   0.07829s   step (s):   0.03061s   temp: 1050.0C
Mechanics:   0.07829s   to     0.103s   step    :   0.02472s   temp: 1050.0C
Diffusion:   0.07829s   to     0.103s   step (s):   0.02472s   temp: 1050.0C
Mechanics:     0.103s   to    0.1273s   step    :   0.02432s   temp: 1050.0C
Diffusion:     0.103s   to    0.1273s   step (s):   0.02432s   temp: 1050.0C
Mechanics:    0.1273s   to    0.1539s   step    :    0.0266s   temp: 1050.0C
Diffusion:    0.1273s   to    0.1539s   step (s):    0.0266s   temp: 1050.0C
Mechanics:    0.1539s   to    0.1825s   step    :   0.02852s   temp: 1050.0C
Diffusion:    0.1539s   to    0.1825s   step (s):   0.02852s   temp: 1050.0C
Mechanics:    0.1825s   to    0.2122s   step    :    0.0297s   temp: 1050.0C
Diffusion:    0.1825s   to    0.2122s   step (s):    0.0297s   temp: 1050.0C
Mechanics:    0.2122s   to     0.244s   step    :   0.03181s   temp: 1050.0C
Diffusion:    0.2122s   to     0.244s   step (s):   0.03181s   temp: 1050.0C
Mechanics:     0.244s   to    0.2889s   step    :    0.0449s   temp: 1050.0C
Diffusion:     0.244s   to    0.2889s   step (s):    0.0449s   temp: 1050.0C
Mechanics:    0.2889s   to    0.3719s   step    :   0.08303s   temp: 1050.0C
Diffusion:    0.2889s   to    0.3719s   step (s):   0.08303s   temp: 1050.0C
Mechanics:    0.3719s   to     0.538s   step    :    0.1661s   temp: 1050.0C
Diffusion:    0.3719s   to     0.538s   step (s):    0.1661s   temp: 1050.0C
Mechanics:     0.538s   to    0.8528s   step    :    0.3149s   temp: 1050.0C
Diffusion:     0.538s   to    0.8528s   step (s):    0.3149s   temp: 1050.0C
Mechanics:    0.8528s   to     1.288s   step    :    0.4351s   temp: 1050.0C
Diffusion:    0.8528s   to     1.288s   step (s):    0.4351s   temp: 1050.0C
Mechanics:     1.288s   to     1.988s   step    :    0.6997s   temp: 1050.0C
Diffusion:     1.288s   to     1.988s   step (s):    0.6997s   temp: 1050.0C
Mechanics:     1.988s   to     3.139s   step    :     1.151s   temp: 1050.0C
Diffusion:     1.988s   to     3.139s   step (s):     1.151s   temp: 1050.0C
Mechanics:     3.139s   to     5.274s   step    :     2.135s   temp: 1050.0C
Diffusion:     3.139s   to     5.274s   step (s):     2.135s   temp: 1050.0C
Mechanics:     5.274s   to     7.637s   step    :     2.363s   temp: 1050.0C
Diffusion:     5.274s   to     7.637s   step (s):     2.363s   temp: 1050.0C
Mechanics:     7.637s   to        10s   step    :     2.363s   temp: 1050.0C
Diffusion:     7.637s   to        10s   step (s):     2.363s   temp: 1050.0C

Elapsed time for diffuse 31.77s
----------------------------------------------------------------- struct -----
struct tdr= "n38_MOS6"
------------------------------------------------------------------------------
Points: 2088
Nodes: 2386
Edges: 6347
Faces: 3974
Volumes: 0

Writing file n38_MOS6_fps.tdr...done

---------------------------------------------------------------- deposit -----
deposit type= "anisotropic" thickness= 0.0500<um> material= {Aluminum}
------------------------------------------------------------------------------
MGoals time: 0.15614

Updating sprocess mesh before Etch/Depo relax.
Generating SnMesh mesh... 

=================================  brep2d quality  =====================================
minAngle: 78.485  [near (0.00627351 0.192754)] at region=Nitride_1
nVerts = 371  nTris = 376  nRegs = 14
bmin: 2 0
bmax: -2.00898 0.48
min area: 9.90803e-05  max area: 0.502246  min edge length : 9.90803e-05
total area  : 10.5083 interface area: 1.53035
total volume: 1.90957
Conformal? true
Are all boundaries on bbox? true
==================================================================================
SnMesh time: 0.239434

========================  tri-grid quality (Gas excluded)  =======================
    0  10  20  30  40  50  60  70  80  90 100 110 120 130 140 150 160 170 180
 %    5   8   6   6   5   5   6   7   8  33  .   .   .   .   .             
---------------------------------------------------------------------------------
minAngle: 0.0468751  maxAngle: 142.131
nVerts = 2139  nTris = 4074  nMats = 6
max connectivity (tris per node): 11
bmin: 2 0
bmax: -2.00898 0.48
min edgeLength: 6.33392e-05  [near (-0.0941395 0.120734)]
min volume: 1.17088e-08  max volume: 0.0122581  Total volume: 1.00053
bbox  volume: 1.92431
Are all boundaries on bbox? true
=================================================================================

Smallest region: Oxide_1  Total volume: 0.00183096
Initializing sprocess...time: 0.104761
Interpolating...elapsed time: 0.27
Mechanics:         0s   to         1s   step    :         1s   temp: 26.9C->26.9C
------------------------------------------------------------------- mask -----
mask name= "contacts_mask" left= 0.288<um>
------------------------------------------------------------------------------
------------------------------------------------------------------- etch -----
etch mask= "contacts_mask" type= "anisotropic" thickness= 0.100<um> material= {Aluminum}
------------------------------------------------------------------------------
MGoals time: 0.149308

Updating sprocess mesh before Etch/Depo relax.
Generating SnMesh mesh... 

=================================  brep2d quality  =====================================
minAngle: 78.485  [near (0.00627351 0.192754)] at region=Nitride_1
nVerts = 342  nTris = 347  nRegs = 15
bmin: 2 0
bmax: -2.00898 0.48
min area: 9.90803e-05  max area: 0.502246  min edge length : 9.90803e-05
total area  : 10.1918 interface area: 1.21381
total volume: 1.91072
Conformal? true
Are all boundaries on bbox? true
==================================================================================
SnMesh time: 0.25483

========================  tri-grid quality (Gas excluded)  =======================
    0  10  20  30  40  50  60  70  80  90 100 110 120 130 140 150 160 170 180
 %    4   7   5   5   4   4   5   5   7  29  .   .   .   .                 
---------------------------------------------------------------------------------
minAngle: 0.0468751  maxAngle: 132.267
nVerts = 2133  nTris = 4063  nMats = 6
max connectivity (tris per node): 10
bmin: 2 0
bmax: -2.00898 0.48
min edgeLength: 9.90803e-05  [near (-0.108935 0.111147)]
min volume: 3.65492e-08  max volume: 0.0122581  Total volume: 0.986128
bbox  volume: 1.92431
Are all boundaries on bbox? true
=================================================================================

Smallest region: Oxide_1  Total volume: 0.00183096
Initializing sprocess...time: 0.125907
Interpolating...elapsed time: 0.28
Mechanics:         0s   to         1s   step    :         1s   temp: 26.9C->26.9C

-------------------------------------------------------------- transform -----
transform left reflect
------------------------------------------------------------------------------
Time for adding meshes: 0.05
Time for copying data: 0.01
Time for merging regions: 0.05
---------------------------------------------------------------- contact -----
contact name= "substrate" bottom
------------------------------------------------------------------------------
---------------------------------------------------------------- contact -----
contact name= "source" X= -0.0100<um> Y= -0.360<um> point replace
------------------------------------------------------------------------------
---------------------------------------------------------------- contact -----
contact name= "drain" X= -0.0100<um> Y= 0.360<um> point replace
------------------------------------------------------------------------------
---------------------------------------------------------------- contact -----
contact name= "gate" X= -0.0500<um> Y= 0.00e+00<um> point
------------------------------------------------------------------------------

Turning off restart capability for n38_fps.tdr (requires gas and interfaces)
----------------------------------------------------------------- struct -----
struct tdr= "n38" !Gas !interfaces
------------------------------------------------------------------------------
Interpolating...elapsed time: 0.21
Points: 4162
Nodes: 4916
Edges: 13013
Faces: 8126
Volumes: 0

Writing file n38_fps.tdr... Point contact source is in region Aluminum_1.1
 Point contact drain is in region Aluminum_1.2
 Point contact gate is in region PolySilicon_1
done

------------------------------------------------------------------------------
Summary:
Anneal time stepping:
  reaction/mechanics steps=119 minimum=38.95s maximum=1.0000e+38s
  diffusion steps=119 minimum=6.8734e-05s maximum=1.1461e+02s
Edge/Face swapping:
 calls=9 flips=0
------------------------------------------------------------------------------
License features used:
    sprocess
    sprocess2d
------------------------------------------------------------------------------

Elapsed Time:	00:02:15
User Time:	00:02:07
CPU Time:	00:02:05

Detailed CPU time report:

26.38 sec (21.5%) Diffusion step time. (119 calls).
14.18 sec (11.5%) solution command (141697 calls).
12.18 sec (9.9%) Mechanics step (119 calls).
11.42 sec (9.3%) Solver(PDE). (1294 calls).
8.46 sec (6.9%) implant command (297 calls).
7.09 sec (5.8%) term command (24401 calls).
6.05 sec (4.9%) struct command (7 calls).
6.05 sec (4.9%) Store nodal values: Serial. (10901 calls).
4.73 sec (3.8%) Mechanics preassembly (126 calls).
4.03 sec (3.3%) Serial mode assembly. (1914 calls).
3.63 sec (3.0%) sel command (4098 calls).
2.19 sec (1.8%) Total time spent in Symbolic. (9 calls).
1.66 sec (1.3%) SnMesh meshing (8 calls).
1.58 sec (1.3%) Other Program Parts (1 calls).
1.20 sec (1.0%) mater command (8951 calls).
1.14 sec (0.9%) Reaction step time. (119 calls).
1.06 sec (0.9%) Arr command (27023 calls).
1.06 sec (0.9%) Mechanics assembly (serial mode) (126 calls).
0.91 sec (0.7%) Solver(Mechanics) (126 calls).
0.91 sec (0.7%) mgoals (7 calls).
0.91 sec (0.7%) FieldServer copy (28 calls).
0.79 sec (0.6%) Bulk Interpolation (25 calls).
0.79 sec (0.6%) Interface interpolation (42 calls).
0.70 sec (0.6%) etch command (4 calls).
0.66 sec (0.5%) diffuse command (4 calls).

Detailed elapsed time report:

27.79 sec (21.5%) Diffusion step time. (119 calls).
14.76 sec (11.4%) solution command (141697 calls).
13.32 sec (10.3%) Mechanics step (119 calls).
11.74 sec (9.1%) Solver(PDE). (1294 calls).
8.83 sec (6.8%) implant command (297 calls).
7.39 sec (5.7%) term command (24401 calls).
6.28 sec (4.9%) Store nodal values: Serial. (10901 calls).
6.17 sec (4.8%) struct command (7 calls).
4.98 sec (3.8%) Mechanics preassembly (126 calls).
4.19 sec (3.2%) Serial mode assembly. (1914 calls).
3.92 sec (3.0%) sel command (4098 calls).
2.49 sec (1.9%) Total time spent in Symbolic. (9 calls).
2.14 sec (1.7%) Other Program Parts (1 calls).
1.69 sec (1.3%) SnMesh meshing (8 calls).
1.23 sec (1.0%) mater command (8951 calls).
1.18 sec (0.9%) Reaction step time. (119 calls).
1.08 sec (0.8%) Arr command (27023 calls).
1.08 sec (0.8%) Mechanics assembly (serial mode) (126 calls).
0.96 sec (0.7%) Solver(Mechanics) (126 calls).
0.94 sec (0.7%) FieldServer copy (28 calls).
0.93 sec (0.7%) mgoals (7 calls).
0.82 sec (0.6%) Bulk Interpolation (25 calls).
0.79 sec (0.6%) Interface interpolation (42 calls).
0.70 sec (0.5%) etch command (4 calls).
0.70 sec (0.5%) diffuse command (4 calls).
