Evaluating file ./DrawStackA.scm
---> (sde:clear)
#f
---> (sdegeo:set-default-boolean ABA)
"ABA"
---> (define LMetal 0.03)
LMetal
---> (define LOxide 0.03)
LOxide
---> (define Height 0.01)
Height
---> (define TotalLength (+ LMetal (+ LOxide LMetal)))
TotalLength
---> (define DopingLevel 1e+20)
DopingLevel
---> (sdegeo:create-rectangle (position 0 0 0) (position LMetal Height 0) Silicon R.M1)
#[body 9 1]
---> (sdegeo:create-rectangle (position LMetal 0 0) (position (+ LMetal LOxide) Height 0) SiO2 R.Ox)
#[body 10 1]
---> (sdegeo:create-rectangle (position (+ LMetal LOxide) 0 0) (position TotalLength Height 0) Silicon R.M2)
#[body 11 1]
---> (sdegeo:define-contact-set Left 4 (color:rgb 1 0 0) ##)
()
---> (sdegeo:define-contact-set Right 4 (color:rgb 0 1 0) ##)
()
---> (sdegeo:define-2d-contact (find-edge-id (position 0 (/ Height 2) 0)) Left)
()
---> (sdegeo:define-2d-contact (find-edge-id (position TotalLength (/ Height 2) 0)) Right)
()
---> (sdedr:define-constant-profile Const.Silicon BoronActiveConcentration DopingLevel)
#t
---> (sdedr:define-constant-profile-material PlaceCD.Silicon Const.Silicon Silicon)
#t
---> (sdedr:define-refinement-window RefWin.stack Rectangle (position 0 0 0) (position TotalLength Height 0))
#[body 24 1]
---> (define xmin (/ LMetal 20))
xmin
---> (define xmax (/ LMetal 20))
xmax
---> (define ymin (/ Height 20))
ymin
---> (define ymax (/ Height 20))
ymax
---> (sdedr:define-refinement-size RefDef.stack xmax ymax xmin ymin)
#t
---> (sdedr:define-refinement-placement PlaceRF.stack RefDef.stack RefWin.stack)
#t
---> (sde:build-mesh -a StackA_geo_msh)
#t
---> (sde:save-model StackA_geo)
#t
---> #[end-of-file]
"************************************************************************"
"Sentaurus Structure Editor "
"Start Time:    Fri Oct  9 16:14:50 2020"
"End   Time:    Fri Oct  9 16:14:54 2020"
"Total Execution Time (sec):    4"
"Total System calls Time (sec): 0"
"************************************************************************"
