****************************************************************************
***                            Sentaurus Mesh                            ***
***                          Version O-2018.06                           ***
***                       (1.1029, x86_64, Linux)                        ***
***                                                                      ***
***                       Copyright (C) 2005-2018                        ***
***                            Synopsys, Inc.                            ***
***                                                                      ***
***  This software and the associated documentation are confidential     ***
***  and proprietary to Synopsys, Inc.  Your use or disclosure of this   ***
***  software is subject to the terms and conditions of a written        ***
***  license agreement between you, or your company, and Synopsys, Inc.  ***
****************************************************************************

Compiled Thu May  3 05:29:02 PDT 2018 on: tcadprod10
Running on: acs14007.4225.cse.uconn.edu
Hardware type: x86_64
OS name: Linux
OS release: 3.10.0-1127.18.2.el7.x86_64
OS version: #1 SMP Mon Jul 20 22:32:16 UTC 2020
Process ID: 14859

Flags used: -a

** Generating 2d grid **

Creating binary tree...done.
Imprinting binary tree on the boundary...done.
Optimizing boundary nodes...done.

Number of vertices after binary tree generation : 
  2145 (tree) + 258 (boundary)

** Delaunizing the mesh **

Creating delaunizer input...done.
Solving edges...done 
Optimizing elements...done. (2215 vertices)
Fixing diagonals...done.

The final mesh has: 
    2211 points.
    4224 elements.
       5 regions.
Max. connectivity = 6 located at (0.00140625;0.0003125)


==============================  tri-grid quality  ================================
    0  10  20  30  40  50  60  70  80  90 100 110 120 130 140 150 160 170 180
 %       31   1   1           1   1  31  33                                
---------------------------------------------------------------------------------
minAngle: 12.5288  maxAngle: 90
nVerts = 2211  nTris = 4224  nMats = 3
max connectivity (tris per node): 6
bmin: -0 -0
bmax: 0.09 0.01
min edgeLength: 0.0003125  [near (0.03 0.00984375)]
min volume: 7.32422e-08  max volume: 2.19727e-07  Total volume: 0.0009
bbox  volume: 0.0009
Are all boundaries on bbox? true
=================================================================================

Smallest region: R.M2  Total volume: 0.0003
Interpolating data...done.
done.
Saving file StackA_geo_msh.tdr...done.

===============================  Timer Report===================================
              Total Mesh Generation Time:     0.173s       100%
                       Rate of #Vertices:  1.28e+04
                          Rate of #Edges:   2.5e+04
                          Rate of #Faces:  2.44e+04
                       Rate of #Elements:         0

                            Time Covered:         0s         0%

