****************************************************************************
***                           Sentaurus Device                           ***
***                          Version O-2018.06                           ***
***                       (1.1029, x86_64, Linux)                        ***
***                                                                      ***
***                       Copyright (C) 1994-2018                        ***
***                            Synopsys, Inc.                            ***
***                                                                      ***
***  This software and the associated documentation are confidential     ***
***  and proprietary to Synopsys, Inc.  Your use or disclosure of this   ***
***  software is subject to the terms and conditions of a written        ***
***  license agreement between you, or your company, and Synopsys, Inc.  ***
****************************************************************************

	Running on machine with the following configuration:
	Host Name: acs14007.4225.cse.uconn.edu
	Operating System: Linux rel. 3.10.0-1127.18.2.el7.x86_64 ver. #1 SMP Mon Jul 20 22:32:16 UTC 2020
	Machine Type: x86_64
	Process ID: 9138
	Number of processors: 2
	Domain Name: (none)
	Date: Sun Nov  1 15:30:23 2020  (EDT)

Parsing "/usr/synopsys/sentaurus/O_2018.06/tcad/current/lib/Molefraction.txt"
Sun Nov  1 15:30:23 2020: checked out 1 sdevice license(s)
Parsing circuit file /usr/synopsys/sentaurus/O_2018.06/tcad/current/linux64/lib/sdevice-28.0.1029/bs_psource.ccf
Parsing circuit file /usr/synopsys/sentaurus/O_2018.06/tcad/current/linux64/lib/sdevice-28.0.1029/sd_hb_vsource.ccf
Parsing circuit file /usr/synopsys/sentaurus/O_2018.06/tcad/current/linux64/lib/sdevice-28.0.1029/sd_SRL1.ccf
Parsing circuit file /usr/synopsys/sentaurus/O_2018.06/tcad/current/linux64/lib/sdevice-28.0.1029/sd_hb_isource.ccf
Parsing circuit file /usr/synopsys/sentaurus/O_2018.06/tcad/current/linux64/lib/sdevice-28.0.1029/sd_hb_pGC.ccf
Parsing circuit file /usr/synopsys/sentaurus/O_2018.06/tcad/current/linux64/lib/sdevice-28.0.1029/sd_hb_vsource2.ccf
Parsing circuit file /usr/synopsys/sentaurus/O_2018.06/tcad/current/linux64/lib/sdevice-28.0.1029/sd_hb_sRL.ccf
Parsing circuit file /usr/synopsys/sentaurus/O_2018.06/tcad/current/linux64/lib/sdevice-28.0.1029/sd_hb_isource2.ccf
Parsing circuit file /usr/synopsys/sentaurus/O_2018.06/tcad/current/linux64/lib/scm/ferroelectric.ccf
Parsing circuit file /usr/synopsys/sentaurus/O_2018.06/tcad/current/linux64/lib/scm/MOS_harness.ccf
Loading shared object file /usr/synopsys/sentaurus/O_2018.06/tcad/current/linux64/lib/scm/MOS_harness.so.linux64
Loading shared object file /usr/synopsys/sentaurus/O_2018.06/tcad/current/linux64/lib/scm/ferroelectric.so.linux64
Loading shared object file /usr/synopsys/sentaurus/O_2018.06/tcad/current/linux64/lib/sdevice-28.0.1029/sd_hb_isource2.so.linux64
Loading shared object file /usr/synopsys/sentaurus/O_2018.06/tcad/current/linux64/lib/sdevice-28.0.1029/sd_hb_sRL.so.linux64
Loading shared object file /usr/synopsys/sentaurus/O_2018.06/tcad/current/linux64/lib/sdevice-28.0.1029/sd_hb_vsource2.so.linux64
Loading shared object file /usr/synopsys/sentaurus/O_2018.06/tcad/current/linux64/lib/sdevice-28.0.1029/sd_hb_pGC.so.linux64
Loading shared object file /usr/synopsys/sentaurus/O_2018.06/tcad/current/linux64/lib/sdevice-28.0.1029/sd_hb_isource.so.linux64
Loading shared object file /usr/synopsys/sentaurus/O_2018.06/tcad/current/linux64/lib/sdevice-28.0.1029/sd_SRL1.so.linux64
Loading shared object file /usr/synopsys/sentaurus/O_2018.06/tcad/current/linux64/lib/sdevice-28.0.1029/sd_hb_vsource.so.linux64
Loading shared object file /usr/synopsys/sentaurus/O_2018.06/tcad/current/linux64/lib/sdevice-28.0.1029/bs_psource.so.linux64

Input source: pp71_des.cmd

===============================

Output file: n71_des.log


GlobalParameter {
}
no ACExtract file

PMIPath file: /usr/synopsys/sentaurus/O_2018.06/tcad/current/linux64/lib/sdevice-28.0.1029 /usr/synopsys/sentaurus/O_2018.06/tcad/current/linux64/lib/sdevice

CMIPath file: /usr/synopsys/sentaurus/O_2018.06/tcad/current/linux64/lib/sdevice-28.0.1029 /usr/synopsys/sentaurus/O_2018.06/tcad/current/linux64/lib/scm

SPICEPath file: /usr/synopsys/sentaurus/O_2018.06/tcad/current/lib/sdevice-28.0.1029/spice

no DevicePath file

no CIRCUITSAVENAME file

no CIRCUITLOADNAME file

Numerical parameters:
  Absolute error : 
    Poisson : 1.0000e-03
    eqPoisson : 1.0000e-03
    Electron : 1.0000e-05
    Hole : 1.0000e-05
    Photon-Rate-Equation : 1.0000e-07
    Photon-Phase-Equation : 1.0000e-05
    Rate-Stabilize-Equation : 1.0000e-07
    QW-Scattering-Equations : 1.0000e-05
    QW-eScattering-Equation : 1.0000e-05
    QW-hScattering-Equation : 1.0000e-05
    Optical Problem : 1.0000e-03
    Wavelength : 1.0000e-03
    Bandstructure : 1.0000e-03
    EmissionTable : 1.0000e-03
    DephasingRates : 1.0000e-03
    Photon Recycling : 1.0000e-03
    Electron-Temperature : 1.0000e-04
    Hole-Temperature : 1.0000e-04
    Lattice-Hole-Electron-Temperature : 1.0000e-03
    Circuit : 1.0000e-03
    TCircuit : 1.0000e-03
    Contact : 1.0000e-03
    TContact : 1.0000e-03
    Continuation : 1.0000e-03
    eLaplace : 1.0000e-03
    hLaplace : 1.0000e-03
    tLaplace : 1.0000e-03
    MonteCarlo : 1.0000e-03
    MCPoissonPDE : 1.0000e-03
    eQuantumPotential : 1.0000e-03
    hQuantumPotential : 1.0000e-03
    quasi-fermi-potential : 1.0000e-03
    ConductiveInsulator : 1.0000e-03
    ContactAndConductiveInsulator : 1.0000e-03
    SingletExciton : 1.0000e-05
    FEPolarization : 1.0000e-05
    eHopping : 1.0000e-03
    hHopping : 1.0000e-03
    HydrogenAtom : 1.0000e-03
    HydrogenMolecule : 1.0000e-03
    HydrogenIon : 1.0000e-03
    HydrogenSiliconBondOccupation : 1.0000e-03
    TrapPDE : 1.0000e-03
    eSHEDistribution : 1.0000e-03
    hSHEDistribution : 1.0000e-03
    Landau-Lifshitz-Gilbert[theta] : 1.0000e-03
    Landau-Lifshitz-Gilbert[phi] : 1.0000e-03
    Landau-Lifshitz-Gilbert[x] : 1.0000e-03
    Landau-Lifshitz-Gilbert[y] : 1.0000e-03
    Landau-Lifshitz-Gilbert[z] : 1.0000e-03
    Mechanics : 1.0000e-03
    ExternalTransportSolver : 1.0000e-03
    ReactionDiffusionPDE : 1.0000e-03
  RelErrControl (Reference error): 
    Poisson : 0.025852
    eqPoisson : 1
    Electron : 1.0000e+10
    Hole : 1.0000e+10
    Photon-Rate-Equation : 1.0000e-07
    Photon-Phase-Equation : 1
    Rate-Stabilize-Equation : 1.0000e-07
    QW-Scattering-Equations : 1.0000e+10
    QW-eScattering-Equation : 1.0000e+10
    QW-hScattering-Equation : 1.0000e+10
    Optical Problem : 1
    Wavelength : 1
    Bandstructure : 1
    EmissionTable : 1
    DephasingRates : 1
    Photon Recycling : 1
    Electron-Temperature : 3.0000e+02
    Hole-Temperature : 3.0000e+02
    Lattice-Hole-Electron-Temperature : 3.0000e+02
    Circuit : 1
    TCircuit : 1
    Contact : 0.025852
    TContact : 1
    Continuation : 1
    eLaplace : 1
    hLaplace : 1
    tLaplace : 1
    MonteCarlo : 1
    MCPoissonPDE : 1
    eQuantumPotential : 0.025852
    hQuantumPotential : 0.025852
    quasi-fermi-potential : 0.025852
    ConductiveInsulator : 1
    ContactAndConductiveInsulator : 1
    SingletExciton : 1.0000e+10
    FEPolarization : 0.025852
    eHopping : 0.025852
    hHopping : 0.025852
    HydrogenAtom : 1.0000e+10
    HydrogenMolecule : 1.0000e+10
    HydrogenIon : 1.0000e+10
    HydrogenSiliconBondOccupation : 1
    TrapPDE : 1.0000e-05
    eSHEDistribution : 0.025852
    hSHEDistribution : 0.025852
    Landau-Lifshitz-Gilbert[theta] : 1
    Landau-Lifshitz-Gilbert[phi] : 1
    Landau-Lifshitz-Gilbert[x] : 1
    Landau-Lifshitz-Gilbert[y] : 1
    Landau-Lifshitz-Gilbert[z] : 1
    Mechanics : 1
    ExternalTransportSolver : 1
    ReactionDiffusionPDE : 1
  Relative error : 5 digits
  Without checked transient error
  Max. #iterations : 50
  LineSearchDamping=1
  #undamped iterations : 1000
  No incomplete Newton
  transient method : TR-BDF
  Linear solver : blocked decomposition
  Linear solver for AC analysis : blocked decomposition
  Linear solver for SHEDistribution Model : Super
  do not use extrapolation in transient/quasistationary computations
  use complex supernodal in ac-analysis (if possible)
  do not use smoothed PDE's in transient/quasistationary computations
  use automatic coupling of contact/circuit stuff
  Spice temperature: 3.0015e+02
  Spice nominal temperature of parameter measurements: 3.0015e+02
  Spice minimum conductance gmin: 1.0000e-12
  Use 64 bit (double) normal precision floating point arithmetic.
  Mininum |rhs| : 1.0000e-05
  Maximum |rhs| : 1.0000e+15
  Maximum |rhs| factor : 1.0000e+10
  Maximum |rhs| factor1 : 1.0000e+10
  Lattice Temperature Range : (50,5.0000e+03)
  Carrier Temperature Range : (10,8.0000e+04)
  Simplified first order SHE of BTE will be solved
  SHERefinementCutoff : 20
  No user dependencies.
  Number of assembly threads: 1 (default)
  Number of solver threads: 1 (OMP_NUM_THREADS)
  Thread stacksize: 1000000 bytes (default)
  Go serial if not enough parallel licenses are available.

Default device parameters:
  Electrodes:
    "top" : 0.0000e+00 V (Ohmic), area factor : 1
    "bottom" : 0.0000e+00 V (Ohmic), area factor : 1
  RayTrace Boundaries:
  Files:
    no Boundary file
    Grid file: n13_fps.tdr
    no Doping file
    no MobilityDoping file
    no Load file
    no Save file
    Plot file: n71_des.tdr
    no DevFieldsName file
    AutoNewtonPlot file: n71_des_%d_des.tdr
    no Path file
    no Lifetime file
    no Temperature file
    Current file: n71_des.plt
    no PMIUserFields file
    no Extraction file
    no ModelParameters file
    ParameterPath directories: 
    no Piezo file
    no mcDOS file
    no ModeGain file
    no Optical emission table for stimulated emission file
    no Optical emission table for spontaneous emission file
    no Optical emission table for photon phase change coefficient file
    no EmissionTable file
    no DephasingRates file
    no ASESpectrum file
    no OpticalFarField file
    no OpticalIntensityPattern file
    no SaveOpticalIntensityPattern file
    no OpticalXYAnglePattern file
    no SaveOpticalXYAnglePattern file
    no IlluminationSpectrum file
    no SpectralPlot file
    no OpticalSolverInput file
    no OpticalGenerationInput file
    no OpticalGenerationOutuput file
    no OptGenTransientScaling file
    no MonteCarloInput file
    no MonteCarloOutput file
    no ACPlot file
-----------------------------------------------
  Numerical parameters:
    With avalanche derivatives
    Using old wavelength search algorithm
    Do not reinitialize quasi Fermi potentials in quasi-stationary simulations
    Ignore ionization integral constraints
    Without diagonal preconditioning
    With Scharfetter-Gummel Discretization
    Relative error : 5 digits
    Delta for numerical tunnelling derivatives : 1.0000e-03
    Do not compute breakdown paths and ionization integrals
    QuasiFermiPotential is used for Contact Equation
    With usage of best vertex in element (maximum element-vertex volume angle) for impact ionization models
-----------------------------------------------
-----------------------------------------------
  Physical models:
    Without incomplete ionization
    Use Si parameters
    TATNonlocalPathNC = 0.0000e+00
    With SRH-Recombination
      Without field dependent lifetimes
      Without doping dependent lifetimes
      Without temperature dependent lifetimes
    Without CDL-Recombination
    With optical generation computation 
    Without Band-to-Band-Tunneling
    With Auger-Recombination (without Generation)
    Without Radiative Recombination
    Without Surface-Recombination
    Without Trap-Assisted-Auger-Recombination
    PMI recombination models: none
    Without thermal resistance interfaces
    Without distributed resistance interfaces for electrons
    Without distributed resistance interfaces for holes
    Without Piezo
    Without Anisotropic Material Properties

    With Avalanche-Generation: 
    For electrons:
      driving force is Gradient Quasi Fermi,
      model according to van Overstraeten / de Man
    For holes:
      driving force is Gradient Quasi Fermi,
      model according to van Overstraeten / de Man

    Without Alpha Particle
    Without Heavy Ion
    Without polarization
    Volume charge density: 0.0000e+00 cm^-3
    Device Temperature = 3.0000e+02 K
    Electron Quasi Fermi Potential: 0.0000e+00 V
    Hole Quasi Fermi Potential: 0.0000e+00 V
    Without MagneticField
    With SingletExciton Barrier Type
    Intrinsic density models:
      default bandgap model
      Bandgap narrowing model: OldSlotboom with bandgap narrowing (no Fermi)
    default affinity model
    default effective mass model
    Electron mobility:
      Doping dependence:
        Default
      no Carrier-Carrier scattering
      E_normal dependence:
        Lombardi
      Without ThinLayer mobility model
      High-field mobility: Caughey-Thomas saturation model, using gradient quasi-Fermi potential.
      Einstein relation for diffusivity-mobility ratio.
    Hole mobility:
      Doping dependence:
        Default
      no Carrier-Carrier scattering
      E_normal dependence:
        Lombardi
      Without ThinLayer mobility model
      High-field mobility: Caughey-Thomas saturation model, using gradient quasi-Fermi potential.
      Einstein relation for diffusivity-mobility ratio.
    Energy relaxation time model: according to formula in parameter file
    Schottky resistance model: default bult-in model
    Lattice thermal conductivity model: according to formula in parameter file
    Metal Resistivity model: according to formula in parameter file
    Thermo Electric Power model: extraploted Si data
    Metal Thermo Electric Power model: MetalThermoElectricPower model not defined
    Lattice heat capacity model: temperature dependent
    no piezoelectric polarization model
    Without default parameters from file (use built-in default parameters)
-----------------------------------------------
  Process information for extraction purposes:
    none
  Plot variables:
    eDensity
    hDensity
    eCurrentDensity
    hCurrentDensity
    ElectrostaticPotential
    SpaceCharge
    ElectricField
    eMobility
    hMobility
    eVelocity
    hVelocity
    DopingConcentration
    DonorConcentration
    AcceptorConcentration
    ConductionBandEnergy
    ValenceBandEnergy
    eQuasiFermiPotential
    hQuasiFermiPotential

------------------------------------------------
  NoisePlot variables:
    none
  Plot groups:
    none

------------------------------------------------
  CurrentPlot variables:
    none
Devices:
Systems:
Solve :
 Poisson
Coupled ( Digits : 5, Max. #iterations : 50, 
    Solver : blocked decomposition,
    #undamped iterations : 1000 
    )
    { Poisson Electron Hole } 
Quasistationary ( Digits : 5, Max. #iterations : 50, 
      Initial step in t : 0.01, 
      Minimum step in t : 1.0000e-05, Maximum step in t : 0.05, 
      Increment : 2, Decrement : 2, 
      Goal values :
        Contact top : 1V
    )
  {
    Coupled ( Digits : 5, Max. #iterations : 50, 
        Solver : blocked decomposition,
        #undamped iterations : 1000 
        )
        { Poisson Electron Hole } 
  }

===============================

Reading grid 'n13_fps.tdr' ... 
  coordinate system: UCS, 3d_sprocess (x is device down direction)
  use coordinate system as is (no transformation)
  TDR format
  Number of grid points is 1554.
done.

Adding interfaces and contacts .... done.

Computing edges ...
  Number of edges: 4501
done.
Computing boxes ...

  CVPL_AverageBoxMethod = TRUE 
   
  Boxmethod Parallel Computing: nbThreads = 1 

  Computing Delaunay coefficients ...   done.
  Delaunay coefficients time: (wallclock = 0.0000e+00 s, tcpu = 0.0000e+00 s)

  Parallel Computing Voronoi faces, coefficients, and measures ... 
  CVPL_Algorithm = TRUE 

    Computing Obtuse Elements ... 
     Obtuse Elements time:  tcpu = 0.0000e+00 s
      New Parameters time: (wallclock = 0.0000e+00 s, tcpu = 0.0000e+00 s)

Info for all regions (NumberOfRegions = 2):
        ElementWithMinVolume(  1508) Vertex0(  793)( 1.027706e-03,-5.082198e-17) Volume = 2.569265e-05 um3 (5.04e-06 from TotalVolume)
          ElementWithMinEdge(  1200) Vertex0(  629)( 1.027706e-03, 5.000000e-01) Length = 1.027706e-03 um
              MaxFlatElement(  2811) Vertex0( 1489)(-1.312500e-01,-4.500000e-01)  Angle = 9.000000e+01 degrees
         ElementWithMinAngle(  1510) Vertex0(  771)( 0.000000e+00,-5.082198e-17)  Angle = 1.177499e+00 degrees
   ElementWithMaxQualityEdge(  1466) Vertex0(  771)( 1.027706e-03, 5.000000e-02)    R/L = 2.433116e+01 
 ElementWithMaxQualityHeight(  1466) Vertex0(  771)( 1.027706e-03, 5.000000e-02)    R/H = 2.433630e+01 

Info for semiconductor regions (NumberOfRegions = 1):
        ElementWithMinVolume(  1508) Vertex0(  793)( 1.027706e-03,-5.082198e-17) Volume = 2.569265e-05 um3 (5.04e-06 from TotalVolume)
          ElementWithMinEdge(  1200) Vertex0(  629)( 1.027706e-03, 5.000000e-01) Length = 1.027706e-03 um
              MaxFlatElement(  2035) Vertex0( 1088)( 2.417569e+00, 5.000000e-01)  Angle = 9.000000e+01 degrees
         ElementWithMinAngle(  1510) Vertex0(  771)( 0.000000e+00,-5.082198e-17)  Angle = 1.177499e+00 degrees
   ElementWithMaxQualityEdge(  1466) Vertex0(  771)( 1.027706e-03, 5.000000e-02)    R/L = 2.433116e+01 
 ElementWithMaxQualityHeight(  1466) Vertex0(  771)( 1.027706e-03, 5.000000e-02)    R/H = 2.433630e+01 

   NumberOfEdges              =   4501 
   NumberOfGeometricalEdges   =   4473 
   NumberOfDoubleEdges        =      0 
   MaxNumberOfEdgesPerVertex  =      6; vertex(2) = ( 3.255976e+00, -4.500000e-01) [um]
   MaxNumberOfElementsPerEdge =      2; edge(1) = (1, 880) 
                                        vertex(1) = ( 3.606524e+00, -5.000000e-01) [um]
                                        vertex(880) = ( 3.606524e+00, -4.500000e-01) [um]

                        NumberOfVertices =   1582 
                        NumberOfElements =   2920 
                       NumberOfTriangles =   2920  (100.00 %)
                      NumberOfRectangles =      0  ( 0.00 %)
                  NumberOfObtuseElements =      0  ( 0.00 %)

  VertexWithMaxMeasure(  883)( 3.606524e+00,-4.000000e-01)
  MaxVertMeasure(1.860060e-02)/VertVolume(8.763700e-03) = 2.12e+00


/-------- Region non-Delaunay elements -------------------------------------------------------------------
 Region        Volume      BoxMethodVolume  DeltaVolume  Elements  non-Delaunay      non-DelaunayVolume 
  name          [um2]          [um2]           [%]                   Elements              [um2]   [%]   
 ---------------------------------------------------------------------------------------------------------
 Silicon_1  4.0000000e+00  4.0000000e+00     1.9e-12      2040       0 ( 0.00 %)   0.0000000e+00 ( 0.0000) 
 Gas_1      1.1000000e+00  1.1000000e+00     2.3e-13       880       0 ( 0.00 %)   0.0000000e+00 ( 0.0000) 
 .........................................................................................................
 Total      5.1000000e+00  5.1000000e+00     3.6e-12      2920       0 ( 0.00 %)   0.0000000e+00 ( 0.0000) 
\---------------------------------------------------------------------------------------------------------
    done.
  done.
  (times: wallclock = 0.01 s, tcpu = 0.01 s)
done.
Reading doping 'n13_fps.tdr' (TDR format) ...
done.
done.


=======
Region: "Gas_1"
  (material is "Gas")
=======
  Using default lattice crystal coordinate system:
    effective LatticeParameters:
      X = (1, 0.0000e+00, 0.0000e+00)
      Y = (0.0000e+00, 1, 0.0000e+00)
      Z = (0.0000e+00, 0.0000e+00, 1)
  Constants are not modified and equal to default ones

=======
Region: "Silicon_1"
  (material is "Silicon")
=======
  Using lattice crystal coordinate system from TDR file:
    slice.angle                   : -9.0000e+01 [deg]
    wafer.orient, vertical.orient : (0, 0, 1)
    flat.orient, horizontal.orient: [1, 1, 0]
    miscut.tilt                   : 0.0000e+00 [deg]
    miscut.toward                 : [1, 1, 0]
    lattice.system                : cubic
    polytype                      : Zincblende
    lattice.const                 : 5.4310e-08 [cm]
    lattice.const.b               : 5.4310e-08 [cm]
    lattice.const.c               : 5.4310e-08 [cm]
    unit cell angles: alpha = 90, beta = 90, gamma = 90 [deg]
    effective LatticeParameters:
      X = (0.0000e+00, 0.0000e+00, -1.0000e+00)
      Y = (-7.0711e-01, 0.707107, 0.0000e+00)
      Z = (0.707107, 0.707107, 0.0000e+00)
  Constants are not modified and equal to default ones

================
RegionInterface: "Silicon_1/Gas_1"
  (material interface is "Silicon/Gas")
================
  Constants are not modified and equal to default ones

==========
Electrode: "bottom"
==========
  Constants are not modified and equal to default ones

==========
Electrode: "top"
==========
  Constants are not modified and equal to default ones


Acceptor and donor concentrations (AcceptorConcentration, DonorConcentration):
    computed based on the following species from the doping file:
        ArsenicActiveConcentration (donor)
        BoronActiveConcentration (acceptor)
Net doping concentration (DopingConcentration):
    obtained from doping file
Total doping concentration (TotalConcentration):
    recomputed from acceptor and donor concentrations



With Constant Reference Potential:
  Parameters of Reference Semiconductor:
    The Electron Affinity: 4.07274
    The Band Gap: 1.10821
    The Electron DOS: 2.8583e+19
    The Hole DOS: 3.1046e+19
  The Constant Reference Potential: 4.62578

===============================
Starting solve of next problem:
 Poisson
===============================

Computing poisson-equation 
using Bank/Rose nonlinear solver.

Iteration   |Rhs|      factor     |step|     error   #inner  #iterative  time
------------------------------------------------------------------------------
    0      4.26e+01                                                      0.00
    1      5.33e-02   1.00e+00   1.10e+01   1.52e+05    0         1      0.01
    2      2.37e-02   1.00e+00   2.32e+00   6.94e+04    0         1      0.01
    3      1.59e-03   1.00e+00   1.72e-01   4.75e+03    0         1      0.01
    4      8.40e-06   1.00e+00   1.29e-02   2.63e+02    0         1      0.02
Finished, because...
|RHS| less than 1.0000E-05.

Accumulated times:
Rhs time:        0.00 s
Jacobian time:   0.00 s
Solve time:      0.01 s
Total time:      0.02 s

contact        voltage     electron current    hole current  conduction current
 bottom       0.000E+00      -8.289E-23         7.757E-30       -8.289E-23
 top          0.000E+00       8.289E-23        -7.887E-30        8.289E-23


===============================
Starting solve of next problem:
Coupled ( Digits : 5, Max. #iterations : 50, 
    Solver : blocked decomposition,
    #undamped iterations : 1000 
    )
    { Poisson Electron Hole } 
===============================

Computing Coupled( 1 poisson-equation(s) , 1 electron-equation(s) , 
                   1 hole-equation(s) ) 
using Bank/Rose nonlinear solver.

Iteration   |Rhs|      factor     |step|     error   #inner  #iterative  time
------------------------------------------------------------------------------
    0      8.40e-06                                                      0.02
    1      2.00e-03   1.00e+00   8.42e-05   4.89e+00    0         1      0.09
    2      1.50e-05   1.00e+00   5.03e-09   1.83e-04    0         1      0.13
Finished, because...
Error smaller than 1 ( 1.8296E-04 ).

Accumulated times:
Rhs time:        0.07 s
Jacobian time:   0.03 s
Solve time:      0.03 s
Total time:      0.13 s

contact        voltage     electron current    hole current  conduction current
 bottom       0.000E+00      -7.474E-22        -9.757E-32       -7.474E-22
 top          0.000E+00       7.474E-22         2.378E-31        7.474E-22


===============================
Starting solve of next problem:
Quasistationary ( Digits : 5, Max. #iterations : 50, 
      Initial step in t : 0.01, 
      Minimum step in t : 1.0000e-05, Maximum step in t : 0.05, 
      Increment : 2, Decrement : 2, 
      Goal values :
        Contact top : 1V
    )
  {
    Coupled ( Digits : 5, Max. #iterations : 50, 
        Solver : blocked decomposition,
        #undamped iterations : 1000 
        )
        { Poisson Electron Hole } 
  }
===============================

Computing step from t=0.0000e+00 to t=0.01 (Stepsize: 0.01) :
Computing Coupled( 1 poisson-equation(s) , 1 electron-equation(s) , 
                   1 hole-equation(s) ) 
using Bank/Rose nonlinear solver.

Iteration   |Rhs|      factor     |step|     error   #inner  #iterative  time
------------------------------------------------------------------------------
    0      4.06e+08                                                      0.02
    1      1.65e+09   1.00e+00   2.43e+00   7.62e+05    0         1      0.08
    2      2.14e+07   1.00e+00   2.16e+00   1.35e+04    0         1      0.13
    3      3.62e+06   1.00e+00   1.02e-01   6.50e+02    0         1      0.18
    4      2.77e+04   1.00e+00   2.72e-03   2.39e+01    0         1      0.23
    5      4.14e-02   1.00e+00   2.67e-05   8.65e-02    0         1      0.28
Finished, because...
Error smaller than 1 ( 8.6483E-02 ).

Accumulated times:
Rhs time:        0.17 s
Jacobian time:   0.01 s
Solve time:      0.10 s
Total time:      0.28 s

contact        voltage     electron current    hole current  conduction current
 bottom       0.000E+00      -5.801E-15        -3.034E-17       -5.831E-15
 top          1.000E-02       5.831E-15         5.570E-19        5.831E-15

Computing step from t=0.01 to t=0.0289333 (Stepsize: 0.0189333) :
Computing Coupled( 1 poisson-equation(s) , 1 electron-equation(s) , 
                   1 hole-equation(s) ) 
using Bank/Rose nonlinear solver.

Iteration   |Rhs|      factor     |step|     error   #inner  #iterative  time
------------------------------------------------------------------------------
    0      4.34e+08                                                      0.03
    1      2.37e+09   1.00e+00   3.27e+00   2.21e+08    0         1      0.08
    2      5.38e+07   1.00e+00   2.74e+00   6.43e+04    0         1      0.13
    3      1.07e+06   1.00e+00   2.94e+00   1.24e+05    0         1      0.18
    4      4.42e+03   1.00e+00   2.35e-01   3.84e+03    0         1      0.23
    5      1.18e-02   1.00e+00   1.02e-03   1.25e+01    0         1      0.28
    6      2.05e-05   1.00e+00   6.10e-08   5.60e-05    0         1      0.33
Finished, because...
Error smaller than 1 ( 5.5968E-05 ).

Accumulated times:
Rhs time:        0.21 s
Jacobian time:   0.04 s
Solve time:      0.08 s
Total time:      0.33 s

contact        voltage     electron current    hole current  conduction current
 bottom       0.000E+00      -1.279E-14        -7.530E-17       -1.287E-14
 top          2.893E-02       1.287E-14         1.124E-18        1.287E-14

Computing step from t=0.0289333 to t=0.0642756 (Stepsize: 0.0353422) :
Computing Coupled( 1 poisson-equation(s) , 1 electron-equation(s) , 
                   1 hole-equation(s) ) 
using Bank/Rose nonlinear solver.

Iteration   |Rhs|      factor     |step|     error   #inner  #iterative  time
------------------------------------------------------------------------------
    0      4.49e+08                                                      0.03
    1      2.91e+09   1.00e+00   2.81e+01   4.34e+09    0         1      0.08
    2      7.79e+07   1.00e+00   2.75e+01   2.64e+08    0         1      0.13
    3      7.21e+06   1.00e+00   3.61e+00   6.10e+04    0         1      0.19
    4      8.96e+04   1.00e+00   2.50e+00   5.17e+05    0         1      0.24
    5      2.64e+01   1.00e+00   5.13e+00   4.07e+03    0         1      0.28
    6      3.18e-05   1.00e+00   5.51e-02   2.11e+00    0         1      0.33
    7      3.03e-05   1.00e+00   1.21e-02   2.58e-04    0         1      0.38
Finished, because...
Error smaller than 1 ( 2.5754E-04 ).

Accumulated times:
Rhs time:        0.26 s
Jacobian time:   0.04 s
Solve time:      0.07 s
Total time:      0.38 s

contact        voltage     electron current    hole current  conduction current
 bottom       0.000E+00      -1.894E-14        -1.328E-16       -1.907E-14
 top          6.428E-02       1.907E-14         1.451E-18        1.907E-14

Computing step from t=0.0642756 to t=0.114276 (Stepsize: 0.05) :
Computing Coupled( 1 poisson-equation(s) , 1 electron-equation(s) , 
                   1 hole-equation(s) ) 
using Bank/Rose nonlinear solver.

Iteration   |Rhs|      factor     |step|     error   #inner  #iterative  time
------------------------------------------------------------------------------
    0      4.53e+08                                                      0.03
    1      3.12e+09   1.00e+00   7.45e+01   1.18e+10    0         1      0.09
    2      7.95e+07   1.00e+00   7.41e+01   3.92e+08    0         1      0.14
    3      1.83e+07   1.00e+00   3.63e+00   6.94e+04    0         1      0.19
    4      9.89e+05   1.00e+00   2.52e+00   6.38e+05    0         1      0.24
    5      2.37e+03   1.00e+00   2.02e+00   3.82e+03    0         1      0.29
    6      2.13e-01   1.00e+00   6.19e-02   1.00e+01    0         1      0.34
    7      2.65e-05   1.00e+00   1.86e-02   4.70e-04    0         1      0.38
Finished, because...
Error smaller than 1 ( 4.7046E-04 ).

Accumulated times:
Rhs time:        0.25 s
Jacobian time:   0.03 s
Solve time:      0.10 s
Total time:      0.38 s

contact        voltage     electron current    hole current  conduction current
 bottom       0.000E+00      -2.273E-14        -1.871E-16       -2.291E-14
 top          1.143E-01       2.291E-14         1.502E-18        2.291E-14

Computing step from t=0.114276 to t=0.164276 (Stepsize: 0.05) :
Computing Coupled( 1 poisson-equation(s) , 1 electron-equation(s) , 
                   1 hole-equation(s) ) 
using Bank/Rose nonlinear solver.

Iteration   |Rhs|      factor     |step|     error   #inner  #iterative  time
------------------------------------------------------------------------------
    0      4.53e+08                                                      0.03
    1      3.12e+09   1.00e+00   6.84e+01   1.13e+10    0         1      0.08
    2      7.98e+07   1.00e+00   6.79e+01   4.34e+08    0         1      0.13
    3      1.74e+07   1.00e+00   3.79e+00   6.46e+04    0         1      0.18
    4      7.93e+05   1.00e+00   2.45e+00   5.26e+05    0         1      0.23
    5      1.49e+03   1.00e+00   1.80e+00   3.12e+03    0         1      0.27
    6      1.23e-01   1.00e+00   7.99e-02   4.79e+00    0         1      0.31
    7      2.84e-05   1.00e+00   2.19e-02   3.95e-04    0         1      0.36
Finished, because...
Error smaller than 1 ( 3.9542E-04 ).

Accumulated times:
Rhs time:        0.23 s
Jacobian time:   0.03 s
Solve time:      0.09 s
Total time:      0.36 s

contact        voltage     electron current    hole current  conduction current
 bottom       0.000E+00      -2.537E-14        -2.285E-16       -2.559E-14
 top          1.643E-01       2.559E-14         1.511E-18        2.559E-14

Computing step from t=0.164276 to t=0.214276 (Stepsize: 0.05) :
Computing Coupled( 1 poisson-equation(s) , 1 electron-equation(s) , 
                   1 hole-equation(s) ) 
using Bank/Rose nonlinear solver.

Iteration   |Rhs|      factor     |step|     error   #inner  #iterative  time
------------------------------------------------------------------------------
    0      4.53e+08                                                      0.03
    1      3.12e+09   1.00e+00   6.35e+01   1.09e+10    0         1      0.08
    2      8.01e+07   1.00e+00   6.28e+01   4.74e+08    0         1      0.13
    3      1.65e+07   1.00e+00   3.79e+00   7.14e+04    0         1      0.17
    4      6.31e+05   1.00e+00   2.46e+00   2.83e+05    0         1      0.22
    5      9.41e+02   1.00e+00   1.65e+00   2.17e+03    0         1      0.27
    6      4.72e-03   1.00e+00   8.46e-02   2.45e+00    0         1      0.32
    7      2.46e-05   1.00e+00   2.16e-02   2.99e-04    0         1      0.40
Finished, because...
Error smaller than 1 ( 2.9939E-04 ).

Accumulated times:
Rhs time:        0.27 s
Jacobian time:   0.05 s
Solve time:      0.08 s
Total time:      0.40 s

contact        voltage     electron current    hole current  conduction current
 bottom       0.000E+00      -2.783E-14        -2.630E-16       -2.809E-14
 top          2.143E-01       2.809E-14         1.514E-18        2.809E-14

Computing step from t=0.214276 to t=0.264276 (Stepsize: 0.05) :
Computing Coupled( 1 poisson-equation(s) , 1 electron-equation(s) , 
                   1 hole-equation(s) ) 
using Bank/Rose nonlinear solver.

Iteration   |Rhs|      factor     |step|     error   #inner  #iterative  time
------------------------------------------------------------------------------
    0      4.53e+08                                                      0.05
    1      3.12e+09   1.00e+00   5.93e+01   1.05e+10    0         1      0.10
    2      8.03e+07   1.00e+00   5.84e+01   5.12e+08    0         1      0.15
    3      1.56e+07   1.00e+00   3.35e+00   8.83e+05    0         1      0.20
    4      5.36e+05   1.00e+00   3.39e+00   2.72e+04    0         1      0.25
    5      6.09e+02   1.00e+00   1.35e+00   1.19e+03    0         1      0.29
    6      1.81e-03   1.00e+00   1.13e-01   1.32e+00    0         1      0.34
    7      2.58e-05   1.00e+00   3.88e-02   5.02e-04    0         1      0.39
Finished, because...
Error smaller than 1 ( 5.0207E-04 ).

Accumulated times:
Rhs time:        0.26 s
Jacobian time:   0.04 s
Solve time:      0.09 s
Total time:      0.39 s

contact        voltage     electron current    hole current  conduction current
 bottom       0.000E+00      -3.023E-14        -2.927E-16       -3.052E-14
 top          2.643E-01       3.052E-14         1.501E-18        3.052E-14

Computing step from t=0.264276 to t=0.314276 (Stepsize: 0.05) :
Computing Coupled( 1 poisson-equation(s) , 1 electron-equation(s) , 
                   1 hole-equation(s) ) 
using Bank/Rose nonlinear solver.

Iteration   |Rhs|      factor     |step|     error   #inner  #iterative  time
------------------------------------------------------------------------------
    0      4.53e+08                                                      0.03
    1      3.12e+09   1.00e+00   5.58e+01   1.02e+10    0         1      0.08
    2      8.05e+07   1.00e+00   5.47e+01   5.50e+08    0         1      0.13
    3      1.52e+07   1.00e+00   3.42e+00   2.91e+06    0         1      0.19
    4      4.54e+05   1.00e+00   3.71e+00   2.67e+04    0         1      0.24
    5      3.93e+02   1.00e+00   1.39e+00   9.82e+02    0         1      0.29
    6      6.68e-04   1.00e+00   1.13e-01   8.82e-01    0         1      0.34
Finished, because...
Error smaller than 1 ( 8.8160E-01 ).

Accumulated times:
Rhs time:        0.22 s
Jacobian time:   0.04 s
Solve time:      0.08 s
Total time:      0.34 s

contact        voltage     electron current    hole current  conduction current
 bottom       0.000E+00      -3.258E-14        -3.187E-16       -3.290E-14
 top          3.143E-01       3.290E-14         1.637E-18        3.290E-14

Computing step from t=0.314276 to t=0.364276 (Stepsize: 0.05) :
Computing Coupled( 1 poisson-equation(s) , 1 electron-equation(s) , 
                   1 hole-equation(s) ) 
using Bank/Rose nonlinear solver.

Iteration   |Rhs|      factor     |step|     error   #inner  #iterative  time
------------------------------------------------------------------------------
    0      4.53e+08                                                      0.03
    1      3.12e+09   1.00e+00   5.25e+01   9.87e+09    0         1      0.08
    2      8.08e+07   1.00e+00   5.13e+01   5.84e+08    0         1      0.14
    3      1.52e+07   1.00e+00   3.49e+00   4.93e+06    0         1      0.18
    4      3.79e+05   1.00e+00   3.75e+00   2.63e+04    0         1      0.23
    5      2.37e+02   1.00e+00   1.33e+00   9.19e+02    0         1      0.28
    6      2.19e-04   1.00e+00   1.02e-01   6.38e-01    0         1      0.33
Finished, because...
Error smaller than 1 ( 6.3814E-01 ).

Accumulated times:
Rhs time:        0.22 s
Jacobian time:   0.03 s
Solve time:      0.08 s
Total time:      0.33 s

contact        voltage     electron current    hole current  conduction current
 bottom       0.000E+00      -3.489E-14        -3.416E-16       -3.523E-14
 top          3.643E-01       3.523E-14         1.611E-18        3.523E-14

Computing step from t=0.364276 to t=0.414276 (Stepsize: 0.05) :
Computing Coupled( 1 poisson-equation(s) , 1 electron-equation(s) , 
                   1 hole-equation(s) ) 
using Bank/Rose nonlinear solver.

Iteration   |Rhs|      factor     |step|     error   #inner  #iterative  time
------------------------------------------------------------------------------
    0      4.53e+08                                                      0.03
    1      3.12e+09   1.00e+00   5.00e+01   9.60e+09    0         1      0.08
    2      8.10e+07   1.00e+00   4.86e+01   6.22e+08    0         1      0.13
    3      1.52e+07   1.00e+00   3.58e+00   6.95e+06    0         1      0.19
    4      3.38e+05   1.00e+00   3.78e+00   2.59e+04    0         1      0.24
    5      1.43e+02   1.00e+00   1.38e+00   9.58e+02    0         1      0.29
    6      7.74e-05   1.00e+00   2.08e-01   6.23e-01    0         1      0.34
Finished, because...
Error smaller than 1 ( 6.2319E-01 ).

Accumulated times:
Rhs time:        0.24 s
Jacobian time:   0.02 s
Solve time:      0.08 s
Total time:      0.34 s

contact        voltage     electron current    hole current  conduction current
 bottom       0.000E+00      -3.714E-14        -3.621E-16       -3.750E-14
 top          4.143E-01       3.750E-14         1.803E-18        3.750E-14

Computing step from t=0.414276 to t=0.464276 (Stepsize: 0.05) :
Computing Coupled( 1 poisson-equation(s) , 1 electron-equation(s) , 
                   1 hole-equation(s) ) 
using Bank/Rose nonlinear solver.

Iteration   |Rhs|      factor     |step|     error   #inner  #iterative  time
------------------------------------------------------------------------------
    0      4.53e+08                                                      0.02
    1      3.12e+09   1.00e+00   4.63e+01   9.20e+09    0         1      0.08
    2      8.13e+07   1.00e+00   4.47e+01   6.44e+08    0         1      0.13
    3      1.52e+07   1.00e+00   3.66e+00   8.97e+06    0         1      0.18
    4      2.64e+05   1.00e+00   3.82e+00   2.56e+04    0         1      0.23
    5      6.97e+01   1.00e+00   1.83e+00   1.04e+03    0         1      0.28
    6      5.21e-05   1.00e+00   1.68e-01   7.12e-01    0         1      0.33
Finished, because...
Error smaller than 1 ( 7.1158E-01 ).

Accumulated times:
Rhs time:        0.21 s
Jacobian time:   0.02 s
Solve time:      0.10 s
Total time:      0.33 s

contact        voltage     electron current    hole current  conduction current
 bottom       0.000E+00      -3.933E-14        -3.800E-16       -3.971E-14
 top          4.643E-01       3.971E-14         1.701E-18        3.971E-14

Computing step from t=0.464276 to t=0.514276 (Stepsize: 0.05) :
Computing Coupled( 1 poisson-equation(s) , 1 electron-equation(s) , 
                   1 hole-equation(s) ) 
using Bank/Rose nonlinear solver.

Iteration   |Rhs|      factor     |step|     error   #inner  #iterative  time
------------------------------------------------------------------------------
    0      4.53e+08                                                      0.03
    1      3.12e+09   1.00e+00   4.53e+01   9.08e+09    0         1      0.09
    2      8.13e+07   1.00e+00   4.36e+01   6.85e+08    0         1      0.13
    3      1.52e+07   1.00e+00   3.76e+00   1.10e+07    0         1      0.18
    4      2.34e+05   1.00e+00   3.84e+00   2.55e+04    0         1      0.24
    5      4.14e+01   1.00e+00   1.97e+00   1.14e+03    0         1      0.29
    6      4.09e-05   1.00e+00   2.66e-01   7.78e-01    0         1      0.34
Finished, because...
Error smaller than 1 ( 7.7776E-01 ).

Accumulated times:
Rhs time:        0.23 s
Jacobian time:   0.02 s
Solve time:      0.08 s
Total time:      0.34 s

contact        voltage     electron current    hole current  conduction current
 bottom       0.000E+00      -4.148E-14        -3.965E-16       -4.188E-14
 top          5.143E-01       4.188E-14         2.056E-18        4.188E-14

Computing step from t=0.514276 to t=0.564276 (Stepsize: 0.05) :
Computing Coupled( 1 poisson-equation(s) , 1 electron-equation(s) , 
                   1 hole-equation(s) ) 
using Bank/Rose nonlinear solver.

Iteration   |Rhs|      factor     |step|     error   #inner  #iterative  time
------------------------------------------------------------------------------
    0      4.53e+08                                                      0.03
    1      3.13e+09   1.00e+00   3.61e+01   8.28e+09    0         1      0.08
    2      8.23e+07   1.00e+00   3.43e+01   6.39e+08    0         1      0.12
    3      1.53e+07   1.00e+00   3.69e+00   1.30e+07    0         1      0.17
    4      1.48e+05   1.00e+00   3.79e+00   2.51e+04    0         1      0.22
    5      1.19e+01   1.00e+00   1.86e+00   1.23e+03    0         1      0.27
    6      6.49e-05   1.00e+00   2.41e-01   7.89e-01    0         1      0.32
Finished, because...
Error smaller than 1 ( 7.8880E-01 ).

Accumulated times:
Rhs time:        0.22 s
Jacobian time:   0.02 s
Solve time:      0.08 s
Total time:      0.32 s

contact        voltage     electron current    hole current  conduction current
 bottom       0.000E+00      -4.358E-14        -4.111E-16       -4.399E-14
 top          5.643E-01       4.399E-14         1.940E-18        4.399E-14

Computing step from t=0.564276 to t=0.614276 (Stepsize: 0.05) :
Computing Coupled( 1 poisson-equation(s) , 1 electron-equation(s) , 
                   1 hole-equation(s) ) 
using Bank/Rose nonlinear solver.

Iteration   |Rhs|      factor     |step|     error   #inner  #iterative  time
------------------------------------------------------------------------------
    0      4.53e+08                                                      0.03
    1      3.12e+09   1.00e+00   3.90e+01   8.41e+09    0         1      0.08
    2      8.20e+07   1.00e+00   3.70e+01   7.11e+08    0         1      0.13
    3      1.52e+07   1.00e+00   3.95e+00   1.50e+07    0         1      0.18
    4      1.47e+05   1.00e+00   3.65e+00   2.51e+04    0         1      0.23
    5      1.19e+01   1.00e+00   2.40e+00   1.31e+03    0         1      0.27
    6      5.06e-05   1.00e+00   2.07e-01   9.51e-01    0         1      0.32
Finished, because...
Error smaller than 1 ( 9.5086E-01 ).

Accumulated times:
Rhs time:        0.20 s
Jacobian time:   0.02 s
Solve time:      0.10 s
Total time:      0.32 s

contact        voltage     electron current    hole current  conduction current
 bottom       0.000E+00      -4.562E-14        -4.246E-16       -4.605E-14
 top          6.143E-01       4.605E-14         1.872E-18        4.605E-14

Computing step from t=0.614276 to t=0.664276 (Stepsize: 0.05) :
Computing Coupled( 1 poisson-equation(s) , 1 electron-equation(s) , 
                   1 hole-equation(s) ) 
using Bank/Rose nonlinear solver.

Iteration   |Rhs|      factor     |step|     error   #inner  #iterative  time
------------------------------------------------------------------------------
    0      4.53e+08                                                      0.03
    1      3.12e+09   1.00e+00   3.81e+01   8.29e+09    0         1      0.08
    2      8.21e+07   1.00e+00   3.59e+01   7.41e+08    0         1      0.13
    3      1.52e+07   1.00e+00   4.06e+00   1.70e+07    0         1      0.18
    4      1.46e+05   1.00e+00   3.65e+00   2.51e+04    0         1      0.23
    5      1.19e+01   1.00e+00   2.41e+00   1.37e+03    0         1      0.29
    6      5.31e-05   1.00e+00   1.96e-01   9.97e-01    0         1      0.33
Finished, because...
Error smaller than 1 ( 9.9696E-01 ).

Accumulated times:
Rhs time:        0.22 s
Jacobian time:   0.04 s
Solve time:      0.06 s
Total time:      0.33 s

contact        voltage     electron current    hole current  conduction current
 bottom       0.000E+00      -4.762E-14        -4.372E-16       -4.806E-14
 top          6.643E-01       4.805E-14         1.833E-18        4.806E-14

Computing step from t=0.664276 to t=0.714276 (Stepsize: 0.05) :
Computing Coupled( 1 poisson-equation(s) , 1 electron-equation(s) , 
                   1 hole-equation(s) ) 
using Bank/Rose nonlinear solver.

Iteration   |Rhs|      factor     |step|     error   #inner  #iterative  time
------------------------------------------------------------------------------
    0      4.53e+08                                                      0.03
    1      3.12e+09   1.00e+00   3.75e+01   8.20e+09    0         1      0.08
    2      8.21e+07   1.00e+00   3.51e+01   7.76e+08    0         1      0.13
    3      1.52e+07   1.00e+00   4.19e+00   1.90e+07    0         1      0.17
    4      1.46e+05   1.00e+00   3.65e+00   2.50e+04    0         1      0.22
    5      1.19e+01   1.00e+00   2.43e+00   1.40e+03    0         1      0.27
    6      5.09e-05   1.00e+00   2.95e-01   1.11e+00    0         1      0.31
    7      5.83e-05   1.00e+00   2.24e-01   6.85e-03    0         1      0.35
Finished, because...
Error smaller than 1 ( 6.8466E-03 ).

Accumulated times:
Rhs time:        0.22 s
Jacobian time:   0.03 s
Solve time:      0.09 s
Total time:      0.35 s

contact        voltage     electron current    hole current  conduction current
 bottom       0.000E+00      -4.957E-14        -4.482E-16       -5.001E-14
 top          7.143E-01       5.001E-14         1.239E-18        5.001E-14

Computing step from t=0.714276 to t=0.764276 (Stepsize: 0.05) :
Computing Coupled( 1 poisson-equation(s) , 1 electron-equation(s) , 
                   1 hole-equation(s) ) 
using Bank/Rose nonlinear solver.

Iteration   |Rhs|      factor     |step|     error   #inner  #iterative  time
------------------------------------------------------------------------------
    0      4.53e+08                                                      0.02
    1      3.12e+09   1.00e+00   7.08e+01   1.52e+10    0         1      0.07
    2      2.21e+08   1.00e+00   1.05e+02   1.75e+08    0         1      0.12
    3      3.33e+09   1.00e+00   3.26e+01   1.98e+10    0         1      0.16
    4      1.31e+08   1.00e+00   7.96e+00   1.60e+10    0         1      0.21
    5      3.73e+07   1.00e+00   3.27e+00   1.21e+10    0         1      0.26
    6      1.06e+07   1.00e+00   9.51e+00   1.10e+11    0         1      0.30
    7      1.96e+07   1.00e+00   6.77e+00   5.74e+11    0         1      0.35
    8      2.31e+07   1.00e+00   7.07e+00   1.41e+12    0         1      0.40
    9      1.45e+07   1.00e+00   5.59e+00   3.14e+12    0         1      0.44
   10      6.77e+07   1.00e+00   1.38e+01   2.71e+12    0         1      0.49
   11      1.30e+08   1.00e+00   7.12e+00   1.50e+12    0         1      0.54
   12      1.36e+07   1.00e+00   5.49e+00   5.80e+11    0         1      0.58
   13      1.54e+06   1.00e+00   1.99e+00   1.43e+11    0         1      0.63
   14      2.54e+05   1.00e+00   1.92e+00   1.43e+05    0         1      0.68
   15      2.36e+04   1.00e+00   2.62e+00   1.20e+04    0         1      0.73
   16      1.15e+02   1.00e+00   2.16e+00   1.18e+03    0         1      0.78
   17      2.57e-03   1.00e+00   1.13e+00   6.52e+00    0         1      0.83
   18      6.08e-05   1.00e+00   4.21e-02   7.49e-04    0         1      0.87
Finished, because...
Error smaller than 1 ( 7.4916E-04 ).

Accumulated times:
Rhs time:        0.55 s
Jacobian time:   0.08 s
Solve time:      0.22 s
Total time:      0.87 s

contact        voltage     electron current    hole current  conduction current
 bottom       0.000E+00      -5.147E-14        -4.591E-16       -5.192E-14
 top          7.643E-01       5.192E-14         1.521E-18        5.192E-14

Computing step from t=0.764276 to t=0.814276 (Stepsize: 0.05) :
Computing Coupled( 1 poisson-equation(s) , 1 electron-equation(s) , 
                   1 hole-equation(s) ) 
using Bank/Rose nonlinear solver.

Iteration   |Rhs|      factor     |step|     error   #inner  #iterative  time
------------------------------------------------------------------------------
    0      4.53e+08                                                      0.02
    1      3.12e+09   1.00e+00   3.68e+01   8.10e+09    0         1      0.07
    2      8.22e+07   1.00e+00   3.41e+01   8.45e+08    0         1      0.12
    3      1.52e+07   1.00e+00   4.44e+00   2.29e+07    0         1      0.16
    4      1.46e+05   1.00e+00   3.63e+00   2.48e+04    0         1      0.21
    5      1.18e+01   1.00e+00   2.44e+00   1.45e+03    0         1      0.25
    6      5.34e-05   1.00e+00   2.50e-01   1.23e+00    0         1      0.30
    7      4.82e-05   1.00e+00   1.25e-01   8.64e-03    0         1      0.35
Finished, because...
Error smaller than 1 ( 8.6412E-03 ).

Accumulated times:
Rhs time:        0.23 s
Jacobian time:   0.04 s
Solve time:      0.08 s
Total time:      0.35 s

contact        voltage     electron current    hole current  conduction current
 bottom       0.000E+00      -5.332E-14        -4.684E-16       -5.379E-14
 top          8.143E-01       5.379E-14         1.376E-18        5.379E-14

Computing step from t=0.814276 to t=0.864276 (Stepsize: 0.05) :
Computing Coupled( 1 poisson-equation(s) , 1 electron-equation(s) , 
                   1 hole-equation(s) ) 
using Bank/Rose nonlinear solver.

Iteration   |Rhs|      factor     |step|     error   #inner  #iterative  time
------------------------------------------------------------------------------
    0      4.53e+08                                                      0.03
    1      3.12e+09   1.00e+00   3.69e+01   8.11e+09    0         1      0.08
    2      8.22e+07   1.00e+00   3.40e+01   8.85e+08    0         1      0.12
    3      1.52e+07   1.00e+00   4.57e+00   2.49e+07    0         1      0.17
    4      1.45e+05   1.00e+00   3.64e+00   2.49e+04    0         1      0.22
    5      1.18e+01   1.00e+00   2.45e+00   1.49e+03    0         1      0.26
    6      6.21e-05   1.00e+00   2.09e-01   1.34e+00    0         1      0.31
    7      5.67e-05   1.00e+00   8.80e-02   1.07e-02    0         1      0.36
Finished, because...
Error smaller than 1 ( 1.0706E-02 ).

Accumulated times:
Rhs time:        0.24 s
Jacobian time:   0.02 s
Solve time:      0.10 s
Total time:      0.36 s

contact        voltage     electron current    hole current  conduction current
 bottom       0.000E+00      -5.513E-14        -4.768E-16       -5.560E-14
 top          8.643E-01       5.560E-14         1.459E-18        5.560E-14

Computing step from t=0.864276 to t=0.914276 (Stepsize: 0.05) :
Computing Coupled( 1 poisson-equation(s) , 1 electron-equation(s) , 
                   1 hole-equation(s) ) 
using Bank/Rose nonlinear solver.

Iteration   |Rhs|      factor     |step|     error   #inner  #iterative  time
------------------------------------------------------------------------------
    0      4.53e+08                                                      0.03
    1      3.12e+09   1.00e+00   3.49e+01   7.88e+09    0         1      0.08
    2      8.24e+07   1.00e+00   3.19e+01   8.84e+08    0         1      0.13
    3      1.52e+07   1.00e+00   4.68e+00   2.69e+07    0         1      0.18
    4      1.46e+05   1.00e+00   3.70e+00   2.48e+04    0         1      0.23
    5      1.18e+01   1.00e+00   2.04e+00   1.52e+03    0         1      0.27
    6      5.16e-05   1.00e+00   2.32e-01   1.27e+00    0         1      0.32
    7      4.93e-05   1.00e+00   1.06e-01   6.37e-03    0         1      0.37
Finished, because...
Error smaller than 1 ( 6.3746E-03 ).

Accumulated times:
Rhs time:        0.26 s
Jacobian time:   0.01 s
Solve time:      0.10 s
Total time:      0.37 s

contact        voltage     electron current    hole current  conduction current
 bottom       0.000E+00      -5.689E-14        -4.843E-16       -5.737E-14
 top          9.143E-01       5.737E-14         1.415E-18        5.737E-14

Computing step from t=0.914276 to t=0.964276 (Stepsize: 0.05) :
Computing Coupled( 1 poisson-equation(s) , 1 electron-equation(s) , 
                   1 hole-equation(s) ) 
using Bank/Rose nonlinear solver.

Iteration   |Rhs|      factor     |step|     error   #inner  #iterative  time
------------------------------------------------------------------------------
    0      4.53e+08                                                      0.03
    1      3.12e+09   1.00e+00   3.42e+01   7.80e+09    0         1      0.08
    2      8.25e+07   1.00e+00   3.11e+01   9.03e+08    0         1      0.12
    3      1.52e+07   1.00e+00   4.79e+00   2.89e+07    0         1      0.17
    4      1.46e+05   1.00e+00   3.74e+00   2.48e+04    0         1      0.22
    5      1.60e+01   1.00e+00   2.03e+00   1.56e+03    0         1      0.27
    6      4.00e-05   1.00e+00   2.30e-01   1.36e+00    0         1      0.31
    7      6.55e-05   1.00e+00   1.08e-01   1.18e-02    0         1      0.36
Finished, because...
Error smaller than 1 ( 1.1756E-02 ).

Accumulated times:
Rhs time:        0.24 s
Jacobian time:   0.02 s
Solve time:      0.10 s
Total time:      0.36 s

contact        voltage     electron current    hole current  conduction current
 bottom       0.000E+00      -5.861E-14        -4.911E-16       -5.910E-14
 top          9.643E-01       5.910E-14         1.399E-18        5.910E-14

Computing step from t=0.964276 to t=1 (Stepsize: 0.0357244) :
Computing Coupled( 1 poisson-equation(s) , 1 electron-equation(s) , 
                   1 hole-equation(s) ) 
using Bank/Rose nonlinear solver.

Iteration   |Rhs|      factor     |step|     error   #inner  #iterative  time
------------------------------------------------------------------------------
    0      4.49e+08                                                      0.03
    1      2.92e+09   1.00e+00   1.25e+01   2.80e+09    0         1      0.08
    2      7.95e+07   1.00e+00   9.65e+00   5.93e+08    0         1      0.13
    3      7.39e+06   1.00e+00   4.05e+00   2.88e+07    0         1      0.17
    4      3.19e+04   1.00e+00   5.24e+00   2.17e+04    0         1      0.22
    5      5.59e-01   1.00e+00   2.32e+00   1.10e+03    0         1      0.27
    6      4.87e-05   1.00e+00   1.25e-01   5.86e-01    0         1      0.31
Finished, because...
Error smaller than 1 ( 5.8571E-01 ).

Accumulated times:
Rhs time:        0.22 s
Jacobian time:   0.01 s
Solve time:      0.08 s
Total time:      0.31 s

contact        voltage     electron current    hole current  conduction current
 bottom       0.000E+00      -5.982E-14        -4.956E-16       -6.031E-14
 top          1.000E+00       6.031E-14         1.415E-18        6.031E-14


Finished, because of...
Curve trace finished.

Writing plot 'n71_des.tdr' (TDR format) ... done.

Sun Nov  1 15:30:32 2020: checked in 1 sdevice license(s)

******************************************************************************
Sentaurus Device process size: 531 megabytes
Sentaurus Device simulation times:
  wallclock: 9.30 s
  total cpu: 9.14 s
Sentaurus Device simulation finished (Date: Sun Nov  1 15:30:32 2020  (EDT)).
********************************* Good Bye ! *********************************
