****************************************************************************
***                          Sentaurus Process                           ***
***                          Version O-2018.06                           ***
***                       (1.1029, x86_64, Linux)                        ***
***                                                                      ***
***                       Copyright (C) 1993-2002                        ***
***          The board of regents of the University of Florida           ***
***                       Copyright (C) 1994-2018                        ***
***                            Synopsys, Inc.                            ***
***                                                                      ***
***  This software and the associated documentation are confidential     ***
***  and proprietary to Synopsys, Inc.  Your use or disclosure of this   ***
***  software is subject to the terms and conditions of a written        ***
***  license agreement between you, or your company, and Synopsys, Inc.  ***
****************************************************************************

Compiled Thu May  3 06:21:22 PDT 2018 on tcadprod10

      Started at: Tue Nov 17 09:48:59 2020 (EDT)
       User name: student
       Host name: acs14007.4225.cse.uconn.edu
             PID: 23259
    Architecture: x86_64
Operating system: Linux rel. 3.10.0-1127.18.2.el7.x86_64 ver. #1 SMP Mon Jul 20 22:32:16 UTC 2020

------------------------------------------------------------------------------
Checking syntax of n100_fps.cmd:

Syntax check complete.
------------------------------------------------------------------------------

Starting Tcl interpreter with inputfile: n100_fps.cmd
            sprocess: Checked Out

Loading models file: /usr/synopsys/sentaurus/O_2018.06/tcad/current/lib/sprocess-28.0.1029/TclLib/SPROCESS.models... done.
------------------------------------------------------------------- math -----
math coord.ucs
------------------------------------------------------------------------------
------------------------------------------------------------------- line -----
line X location= 0.00e+00<um> spacing= 1.00<nm> tag= "SiTop"
------------------------------------------------------------------------------
------------------------------------------------------------------- line -----
line X location= 50.00<nm> spacing= 10.00<nm>
------------------------------------------------------------------------------
------------------------------------------------------------------- line -----
line X location= 0.500<um> spacing= 50.00<nm>
------------------------------------------------------------------------------
------------------------------------------------------------------- line -----
line X location= 2.00<um> spacing= 0.200<um> tag= "SiBottom"
------------------------------------------------------------------------------
------------------------------------------------------------------- line -----
line Y location= 0.00e+00<um> spacing= 0.0360<um> tag= "Mid"
------------------------------------------------------------------------------
------------------------------------------------------------------- line -----
line Y location= 0.180<um> spacing= 0.0180<um>
------------------------------------------------------------------------------
------------------------------------------------------------------- line -----
line Y location= 0.720<um> spacing= 0.360<um> tag= "Right"
------------------------------------------------------------------------------
----------------------------------------------------------------- region -----
region xlo= "SiTop" xhi= "SiBottom" ylo= "Mid" yhi= "Right" Silicon
------------------------------------------------------------------------------
------------------------------------------------------------------- init -----
init concentration= 1.00e+18<cm-3> field= "Boron" slice.angle= 180.00<degree> !DelayFullD
------------------------------------------------------------------------------
          sprocess2d: Checked Out

Creating structure...
Recreating refinements to take into account updated simulation dimension.
Done recreating refinements.


Points: 675
Nodes: 675
Edges: 1906
Faces: 1232
Volumes: 0

----------------------------------------------------------------- pdbSet -----
pdbSet Silicon Dopant DiffModel ChargedFermi
------------------------------------------------------------------------------

- - - - - - - - - - - - - - - - - - - - - - - - - - - - - - - - - - - - - - -
Loading Advanced Calibration 2018.06 (1.1)


- - - - - - - - - - - - - - - - - - - - - - - - - - - - - - - - - - - - - - -

------------------------------------------------------------------- grid -----
grid set.min.normal.size= 1.00<nm> set.normal.growth.ratio.2d= 1.50
------------------------------------------------------------------------------
----------------------------------------------------------------- mgoals -----
mgoals accuracy= 1.00e-05<um>
------------------------------------------------------------------------------
----------------------------------------------------------------- pdbSet -----
pdbSet Oxide Grid perp.add.dist 1e-7
------------------------------------------------------------------------------
----------------------------------------------------------------- pdbSet -----
pdbSet Grid NativeLayerThickness 1e-7
------------------------------------------------------------------------------

Gas not found in structure, adding.
Generating SnMesh mesh... 

=================================  brep2d quality  =====================================
minAngle: 90  [near (2 0)] at region=Silicon_1
nVerts = 157  nTris = 158  nRegs = 2
bmin: 2 0
bmax: -0.1 0.72
min area: 0.000513853  max area: 0.1957  min edge length : 0.000513853
total area  : 6.36 interface area: 0.72
total volume: 2.232
Conformal? true
Are all boundaries on bbox? true
==================================================================================
SnMesh time: 0.071235

========================  tri-grid quality (Gas excluded)  =======================
    0  10  20  30  40  50  60  70  80  90 100 110 120 130 140 150 160 170 180
 %    4   7   5   5   4   4   5   5   7  30                                
---------------------------------------------------------------------------------
minAngle: 0.156677  maxAngle: 90
nVerts = 885  nTris = 1624  nMats = 2
max connectivity (tris per node): 6
bmin: 2 0
bmax: -0.1 0.72
min edgeLength: 0.000513853  [near (0.00077078 0.72)]
min volume: 4.52622e-06  max volume: 0.0183872  Total volume: 1.44
bbox  volume: 1.512
Are all boundaries on bbox? true
=================================================================================

Smallest region: Silicon_1  Total volume: 1.44
Initializing sprocess...time: 0.010792
Interpolating...elapsed time: 0.01
---------------------------------------------------------------- diffuse -----
diffuse time= 20.00<min> temperature= 950.00<C> O2
------------------------------------------------------------------------------
sprocess parallel assembly thread count = 1
Interpolating...elapsed time: 0.01
---- ---- ---- ---- ---- ---- ---- ---- ---- ---- ---- ---- ---- ---- ---- ---
Anneal step:	
	Time        = 20min
	Temperature = 950.0C
	Ramp rate   = 0C/s
Reaction :         0s   to    0.0001s   step    :    0.0001s   temp: 950.0C
sprocess ILS thread count = 1
Mechanics:         0s   to    0.0001s   step    :    0.0001s   temp: 950.0C
--- --- --- --- --- --- --- --- --- --- --- --- --- --- --- --- --- --- --- --
Initializing:  
--- --- --- --- --- --- --- --- --- --- --- --- --- --- --- --- --- --- --- --
Initialization is done.
--- --- --- --- --- --- --- --- --- --- --- --- --- --- --- --- --- --- --- --
Diffusion:         0s   to    0.0001s   step (s):    0.0001s   temp: 950.0C
Reaction :    0.0001s   to 0.0001687s   step    : 6.873e-05s   temp: 950.0C
Mechanics:    0.0001s   to 0.0001687s   step    : 6.873e-05s   temp: 950.0C
Diffusion:    0.0001s   to 0.0001687s   step (s): 6.873e-05s   temp: 950.0C
Reaction : 0.0001687s   to 0.0002542s   step    : 8.548e-05s   temp: 950.0C
Mechanics: 0.0001687s   to 0.0002542s   step    : 8.548e-05s   temp: 950.0C
Diffusion: 0.0001687s   to 0.0002542s   step (s): 8.548e-05s   temp: 950.0C
Reaction : 0.0002542s   to 0.0003926s   step    : 0.0001384s   temp: 950.0C
Mechanics: 0.0002542s   to 0.0003926s   step    : 0.0001384s   temp: 950.0C
Diffusion: 0.0002542s   to 0.0003926s   step (s): 0.0001384s   temp: 950.0C
Reaction : 0.0003926s   to 0.0006694s   step    : 0.0002768s   temp: 950.0C
Mechanics: 0.0003926s   to 0.0006694s   step    : 0.0002768s   temp: 950.0C
Diffusion: 0.0003926s   to 0.0006694s   step (s): 0.0002768s   temp: 950.0C
Reaction : 0.0006694s   to  0.001223s   step    : 0.0005536s   temp: 950.0C
Mechanics: 0.0006694s   to  0.001223s   step    : 0.0005536s   temp: 950.0C
Diffusion: 0.0006694s   to  0.001223s   step (s): 0.0005536s   temp: 950.0C
Reaction :  0.001223s   to   0.00233s   step    :  0.001107s   temp: 950.0C
Mechanics:  0.001223s   to   0.00233s   step    :  0.001107s   temp: 950.0C
Diffusion:  0.001223s   to   0.00233s   step (s):  0.001107s   temp: 950.0C
Reaction :   0.00233s   to  0.004545s   step    :  0.002214s   temp: 950.0C
Mechanics:   0.00233s   to  0.004545s   step    :  0.002214s   temp: 950.0C
Diffusion:   0.00233s   to  0.004545s   step (s):  0.002214s   temp: 950.0C
Reaction :  0.004545s   to  0.008973s   step    :  0.004429s   temp: 950.0C
Mechanics:  0.004545s   to  0.008973s   step    :  0.004429s   temp: 950.0C
Diffusion:  0.004545s   to  0.008973s   step (s):  0.004429s   temp: 950.0C
Reaction :  0.008973s   to   0.01783s   step    :  0.008858s   temp: 950.0C
Mechanics:  0.008973s   to   0.01783s   step    :  0.008858s   temp: 950.0C
Diffusion:  0.008973s   to   0.01783s   step (s):  0.008858s   temp: 950.0C
Reaction :   0.01783s   to   0.03555s   step    :   0.01772s   temp: 950.0C
Mechanics:   0.01783s   to   0.03555s   step    :   0.01772s   temp: 950.0C
Diffusion:   0.01783s   to   0.03555s   step (s):   0.01772s   temp: 950.0C
Reaction :   0.03555s   to   0.07098s   step    :   0.03543s   temp: 950.0C
Mechanics:   0.03555s   to   0.07098s   step    :   0.03543s   temp: 950.0C
Diffusion:   0.03555s   to   0.07098s   step (s):   0.03543s   temp: 950.0C
Reaction :   0.07098s   to    0.1418s   step    :   0.07086s   temp: 950.0C
Mechanics:   0.07098s   to    0.1418s   step    :   0.07086s   temp: 950.0C
Diffusion:   0.07098s   to    0.1418s   step (s):   0.07086s   temp: 950.0C
Reaction :    0.1418s   to    0.2782s   step    :    0.1364s   temp: 950.0C
Mechanics:    0.1418s   to    0.2782s   step    :    0.1364s   temp: 950.0C
Diffusion:    0.1418s   to    0.2782s   step (s):    0.1364s   temp: 950.0C
Reaction :    0.2782s   to    0.5097s   step    :    0.2314s   temp: 950.0C
Mechanics:    0.2782s   to    0.5097s   step    :    0.2314s   temp: 950.0C
Diffusion:    0.2782s   to    0.5097s   step (s):    0.2314s   temp: 950.0C
Reaction :    0.5097s   to    0.8684s   step    :    0.3587s   temp: 950.0C
Mechanics:    0.5097s   to    0.8684s   step    :    0.3587s   temp: 950.0C
Diffusion:    0.5097s   to    0.8684s   step (s):    0.3587s   temp: 950.0C
Reaction :    0.8684s   to      1.41s   step    :    0.5414s   temp: 950.0C
Mechanics:    0.8684s   to      1.41s   step    :    0.5414s   temp: 950.0C
Diffusion:    0.8684s   to      1.41s   step (s):    0.5414s   temp: 950.0C
Reaction :      1.41s   to     2.133s   step    :    0.7228s   temp: 950.0C
Mechanics:      1.41s   to     2.133s   step    :    0.7228s   temp: 950.0C
Diffusion:      1.41s   to     2.133s   step (s):    0.7228s   temp: 950.0C
Reaction :     2.133s   to     3.505s   step    :     1.372s   temp: 950.0C
Mechanics:     2.133s   to     3.505s   step    :     1.372s   temp: 950.0C
Diffusion:     2.133s   to     3.505s   step (s):     1.372s   temp: 950.0C
Reaction :     3.505s   to     6.249s   step    :     2.744s   temp: 950.0C
Mechanics:     3.505s   to     6.249s   step    :     2.744s   temp: 950.0C
Diffusion:     3.505s   to     6.249s   step (s):     2.744s   temp: 950.0C
Reaction :     6.249s   to     11.74s   step    :     5.488s   temp: 950.0C
Mechanics:     6.249s   to     11.74s   step    :     5.488s   temp: 950.0C
Interpolating...elapsed time: 0.01
Diffusion:     6.249s   to     11.74s   step (s):     5.488s   temp: 950.0C
Reaction :     11.74s   to     22.03s   step    :      10.3s   temp: 950.0C
Mechanics:     11.74s   to     22.03s   step    :      10.3s   temp: 950.0C
Diffusion:     11.74s   to     22.03s   step (s):      10.3s   temp: 950.0C
Reaction :     22.03s   to      40.4s   step    :     18.36s   temp: 950.0C
Mechanics:     22.03s   to      40.4s   step    :     18.36s   temp: 950.0C
Diffusion:     22.03s   to      40.4s   step (s):     18.36s   temp: 950.0C
Reaction :      40.4s   to     1.151min step    :     28.68s   temp: 950.0C
Mechanics:      40.4s   to     1.151min step    :     28.68s   temp: 950.0C
Interpolating...elapsed time: 0.02
Diffusion:      40.4s   to     1.151min step (s):     28.68s   temp: 950.0C
Reaction :     1.151min to     1.806min step    :     39.26s   temp: 950.0C
Mechanics:     1.151min to     1.806min step    :     39.26s   temp: 950.0C
Interpolating...elapsed time: 0.02
Diffusion:     1.151min to     1.806min step (s):     39.26s   temp: 950.0C
Reaction :     1.806min to     2.616min step    :     48.63s   temp: 950.0C
Mechanics:     1.806min to     2.616min step    :     48.63s   temp: 950.0C
Interpolating...elapsed time: 0.02
Diffusion:     1.806min to     2.616min step (s):     48.63s   temp: 950.0C
Reaction :     2.616min to     3.544min step    :     55.64s   temp: 950.0C
Mechanics:     2.616min to     3.544min step    :     55.64s   temp: 950.0C
Interpolating...elapsed time: 0.01
Diffusion:     2.616min to     3.544min step (s):     55.64s   temp: 950.0C
Reaction :     3.544min to     4.554min step    :     1.011min temp: 950.0C
Mechanics:     3.544min to     4.554min step    :     1.011min temp: 950.0C
Interpolating...elapsed time: 0.02
Diffusion:     3.544min to     4.554min step (s):     1.011min temp: 950.0C
Reaction :     4.554min to     5.656min step    :     1.102min temp: 950.0C
Mechanics:     4.554min to     5.656min step    :     1.102min temp: 950.0C
Interpolating...elapsed time: 0.02
Diffusion:     4.554min to     5.656min step (s):     1.102min temp: 950.0C
Reaction :     5.656min to     6.853min step    :     1.197min temp: 950.0C
Mechanics:     5.656min to     6.853min step    :     1.197min temp: 950.0C
Interpolating...elapsed time: 0.01
Diffusion:     5.656min to     6.853min step (s):     1.197min temp: 950.0C
Reaction :     6.853min to     8.149min step    :     1.296min temp: 950.0C
Mechanics:     6.853min to     8.149min step    :     1.296min temp: 950.0C
Interpolating...elapsed time: 0.01
Diffusion:     6.853min to     8.149min step (s):     1.296min temp: 950.0C
Reaction :     8.149min to     9.546min step    :     1.397min temp: 950.0C
Mechanics:     8.149min to     9.546min step    :     1.397min temp: 950.0C
Interpolating...elapsed time: 0.02
Diffusion:     8.149min to     9.546min step (s):     1.397min temp: 950.0C
Reaction :     9.546min to     11.05min step    :     1.501min temp: 950.0C
Mechanics:     9.546min to     11.05min step    :     1.501min temp: 950.0C
Interpolating...elapsed time: 0.02
Diffusion:     9.546min to     11.05min step (s):     1.501min temp: 950.0C
Reaction :     11.05min to     12.65min step    :     1.606min temp: 950.0C
Mechanics:     11.05min to     12.65min step    :     1.606min temp: 950.0C
Interpolating...elapsed time: 0.02
Diffusion:     11.05min to     12.65min step (s):     1.606min temp: 950.0C
Reaction :     12.65min to     14.36min step    :     1.711min temp: 950.0C
Mechanics:     12.65min to     14.36min step    :     1.711min temp: 950.0C
Interpolating...elapsed time: 0.02
Diffusion:     12.65min to     14.36min step (s):     1.711min temp: 950.0C
Reaction :     14.36min to     16.18min step    :     1.817min temp: 950.0C
Mechanics:     14.36min to     16.18min step    :     1.817min temp: 950.0C
Diffusion:     14.36min to     16.18min step (s):     1.817min temp: 950.0C
Reaction :     16.18min to     18.09min step    :      1.91min temp: 950.0C
Mechanics:     16.18min to     18.09min step    :      1.91min temp: 950.0C
Interpolating...elapsed time: 0.03
Diffusion:     16.18min to     18.09min step (s):      1.91min temp: 950.0C
Reaction :     18.09min to        20min step    :      1.91min temp: 950.0C
Mechanics:     18.09min to        20min step    :      1.91min temp: 950.0C
Interpolating...elapsed time: 0.02
Diffusion:     18.09min to        20min step (s):      1.91min temp: 950.0C

Elapsed time for diffuse 24.58s
----------------------------------------------------------------- layers -----
layers Oxide Y= 0.00e+00<um>
------------------------------------------------------------------------------
{         Top                Bottom             Integral             Material }
{ -8.984466819791e-03 6.273509644117e-03 0.000000000000e+00 Oxide }
DOE: tox 0.0153
----------------------------------------------------------------- struct -----
struct tdr= "n100_MOS1"
------------------------------------------------------------------------------
Points: 797
Nodes: 857
Edges: 2323
Faces: 1471
Volumes: 0

Writing file n100_MOS1_fps.tdr...done

---------------------------------------------------------------- deposit -----
deposit type= "anisotropic" thickness= 0.100<um> material= {PolySilicon}
------------------------------------------------------------------------------

MGoals time: 0.0400829

Updating sprocess mesh before Etch/Depo relax.
Generating SnMesh mesh... 

=================================  brep2d quality  =====================================
minAngle: 90  [near (2 0)] at region=Silicon_1
nVerts = 273  nTris = 276  nRegs = 6
bmin: 2 0
bmax: -2.00898 0.72
min area: 9.90797e-05  max area: 0.502246  min edge length : 9.90797e-05
total area  : 11.618 interface area: 2.16
total volume: 3.56821
Conformal? true
Are all boundaries on bbox? true
==================================================================================
SnMesh time: 0.227322

========================  tri-grid quality (Gas excluded)  =======================
    0  10  20  30  40  50  60  70  80  90 100 110 120 130 140 150 160 170 180
 %   10   6   4   3   3   3   3   4   6  36                                
---------------------------------------------------------------------------------
minAngle: 0.0302101  maxAngle: 90
nVerts = 1560  nTris = 2884  nMats = 4
max connectivity (tris per node): 6
bmin: 2 0
bmax: -2.00898 0.72
min edgeLength: 9.90797e-05  [near (-0.108935 0.0354129)]
min volume: 8.72734e-07  max volume: 0.0183872  Total volume: 1.51847
bbox  volume: 2.88647
Are all boundaries on bbox? true
=================================================================================

Smallest region: Oxide_1  Total volume: 0.0109857
Initializing sprocess...time: 0.053306
Interpolating...elapsed time: 0.11
Mechanics:         0s   to         1s   step    :         1s   temp: 26.9C->26.9C

------------------------------------------------------------------- mask -----
mask name= "gate_mask" left= -0.180<um> right= 0.180<um>
------------------------------------------------------------------------------
------------------------------------------------------------------- etch -----
etch mask= "gate_mask" type= "anisotropic" thickness= 0.150<um> material= {PolySilicon}
------------------------------------------------------------------------------
MGoals time: 0.108133

Updating sprocess mesh before Etch/Depo relax.
Generating SnMesh mesh... 

=================================  brep2d quality  =====================================
minAngle: 90  [near (0.00627351 0.72)] at region=Oxide_1
nVerts = 297  nTris = 300  nRegs = 7
bmin: 2 0
bmax: -2.00898 0.72
min area: 9.90797e-05  max area: 0.502246  min edge length : 9.90797e-05
total area  : 11.178 interface area: 1.72
total volume: 2.90035
Conformal? true
Are all boundaries on bbox? true
==================================================================================
SnMesh time: 0.238957

========================  tri-grid quality (Gas excluded)  =======================
    0  10  20  30  40  50  60  70  80  90 100 110 120 130 140 150 160 170 180
 %    6   6   5   3   3   3   3   5   6  28  .   .                         
---------------------------------------------------------------------------------
minAngle: 0.0312502  maxAngle: 111.536
nVerts = 2186  nTris = 4156  nMats = 4
max connectivity (tris per node): 7
bmin: 2 0
bmax: -2.00898 0.72
min edgeLength: 9.90797e-05  [near (-0.108935 0.0354129)]
min volume: 5.48233e-08  max volume: 0.0183872  Total volume: 1.46447
bbox  volume: 2.88647
Are all boundaries on bbox? true
=================================================================================

Smallest region: Oxide_1  Total volume: 0.0109857
Initializing sprocess...time: 0.0879
Interpolating...elapsed time: 0.07
Mechanics:         0s   to         1s   step    :         1s   temp: 26.9C->26.9C

------------------------------------------------------------------- etch -----
etch type= "anisotropic" thickness= 0.0600<um> material= {Oxide}
------------------------------------------------------------------------------
MGoals time: 0.21266

Updating sprocess mesh before Etch/Depo relax.
Generating SnMesh mesh... 

=================================  brep2d quality  =====================================
minAngle: 90  [near (0.00627351 0.18)] at region=Oxide_1
nVerts = 284  nTris = 287  nRegs = 8
bmin: 2 0
bmax: -2.00898 0.72
min area: 9.90797e-05  max area: 0.502246  min edge length : 9.90797e-05
total area  : 10.6532 interface area: 1.19526
total volume: 2.87747
Conformal? true
Are all boundaries on bbox? true
==================================================================================
SnMesh time: 0.244125

========================  tri-grid quality (Gas excluded)  =======================
    0  10  20  30  40  50  60  70  80  90 100 110 120 130 140 150 160 170 180
 %    4   5   5   4   3   3   4   5   5  25  .   .                         
---------------------------------------------------------------------------------
minAngle: 0.0312502  maxAngle: 111.536
nVerts = 2119  nTris = 4036  nMats = 4
max connectivity (tris per node): 8
bmin: 2 0
bmax: -2.00898 0.72
min edgeLength: 9.90797e-05  [near (-0.108935 0.0354129)]
min volume: 2.82119e-08  max volume: 0.0183872  Total volume: 1.45623
bbox  volume: 2.88647
Are all boundaries on bbox? true
=================================================================================

Smallest region: Oxide_1  Total volume: 0.00274644
Initializing sprocess...time: 0.098772
Interpolating...elapsed time: 0.08
Mechanics:         0s   to         1s   step    :         1s   temp: 26.9C->26.9C

----------------------------------------------------------------- struct -----
struct tdr= "n100_MOS2"
------------------------------------------------------------------------------
Points: 2119
Nodes: 2309
Edges: 6336
Faces: 4036
Volumes: 0

Writing file n100_MOS2_fps.tdr...done

---------------------------------------------------------------- implant -----
implant energy= 20.00<keV> dose= 1.00e+13<cm-2> tilt= 0.00e+00<degree> rotation= 0.00e+00<degree> Arsenic
------------------------------------------------------------------------------
No substrate defined (implant).  Skip updateStrain.
Species           =  Arsenic
Dataset           =  Arsenic
Energy            =  20keV
Dose (WaferDose)  =  1e+13/cm2
BeamDose          =  1e+13/cm2
BeamDose2D        =  1e+13/cm2
Tilt              =   0deg
Tilt2D            =   0deg
Rotation          =   0deg
Slice angle       = 180deg
Temperature       = 300.00K
LeftBoundary      =  Extend
RightBoundary     =  Extend

Total implant time:    0.45sec
- - - - - - - - - - - - - - - - - - - - - - - - - - - - - - - - - - - - - - - 
Computing finite volumes...
Finite volumes done

 Dose in:   Silicon_1     Oxide_1 PolySilicon Oxide_1+Sil       Total
              Silicon       Oxide PolySilicon Oxide_Silic
    Boron  1.9563e+14  9.6584e+11  0.0000e+00  1.2294e+11  1.9672e+14
  Arsenic  7.5469e+12  6.6875e+07  2.5103e+12  0.0000e+00  1.0057e+13
      Int  5.7446e+08  9.8837e+04  0.0000e+00  2.5000e+04  5.7458e+08
      Vac  7.1329e+09  1.3351e+08  0.0000e+00  2.5000e+04  7.2664e+09
 ICluster  3.4275e+08  0.0000e+00  0.0000e+00  2.5000e+04  3.4277e+08
       O2  1.9937e-04  1.8220e+10  0.0000e+00  2.5000e-01  1.8220e+10
       B4  7.3294e+04  3.8145e+00  0.0000e+00  2.5000e+04  9.8298e+04
- - - - - - - - - - - - - - - - - - - - - - - - - - - - - - - - - - - - - - - 


No substrate defined (implant).  Skip updateStrain.
---------------------------------------------------------------- diffuse -----
diffuse time= 0.100<s> temperature= 1050.00<C>
------------------------------------------------------------------------------
---- ---- ---- ---- ---- ---- ---- ---- ---- ---- ---- ---- ---- ---- ---- ---
Anneal step:	
	Time        = 0.1s
	Temperature = 1050.0C
	Ramp rate   = 0C/s
Mechanics:         0s   to    0.0001s   step    :    0.0001s   temp: 1050.0C
--- --- --- --- --- --- --- --- --- --- --- --- --- --- --- --- --- --- --- --
Initializing:  
--- --- --- --- --- --- --- --- --- --- --- --- --- --- --- --- --- --- --- --
Initialization is done.
--- --- --- --- --- --- --- --- --- --- --- --- --- --- --- --- --- --- --- --
Diffusion:         0s   to    0.0001s   step (s):    0.0001s   temp: 1050.0C
Mechanics:    0.0001s   to  0.000183s   step    : 8.303e-05s   temp: 1050.0C
Diffusion:    0.0001s   to  0.000183s   step (s): 8.303e-05s   temp: 1050.0C
Mechanics:  0.000183s   to 0.0003117s   step    : 0.0001287s   temp: 1050.0C
Diffusion:  0.000183s   to 0.0003117s   step (s): 0.0001287s   temp: 1050.0C
Mechanics: 0.0003117s   to 0.0005691s   step    : 0.0002574s   temp: 1050.0C
Diffusion: 0.0003117s   to 0.0005691s   step (s): 0.0002574s   temp: 1050.0C
Mechanics: 0.0005691s   to  0.001084s   step    : 0.0005147s   temp: 1050.0C
Diffusion: 0.0005691s   to  0.001084s   step (s): 0.0005147s   temp: 1050.0C
Mechanics:  0.001084s   to  0.001997s   step    : 0.0009128s   temp: 1050.0C
Diffusion:  0.001084s   to  0.001997s   step (s): 0.0009128s   temp: 1050.0C
Mechanics:  0.001997s   to  0.002958s   step    : 0.0009616s   temp: 1050.0C
Diffusion:  0.001997s   to  0.002958s   step (s): 0.0009616s   temp: 1050.0C
Mechanics:  0.002958s   to  0.004365s   step    :  0.001407s   temp: 1050.0C
Diffusion:  0.002958s   to  0.004365s   step (s):  0.001407s   temp: 1050.0C
Mechanics:  0.004365s   to  0.006171s   step    :  0.001805s   temp: 1050.0C
Diffusion:  0.004365s   to  0.006171s   step (s):  0.001805s   temp: 1050.0C
Mechanics:  0.006171s   to  0.008288s   step    :  0.002117s   temp: 1050.0C
Diffusion:  0.006171s   to  0.008288s   step (s):  0.002117s   temp: 1050.0C
Mechanics:  0.008288s   to   0.01037s   step    :  0.002084s   temp: 1050.0C
Diffusion:  0.008288s   to   0.01037s   step (s):  0.002084s   temp: 1050.0C
Mechanics:   0.01037s   to    0.0126s   step    :  0.002229s   temp: 1050.0C
Diffusion:   0.01037s   to    0.0126s   step (s):  0.002229s   temp: 1050.0C
Mechanics:    0.0126s   to   0.01508s   step    :  0.002477s   temp: 1050.0C
Diffusion:    0.0126s   to   0.01508s   step (s):  0.002477s   temp: 1050.0C
Mechanics:   0.01508s   to   0.01817s   step    :  0.003092s   temp: 1050.0C
Diffusion:   0.01508s   to   0.01817s   step (s):  0.003092s   temp: 1050.0C
Mechanics:   0.01817s   to   0.02334s   step    :  0.005168s   temp: 1050.0C
Diffusion:   0.01817s   to   0.02334s   step (s):  0.005168s   temp: 1050.0C
Mechanics:   0.02334s   to   0.03367s   step    :   0.01034s   temp: 1050.0C
Diffusion:   0.02334s   to   0.03367s   step (s):   0.01034s   temp: 1050.0C
Mechanics:   0.03367s   to   0.05258s   step    :    0.0189s   temp: 1050.0C
Diffusion:   0.03367s   to   0.05258s   step (s):    0.0189s   temp: 1050.0C
Mechanics:   0.05258s   to   0.07516s   step    :   0.02258s   temp: 1050.0C
Diffusion:   0.05258s   to   0.07516s   step (s):   0.02258s   temp: 1050.0C
Mechanics:   0.07516s   to   0.08758s   step    :   0.01242s   temp: 1050.0C
Diffusion:   0.07516s   to   0.08758s   step (s):   0.01242s   temp: 1050.0C
Mechanics:   0.08758s   to       0.1s   step    :   0.01242s   temp: 1050.0C
Diffusion:   0.08758s   to       0.1s   step (s):   0.01242s   temp: 1050.0C

Elapsed time for diffuse 16.69s
----------------------------------------------------------------- struct -----
struct tdr= "n100_MOS3"
------------------------------------------------------------------------------
Points: 2119
Nodes: 2309
Edges: 6336
Faces: 4036
Volumes: 0

Writing file n100_MOS3_fps.tdr...done

---------------------------------------------------------------- implant -----
implant energy= 30.00<keV> dose= 1.00e+22<cm-2> tilt= 30.00<degree> rotation= 0.00e+00<degree> Boron
------------------------------------------------------------------------------
No substrate defined (implant).  Skip updateStrain.
Species           =  Boron
Dataset           =  Boron
Energy            =  30keV
Dose (WaferDose)  =  1e+22/cm2
BeamDose          =  1.1547e+22/cm2
BeamDose2D        =  1.1547e+22/cm2
Tilt              =  30deg
Tilt2D            =  30deg
Rotation          =   0deg
Slice angle       = 180deg
Temperature       = 300.00K
LeftBoundary      =  Extend
RightBoundary     =  Extend

Total implant time:    1.25sec
- - - - - - - - - - - - - - - - - - - - - - - - - - - - - - - - - - - - - - - 
Computing finite volumes...
Finite volumes done

 Dose in:   Silicon_1     Oxide_1 PolySilicon Oxide_1+Sil       Total
              Silicon       Oxide PolySilicon Oxide_Silic
    Boron  7.1718e+21  3.6147e+20  1.3680e+21  1.2490e+11  8.9012e+21
  Arsenic  7.5469e+12  6.5393e+07  2.5103e+12  2.0064e+06  1.0057e+13
      Int  2.2267e+09  9.8837e+04  0.0000e+00  2.5000e+04  2.2269e+09
      Vac  6.6903e+10  1.3351e+08  0.0000e+00  2.5000e+04  6.7037e+10
 ICluster  1.1587e+10  0.0000e+00  0.0000e+00  2.5000e+04  1.1588e+10
       B4  7.9217e+03  3.8145e+00  2.5000e+01  2.5000e+04  1.7396e+05
      As3  5.0235e+02  3.8145e+00  2.5000e+01  2.5000e+04  1.6654e+05
- - - - - - - - - - - - - - - - - - - - - - - - - - - - - - - - - - - - - - - 


No substrate defined (implant).  Skip updateStrain.
---------------------------------------------------------------- implant -----
implant energy= 30.00<keV> dose= 1.00e+22<cm-2> tilt= 30.00<degree> rotation= 90.00<degree> Boron
------------------------------------------------------------------------------
No substrate defined (implant).  Skip updateStrain.
Species           =  Boron
Dataset           =  Boron
Energy            =  30keV
Dose (WaferDose)  =  1e+22/cm2
BeamDose          =  1.1547e+22/cm2
BeamDose2D        =  1e+22/cm2
Tilt              =  30deg
Tilt2D            =   0deg
Rotation          =  90deg
Slice angle       = 180deg
Temperature       = 300.00K
LeftBoundary      =  Extend
RightBoundary     =  Extend

Total implant time:    1.53sec
- - - - - - - - - - - - - - - - - - - - - - - - - - - - - - - - - - - - - - - 
Computing finite volumes...
Finite volumes done

 Dose in:   Silicon_1     Oxide_1 PolySilicon Oxide_1+Sil       Total
              Silicon       Oxide PolySilicon Oxide_Silic
    Boron  1.5398e+22  7.3097e+20  2.6765e+21  1.2490e+11  1.8806e+22
  Arsenic  7.5469e+12  6.5393e+07  2.5103e+12  2.0064e+06  1.0057e+13
      Int  2.2267e+09  9.8837e+04  0.0000e+00  2.5000e+04  2.2269e+09
      Vac  6.6903e+10  1.3351e+08  0.0000e+00  2.5000e+04  6.7037e+10
 ICluster  1.1587e+10  0.0000e+00  0.0000e+00  2.5000e+04  1.1588e+10
       B4  7.9217e+03  3.8145e+00  2.5000e+01  2.5000e+04  1.7396e+05
      As3  5.0235e+02  3.8145e+00  2.5000e+01  2.5000e+04  1.6654e+05
- - - - - - - - - - - - - - - - - - - - - - - - - - - - - - - - - - - - - - - 


No substrate defined (implant).  Skip updateStrain.
---------------------------------------------------------------- implant -----
implant energy= 30.00<keV> dose= 1.00e+22<cm-2> tilt= 30.00<degree> rotation= 180.00<degree> Boron
------------------------------------------------------------------------------
No substrate defined (implant).  Skip updateStrain.
Species           =  Boron
Dataset           =  Boron
Energy            =  30keV
Dose (WaferDose)  =  1e+22/cm2
BeamDose          =  1.1547e+22/cm2
BeamDose2D        =  1.1547e+22/cm2
Tilt              =  30deg
Tilt2D            = -30deg
Rotation          = 180deg
Slice angle       = 180deg
Temperature       = 300.00K
LeftBoundary      =  Extend
RightBoundary     =  Extend

Total implant time:    1.25sec
- - - - - - - - - - - - - - - - - - - - - - - - - - - - - - - - - - - - - - - 
Computing finite volumes...
Finite volumes done

 Dose in:   Silicon_1     Oxide_1 PolySilicon Oxide_1+Sil       Total
              Silicon       Oxide PolySilicon Oxide_Silic
    Boron  2.4761e+22  1.0560e+21  3.8664e+21  1.2490e+11  2.9683e+22
  Arsenic  7.5469e+12  6.5393e+07  2.5103e+12  2.0064e+06  1.0057e+13
      Int  2.2267e+09  9.8837e+04  0.0000e+00  2.5000e+04  2.2269e+09
      Vac  6.6903e+10  1.3351e+08  0.0000e+00  2.5000e+04  6.7037e+10
 ICluster  1.1587e+10  0.0000e+00  0.0000e+00  2.5000e+04  1.1588e+10
       B4  7.9217e+03  3.8145e+00  2.5000e+01  2.5000e+04  1.7396e+05
      As3  5.0235e+02  3.8145e+00  2.5000e+01  2.5000e+04  1.6654e+05
- - - - - - - - - - - - - - - - - - - - - - - - - - - - - - - - - - - - - - - 


No substrate defined (implant).  Skip updateStrain.
---------------------------------------------------------------- implant -----
implant energy= 30.00<keV> dose= 1.00e+22<cm-2> tilt= 30.00<degree> rotation= 270.00<degree> Boron
------------------------------------------------------------------------------
No substrate defined (implant).  Skip updateStrain.
Species           =  Boron
Dataset           =  Boron
Energy            =  30keV
Dose (WaferDose)  =  1e+22/cm2
BeamDose          =  1.1547e+22/cm2
BeamDose2D        =  1e+22/cm2
Tilt              =  30deg
Tilt2D            =  -0deg
Rotation          = 270deg
Slice angle       = 180deg
Temperature       = 300.00K
LeftBoundary      =  Extend
RightBoundary     =  Extend

Total implant time:    1.41sec
- - - - - - - - - - - - - - - - - - - - - - - - - - - - - - - - - - - - - - - 
Computing finite volumes...
Finite volumes done

 Dose in:   Silicon_1     Oxide_1 PolySilicon Oxide_1+Sil       Total
              Silicon       Oxide PolySilicon Oxide_Silic
    Boron  3.2987e+22  1.4255e+21  5.1750e+21  1.2490e+11  3.9587e+22
  Arsenic  7.5469e+12  6.5393e+07  2.5103e+12  2.0064e+06  1.0057e+13
      Int  2.2267e+09  9.8837e+04  0.0000e+00  2.5000e+04  2.2269e+09
      Vac  6.6903e+10  1.3351e+08  0.0000e+00  2.5000e+04  6.7037e+10
 ICluster  1.1587e+10  0.0000e+00  0.0000e+00  2.5000e+04  1.1588e+10
       B4  7.9217e+03  3.8145e+00  2.5000e+01  2.5000e+04  1.7396e+05
      As3  5.0235e+02  3.8145e+00  2.5000e+01  2.5000e+04  1.6654e+05
- - - - - - - - - - - - - - - - - - - - - - - - - - - - - - - - - - - - - - - 


No substrate defined (implant).  Skip updateStrain.
---------------------------------------------------------------- diffuse -----
diffuse time= 5.00<s> temperature= 1050.00<C>
------------------------------------------------------------------------------
---- ---- ---- ---- ---- ---- ---- ---- ---- ---- ---- ---- ---- ---- ---- ---
Anneal step:	
	Time        = 5s
	Temperature = 1050.0C
	Ramp rate   = 0C/s
Mechanics:         0s   to    0.0001s   step    :    0.0001s   temp: 1050.0C
--- --- --- --- --- --- --- --- --- --- --- --- --- --- --- --- --- --- --- --
Initializing:  
--- --- --- --- --- --- --- --- --- --- --- --- --- --- --- --- --- --- --- --
Initialization is done.
--- --- --- --- --- --- --- --- --- --- --- --- --- --- --- --- --- --- --- --
Diffusion:         0s   to    0.0001s   step (s):    0.0001s   temp: 1050.0C
Diffusion:         0s   to   2.5e-05s   step*(s):   2.5e-05s   temp: 1050.0C
Diffusion:         0s   to  6.25e-06s   step*(s):  6.25e-06s   temp: 1050.0C
Diffusion:         0s   to 1.563e-06s   step*(s): 1.563e-06s   temp: 1050.0C
Diffusion:         0s   to 3.906e-07s   step*(s): 3.906e-07s   temp: 1050.0C
Diffusion:         0s   to 9.766e-08s   step*(s): 9.766e-08s   temp: 1050.0C
Diffusion: 9.766e-08s   to 1.828e-07s   step (s): 8.513e-08s   temp: 1050.0C
Diffusion: 1.828e-07s   to 3.392e-07s   step (s): 1.564e-07s   temp: 1050.0C
Diffusion: 3.392e-07s   to 6.519e-07s   step (s): 3.128e-07s   temp: 1050.0C
Diffusion: 6.519e-07s   to 1.238e-06s   step (s): 5.858e-07s   temp: 1050.0C
Diffusion: 1.238e-06s   to 2.381e-06s   step (s): 1.143e-06s   temp: 1050.0C
Diffusion: 2.381e-06s   to 4.668e-06s   step (s): 2.287e-06s   temp: 1050.0C
Diffusion: 4.668e-06s   to 9.242e-06s   step (s): 4.574e-06s   temp: 1050.0C
Diffusion: 9.242e-06s   to 1.839e-05s   step (s): 9.148e-06s   temp: 1050.0C
Diffusion: 1.839e-05s   to 3.604e-05s   step (s): 1.765e-05s   temp: 1050.0C
Diffusion: 3.604e-05s   to  6.95e-05s   step (s): 3.346e-05s   temp: 1050.0C
Diffusion:  6.95e-05s   to    0.0001s   step (r):  3.05e-05s   temp: 1050.0C
Mechanics:    0.0001s   to 0.0001738s   step    : 7.384e-05s   temp: 1050.0C
Diffusion:    0.0001s   to 0.0001738s   step (s): 7.384e-05s   temp: 1050.0C
Mechanics: 0.0001738s   to 0.0002943s   step    : 0.0001205s   temp: 1050.0C
Diffusion: 0.0001738s   to 0.0002943s   step (s): 0.0001205s   temp: 1050.0C
Mechanics: 0.0002943s   to 0.0004124s   step    :  0.000118s   temp: 1050.0C
Diffusion: 0.0002943s   to 0.0004124s   step (s):  0.000118s   temp: 1050.0C
Diffusion: 0.0002943s   to 0.0003238s   step*(s): 2.951e-05s   temp: 1050.0C
Diffusion: 0.0003238s   to 0.0003828s   step (s): 5.902e-05s   temp: 1050.0C
Diffusion: 0.0003828s   to 0.0004124s   step (r): 2.951e-05s   temp: 1050.0C
Mechanics: 0.0004124s   to 0.0004967s   step    : 8.434e-05s   temp: 1050.0C
Diffusion: 0.0004124s   to 0.0004967s   step (s): 8.434e-05s   temp: 1050.0C
Mechanics: 0.0004967s   to 0.0006597s   step    :  0.000163s   temp: 1050.0C
Diffusion: 0.0004967s   to 0.0006597s   step (s):  0.000163s   temp: 1050.0C
Mechanics: 0.0006597s   to 0.0008999s   step    : 0.0002402s   temp: 1050.0C
Diffusion: 0.0006597s   to 0.0008999s   step (s): 0.0002402s   temp: 1050.0C
Mechanics: 0.0008999s   to  0.001233s   step    :  0.000333s   temp: 1050.0C
Diffusion: 0.0008999s   to  0.001233s   step (s):  0.000333s   temp: 1050.0C
Mechanics:  0.001233s   to  0.001698s   step    : 0.0004648s   temp: 1050.0C
Diffusion:  0.001233s   to  0.001698s   step (s): 0.0004648s   temp: 1050.0C
Mechanics:  0.001698s   to  0.002342s   step    : 0.0006443s   temp: 1050.0C
Diffusion:  0.001698s   to  0.002342s   step (s): 0.0006443s   temp: 1050.0C
Mechanics:  0.002342s   to  0.003206s   step    :  0.000864s   temp: 1050.0C
Diffusion:  0.002342s   to  0.003206s   step (s):  0.000864s   temp: 1050.0C
Mechanics:  0.003206s   to  0.004147s   step    : 0.0009405s   temp: 1050.0C
Diffusion:  0.003206s   to  0.004147s   step (s): 0.0009405s   temp: 1050.0C
Mechanics:  0.004147s   to  0.005753s   step    :  0.001607s   temp: 1050.0C
Diffusion:  0.004147s   to  0.005753s   step (s):  0.001607s   temp: 1050.0C
Mechanics:  0.005753s   to  0.008966s   step    :  0.003213s   temp: 1050.0C
Diffusion:  0.005753s   to  0.008966s   step (s):  0.003213s   temp: 1050.0C
Mechanics:  0.008966s   to   0.01539s   step    :  0.006426s   temp: 1050.0C
Diffusion:  0.008966s   to   0.01539s   step (s):  0.006426s   temp: 1050.0C
Mechanics:   0.01539s   to   0.02825s   step    :   0.01285s   temp: 1050.0C
Diffusion:   0.01539s   to   0.02825s   step (s):   0.01285s   temp: 1050.0C
Mechanics:   0.02825s   to   0.05135s   step    :   0.02311s   temp: 1050.0C
Diffusion:   0.02825s   to   0.05135s   step (s):   0.02311s   temp: 1050.0C
Mechanics:   0.05135s   to   0.07678s   step    :   0.02543s   temp: 1050.0C
Diffusion:   0.05135s   to   0.07678s   step (s):   0.02543s   temp: 1050.0C
Mechanics:   0.07678s   to    0.1205s   step    :   0.04367s   temp: 1050.0C
Diffusion:   0.07678s   to    0.1205s   step (s):   0.04367s   temp: 1050.0C
Mechanics:    0.1205s   to    0.2078s   step    :   0.08735s   temp: 1050.0C
Diffusion:    0.1205s   to    0.2078s   step (s):   0.08735s   temp: 1050.0C
Mechanics:    0.2078s   to    0.3825s   step    :    0.1747s   temp: 1050.0C
Diffusion:    0.2078s   to    0.3825s   step (s):    0.1747s   temp: 1050.0C
Mechanics:    0.3825s   to    0.7052s   step    :    0.3227s   temp: 1050.0C
Diffusion:    0.3825s   to    0.7052s   step (s):    0.3227s   temp: 1050.0C
Mechanics:    0.7052s   to      1.11s   step    :     0.405s   temp: 1050.0C
Diffusion:    0.7052s   to      1.11s   step (s):     0.405s   temp: 1050.0C
Mechanics:      1.11s   to     1.735s   step    :     0.625s   temp: 1050.0C
Diffusion:      1.11s   to     1.735s   step (s):     0.625s   temp: 1050.0C
Mechanics:     1.735s   to      2.56s   step    :    0.8246s   temp: 1050.0C
Diffusion:     1.735s   to      2.56s   step (s):    0.8246s   temp: 1050.0C
Mechanics:      2.56s   to     3.671s   step    :     1.111s   temp: 1050.0C
Diffusion:      2.56s   to     3.671s   step (s):     1.111s   temp: 1050.0C
Mechanics:     3.671s   to         5s   step    :     1.329s   temp: 1050.0C
Diffusion:     3.671s   to         5s   step (s):     1.329s   temp: 1050.0C

Elapsed time for diffuse 28.62s
----------------------------------------------------------------- struct -----
struct tdr= "n100_MOS4"
------------------------------------------------------------------------------
Points: 2119
Nodes: 2309
Edges: 6336
Faces: 4036
Volumes: 0

Writing file n100_MOS4_fps.tdr...done

---------------------------------------------------------------- deposit -----
deposit Nitride thickness= 0.108<um> isotropic
------------------------------------------------------------------------------
MGoals time: 0.30751

Updating sprocess mesh before Etch/Depo relax.
Generating SnMesh mesh... 

=================================  brep2d quality  =====================================
minAngle: 89.9459  [near (-0.21672 0)] at region=Gas_1
nVerts = 333  nTris = 337  nRegs = 10
bmin: 2 0
bmax: -2.00898 0.72
min area: 9.90797e-05  max area: 0.502246  min edge length : 9.90797e-05
total area  : 11.4259 interface area: 1.96794
total volume: 2.8402
Conformal? true
Are all boundaries on bbox? true
==================================================================================
SnMesh time: 0.245026

========================  tri-grid quality (Gas excluded)  =======================
    0  10  20  30  40  50  60  70  80  90 100 110 120 130 140 150 160 170 180
 %    6   7   7   6   5   5   6   7   7  36  .   .   .   .   .   .         
---------------------------------------------------------------------------------
minAngle: 0.0407434  maxAngle: 147.423
nVerts = 2272  nTris = 4340  nMats = 5
max connectivity (tris per node): 10
bmin: 2 0
bmax: -2.00898 0.72
min edgeLength: 9.90797e-05  [near (-0.108935 0.178893)]
min volume: 2.82119e-08  max volume: 0.0183872  Total volume: 1.54266
bbox  volume: 2.88647
Are all boundaries on bbox? true
=================================================================================

Smallest region: Oxide_1  Total volume: 0.00274644
Initializing sprocess...time: 0.083436
Interpolating...elapsed time: 0.19
Mechanics:         0s   to         1s   step    :         1s   temp: 26.9C->26.9C
------------------------------------------------------------------- etch -----
etch Nitride anisotropic thickness= 0.126<um>
------------------------------------------------------------------------------
MGoals time: 0.158114

Updating sprocess mesh before Etch/Depo relax.
Generating SnMesh mesh... 

=================================  brep2d quality  =====================================
minAngle: 70.9916  [near (0.00627351 0.283527)] at region=Nitride_1
nVerts = 330  nTris = 334  nRegs = 11
bmin: 2 0
bmax: -2.00898 0.72
min area: 9.90797e-05  max area: 0.502246  min edge length : 9.90797e-05
total area  : 10.8015 interface area: 1.34354
total volume: 3.12924
Conformal? true
Are all boundaries on bbox? true
==================================================================================
SnMesh time: 0.262911

========================  tri-grid quality (Gas excluded)  =======================
    0  10  20  30  40  50  60  70  80  90 100 110 120 130 140 150 160 170 180
 %    5   6   6   5   4   4   5   6   6  29  .   .   .   .   .   .         
---------------------------------------------------------------------------------
minAngle: 0.0312502  maxAngle: 147.423
nVerts = 2287  nTris = 4372  nMats = 5
max connectivity (tris per node): 9
bmin: 2 0
bmax: -2.00898 0.72
min edgeLength: 9.90797e-05  [near (-0.108935 0.0354129)]
min volume: 2.82119e-08  max volume: 0.0183872  Total volume: 1.46309
bbox  volume: 2.88647
Are all boundaries on bbox? true
=================================================================================

Smallest region: Oxide_1  Total volume: 0.00274644
Initializing sprocess...time: 0.093572
Interpolating...elapsed time: 0.15
Mechanics:         0s   to         1s   step    :         1s   temp: 26.9C->26.9C

----------------------------------------------------------------- struct -----
struct tdr= "n100_MOS5"
------------------------------------------------------------------------------
Points: 2287
Nodes: 2587
Edges: 6946
Faces: 4372
Volumes: 0

Writing file n100_MOS5_fps.tdr...done

---------------------------------------------------------------- implant -----
implant energy= 10.00<keV> dose= 1.00e+16<cm-2> tilt= 7.00<degree> rotation= -90.00<degree> Arsenic
------------------------------------------------------------------------------
No substrate defined (implant).  Skip updateStrain.
Species           =  Arsenic
Dataset           =  Arsenic
Energy            =  10keV
Dose (WaferDose)  =  1e+16/cm2
BeamDose          =  1.0075e+16/cm2
BeamDose2D        =  1e+16/cm2
Tilt              =   7deg
Tilt2D            =  -0deg
Rotation          = 270deg
Slice angle       = 180deg
Temperature       = 300.00K
LeftBoundary      =  Extend
RightBoundary     =  Extend

Total implant time:    0.44sec
- - - - - - - - - - - - - - - - - - - - - - - - - - - - - - - - - - - - - - - 
Computing finite volumes...
Finite volumes done

 Dose in:   Silicon_1     Oxide_1 PolySilicon   Nitride_1 Oxide_1+Sil       Total
              Silicon       Oxide PolySilicon     Nitride Oxide_Silic
    Boron  2.0313e+16  1.4511e+21  5.1495e+21  0.0000e+00  1.1646e+14  6.6005e+21
  Arsenic  6.1170e+15  6.5394e+07  2.5860e+15  1.1570e+15  3.5301e+06  9.8600e+15
      Int  3.3895e+11  9.8837e+04  0.0000e+00  0.0000e+00  2.5000e+04  3.3895e+11
      Vac  7.0215e+10  1.3351e+08  0.0000e+00  0.0000e+00  2.5000e+04  7.0349e+10
 ICluster  1.0445e+17  0.0000e+00  0.0000e+00  0.0000e+00  2.5000e+04  1.0445e+17
       B4  8.2502e+21  3.8145e+00  2.5000e+01  0.0000e+00  2.5000e+04  8.2502e+21
      As3  5.6829e-04  3.8145e+00  2.5000e+01  0.0000e+00  2.5000e+04  5.0029e+04
- - - - - - - - - - - - - - - - - - - - - - - - - - - - - - - - - - - - - - - 


No substrate defined (implant).  Skip updateStrain.
---------------------------------------------------------------- diffuse -----
diffuse time= 10.00<s> temperature= 1050.00<C>
------------------------------------------------------------------------------
---- ---- ---- ---- ---- ---- ---- ---- ---- ---- ---- ---- ---- ---- ---- ---
Anneal step:	
	Time        = 10s
	Temperature = 1050.0C
	Ramp rate   = 0C/s
Mechanics:         0s   to    0.0001s   step    :    0.0001s   temp: 1050.0C
--- --- --- --- --- --- --- --- --- --- --- --- --- --- --- --- --- --- --- --
Initializing:  
--- --- --- --- --- --- --- --- --- --- --- --- --- --- --- --- --- --- --- --
Initialization is done.
--- --- --- --- --- --- --- --- --- --- --- --- --- --- --- --- --- --- --- --
Diffusion:         0s   to    0.0001s   step (s):    0.0001s   temp: 1050.0C
Diffusion:         0s   to   2.5e-05s   step*(s):   2.5e-05s   temp: 1050.0C
Diffusion:         0s   to  6.25e-06s   step*(s):  6.25e-06s   temp: 1050.0C
Diffusion:         0s   to 1.563e-06s   step*(s): 1.563e-06s   temp: 1050.0C
Diffusion:         0s   to 3.906e-07s   step*(s): 3.906e-07s   temp: 1050.0C
Diffusion:         0s   to 9.766e-08s   step*(s): 9.766e-08s   temp: 1050.0C
Diffusion:         0s   to 2.441e-08s   step*(s): 2.441e-08s   temp: 1050.0C
Diffusion:         0s   to 6.104e-09s   step*(s): 6.104e-09s   temp: 1050.0C
Diffusion:         0s   to 1.526e-09s   step*(s): 1.526e-09s   temp: 1050.0C
Diffusion: 1.526e-09s   to 3.154e-09s   step (s): 1.628e-09s   temp: 1050.0C
Diffusion: 3.154e-09s   to  6.41e-09s   step (s): 3.256e-09s   temp: 1050.0C
Diffusion:  6.41e-09s   to 1.292e-08s   step (s): 6.512e-09s   temp: 1050.0C
Diffusion: 1.292e-08s   to 2.586e-08s   step (s): 1.294e-08s   temp: 1050.0C
Diffusion: 2.586e-08s   to   4.4e-08s   step (s): 1.814e-08s   temp: 1050.0C
Diffusion:   4.4e-08s   to 7.192e-08s   step (s): 2.792e-08s   temp: 1050.0C
Diffusion: 7.192e-08s   to 1.149e-07s   step (s): 4.295e-08s   temp: 1050.0C
Diffusion: 1.149e-07s   to 1.712e-07s   step (s): 5.632e-08s   temp: 1050.0C
Diffusion: 1.712e-07s   to 2.522e-07s   step (s): 8.104e-08s   temp: 1050.0C
Diffusion: 2.522e-07s   to 3.689e-07s   step (s): 1.167e-07s   temp: 1050.0C
Diffusion: 3.689e-07s   to 5.395e-07s   step (s): 1.706e-07s   temp: 1050.0C
Diffusion: 5.395e-07s   to 7.479e-07s   step (s): 2.084e-07s   temp: 1050.0C
Diffusion: 7.479e-07s   to 9.939e-07s   step (s): 2.459e-07s   temp: 1050.0C
Diffusion: 9.939e-07s   to 1.282e-06s   step (s): 2.886e-07s   temp: 1050.0C
Diffusion: 1.282e-06s   to 1.619e-06s   step (s): 3.364e-07s   temp: 1050.0C
Diffusion: 1.619e-06s   to 2.028e-06s   step (s):  4.09e-07s   temp: 1050.0C
Diffusion: 2.028e-06s   to 2.678e-06s   step (s): 6.498e-07s   temp: 1050.0C
Diffusion: 2.678e-06s   to 3.558e-06s   step (s): 8.799e-07s   temp: 1050.0C
Diffusion: 3.558e-06s   to 4.747e-06s   step (s): 1.189e-06s   temp: 1050.0C
Diffusion: 4.747e-06s   to 6.545e-06s   step (s): 1.798e-06s   temp: 1050.0C
Diffusion: 6.545e-06s   to 9.086e-06s   step (s): 2.542e-06s   temp: 1050.0C
Diffusion: 9.086e-06s   to 1.318e-05s   step (s):  4.09e-06s   temp: 1050.0C
Diffusion: 1.318e-05s   to 2.103e-05s   step (s): 7.849e-06s   temp: 1050.0C
Diffusion: 2.103e-05s   to 3.448e-05s   step (s): 1.345e-05s   temp: 1050.0C
Diffusion: 3.448e-05s   to 5.585e-05s   step (s): 2.137e-05s   temp: 1050.0C
Diffusion: 5.585e-05s   to 9.769e-05s   step (s): 4.184e-05s   temp: 1050.0C
Diffusion: 9.769e-05s   to    0.0001s   step (r): 2.315e-06s   temp: 1050.0C
Mechanics:    0.0001s   to 0.0001099s   step    : 9.893e-06s   temp: 1050.0C
Diffusion:    0.0001s   to 0.0001099s   step (s): 9.893e-06s   temp: 1050.0C
Mechanics: 0.0001099s   to 0.0001297s   step    : 1.979e-05s   temp: 1050.0C
Diffusion: 0.0001099s   to 0.0001297s   step (s): 1.979e-05s   temp: 1050.0C
Mechanics: 0.0001297s   to 0.0001693s   step    : 3.957e-05s   temp: 1050.0C
Diffusion: 0.0001297s   to 0.0001693s   step (s): 3.957e-05s   temp: 1050.0C
Mechanics: 0.0001693s   to 0.0002484s   step    : 7.914e-05s   temp: 1050.0C
Diffusion: 0.0001693s   to 0.0002484s   step (s): 7.914e-05s   temp: 1050.0C
Mechanics: 0.0002484s   to 0.0003978s   step    : 0.0001494s   temp: 1050.0C
Diffusion: 0.0002484s   to 0.0003978s   step (s): 0.0001494s   temp: 1050.0C
Mechanics: 0.0003978s   to 0.0005653s   step    : 0.0001675s   temp: 1050.0C
Diffusion: 0.0003978s   to 0.0005653s   step (s): 0.0001675s   temp: 1050.0C
Mechanics: 0.0005653s   to 0.0007684s   step    :  0.000203s   temp: 1050.0C
Diffusion: 0.0005653s   to 0.0007684s   step (s):  0.000203s   temp: 1050.0C
Mechanics: 0.0007684s   to   0.00102s   step    : 0.0002514s   temp: 1050.0C
Diffusion: 0.0007684s   to   0.00102s   step (s): 0.0002514s   temp: 1050.0C
Mechanics:   0.00102s   to  0.001434s   step    : 0.0004138s   temp: 1050.0C
Diffusion:   0.00102s   to  0.001434s   step (s): 0.0004138s   temp: 1050.0C
Mechanics:  0.001434s   to  0.002261s   step    : 0.0008275s   temp: 1050.0C
Diffusion:  0.001434s   to  0.002261s   step (s): 0.0008275s   temp: 1050.0C
Mechanics:  0.002261s   to  0.003916s   step    :  0.001655s   temp: 1050.0C
Diffusion:  0.002261s   to  0.003916s   step (s):  0.001655s   temp: 1050.0C
Diffusion:  0.002261s   to  0.002675s   step*(s): 0.0004138s   temp: 1050.0C
Diffusion:  0.002261s   to  0.002364s   step*(s): 0.0001034s   temp: 1050.0C
Diffusion:  0.002364s   to  0.002571s   step (s): 0.0002069s   temp: 1050.0C
