****************************************************************************
***                           Sentaurus Device                           ***
***                          Version O-2018.06                           ***
***                       (1.1029, x86_64, Linux)                        ***
***                                                                      ***
***                       Copyright (C) 1994-2018                        ***
***                            Synopsys, Inc.                            ***
***                                                                      ***
***  This software and the associated documentation are confidential     ***
***  and proprietary to Synopsys, Inc.  Your use or disclosure of this   ***
***  software is subject to the terms and conditions of a written        ***
***  license agreement between you, or your company, and Synopsys, Inc.  ***
****************************************************************************

	Running on machine with the following configuration:
	Host Name: acs14007.4225.cse.uconn.edu
	Operating System: Linux rel. 3.10.0-1127.18.2.el7.x86_64 ver. #1 SMP Mon Jul 20 22:32:16 UTC 2020
	Machine Type: x86_64
	Process ID: 30889
	Number of processors: 2
	Domain Name: (none)
	Date: Tue Nov 17 10:16:26 2020  (EDT)

Parsing "/usr/synopsys/sentaurus/O_2018.06/tcad/current/lib/Molefraction.txt"
Tue Nov 17 10:16:26 2020: checked out 1 sdevice license(s)
Parsing circuit file /usr/synopsys/sentaurus/O_2018.06/tcad/current/linux64/lib/sdevice-28.0.1029/bs_psource.ccf
Parsing circuit file /usr/synopsys/sentaurus/O_2018.06/tcad/current/linux64/lib/sdevice-28.0.1029/sd_hb_vsource.ccf
Parsing circuit file /usr/synopsys/sentaurus/O_2018.06/tcad/current/linux64/lib/sdevice-28.0.1029/sd_SRL1.ccf
Parsing circuit file /usr/synopsys/sentaurus/O_2018.06/tcad/current/linux64/lib/sdevice-28.0.1029/sd_hb_isource.ccf
Parsing circuit file /usr/synopsys/sentaurus/O_2018.06/tcad/current/linux64/lib/sdevice-28.0.1029/sd_hb_pGC.ccf
Parsing circuit file /usr/synopsys/sentaurus/O_2018.06/tcad/current/linux64/lib/sdevice-28.0.1029/sd_hb_vsource2.ccf
Parsing circuit file /usr/synopsys/sentaurus/O_2018.06/tcad/current/linux64/lib/sdevice-28.0.1029/sd_hb_sRL.ccf
Parsing circuit file /usr/synopsys/sentaurus/O_2018.06/tcad/current/linux64/lib/sdevice-28.0.1029/sd_hb_isource2.ccf
Parsing circuit file /usr/synopsys/sentaurus/O_2018.06/tcad/current/linux64/lib/scm/ferroelectric.ccf
Parsing circuit file /usr/synopsys/sentaurus/O_2018.06/tcad/current/linux64/lib/scm/MOS_harness.ccf
Loading shared object file /usr/synopsys/sentaurus/O_2018.06/tcad/current/linux64/lib/scm/MOS_harness.so.linux64
Loading shared object file /usr/synopsys/sentaurus/O_2018.06/tcad/current/linux64/lib/scm/ferroelectric.so.linux64
Loading shared object file /usr/synopsys/sentaurus/O_2018.06/tcad/current/linux64/lib/sdevice-28.0.1029/sd_hb_isource2.so.linux64
Loading shared object file /usr/synopsys/sentaurus/O_2018.06/tcad/current/linux64/lib/sdevice-28.0.1029/sd_hb_sRL.so.linux64
Loading shared object file /usr/synopsys/sentaurus/O_2018.06/tcad/current/linux64/lib/sdevice-28.0.1029/sd_hb_vsource2.so.linux64
Loading shared object file /usr/synopsys/sentaurus/O_2018.06/tcad/current/linux64/lib/sdevice-28.0.1029/sd_hb_pGC.so.linux64
Loading shared object file /usr/synopsys/sentaurus/O_2018.06/tcad/current/linux64/lib/sdevice-28.0.1029/sd_hb_isource.so.linux64
Loading shared object file /usr/synopsys/sentaurus/O_2018.06/tcad/current/linux64/lib/sdevice-28.0.1029/sd_SRL1.so.linux64
Loading shared object file /usr/synopsys/sentaurus/O_2018.06/tcad/current/linux64/lib/sdevice-28.0.1029/sd_hb_vsource.so.linux64
Loading shared object file /usr/synopsys/sentaurus/O_2018.06/tcad/current/linux64/lib/sdevice-28.0.1029/bs_psource.so.linux64

Input source: pp22_des.cmd

===============================

Output file: n22_des.log


GlobalParameter {
}
no ACExtract file

PMIPath file: /usr/synopsys/sentaurus/O_2018.06/tcad/current/linux64/lib/sdevice-28.0.1029 /usr/synopsys/sentaurus/O_2018.06/tcad/current/linux64/lib/sdevice

CMIPath file: /usr/synopsys/sentaurus/O_2018.06/tcad/current/linux64/lib/sdevice-28.0.1029 /usr/synopsys/sentaurus/O_2018.06/tcad/current/linux64/lib/scm

SPICEPath file: /usr/synopsys/sentaurus/O_2018.06/tcad/current/lib/sdevice-28.0.1029/spice

no DevicePath file

no CIRCUITSAVENAME file

no CIRCUITLOADNAME file

Numerical parameters:
  Absolute error : 
    Poisson : 1.0000e-03
    eqPoisson : 1.0000e-03
    Electron : 1.0000e-05
    Hole : 1.0000e-05
    Photon-Rate-Equation : 1.0000e-07
    Photon-Phase-Equation : 1.0000e-05
    Rate-Stabilize-Equation : 1.0000e-07
    QW-Scattering-Equations : 1.0000e-05
    QW-eScattering-Equation : 1.0000e-05
    QW-hScattering-Equation : 1.0000e-05
    Optical Problem : 1.0000e-03
    Wavelength : 1.0000e-03
    Bandstructure : 1.0000e-03
    EmissionTable : 1.0000e-03
    DephasingRates : 1.0000e-03
    Photon Recycling : 1.0000e-03
    Electron-Temperature : 1.0000e-04
    Hole-Temperature : 1.0000e-04
    Lattice-Hole-Electron-Temperature : 1.0000e-03
    Circuit : 1.0000e-03
    TCircuit : 1.0000e-03
    Contact : 1.0000e-03
    TContact : 1.0000e-03
    Continuation : 1.0000e-03
    eLaplace : 1.0000e-03
    hLaplace : 1.0000e-03
    tLaplace : 1.0000e-03
    MonteCarlo : 1.0000e-03
    MCPoissonPDE : 1.0000e-03
    eQuantumPotential : 1.0000e-03
    hQuantumPotential : 1.0000e-03
    quasi-fermi-potential : 1.0000e-03
    ConductiveInsulator : 1.0000e-03
    ContactAndConductiveInsulator : 1.0000e-03
    SingletExciton : 1.0000e-05
    FEPolarization : 1.0000e-05
    eHopping : 1.0000e-03
    hHopping : 1.0000e-03
    HydrogenAtom : 1.0000e-03
    HydrogenMolecule : 1.0000e-03
    HydrogenIon : 1.0000e-03
    HydrogenSiliconBondOccupation : 1.0000e-03
    TrapPDE : 1.0000e-03
    eSHEDistribution : 1.0000e-03
    hSHEDistribution : 1.0000e-03
    Landau-Lifshitz-Gilbert[theta] : 1.0000e-03
    Landau-Lifshitz-Gilbert[phi] : 1.0000e-03
    Landau-Lifshitz-Gilbert[x] : 1.0000e-03
    Landau-Lifshitz-Gilbert[y] : 1.0000e-03
    Landau-Lifshitz-Gilbert[z] : 1.0000e-03
    Mechanics : 1.0000e-03
    ExternalTransportSolver : 1.0000e-03
    ReactionDiffusionPDE : 1.0000e-03
  RelErrControl (Reference error): 
    Poisson : 0.025852
    eqPoisson : 1
    Electron : 1.0000e+10
    Hole : 1.0000e+10
    Photon-Rate-Equation : 1.0000e-07
    Photon-Phase-Equation : 1
    Rate-Stabilize-Equation : 1.0000e-07
    QW-Scattering-Equations : 1.0000e+10
    QW-eScattering-Equation : 1.0000e+10
    QW-hScattering-Equation : 1.0000e+10
    Optical Problem : 1
    Wavelength : 1
    Bandstructure : 1
    EmissionTable : 1
    DephasingRates : 1
    Photon Recycling : 1
    Electron-Temperature : 3.0000e+02
    Hole-Temperature : 3.0000e+02
    Lattice-Hole-Electron-Temperature : 3.0000e+02
    Circuit : 1
    TCircuit : 1
    Contact : 0.025852
    TContact : 1
    Continuation : 1
    eLaplace : 1
    hLaplace : 1
    tLaplace : 1
    MonteCarlo : 1
    MCPoissonPDE : 1
    eQuantumPotential : 0.025852
    hQuantumPotential : 0.025852
    quasi-fermi-potential : 0.025852
    ConductiveInsulator : 1
    ContactAndConductiveInsulator : 1
    SingletExciton : 1.0000e+10
    FEPolarization : 0.025852
    eHopping : 0.025852
    hHopping : 0.025852
    HydrogenAtom : 1.0000e+10
    HydrogenMolecule : 1.0000e+10
    HydrogenIon : 1.0000e+10
    HydrogenSiliconBondOccupation : 1
    TrapPDE : 1.0000e-05
    eSHEDistribution : 0.025852
    hSHEDistribution : 0.025852
    Landau-Lifshitz-Gilbert[theta] : 1
    Landau-Lifshitz-Gilbert[phi] : 1
    Landau-Lifshitz-Gilbert[x] : 1
    Landau-Lifshitz-Gilbert[y] : 1
    Landau-Lifshitz-Gilbert[z] : 1
    Mechanics : 1
    ExternalTransportSolver : 1
    ReactionDiffusionPDE : 1
  Relative error : 5 digits
  Without checked transient error
  Max. #iterations : 20
  LineSearchDamping=1
  #undamped iterations : 1000
  No incomplete Newton
  transient method : TR-BDF
  Linear solver : blocked decomposition
  Linear solver for AC analysis : blocked decomposition
  Linear solver for SHEDistribution Model : Super
  use linear extrapolation in transient/quasistationary computations
  use complex supernodal in ac-analysis (if possible)
  do not use smoothed PDE's in transient/quasistationary computations
  use automatic coupling of contact/circuit stuff
  Spice temperature: 3.0015e+02
  Spice nominal temperature of parameter measurements: 3.0015e+02
  Spice minimum conductance gmin: 1.0000e-12
  Terminate simulation immediately if a solve command fails.
  Use 64 bit (double) normal precision floating point arithmetic.
  Mininum |rhs| : 1.0000e-05
  Maximum |rhs| : 1.0000e+15
  Maximum |rhs| factor : 1.0000e+10
  Maximum |rhs| factor1 : 1.0000e+10
  Lattice Temperature Range : (50,5.0000e+03)
  Carrier Temperature Range : (10,8.0000e+04)
  Simplified first order SHE of BTE will be solved
  SHERefinementCutoff : 20
  No user dependencies.
  Number of assembly threads: 1 (default)
  Number of solver threads: 1 (OMP_NUM_THREADS)
  Thread stacksize: 1000000 bytes (default)
  Go serial if not enough parallel licenses are available.

Default device parameters:
  Electrodes:
    "source" : 0.0000e+00 V (EqOhmic), area factor : 1
    "drain" : 0.0000e+00 V (EqOhmic), area factor : 1
    "gate" : 0.0000e+00 V (Ohmic), area factor : 1
    "substrate" : 0.0000e+00 V (EqOhmic), area factor : 1
  RayTrace Boundaries:
  Files:
    no Boundary file
    Grid file: n19_fps.tdr
    no Doping file
    no MobilityDoping file
    no Load file
    no Save file
    Plot file: n22_des.tdr
    no DevFieldsName file
    AutoNewtonPlot file: n22_des_%d_des.tdr
    no Path file
    no Lifetime file
    no Temperature file
    Current file: n22_des.plt
    no PMIUserFields file
    no Extraction file
    no ModelParameters file
    ParameterPath directories: 
    no Piezo file
    no mcDOS file
    no ModeGain file
    no Optical emission table for stimulated emission file
    no Optical emission table for spontaneous emission file
    no Optical emission table for photon phase change coefficient file
    no EmissionTable file
    no DephasingRates file
    no ASESpectrum file
    no OpticalFarField file
    no OpticalIntensityPattern file
    no SaveOpticalIntensityPattern file
    no OpticalXYAnglePattern file
    no SaveOpticalXYAnglePattern file
    no IlluminationSpectrum file
    no SpectralPlot file
    no OpticalSolverInput file
    no OpticalGenerationInput file
    no OpticalGenerationOutuput file
    no OptGenTransientScaling file
    no MonteCarloInput file
    no MonteCarloOutput file
    no ACPlot file
-----------------------------------------------
  Numerical parameters:
    With avalanche derivatives
    Using old wavelength search algorithm
    Do not reinitialize quasi Fermi potentials in quasi-stationary simulations
    Ignore ionization integral constraints
    Without diagonal preconditioning
    With Scharfetter-Gummel Discretization
    Relative error : 5 digits
    Delta for numerical tunnelling derivatives : 1.0000e-03
    Do not compute breakdown paths and ionization integrals
    QuasiFermiPotential is used for Contact Equation
    With usage of best vertex in element (maximum element-vertex volume angle) for impact ionization models
-----------------------------------------------
-----------------------------------------------
  Physical models:
    Without incomplete ionization
    Use Si parameters
    TATNonlocalPathNC = 0.0000e+00
    Without SRH-Recombination
    Without CDL-Recombination
    With optical generation computation 
    Without Band-to-Band-Tunneling
    Without Auger-Recombination
    Without Radiative Recombination
    Without Surface-Recombination
    Without Trap-Assisted-Auger-Recombination
    PMI recombination models: none
    Without thermal resistance interfaces
    Without distributed resistance interfaces for electrons
    Without distributed resistance interfaces for holes
    Without Piezo
    Without Anisotropic Material Properties
    Without Avalanche-Generation 
    Without Alpha Particle
    Without Heavy Ion
    Without polarization
    Volume charge density: 0.0000e+00 cm^-3
    Device Temperature = 3.0000e+02 K
    Electron Quasi Fermi Potential: 0.0000e+00 V
    Hole Quasi Fermi Potential: 0.0000e+00 V
    Without MagneticField
    With SingletExciton Barrier Type
    Intrinsic density models:
      default bandgap model
      Bandgap narrowing model: OldSlotboom with bandgap narrowing (no Fermi)
    default affinity model
    default effective mass model
    Electron mobility:
      no Doping dependence (using constant mobility)
      no Carrier-Carrier scattering
      no E_normal dependence
      Without ThinLayer mobility model
      no high-field saturation
      Einstein relation for diffusivity-mobility ratio.
    Hole mobility:
      no Doping dependence (using constant mobility)
      no Carrier-Carrier scattering
      no E_normal dependence
      Without ThinLayer mobility model
      no high-field saturation
      Einstein relation for diffusivity-mobility ratio.
    Energy relaxation time model: according to formula in parameter file
    Schottky resistance model: default bult-in model
    Lattice thermal conductivity model: according to formula in parameter file
    Metal Resistivity model: according to formula in parameter file
    Thermo Electric Power model: extraploted Si data
    Metal Thermo Electric Power model: MetalThermoElectricPower model not defined
    Lattice heat capacity model: temperature dependent
    no piezoelectric polarization model
    Without default parameters from file (use built-in default parameters)
-----------------------------------------------
- - - - - - - - - - - - - - - - - - - - - - - - 
  The following Physical models were changed
              for Material = 'Silicon'
    With SRH-Recombination
      Without field dependent lifetimes
      With doping dependent lifetimes
      Without temperature dependent lifetimes
    Without thermal resistance interfaces
    Without distributed resistance interfaces for electrons
    Without distributed resistance interfaces for holes
    Electron mobility:
      Philips unified mobility
      E_normal dependence:
        Lombardi
      High-field mobility: Caughey-Thomas saturation model, using gradient quasi-Fermi potential.
    Hole mobility:
      Philips unified mobility
      E_normal dependence:
        Lombardi
      High-field mobility: Caughey-Thomas saturation model, using gradient quasi-Fermi potential.
- - - - - - - - - - - - - - - - - - - - - - - -
  Process information for extraction purposes:
    none
  Plot variables:
    eDensity
    hDensity
    eCurrentDensity
    hCurrentDensity
    ElectrostaticPotential
    SpaceCharge
    ElectricField
    eMobility
    hMobility
    eVelocity
    hVelocity
    DopingConcentration
    DonorConcentration
    AcceptorConcentration
    ConductionBandEnergy
    ValenceBandEnergy
    eQuasiFermiPotential
    hQuasiFermiPotential

------------------------------------------------
  NoisePlot variables:
    none
  Plot groups:
    none

------------------------------------------------
  CurrentPlot variables:
    none
Devices:
Systems:
Solve :
 Poisson
Coupled ( Digits : 5, Max. #iterations : 20, 
    Solver : blocked decomposition,
    #undamped iterations : 1000 
    )
    { Poisson Electron Hole } 
Quasistationary ( Digits : 5, Max. #iterations : 20, 
      Initial step in t : 0.1, 
      Minimum step in t : 1.0000e-05, Maximum step in t : 0.1, 
      Increment : 1.5, Decrement : 2, 
      Goal values :
        Contact gate : 0.0000e+00V
    )
  {
    Coupled ( Digits : 5, Max. #iterations : 20, 
        Solver : blocked decomposition,
        #undamped iterations : 1000 
        )
        { Poisson Electron Hole } 
  }
Quasistationary ( Digits : 5, Max. #iterations : 20, 
      Initial step in t : 0.01, 
      Minimum step in t : 1.0000e-05, Maximum step in t : 0.025, 
      Increment : 1.5, Decrement : 2, 
      DoZero      Goal values :
        Contact drain : 3V
    )
  {
    Coupled ( Digits : 5, Max. #iterations : 20, 
        Solver : blocked decomposition,
        #undamped iterations : 1000 
        )
        { Poisson Electron Hole } 
  }

===============================

Reading grid 'n19_fps.tdr' ... 
  coordinate system: UCS, 3d_sprocess (x is device down direction)
  use coordinate system as is (no transformation)
  TDR format
  Number of grid points is 2762.
done.

Adding interfaces and contacts .... done.

Computing edges ...
  Number of edges: 8095
done.
Computing boxes ...

  CVPL_AverageBoxMethod = TRUE 
   
  Boxmethod Parallel Computing: nbThreads = 1 

  Computing Delaunay coefficients ...   done.
  Delaunay coefficients time: (wallclock = 0.0000e+00 s, tcpu = 0.0000e+00 s)

  Parallel Computing Voronoi faces, coefficients, and measures ... 
  CVPL_Algorithm = TRUE 

    Computing Obtuse Elements ... 
     Obtuse Elements time:  tcpu = 0.0000e+00 s
      New Parameters time: (wallclock = 0.0000e+00 s, tcpu = 0.0000e+00 s)

Info for all regions (NumberOfRegions = 4):
        ElementWithMinVolume(  1076) Vertex0(  571)( 6.376001e-03,-1.811010e-01) Volume = 2.821189e-08 um3 (9.76e-09 from TotalVolume)
          ElementWithMinEdge(   905) Vertex0(  480)( 6.376001e-03,-2.862963e-01) Length = 1.024909e-04 um
              MaxFlatElement(  4684) Vertex0( 2284)(-3.780740e-02, 2.625338e-01)  Angle = 3.257685e+01 degrees
         ElementWithMinAngle(  3051) Vertex0(  756)( 6.273510e-03, 5.320879e-01)  Angle = 3.125021e-02 degrees
   ElementWithMaxQualityEdge(  1402) Vertex0(  756)( 6.376001e-03,-5.320879e-01)    R/L = 9.167263e+02 
 ElementWithMaxQualityHeight(  1402) Vertex0(  756)( 6.376001e-03,-5.320879e-01)    R/H = 9.167264e+02 

Info for semiconductor regions (NumberOfRegions = 1):
        ElementWithMinVolume(  1076) Vertex0(  571)( 6.376001e-03,-1.811010e-01) Volume = 2.821189e-08 um3 (9.76e-09 from TotalVolume)
          ElementWithMinEdge(   905) Vertex0(  480)( 6.376001e-03,-2.862963e-01) Length = 1.024909e-04 um
              MaxFlatElement(  2409) Vertex0( 1790)( 1.914071e-02, 2.908728e-01)  Angle = 4.418858e+01 degrees
         ElementWithMinAngle(  3051) Vertex0(  756)( 6.273510e-03, 5.320879e-01)  Angle = 3.125021e-02 degrees
   ElementWithMaxQualityEdge(  1402) Vertex0(  756)( 6.376001e-03,-5.320879e-01)    R/L = 9.167263e+02 
 ElementWithMaxQualityHeight(  1402) Vertex0(  756)( 6.376001e-03,-5.320879e-01)    R/H = 9.167264e+02 

   NumberOfEdges              =   8095 
   NumberOfGeometricalEdges   =   8003 
   NumberOfDoubleEdges        =      0 
   MaxNumberOfEdgesPerVertex  =      8; vertex(404) = ( 1.914071e-02, -2.908728e-01) [um]
   MaxNumberOfElementsPerEdge =      2; edge(0) = (0, 3) 
                                        vertex(0) = ( 1.628395e+00,  0.000000e+00) [um]
                                        vertex(3) = ( 1.470283e+00, -3.541287e-02) [um]

                        NumberOfVertices =   2854 
                        NumberOfElements =   5242 
                       NumberOfTriangles =   5242  (100.00 %)
                      NumberOfRectangles =      0  ( 0.00 %)
                  NumberOfObtuseElements =     80  ( 1.53 %)
             NumberOfNonDelaunayElements =      0  ( 0.00 %)

  VertexWithMaxMeasure(  810)( 1.804300e+00,-5.320879e-01)
  MaxVertMeasure(2.922352e-02)/VertVolume(1.652734e-02) = 1.77e+00


/-------- Region non-Delaunay elements ---------------------------------------------------------------------
 Region          Volume      BoxMethodVolume  DeltaVolume  Elements  non-Delaunay      non-DelaunayVolume 
  name            [um2]          [um2]           [%]                   Elements              [um2]   [%]   
 -----------------------------------------------------------------------------------------------------------
 Silicon_1    2.8709661e+00  2.8709661e+00     4.2e-13      3284       0 ( 0.00 %)   0.0000000e+00 ( 0.0000) 
 Oxide_1      5.4928715e-03  5.4928715e-03     2.7e-13       790       0 ( 0.00 %)   0.0000000e+00 ( 0.0000) 
 Nitride_1.1  6.8638279e-03  6.8638279e-03     1.1e-13       584       0 ( 0.00 %)   0.0000000e+00 ( 0.0000) 
 Nitride_1.2  6.8638279e-03  6.8638279e-03     1.7e-13       584       0 ( 0.00 %)   0.0000000e+00 ( 0.0000) 
 ...........................................................................................................
 Total        2.8901867e+00  2.8901867e+00     3.8e-12      5242       0 ( 0.00 %)   0.0000000e+00 ( 0.0000) 
\-----------------------------------------------------------------------------------------------------------
    done.
  done.
  (times: wallclock = 0.01 s, tcpu = 0.01 s)
done.
Reading doping 'n19_fps.tdr' (TDR format) ...
done.
done.


=======
Region: "Nitride_1.1"
  (material is "Nitride")
=======
  Using default lattice crystal coordinate system:
    effective LatticeParameters:
      X = (1, 0.0000e+00, 0.0000e+00)
      Y = (0.0000e+00, 1, 0.0000e+00)
      Z = (0.0000e+00, 0.0000e+00, 1)
  Constants are not modified and equal to default ones

=======
Region: "Nitride_1.2"
  (material is "Nitride")
=======
  Using default lattice crystal coordinate system:
    effective LatticeParameters:
      X = (1, 0.0000e+00, 0.0000e+00)
      Y = (0.0000e+00, 1, 0.0000e+00)
      Z = (0.0000e+00, 0.0000e+00, 1)
  Constants are not modified and equal to default ones

=======
Region: "Oxide_1"
  (material is "Oxide")
=======
  Using default lattice crystal coordinate system:
    effective LatticeParameters:
      X = (1, 0.0000e+00, 0.0000e+00)
      Y = (0.0000e+00, 1, 0.0000e+00)
      Z = (0.0000e+00, 0.0000e+00, 1)
  Constants are not modified and equal to default ones

=======
Region: "Silicon_1"
  (material is "Silicon")
=======
  Using lattice crystal coordinate system from TDR file:
    slice.angle                   : 1.8000e+02 [deg]
    wafer.orient, vertical.orient : (0, 0, 1)
    flat.orient, horizontal.orient: [1, 1, 0]
    miscut.tilt                   : 0.0000e+00 [deg]
    miscut.toward                 : [1, 1, 0]
    lattice.system                : cubic
    polytype                      : Zincblende
    lattice.const                 : 5.4310e-08 [cm]
    lattice.const.b               : 5.4310e-08 [cm]
    lattice.const.c               : 5.4310e-08 [cm]
    unit cell angles: alpha = 90, beta = 90, gamma = 90 [deg]
    effective LatticeParameters:
      X = (0.0000e+00, 0.0000e+00, -1.0000e+00)
      Y = (0.707107, 0.707107, 0.0000e+00)
      Z = (0.707107, -7.0711e-01, 0.0000e+00)
  Constants are not modified and equal to default ones

================
RegionInterface: "Oxide_1/Nitride_1.1"
  (material interface is "Oxide/Nitride")
================
  Constants are not modified and equal to default ones

================
RegionInterface: "Silicon_1/Nitride_1.1"
  (material interface is "Silicon/Nitride")
================
  Constants are not modified and equal to default ones

================
RegionInterface: "Oxide_1/Nitride_1.2"
  (material interface is "Oxide/Nitride")
================
  Constants are not modified and equal to default ones

================
RegionInterface: "Silicon_1/Nitride_1.2"
  (material interface is "Silicon/Nitride")
================
  Constants are not modified and equal to default ones

================
RegionInterface: "Silicon_1/Oxide_1"
  (material interface is "Silicon/Oxide")
================
  Constants are not modified and equal to default ones

==========
Electrode: "drain"
==========
  Constants are not modified and equal to default ones

==========
Electrode: "gate"
==========
  Constants are not modified and equal to default ones

==========
Electrode: "source"
==========
  Constants are not modified and equal to default ones

==========
Electrode: "substrate"
==========
  Constants are not modified and equal to default ones


Acceptor and donor concentrations (AcceptorConcentration, DonorConcentration):
    computed based on the following species from the doping file:
        ArsenicActiveConcentration (donor)
        BoronActiveConcentration (acceptor)
Net doping concentration (DopingConcentration):
    obtained from doping file
Total doping concentration (TotalConcentration):
    recomputed from acceptor and donor concentrations



With Constant Reference Potential:
  Parameters of Reference Semiconductor:
    The Electron Affinity: 4.07274
    The Band Gap: 1.10821
    The Electron DOS: 2.8583e+19
    The Hole DOS: 3.1046e+19
  The Constant Reference Potential: 4.62578

Computing equilibrium solution ...
Computing poisson-equation 
using Bank/Rose nonlinear solver.

Iteration   |Rhs|      factor     |step|     error   #inner  #iterative  time
------------------------------------------------------------------------------
    0      5.03e+02                                                      0.00
    1      1.84e+02   1.00e+00   6.02e+00   5.48e+04    0         1      0.01
    2      8.35e+01   1.00e+00   1.25e+00   2.58e+04    0         1      0.01
    3      4.28e+00   1.00e+00   4.12e-01   5.38e+03    0         1      0.02
    4      3.28e-02   1.00e+00   3.92e-02   4.57e+02    0         1      0.03
    5      1.94e-05   1.00e+00   7.24e-04   8.30e+00    0         1      0.03
    6      4.49e-11   1.00e+00   4.47e-07   5.18e-03    0         1      0.04
Finished, because...
Error smaller than 1 ( 5.1849E-03 ).

Accumulated times:
Rhs time:        0.01 s
Jacobian time:   0.00 s
Solve time:      0.03 s
Total time:      0.04 s


===============================
Starting solve of next problem:
 Poisson
===============================

Computing poisson-equation 
using Bank/Rose nonlinear solver.

Iteration   |Rhs|      factor     |step|     error   #inner  #iterative  time
------------------------------------------------------------------------------
    0      5.03e+02                                                      0.01
    1      1.84e+02   1.00e+00   6.02e+00   5.48e+04    0         1      0.01
    2      8.35e+01   1.00e+00   1.25e+00   2.58e+04    0         1      0.02
    3      4.28e+00   1.00e+00   4.12e-01   5.38e+03    0         1      0.02
    4      3.28e-02   1.00e+00   3.92e-02   4.57e+02    0         1      0.03
    5      1.94e-05   1.00e+00   7.24e-04   8.30e+00    0         1      0.03
    6      4.49e-11   1.00e+00   4.47e-07   5.18e-03    0         1      0.04
Finished, because...
Error smaller than 1 ( 5.1849E-03 ).

Accumulated times:
Rhs time:        0.01 s
Jacobian time:   0.00 s
Solve time:      0.03 s
Total time:      0.04 s

contact        voltage     electron current    hole current  conduction current
 drain        0.000E+00      -7.090E-25         3.348E-26       -6.755E-25
 gate         0.000E+00       0.000E+00         0.000E+00        0.000E+00
 source       0.000E+00      -1.258E-25         2.850E-26       -9.735E-26
 substrate    0.000E+00       8.348E-25        -6.198E-26        7.728E-25


===============================
Starting solve of next problem:
Coupled ( Digits : 5, Max. #iterations : 20, 
    Solver : blocked decomposition,
    #undamped iterations : 1000 
    )
    { Poisson Electron Hole } 
===============================

Computing Coupled( 1 poisson-equation(s) , 1 electron-equation(s) , 
                   1 hole-equation(s) ) 
using Bank/Rose nonlinear solver.

Iteration   |Rhs|      factor     |step|     error   #inner  #iterative  time
------------------------------------------------------------------------------
    0      3.47e-03                                                      0.04
    1      5.16e-02   1.00e+00   2.26e-13   1.22e-08    0         1      0.13
Finished, because...
Error smaller than 1 ( 1.2245E-08 ).

Accumulated times:
Rhs time:        0.09 s
Jacobian time:   0.00 s
Solve time:      0.04 s
Total time:      0.13 s

contact        voltage     electron current    hole current  conduction current
 drain        0.000E+00       6.220E-26        -1.551E-27        6.065E-26
 gate         0.000E+00       0.000E+00         0.000E+00        0.000E+00
 source       0.000E+00      -1.505E-24        -2.475E-27       -1.507E-24
 substrate    0.000E+00       1.443E-24         4.026E-27        1.447E-24


===============================
Starting solve of next problem:
Quasistationary ( Digits : 5, Max. #iterations : 20, 
      Initial step in t : 0.1, 
      Minimum step in t : 1.0000e-05, Maximum step in t : 0.1, 
      Increment : 1.5, Decrement : 2, 
      Goal values :
        Contact gate : 0.0000e+00V
    )
  {
    Coupled ( Digits : 5, Max. #iterations : 20, 
        Solver : blocked decomposition,
        #undamped iterations : 1000 
        )
        { Poisson Electron Hole } 
  }
===============================


Finished, because of...
Nothing to do, since goal values are already initially met.


===============================
Starting solve of next problem:
Quasistationary ( Digits : 5, Max. #iterations : 20, 
      Initial step in t : 0.01, 
      Minimum step in t : 1.0000e-05, Maximum step in t : 0.025, 
      Increment : 1.5, Decrement : 2, 
      DoZero      Goal values :
        Contact drain : 3V
    )
  {
    Coupled ( Digits : 5, Max. #iterations : 20, 
        Solver : blocked decomposition,
        #undamped iterations : 1000 
        )
        { Poisson Electron Hole } 
  }
===============================

Computing solution for t=0 :
Computing Coupled( 1 poisson-equation(s) , 1 electron-equation(s) , 
                   1 hole-equation(s) ) 
using Bank/Rose nonlinear solver.

Iteration   |Rhs|      factor     |step|     error   #inner  #iterative  time
------------------------------------------------------------------------------
    0      5.16e-02                                                      0.01
    1      5.16e-02   1.00e+00   9.32e-16   1.48e-11    0         1      0.09
Finished, because...
Error smaller than 1 ( 1.4783E-11 ).

Accumulated times:
Rhs time:        0.05 s
Jacobian time:   0.00 s
Solve time:      0.04 s
Total time:      0.09 s

contact        voltage     electron current    hole current  conduction current
 drain        0.000E+00      -1.516E-24        -1.228E-27       -1.517E-24
 gate         0.000E+00       0.000E+00         0.000E+00        0.000E+00
 source       0.000E+00      -8.726E-25        -5.304E-29       -8.727E-25
 substrate    0.000E+00       2.388E-24         1.281E-27        2.390E-24

Computing step from t=0.0000e+00 to t=0.01 (Stepsize: 0.01) :
Computing Coupled( 1 poisson-equation(s) , 1 electron-equation(s) , 
                   1 hole-equation(s) ) 
using Bank/Rose nonlinear solver.

Iteration   |Rhs|      factor     |step|     error   #inner  #iterative  time
------------------------------------------------------------------------------
    0      5.29e+12                                                      0.04
    1      7.55e+12   1.00e+00   1.68e+00   4.79e+05    0         1      0.12
    2      2.65e+12   1.00e+00   1.30e+00   7.46e+03    0         1      0.21
    3      2.89e+12   1.00e+00   4.43e-01   1.45e+03    0         1      0.30
    4      5.20e+10   1.00e+00   3.41e-01   8.21e+02    0         1      0.40
    5      2.66e+08   1.00e+00   1.91e-02   1.17e+01    0         1      0.48
    6      3.20e+03   1.00e+00   1.42e-02   4.36e-02    0         1      0.57
Finished, because...
Error smaller than 1 ( 4.3579E-02 ).

Accumulated times:
Rhs time:        0.34 s
Jacobian time:   0.05 s
Solve time:      0.18 s
Total time:      0.57 s

contact        voltage     electron current    hole current  conduction current
 drain        3.000E-02       2.280E-17         2.468E-20        2.283E-17
 gate         0.000E+00       0.000E+00         0.000E+00        0.000E+00
 source       0.000E+00      -6.228E-20         1.552E-27       -6.228E-20
 substrate    0.000E+00      -3.112E-20        -2.274E-17       -2.277E-17

Computing step from t=0.01 to t=0.0233333 (Stepsize: 0.0133333) :
Computing Coupled( 1 poisson-equation(s) , 1 electron-equation(s) , 
                   1 hole-equation(s) ) 
using Bank/Rose nonlinear solver.

Iteration   |Rhs|      factor     |step|     error   #inner  #iterative  time
------------------------------------------------------------------------------
    0      7.48e+03                                                      0.04
    1      2.55e+04   1.00e+00   1.51e-01   7.94e+01    0         1      0.13
    2      5.55e-01   1.00e+00   2.32e-01   2.81e-01    0         1      0.22
Finished, because...
Error smaller than 1 ( 2.8118E-01 ).

Accumulated times:
Rhs time:        0.14 s
Jacobian time:   0.02 s
Solve time:      0.06 s
Total time:      0.22 s

contact        voltage     electron current    hole current  conduction current
 drain        7.000E-02       4.778E-17         2.126E-20        4.780E-17
 gate         0.000E+00       0.000E+00         0.000E+00        0.000E+00
 source       0.000E+00      -8.340E-20         4.291E-29       -8.340E-20
 substrate    0.000E+00      -4.340E-20        -4.767E-17       -4.771E-17

Computing step from t=0.0233333 to t=0.0428889 (Stepsize: 0.0195556) :
Computing Coupled( 1 poisson-equation(s) , 1 electron-equation(s) , 
                   1 hole-equation(s) ) 
using Bank/Rose nonlinear solver.

Iteration   |Rhs|      factor     |step|     error   #inner  #iterative  time
------------------------------------------------------------------------------
    0      4.70e+03                                                      0.06
    1      4.77e+04   1.00e+00   3.57e-01   1.58e+02    0         1      0.15
    2      5.27e-01   1.00e+00   4.18e-01   9.95e-01    0         1      0.25
Finished, because...
Error smaller than 1 ( 9.9540E-01 ).

Accumulated times:
Rhs time:        0.17 s
Jacobian time:   0.02 s
Solve time:      0.06 s
Total time:      0.25 s

contact        voltage     electron current    hole current  conduction current
 drain        1.287E-01       8.553E-17         2.663E-20        8.555E-17
 gate         0.000E+00       0.000E+00         0.000E+00        0.000E+00
 source       0.000E+00      -8.692E-20        -2.646E-27       -8.692E-20
 substrate    0.000E+00       8.098E-23        -8.547E-17       -8.547E-17

Computing step from t=0.0428889 to t=0.0678889 (Stepsize: 0.025) :
Computing Coupled( 1 poisson-equation(s) , 1 electron-equation(s) , 
                   1 hole-equation(s) ) 
using Bank/Rose nonlinear solver.

Iteration   |Rhs|      factor     |step|     error   #inner  #iterative  time
------------------------------------------------------------------------------
    0      8.11e-01                                                      0.06
    1      1.90e+05   1.00e+00   7.22e-01   2.60e+02    0         1      0.15
    2      2.63e+00   1.00e+00   7.87e-01   2.52e+00    0         1      0.25
    3      5.16e-02   1.00e+00   1.86e-02   6.44e-04    0         1      0.34
Finished, because...
Error smaller than 1 ( 6.4363E-04 ).

Accumulated times:
Rhs time:        0.22 s
Jacobian time:   0.01 s
Solve time:      0.10 s
Total time:      0.34 s

contact        voltage     electron current    hole current  conduction current
 drain        2.037E-01       1.587E-16         4.679E-20        1.587E-16
 gate         0.000E+00       0.000E+00         0.000E+00        0.000E+00
 source       0.000E+00      -8.672E-20        -4.273E-27       -8.672E-20
 substrate    0.000E+00      -5.390E-20        -1.586E-16       -1.586E-16

Computing step from t=0.0678889 to t=0.0928889 (Stepsize: 0.025) :
Computing Coupled( 1 poisson-equation(s) , 1 electron-equation(s) , 
                   1 hole-equation(s) ) 
using Bank/Rose nonlinear solver.

Iteration   |Rhs|      factor     |step|     error   #inner  #iterative  time
------------------------------------------------------------------------------
    0      7.29e-01                                                      0.05
    1      3.34e+05   1.00e+00   1.65e-01   2.75e+02    0         1      0.14
    2      3.40e+01   1.00e+00   7.11e-01   2.78e+00    0         1      0.23
    3      7.02e-02   1.00e+00   7.40e-01   9.65e-02    0         1      0.32
Finished, because...
Error smaller than 1 ( 9.6528E-02 ).

Accumulated times:
Rhs time:        0.20 s
Jacobian time:   0.03 s
Solve time:      0.09 s
Total time:      0.32 s

contact        voltage     electron current    hole current  conduction current
 drain        2.787E-01       3.465E-16        -4.538E-19        3.461E-16
 gate         0.000E+00       0.000E+00         0.000E+00        0.000E+00
 source       0.000E+00      -8.679E-20        -2.138E-27       -8.679E-20
 substrate    0.000E+00      -5.546E-20        -3.459E-16       -3.460E-16

Computing step from t=0.0928889 to t=0.117889 (Stepsize: 0.025) :
Computing Coupled( 1 poisson-equation(s) , 1 electron-equation(s) , 
                   1 hole-equation(s) ) 
using Bank/Rose nonlinear solver.

Iteration   |Rhs|      factor     |step|     error   #inner  #iterative  time
------------------------------------------------------------------------------
    0      7.64e-01                                                      0.05
    1      4.46e+05   1.00e+00   7.15e-01   2.60e+02    0         1      0.14
    2      3.87e+01   1.00e+00   7.45e-01   2.67e+00    0         1      0.23
    3      6.11e-02   1.00e+00   7.05e-02   1.34e-03    0         1      0.32
Finished, because...
Error smaller than 1 ( 1.3405E-03 ).

Accumulated times:
Rhs time:        0.20 s
Jacobian time:   0.02 s
Solve time:      0.09 s
Total time:      0.32 s

contact        voltage     electron current    hole current  conduction current
 drain        3.537E-01       7.789E-16         1.415E-19        7.790E-16
 gate         0.000E+00       0.000E+00         0.000E+00        0.000E+00
 source       0.000E+00      -8.691E-20         2.627E-28       -8.691E-20
 substrate    0.000E+00      -5.396E-20        -7.789E-16       -7.789E-16

Computing step from t=0.117889 to t=0.142889 (Stepsize: 0.025) :
Computing Coupled( 1 poisson-equation(s) , 1 electron-equation(s) , 
                   1 hole-equation(s) ) 
using Bank/Rose nonlinear solver.

Iteration   |Rhs|      factor     |step|     error   #inner  #iterative  time
------------------------------------------------------------------------------
    0      8.03e-01                                                      0.05
    1      5.07e+05   1.00e+00   4.04e-01   2.50e+02    0         1      0.14
    2      7.54e+01   1.00e+00   2.84e-01   3.67e+00    0         1      0.23
    3      8.99e-02   1.00e+00   3.72e-02   8.97e-04    0         1      0.32
Finished, because...
Error smaller than 1 ( 8.9704E-04 ).

Accumulated times:
Rhs time:        0.20 s
Jacobian time:   0.02 s
Solve time:      0.10 s
Total time:      0.32 s

contact        voltage     electron current    hole current  conduction current
 drain        4.287E-01       1.300E-15         4.036E-20        1.300E-15
 gate         0.000E+00       0.000E+00         0.000E+00        0.000E+00
 source       0.000E+00      -8.706E-20         1.021E-30       -8.706E-20
 substrate    0.000E+00      -4.023E-20        -1.300E-15       -1.300E-15

Computing step from t=0.142889 to t=0.167889 (Stepsize: 0.025) :
Computing Coupled( 1 poisson-equation(s) , 1 electron-equation(s) , 
                   1 hole-equation(s) ) 
using Bank/Rose nonlinear solver.

Iteration   |Rhs|      factor     |step|     error   #inner  #iterative  time
------------------------------------------------------------------------------
    0      8.47e-01                                                      0.05
    1      4.33e+05   1.00e+00   6.56e-02   2.50e+02    0         1      0.14
    2      1.88e+02   1.00e+00   1.57e-02   5.37e+00    0         1      0.23
    3      5.16e-02   1.00e+00   2.03e-03   2.31e-03    0         1      0.32
Finished, because...
Error smaller than 1 ( 2.3086E-03 ).

Accumulated times:
Rhs time:        0.20 s
Jacobian time:   0.03 s
Solve time:      0.09 s
Total time:      0.32 s

contact        voltage     electron current    hole current  conduction current
 drain        5.037E-01       1.601E-15         3.656E-20        1.601E-15
 gate         0.000E+00       0.000E+00         0.000E+00        0.000E+00
 source       0.000E+00      -8.722E-20        -1.161E-27       -8.722E-20
 substrate    0.000E+00      -5.424E-20        -1.601E-15       -1.601E-15

Computing step from t=0.167889 to t=0.192889 (Stepsize: 0.025) :
Computing Coupled( 1 poisson-equation(s) , 1 electron-equation(s) , 
                   1 hole-equation(s) ) 
using Bank/Rose nonlinear solver.

Iteration   |Rhs|      factor     |step|     error   #inner  #iterative  time
------------------------------------------------------------------------------
    0      8.94e-01                                                      0.05
    1      3.80e+05   1.00e+00   4.89e-02   2.48e+02    0         1      0.14
    2      8.51e+01   1.00e+00   7.65e-02   5.84e+00    0         1      0.23
    3      7.56e-02   1.00e+00   3.45e-01   2.08e-03    0         1      0.32
Finished, because...
Error smaller than 1 ( 2.0821E-03 ).

Accumulated times:
Rhs time:        0.20 s
Jacobian time:   0.02 s
Solve time:      0.10 s
Total time:      0.32 s

contact        voltage     electron current    hole current  conduction current
 drain        5.787E-01       1.715E-15         2.772E-20        1.715E-15
 gate         0.000E+00       0.000E+00         0.000E+00        0.000E+00
 source       0.000E+00      -8.738E-20         3.542E-28       -8.738E-20
 substrate    0.000E+00      -5.433E-20        -1.715E-15       -1.715E-15

Computing step from t=0.192889 to t=0.217889 (Stepsize: 0.025) :
Computing Coupled( 1 poisson-equation(s) , 1 electron-equation(s) , 
                   1 hole-equation(s) ) 
using Bank/Rose nonlinear solver.

Iteration   |Rhs|      factor     |step|     error   #inner  #iterative  time
------------------------------------------------------------------------------
    0      9.48e-01                                                      0.05
    1      3.91e+05   1.00e+00   5.54e-01   2.40e+02    0         1      0.15
    2      4.87e+01   1.00e+00   8.45e-01   4.81e+00    0         1      0.24
    3      5.28e-02   1.00e+00   5.31e-02   1.09e-03    0         1      0.33
Finished, because...
Error smaller than 1 ( 1.0949E-03 ).

Accumulated times:
Rhs time:        0.20 s
Jacobian time:   0.02 s
Solve time:      0.10 s
Total time:      0.33 s

contact        voltage     electron current    hole current  conduction current
 drain        6.537E-01       1.772E-15         4.072E-20        1.772E-15
 gate         0.000E+00       0.000E+00         0.000E+00        0.000E+00
 source       0.000E+00      -8.754E-20        -2.869E-28       -8.754E-20
 substrate    0.000E+00      -5.441E-20        -1.772E-15       -1.772E-15

Computing step from t=0.217889 to t=0.242889 (Stepsize: 0.025) :
Computing Coupled( 1 poisson-equation(s) , 1 electron-equation(s) , 
                   1 hole-equation(s) ) 
using Bank/Rose nonlinear solver.

Iteration   |Rhs|      factor     |step|     error   #inner  #iterative  time
------------------------------------------------------------------------------
    0      1.01e+00                                                      0.06
    1      4.12e+05   1.00e+00   7.26e-01   2.33e+02    0         1      0.14
    2      3.61e+01   1.00e+00   5.07e-01   4.47e+00    0         1      0.23
    3      8.99e-02   1.00e+00   1.76e-02   9.99e-04    0         1      0.32
Finished, because...
Error smaller than 1 ( 9.9922E-04 ).

Accumulated times:
Rhs time:        0.20 s
Jacobian time:   0.02 s
Solve time:      0.10 s
Total time:      0.32 s

contact        voltage     electron current    hole current  conduction current
 drain        7.287E-01       1.806E-15         4.006E-20        1.806E-15
 gate         0.000E+00       0.000E+00         0.000E+00        0.000E+00
 source       0.000E+00      -8.770E-20         1.119E-27       -8.770E-20
 substrate    0.000E+00      -5.449E-20        -1.806E-15       -1.806E-15

Computing step from t=0.242889 to t=0.267889 (Stepsize: 0.025) :
Computing Coupled( 1 poisson-equation(s) , 1 electron-equation(s) , 
                   1 hole-equation(s) ) 
using Bank/Rose nonlinear solver.

Iteration   |Rhs|      factor     |step|     error   #inner  #iterative  time
------------------------------------------------------------------------------
    0      1.07e+00                                                      0.05
    1      5.50e+05   1.00e+00   2.02e-02   2.27e+02    0         1      0.14
    2      1.38e+02   1.00e+00   1.99e-03   4.39e+00    0         1      0.22
    3      5.28e-02   1.00e+00   1.76e-05   1.26e-03    0         1      0.31
Finished, because...
Error smaller than 1 ( 1.2618E-03 ).

Accumulated times:
Rhs time:        0.19 s
Jacobian time:   0.01 s
Solve time:      0.09 s
Total time:      0.31 s

contact        voltage     electron current    hole current  conduction current
 drain        8.037E-01       1.831E-15         3.674E-20        1.831E-15
 gate         0.000E+00       0.000E+00         0.000E+00        0.000E+00
 source       0.000E+00      -8.785E-20        -1.129E-27       -8.785E-20
 substrate    0.000E+00      -5.457E-20        -1.831E-15       -1.831E-15

Computing step from t=0.267889 to t=0.292889 (Stepsize: 0.025) :
Computing Coupled( 1 poisson-equation(s) , 1 electron-equation(s) , 
                   1 hole-equation(s) ) 
using Bank/Rose nonlinear solver.

Iteration   |Rhs|      factor     |step|     error   #inner  #iterative  time
------------------------------------------------------------------------------
    0      1.15e+00                                                      0.04
    1      6.25e+05   1.00e+00   1.47e-02   2.24e+02    0         1      0.13
    2      2.94e+02   1.00e+00   8.17e-04   5.05e+00    0         1      0.22
    3      7.02e-02   1.00e+00   7.58e-06   2.15e-03    0         1      0.31
Finished, because...
Error smaller than 1 ( 2.1545E-03 ).

Accumulated times:
Rhs time:        0.19 s
Jacobian time:   0.03 s
Solve time:      0.09 s
Total time:      0.31 s

contact        voltage     electron current    hole current  conduction current
 drain        8.787E-01       1.855E-15         3.677E-20        1.855E-15
 gate         0.000E+00       0.000E+00         0.000E+00        0.000E+00
 source       0.000E+00      -8.800E-20         6.630E-28       -8.800E-20
 substrate    0.000E+00      -5.466E-20        -1.855E-15       -1.855E-15

Computing step from t=0.292889 to t=0.317889 (Stepsize: 0.025) :
Computing Coupled( 1 poisson-equation(s) , 1 electron-equation(s) , 
                   1 hole-equation(s) ) 
using Bank/Rose nonlinear solver.

Iteration   |Rhs|      factor     |step|     error   #inner  #iterative  time
------------------------------------------------------------------------------
    0      1.24e+00                                                      0.05
    1      5.09e+05   1.00e+00   1.22e-02   2.21e+02    0         1      0.14
    2      2.72e+02   1.00e+00   8.17e-04   7.19e+00    0         1      0.22
    3      6.77e-02   1.00e+00   8.03e-06   3.79e-03    0         1      0.31
Finished, because...
Error smaller than 1 ( 3.7885E-03 ).

Accumulated times:
Rhs time:        0.19 s
Jacobian time:   0.01 s
Solve time:      0.10 s
Total time:      0.31 s

contact        voltage     electron current    hole current  conduction current
 drain        9.537E-01       1.875E-15         3.679E-20        1.875E-15
 gate         0.000E+00       0.000E+00         0.000E+00        0.000E+00
 source       0.000E+00      -8.814E-20         7.733E-28       -8.814E-20
 substrate    0.000E+00      -5.474E-20        -1.875E-15       -1.875E-15

Computing step from t=0.317889 to t=0.342889 (Stepsize: 0.025) :
Computing Coupled( 1 poisson-equation(s) , 1 electron-equation(s) , 
                   1 hole-equation(s) ) 
using Bank/Rose nonlinear solver.

Iteration   |Rhs|      factor     |step|     error   #inner  #iterative  time
------------------------------------------------------------------------------
    0      1.34e+00                                                      0.05
    1      2.44e+05   1.00e+00   1.87e-02   2.03e+02    0         1      0.14
    2      7.50e+01   1.00e+00   7.63e-04   7.07e+00    0         1      0.24
    3      5.28e-02   1.00e+00   4.41e-06   1.56e-03    0         1      0.33
Finished, because...
Error smaller than 1 ( 1.5580E-03 ).

Accumulated times:
Rhs time:        0.21 s
Jacobian time:   0.02 s
Solve time:      0.10 s
Total time:      0.33 s

contact        voltage     electron current    hole current  conduction current
 drain        1.029E+00       1.893E-15         3.681E-20        1.893E-15
 gate         0.000E+00       0.000E+00         0.000E+00        0.000E+00
 source       0.000E+00      -8.828E-20        -1.003E-27       -8.828E-20
 substrate    0.000E+00      -5.481E-20        -1.893E-15       -1.893E-15

Computing step from t=0.342889 to t=0.367889 (Stepsize: 0.025) :
Computing Coupled( 1 poisson-equation(s) , 1 electron-equation(s) , 
                   1 hole-equation(s) ) 
using Bank/Rose nonlinear solver.

Iteration   |Rhs|      factor     |step|     error   #inner  #iterative  time
------------------------------------------------------------------------------
    0      1.45e+00                                                      0.05
    1      1.56e+05   1.00e+00   2.22e-02   1.66e+02    0         1      0.14
    2      7.38e+00   1.00e+00   7.41e-04   3.91e+00    0         1      0.23
    3      1.40e-01   1.00e+00   3.74e-06   4.57e-04    0         1      0.33
Finished, because...
Error smaller than 1 ( 4.5691E-04 ).

Accumulated times:
Rhs time:        0.20 s
Jacobian time:   0.03 s
Solve time:      0.09 s
Total time:      0.33 s

contact        voltage     electron current    hole current  conduction current
 drain        1.104E+00       1.912E-15         3.682E-20        1.912E-15
 gate         0.000E+00       0.000E+00         0.000E+00        0.000E+00
 source       0.000E+00      -8.841E-20        -1.794E-27       -8.841E-20
 substrate    0.000E+00      -5.489E-20        -1.912E-15       -1.912E-15

Computing step from t=0.367889 to t=0.392889 (Stepsize: 0.025) :
Computing Coupled( 1 poisson-equation(s) , 1 electron-equation(s) , 
                   1 hole-equation(s) ) 
using Bank/Rose nonlinear solver.

Iteration   |Rhs|      factor     |step|     error   #inner  #iterative  time
------------------------------------------------------------------------------
    0      1.59e+00                                                      0.05
    1      2.16e+05   1.00e+00   1.78e-02   1.37e+02    0         1      0.15
    2      3.22e+00   1.00e+00   5.26e-04   1.33e+00    0         1      0.24
    3      1.76e-01   1.00e+00   6.41e-07   4.77e-05    0         1      0.33
Finished, because...
Error smaller than 1 ( 4.7709E-05 ).

Accumulated times:
Rhs time:        0.21 s
Jacobian time:   0.01 s
Solve time:      0.11 s
Total time:      0.33 s

contact        voltage     electron current    hole current  conduction current
 drain        1.179E+00       1.935E-15         3.683E-20        1.935E-15
 gate         0.000E+00       0.000E+00         0.000E+00        0.000E+00
 source       0.000E+00      -8.855E-20         1.932E-28       -8.855E-20
 substrate    0.000E+00      -5.497E-20        -1.935E-15       -1.935E-15

Computing step from t=0.392889 to t=0.417889 (Stepsize: 0.025) :
Computing Coupled( 1 poisson-equation(s) , 1 electron-equation(s) , 
                   1 hole-equation(s) ) 
using Bank/Rose nonlinear solver.

Iteration   |Rhs|      factor     |step|     error   #inner  #iterative  time
------------------------------------------------------------------------------
    0      1.74e+00                                                      0.05
    1      3.08e+05   1.00e+00   1.23e-02   1.31e+02    0         1      0.14
    2      1.17e+01   1.00e+00   7.90e-04   4.64e-01    0         1      0.23
Finished, because...
Error smaller than 1 ( 4.6420E-01 ).

Accumulated times:
Rhs time:        0.15 s
Jacobian time:   0.00 s
Solve time:      0.08 s
Total time:      0.23 s

contact        voltage     electron current    hole current  conduction current
 drain        1.254E+00       1.961E-15         3.683E-20        1.961E-15
 gate         0.000E+00       0.000E+00         0.000E+00        0.000E+00
 source       0.000E+00      -8.868E-20        -1.769E-27       -8.868E-20
 substrate    0.000E+00      -5.466E-20        -1.961E-15       -1.961E-15

Computing step from t=0.417889 to t=0.442889 (Stepsize: 0.025) :
Computing Coupled( 1 poisson-equation(s) , 1 electron-equation(s) , 
                   1 hole-equation(s) ) 
using Bank/Rose nonlinear solver.

Iteration   |Rhs|      factor     |step|     error   #inner  #iterative  time
------------------------------------------------------------------------------
    0      2.14e+01                                                      0.04
    1      4.50e+05   1.00e+00   1.41e-02   1.39e+02    0         1      0.13
    2      1.76e+01   1.00e+00   6.77e-04   4.50e-01    0         1      0.23
Finished, because...
Error smaller than 1 ( 4.5034E-01 ).

Accumulated times:
Rhs time:        0.14 s
Jacobian time:   0.02 s
Solve time:      0.07 s
Total time:      0.23 s

contact        voltage     electron current    hole current  conduction current
 drain        1.329E+00       1.988E-15         3.684E-20        1.988E-15
 gate         0.000E+00       0.000E+00         0.000E+00        0.000E+00
 source       0.000E+00      -8.881E-20        -9.642E-28       -8.881E-20
 substrate    0.000E+00      -5.413E-20        -1.988E-15       -1.988E-15

Computing step from t=0.442889 to t=0.467889 (Stepsize: 0.025) :
Computing Coupled( 1 poisson-equation(s) , 1 electron-equation(s) , 
                   1 hole-equation(s) ) 
using Bank/Rose nonlinear solver.

Iteration   |Rhs|      factor     |step|     error   #inner  #iterative  time
------------------------------------------------------------------------------
    0      2.22e+01                                                      0.05
    1      6.77e+05   1.00e+00   1.49e-02   1.60e+02    0         1      0.15
    2      8.61e+00   1.00e+00   8.62e-04   8.12e-01    0         1      0.24
Finished, because...
Error smaller than 1 ( 8.1158E-01 ).

Accumulated times:
Rhs time:        0.15 s
Jacobian time:   0.02 s
Solve time:      0.07 s
Total time:      0.24 s

contact        voltage     electron current    hole current  conduction current
 drain        1.404E+00       2.015E-15         3.685E-20        2.015E-15
 gate         0.000E+00       0.000E+00         0.000E+00        0.000E+00
 source       0.000E+00      -8.895E-20         1.841E-27       -8.895E-20
 substrate    0.000E+00      -5.499E-20        -2.015E-15       -2.015E-15

Computing step from t=0.467889 to t=0.492889 (Stepsize: 0.025) :
Computing Coupled( 1 poisson-equation(s) , 1 electron-equation(s) , 
                   1 hole-equation(s) ) 
using Bank/Rose nonlinear solver.

Iteration   |Rhs|      factor     |step|     error   #inner  #iterative  time
------------------------------------------------------------------------------
    0      1.36e+01                                                      0.05
    1      1.04e+06   1.00e+00   1.23e-02   2.00e+02    0         1      0.14
    2      5.32e+01   1.00e+00   7.33e-04   1.86e+00    0         1      0.23
    3      1.76e-01   1.00e+00   3.25e-06   1.14e-04    0         1      0.32
Finished, because...
Error smaller than 1 ( 1.1446E-04 ).

Accumulated times:
Rhs time:        0.20 s
Jacobian time:   0.03 s
Solve time:      0.09 s
Total time:      0.32 s

contact        voltage     electron current    hole current  conduction current
 drain        1.479E+00       2.041E-15         3.685E-20        2.041E-15
 gate         0.000E+00       0.000E+00         0.000E+00        0.000E+00
 source       0.000E+00      -8.908E-20        -5.651E-28       -8.908E-20
 substrate    0.000E+00      -5.529E-20        -2.041E-15       -2.041E-15

Computing step from t=0.492889 to t=0.517889 (Stepsize: 0.025) :
Computing Coupled( 1 poisson-equation(s) , 1 electron-equation(s) , 
                   1 hole-equation(s) ) 
using Bank/Rose nonlinear solver.

Iteration   |Rhs|      factor     |step|     error   #inner  #iterative  time
------------------------------------------------------------------------------
    0      6.48e+00                                                      0.05
    1      1.61e+06   1.00e+00   1.57e-02   2.68e+02    0         1      0.14
    2      2.21e+02   1.00e+00   1.08e-03   4.62e+00    0         1      0.23
    3      1.50e-01   1.00e+00   5.61e-06   8.88e-04    0         1      0.32
Finished, because...
Error smaller than 1 ( 8.8782E-04 ).

Accumulated times:
Rhs time:        0.20 s
Jacobian time:   0.03 s
Solve time:      0.09 s
Total time:      0.32 s

contact        voltage     electron current    hole current  conduction current
 drain        1.554E+00       2.066E-15         3.686E-20        2.066E-15
 gate         0.000E+00       0.000E+00         0.000E+00        0.000E+00
 source       0.000E+00      -8.922E-20         2.823E-27       -8.922E-20
 substrate    0.000E+00      -5.537E-20        -2.066E-15       -2.066E-15

Computing step from t=0.517889 to t=0.542889 (Stepsize: 0.025) :
Computing Coupled( 1 poisson-equation(s) , 1 electron-equation(s) , 
                   1 hole-equation(s) ) 
using Bank/Rose nonlinear solver.

Iteration   |Rhs|      factor     |step|     error   #inner  #iterative  time
------------------------------------------------------------------------------
    0      2.95e+00                                                      0.05
    1      2.36e+06   1.00e+00   1.67e-02   3.69e+02    0         1      0.14
    2      5.31e+02   1.00e+00   9.03e-04   1.11e+01    0         1      0.23
    3      1.40e-01   1.00e+00   4.64e-06   4.93e-03    0         1      0.32
Finished, because...
Error smaller than 1 ( 4.9296E-03 ).

Accumulated times:
Rhs time:        0.20 s
Jacobian time:   0.01 s
Solve time:      0.11 s
Total time:      0.32 s

contact        voltage     electron current    hole current  conduction current
 drain        1.629E+00       2.092E-15         3.686E-20        2.092E-15
 gate         0.000E+00       0.000E+00         0.000E+00        0.000E+00
 source       0.000E+00      -8.936E-20         2.016E-27       -8.936E-20
 substrate    0.000E+00      -5.545E-20        -2.092E-15       -2.092E-15

Computing step from t=0.542889 to t=0.567889 (Stepsize: 0.025) :
Computing Coupled( 1 poisson-equation(s) , 1 electron-equation(s) , 
                   1 hole-equation(s) ) 
using Bank/Rose nonlinear solver.

Iteration   |Rhs|      factor     |step|     error   #inner  #iterative  time
------------------------------------------------------------------------------
    0      3.11e+00                                                      0.05
    1      2.93e+06   1.00e+00   1.37e-02   4.82e+02    0         1      0.14
    2      1.65e+03   1.00e+00   4.69e-04   2.22e+01    0         1      0.23
    3      1.50e-01   1.00e+00   6.55e-07   1.65e-02    0         1      0.33
Finished, because...
Error smaller than 1 ( 1.6455E-02 ).

Accumulated times:
Rhs time:        0.20 s
Jacobian time:   0.03 s
Solve time:      0.10 s
Total time:      0.33 s

contact        voltage     electron current    hole current  conduction current
 drain        1.704E+00       2.119E-15         3.687E-20        2.119E-15
 gate         0.000E+00       0.000E+00         0.000E+00        0.000E+00
 source       0.000E+00      -8.949E-20         4.176E-28       -8.949E-20
 substrate    0.000E+00      -5.553E-20        -2.119E-15       -2.119E-15

Computing step from t=0.567889 to t=0.592889 (Stepsize: 0.025) :
Computing Coupled( 1 poisson-equation(s) , 1 electron-equation(s) , 
                   1 hole-equation(s) ) 
using Bank/Rose nonlinear solver.

Iteration   |Rhs|      factor     |step|     error   #inner  #iterative  time
------------------------------------------------------------------------------
    0      2.98e+00                                                      0.05
    1      2.44e+06   1.00e+00   1.12e-02   5.36e+02    0         1      0.14
    2      2.28e+03   1.00e+00   4.09e-04   3.08e+01    0         1      0.23
    3      1.76e-01   1.00e+00   4.57e-07   2.61e-02    0         1      0.32
Finished, because...
Error smaller than 1 ( 2.6120E-02 ).

Accumulated times:
Rhs time:        0.18 s
Jacobian time:   0.02 s
Solve time:      0.10 s
Total time:      0.32 s

contact        voltage     electron current    hole current  conduction current
 drain        1.779E+00       2.142E-15         3.687E-20        2.142E-15
 gate         0.000E+00       0.000E+00         0.000E+00        0.000E+00
 source       0.000E+00      -8.962E-20         1.369E-27       -8.962E-20
 substrate    0.000E+00      -5.561E-20        -2.141E-15       -2.141E-15

Computing step from t=0.592889 to t=0.617889 (Stepsize: 0.025) :
Computing Coupled( 1 poisson-equation(s) , 1 electron-equation(s) , 
                   1 hole-equation(s) ) 
using Bank/Rose nonlinear solver.

Iteration   |Rhs|      factor     |step|     error   #inner  #iterative  time
------------------------------------------------------------------------------
    0      2.35e+00                                                      0.05
    1      1.07e+06   1.00e+00   9.80e-03   4.61e+02    0         1      0.14
    2      9.45e+02   1.00e+00   3.40e-04   2.57e+01    0         1      0.23
    3      1.50e-01   1.00e+00   4.57e-07   1.75e-02    0         1      0.32
Finished, because...
Error smaller than 1 ( 1.7477E-02 ).

Accumulated times:
Rhs time:        0.20 s
Jacobian time:   0.01 s
Solve time:      0.11 s
Total time:      0.32 s

contact        voltage     electron current    hole current  conduction current
 drain        1.854E+00       2.160E-15         3.688E-20        2.160E-15
 gate         0.000E+00       0.000E+00         0.000E+00        0.000E+00
 source       0.000E+00      -8.975E-20        -1.789E-27       -8.975E-20
 substrate    0.000E+00      -5.568E-20        -2.160E-15       -2.160E-15

Computing step from t=0.617889 to t=0.642889 (Stepsize: 0.025) :
Computing Coupled( 1 poisson-equation(s) , 1 electron-equation(s) , 
                   1 hole-equation(s) ) 
using Bank/Rose nonlinear solver.

Iteration   |Rhs|      factor     |step|     error   #inner  #iterative  time
------------------------------------------------------------------------------
    0      1.40e+00                                                      0.06
    1      4.42e+05   1.00e+00   8.97e-03   3.18e+02    0         1      0.14
    2      1.85e+02   1.00e+00   1.97e-04   1.29e+01    0         1      0.24
    3      1.76e-01   1.00e+00   2.71e-07   4.08e-03    0         1      0.32
Finished, because...
Error smaller than 1 ( 4.0849E-03 ).

Accumulated times:
Rhs time:        0.22 s
Jacobian time:   0.01 s
Solve time:      0.09 s
Total time:      0.32 s

contact        voltage     electron current    hole current  conduction current
 drain        1.929E+00       2.179E-15         3.688E-20        2.179E-15
 gate         0.000E+00       0.000E+00         0.000E+00        0.000E+00
 source       0.000E+00      -8.988E-20         1.942E-27       -8.988E-20
 substrate    0.000E+00      -5.576E-20        -2.179E-15       -2.179E-15

Computing step from t=0.642889 to t=0.667889 (Stepsize: 0.025) :
Computing Coupled( 1 poisson-equation(s) , 1 electron-equation(s) , 
                   1 hole-equation(s) ) 
using Bank/Rose nonlinear solver.

Iteration   |Rhs|      factor     |step|     error   #inner  #iterative  time
------------------------------------------------------------------------------
    0      6.44e-01                                                      0.04
    1      2.66e+05   1.00e+00   1.00e-02   2.21e+02    0         1      0.14
    2      1.03e+02   1.00e+00   3.07e-04   7.51e+00    0         1      0.23
    3      1.50e-01   1.00e+00   6.84e-07   2.70e-03    0         1      0.32
Finished, because...
Error smaller than 1 ( 2.7038E-03 ).

Accumulated times:
Rhs time:        0.19 s
Jacobian time:   0.01 s
Solve time:      0.09 s
Total time:      0.32 s

contact        voltage     electron current    hole current  conduction current
 drain        2.004E+00       2.204E-15         3.688E-20        2.204E-15
 gate         0.000E+00       0.000E+00         0.000E+00        0.000E+00
 source       0.000E+00      -9.000E-20        -1.165E-27       -9.000E-20
 substrate    0.000E+00      -5.582E-20        -2.204E-15       -2.204E-15

Computing step from t=0.667889 to t=0.692889 (Stepsize: 0.025) :
Computing Coupled( 1 poisson-equation(s) , 1 electron-equation(s) , 
                   1 hole-equation(s) ) 
using Bank/Rose nonlinear solver.

Iteration   |Rhs|      factor     |step|     error   #inner  #iterative  time
------------------------------------------------------------------------------
    0      4.75e-01                                                      0.05
    1      1.17e+05   1.00e+00   1.34e-02   1.67e+02    0         1      0.15
    2      1.77e+01   1.00e+00   6.29e-04   4.94e+00    0         1      0.24
    3      1.76e-01   1.00e+00   2.26e-06   9.49e-04    0         1      0.32
Finished, because...
Error smaller than 1 ( 9.4917E-04 ).

Accumulated times:
Rhs time:        0.20 s
Jacobian time:   0.01 s
Solve time:      0.09 s
Total time:      0.32 s

contact        voltage     electron current    hole current  conduction current
 drain        2.079E+00       2.234E-15         3.689E-20        2.234E-15
 gate         0.000E+00       0.000E+00         0.000E+00        0.000E+00
 source       0.000E+00      -9.011E-20        -1.401E-27       -9.011E-20
 substrate    0.000E+00      -5.588E-20        -2.234E-15       -2.234E-15

Computing step from t=0.692889 to t=0.717889 (Stepsize: 0.025) :
Computing Coupled( 1 poisson-equation(s) , 1 electron-equation(s) , 
                   1 hole-equation(s) ) 
using Bank/Rose nonlinear solver.

Iteration   |Rhs|      factor     |step|     error   #inner  #iterative  time
------------------------------------------------------------------------------
    0      9.78e-01                                                      0.05
    1      1.25e+05   1.00e+00   1.44e-02   1.28e+02    0         1      0.14
    2      8.25e+00   1.00e+00   6.03e-04   2.15e+00    0         1      0.23
    3      1.76e-01   1.00e+00   1.59e-06   1.34e-04    0         1      0.33
Finished, because...
Error smaller than 1 ( 1.3364E-04 ).

Accumulated times:
Rhs time:        0.21 s
Jacobian time:   0.01 s
Solve time:      0.11 s
Total time:      0.33 s

contact        voltage     electron current    hole current  conduction current
 drain        2.154E+00       2.264E-15         3.689E-20        2.264E-15
 gate         0.000E+00       0.000E+00         0.000E+00        0.000E+00
 source       0.000E+00      -9.021E-20         1.471E-27       -9.021E-20
 substrate    0.000E+00      -5.594E-20        -2.264E-15       -2.264E-15

Computing step from t=0.717889 to t=0.742889 (Stepsize: 0.025) :
Computing Coupled( 1 poisson-equation(s) , 1 electron-equation(s) , 
                   1 hole-equation(s) ) 
using Bank/Rose nonlinear solver.

Iteration   |Rhs|      factor     |step|     error   #inner  #iterative  time
------------------------------------------------------------------------------
    0      7.78e-01                                                      0.05
    1      1.16e+05   1.00e+00   1.13e-02   1.10e+02    0         1      0.15
    2      9.37e+00   1.00e+00   3.73e-04   1.19e+00    0         1      0.24
    3      1.76e-01   1.00e+00   5.09e-07   9.51e-05    0         1      0.34
Finished, because...
Error smaller than 1 ( 9.5065E-05 ).

Accumulated times:
Rhs time:        0.21 s
Jacobian time:   0.02 s
Solve time:      0.11 s
Total time:      0.34 s

contact        voltage     electron current    hole current  conduction current
 drain        2.229E+00       2.287E-15         3.690E-20        2.287E-15
 gate         0.000E+00       0.000E+00         0.000E+00        0.000E+00
 source       0.000E+00      -9.031E-20         1.342E-27       -9.031E-20
 substrate    0.000E+00      -5.598E-20        -2.287E-15       -2.287E-15

Computing step from t=0.742889 to t=0.767889 (Stepsize: 0.025) :
Computing Coupled( 1 poisson-equation(s) , 1 electron-equation(s) , 
                   1 hole-equation(s) ) 
using Bank/Rose nonlinear solver.

Iteration   |Rhs|      factor     |step|     error   #inner  #iterative  time
------------------------------------------------------------------------------
    0      6.54e-01                                                      0.06
    1      8.85e+04   1.00e+00   7.23e-03   1.04e+02    0         1      0.15
    2      6.97e+00   1.00e+00   1.56e-04   1.23e+00    0         1      0.24
    3      1.50e-01   1.00e+00   2.19e-07   9.69e-05    0         1      0.34
Finished, because...
Error smaller than 1 ( 9.6920E-05 ).

Accumulated times:
Rhs time:        0.21 s
Jacobian time:   0.02 s
Solve time:      0.11 s
Total time:      0.34 s

contact        voltage     electron current    hole current  conduction current
 drain        2.304E+00       2.303E-15         3.690E-20        2.303E-15
 gate         0.000E+00       0.000E+00         0.000E+00        0.000E+00
 source       0.000E+00      -9.041E-20        -1.274E-28       -9.041E-20
 substrate    0.000E+00      -5.603E-20        -2.303E-15       -2.303E-15

Computing step from t=0.767889 to t=0.792889 (Stepsize: 0.025) :
Computing Coupled( 1 poisson-equation(s) , 1 electron-equation(s) , 
                   1 hole-equation(s) ) 
using Bank/Rose nonlinear solver.

Iteration   |Rhs|      factor     |step|     error   #inner  #iterative  time
------------------------------------------------------------------------------
    0      4.75e-01                                                      0.05
    1      7.69e+04   1.00e+00   4.96e-03   9.99e+01    0         1      0.15
    2      3.15e+00   1.00e+00   1.27e-04   1.16e+00    0         1      0.24
    3      1.76e-01   1.00e+00   2.06e-07   6.78e-05    0         1      0.33
Finished, because...
Error smaller than 1 ( 6.7755E-05 ).

Accumulated times:
Rhs time:        0.21 s
Jacobian time:   0.01 s
Solve time:      0.11 s
Total time:      0.33 s

contact        voltage     electron current    hole current  conduction current
 drain        2.379E+00       2.322E-15         3.691E-20        2.322E-15
 gate         0.000E+00       0.000E+00         0.000E+00        0.000E+00
 source       0.000E+00      -9.050E-20         7.094E-28       -9.050E-20
 substrate    0.000E+00      -5.607E-20        -2.322E-15       -2.322E-15

Computing step from t=0.792889 to t=0.817889 (Stepsize: 0.025) :
Computing Coupled( 1 poisson-equation(s) , 1 electron-equation(s) , 
                   1 hole-equation(s) ) 
using Bank/Rose nonlinear solver.

Iteration   |Rhs|      factor     |step|     error   #inner  #iterative  time
------------------------------------------------------------------------------
    0      2.41e-01                                                      0.05
    1      7.45e+04   1.00e+00   4.75e-03   9.42e+01    0         1      0.14
    2      1.49e+00   1.00e+00   1.30e-04   8.73e-01    0         1      0.24
Finished, because...
Error smaller than 1 ( 8.7270E-01 ).

Accumulated times:
Rhs time:        0.15 s
Jacobian time:   0.02 s
Solve time:      0.07 s
Total time:      0.24 s

contact        voltage     electron current    hole current  conduction current
 drain        2.454E+00       2.362E-15         3.691E-20        2.362E-15
 gate         0.000E+00       0.000E+00         0.000E+00        0.000E+00
 source       0.000E+00      -9.059E-20        -1.684E-27       -9.059E-20
 substrate    0.000E+00      -5.611E-20        -2.362E-15       -2.362E-15

Computing step from t=0.817889 to t=0.842889 (Stepsize: 0.025) :
Computing Coupled( 1 poisson-equation(s) , 1 electron-equation(s) , 
                   1 hole-equation(s) ) 
using Bank/Rose nonlinear solver.

Iteration   |Rhs|      factor     |step|     error   #inner  #iterative  time
------------------------------------------------------------------------------
    0      2.45e+00                                                      0.05
    1      6.66e+04   1.00e+00   4.93e-03   8.91e+01    0         1      0.14
    2      1.54e+00   1.00e+00   1.08e-04   5.67e-01    0         1      0.23
Finished, because...
Error smaller than 1 ( 5.6719E-01 ).

Accumulated times:
Rhs time:        0.15 s
Jacobian time:   0.02 s
Solve time:      0.06 s
Total time:      0.23 s

contact        voltage     electron current    hole current  conduction current
 drain        2.529E+00       2.455E-15         3.691E-20        2.455E-15
 gate         0.000E+00       0.000E+00         0.000E+00        0.000E+00
 source       0.000E+00      -9.069E-20        -1.718E-27       -9.069E-20
 substrate    0.000E+00      -5.615E-20        -2.455E-15       -2.455E-15

Computing step from t=0.842889 to t=0.867889 (Stepsize: 0.025) :
Computing Coupled( 1 poisson-equation(s) , 1 electron-equation(s) , 
                   1 hole-equation(s) ) 
using Bank/Rose nonlinear solver.

Iteration   |Rhs|      factor     |step|     error   #inner  #iterative  time
------------------------------------------------------------------------------
    0      1.52e+00                                                      0.06
    1      5.38e+04   1.00e+00   6.30e-03   8.60e+01    0         1      0.15
    2      1.28e+00   1.00e+00   1.25e-04   3.94e-01    0         1      0.24
Finished, because...
Error smaller than 1 ( 3.9440E-01 ).

Accumulated times:
Rhs time:        0.15 s
Jacobian time:   0.01 s
Solve time:      0.07 s
Total time:      0.24 s

contact        voltage     electron current    hole current  conduction current
 drain        2.604E+00       2.659E-15         3.692E-20        2.659E-15
 gate         0.000E+00       0.000E+00         0.000E+00        0.000E+00
 source       0.000E+00      -9.078E-20        -4.865E-28       -9.078E-20
 substrate    0.000E+00      -5.619E-20        -2.659E-15       -2.659E-15

Computing step from t=0.867889 to t=0.892889 (Stepsize: 0.025) :
Computing Coupled( 1 poisson-equation(s) , 1 electron-equation(s) , 
                   1 hole-equation(s) ) 
using Bank/Rose nonlinear solver.

Iteration   |Rhs|      factor     |step|     error   #inner  #iterative  time
------------------------------------------------------------------------------
    0      1.39e+00                                                      0.05
    1      5.14e+04   1.00e+00   9.44e-03   8.48e+01    0         1      0.15
    2      3.23e+00   1.00e+00   4.22e-04   3.40e-01    0         1      0.24
Finished, because...
Error smaller than 1 ( 3.4043E-01 ).

Accumulated times:
Rhs time:        0.16 s
Jacobian time:   0.01 s
Solve time:      0.07 s
Total time:      0.24 s

contact        voltage     electron current    hole current  conduction current
 drain        2.679E+00       2.998E-15         3.692E-20        2.998E-15
 gate         0.000E+00       0.000E+00         0.000E+00        0.000E+00
 source       0.000E+00      -9.087E-20         6.214E-28       -9.087E-20
 substrate    0.000E+00      -5.624E-20        -2.998E-15       -2.998E-15

Computing step from t=0.892889 to t=0.917889 (Stepsize: 0.025) :
Computing Coupled( 1 poisson-equation(s) , 1 electron-equation(s) , 
                   1 hole-equation(s) ) 
using Bank/Rose nonlinear solver.

Iteration   |Rhs|      factor     |step|     error   #inner  #iterative  time
------------------------------------------------------------------------------
    0      5.35e+00                                                      0.05
    1      6.60e+04   1.00e+00   1.31e-02   8.61e+01    0         1      0.14
    2      4.23e+00   1.00e+00   8.10e-04   3.44e-01    0         1      0.23
Finished, because...
Error smaller than 1 ( 3.4379E-01 ).

Accumulated times:
Rhs time:        0.15 s
Jacobian time:   0.02 s
Solve time:      0.06 s
Total time:      0.23 s

contact        voltage     electron current    hole current  conduction current
 drain        2.754E+00       3.370E-15         3.693E-20        3.370E-15
 gate         0.000E+00       0.000E+00         0.000E+00        0.000E+00
 source       0.000E+00      -9.097E-20        -8.893E-29       -9.097E-20
 substrate    0.000E+00      -5.629E-20        -3.369E-15       -3.370E-15

Computing step from t=0.917889 to t=0.942889 (Stepsize: 0.025) :
Computing Coupled( 1 poisson-equation(s) , 1 electron-equation(s) , 
                   1 hole-equation(s) ) 
using Bank/Rose nonlinear solver.

Iteration   |Rhs|      factor     |step|     error   #inner  #iterative  time
------------------------------------------------------------------------------
    0      5.10e+00                                                      0.05
    1      8.30e+04   1.00e+00   1.26e-02   8.95e+01    0         1      0.15
    2      1.14e+00   1.00e+00   5.98e-04   4.29e-01    0         1      0.25
Finished, because...
Error smaller than 1 ( 4.2926E-01 ).

Accumulated times:
Rhs time:        0.16 s
Jacobian time:   0.02 s
Solve time:      0.06 s
Total time:      0.25 s

contact        voltage     electron current    hole current  conduction current
 drain        2.829E+00       3.628E-15         3.693E-20        3.628E-15
 gate         0.000E+00       0.000E+00         0.000E+00        0.000E+00
 source       0.000E+00      -9.107E-20        -1.074E-27       -9.107E-20
 substrate    0.000E+00      -5.634E-20        -3.628E-15       -3.628E-15

Computing step from t=0.942889 to t=0.967889 (Stepsize: 0.025) :
Computing Coupled( 1 poisson-equation(s) , 1 electron-equation(s) , 
                   1 hole-equation(s) ) 
using Bank/Rose nonlinear solver.

Iteration   |Rhs|      factor     |step|     error   #inner  #iterative  time
------------------------------------------------------------------------------
    0      3.61e+00                                                      0.06
    1      9.97e+04   1.00e+00   8.68e-03   9.56e+01    0         1      0.15
    2      5.75e+00   1.00e+00   3.32e-04   6.68e-01    0         1      0.24
Finished, because...
Error smaller than 1 ( 6.6774E-01 ).

Accumulated times:
Rhs time:        0.16 s
Jacobian time:   0.02 s
Solve time:      0.06 s
Total time:      0.25 s

contact        voltage     electron current    hole current  conduction current
 drain        2.904E+00       3.757E-15         3.693E-20        3.757E-15
 gate         0.000E+00       0.000E+00         0.000E+00        0.000E+00
 source       0.000E+00      -9.118E-20         1.680E-27       -9.118E-20
 substrate    0.000E+00      -5.640E-20        -3.757E-15       -3.757E-15

Computing step from t=0.967889 to t=0.992889 (Stepsize: 0.025) :
Computing Coupled( 1 poisson-equation(s) , 1 electron-equation(s) , 
                   1 hole-equation(s) ) 
using Bank/Rose nonlinear solver.

Iteration   |Rhs|      factor     |step|     error   #inner  #iterative  time
------------------------------------------------------------------------------
    0      8.56e+00                                                      0.05
    1      1.09e+05   1.00e+00   7.60e-03   1.03e+02    0         1      0.15
    2      1.06e+01   1.00e+00   2.37e-04   1.09e+00    0         1      0.24
    3      4.72e-01   1.00e+00   4.23e-07   1.04e-04    0         1      0.33
Finished, because...
Error smaller than 1 ( 1.0419E-04 ).

Accumulated times:
Rhs time:        0.21 s
Jacobian time:   0.03 s
Solve time:      0.09 s
Total time:      0.33 s

contact        voltage     electron current    hole current  conduction current
 drain        2.979E+00       3.814E-15         3.694E-20        3.814E-15
 gate         0.000E+00       0.000E+00         0.000E+00        0.000E+00
 source       0.000E+00      -9.128E-20         1.798E-27       -9.128E-20
 substrate    0.000E+00      -5.646E-20        -3.814E-15       -3.814E-15

Computing step from t=0.992889 to t=1 (Stepsize: 7.1111e-03) :
Computing Coupled( 1 poisson-equation(s) , 1 electron-equation(s) , 
                   1 hole-equation(s) ) 
using Bank/Rose nonlinear solver.

Iteration   |Rhs|      factor     |step|     error   #inner  #iterative  time
------------------------------------------------------------------------------
    0      1.15e+00                                                      0.06
    1      4.10e+03   1.00e+00   1.44e-03   1.96e+01    0         1      0.16
    2      4.72e-01   1.00e+00   7.34e-06   4.64e-02    0         1      0.26
Finished, because...
Error smaller than 1 ( 4.6449E-02 ).

Accumulated times:
Rhs time:        0.16 s
Jacobian time:   0.02 s
Solve time:      0.07 s
Total time:      0.26 s

contact        voltage     electron current    hole current  conduction current
 drain        3.000E+00       3.825E-15         3.694E-20        3.825E-15
 gate         0.000E+00       0.000E+00         0.000E+00        0.000E+00
 source       0.000E+00      -9.132E-20        -1.197E-27       -9.132E-20
 substrate    0.000E+00      -5.647E-20        -3.824E-15       -3.824E-15


Finished, because of...
Curve trace finished.

Writing plot 'n22_des.tdr' (TDR format) ... done.

Tue Nov 17 10:16:40 2020: checked in 1 sdevice license(s)

******************************************************************************
Sentaurus Device process size: 566 megabytes
Sentaurus Device simulation times:
  wallclock: 14.69 s
  total cpu: 14.39 s
Sentaurus Device simulation finished (Date: Tue Nov 17 10:16:40 2020  (EDT)).
********************************* Good Bye ! *********************************
